Wed, 21 Nov 2018 21:24:02 DEBUG    Config file loaded : config.py
Wed, 21 Nov 2018 21:24:02 DEBUG    Config file loaded : config.py
Wed, 21 Nov 2018 21:24:02 DEBUG    Initializing MQTT layer...
Wed, 21 Nov 2018 21:24:02 DEBUG    Registering internal event callbacks to MQTT layer...
Wed, 21 Nov 2018 21:24:02 INFO     MqttCore initialized
Wed, 21 Nov 2018 21:24:02 INFO     Client id: SDM120_ENERGY_METER
Wed, 21 Nov 2018 21:24:02 INFO     Protocol version: MQTTv3.1.1
Wed, 21 Nov 2018 21:24:02 INFO     Authentication type: TLSv1.2 certificate based Mutual Auth.
Wed, 21 Nov 2018 21:24:02 INFO     Configuring endpoint...
Wed, 21 Nov 2018 21:24:02 DEBUG    Config file loaded : config.py
Wed, 21 Nov 2018 21:24:02 DEBUG    MODBUS Config loadedMODBUS.py
Wed, 21 Nov 2018 21:24:02 DEBUG    FEEDING data to databse started-: main.py
18 21:24:02 INFO     Configuring reconnect back off timing...
Wed, 21 Nov 2018 21:24:02 INFO     Base quiet time: 1.000000 sec
Wed, 21 Nov 2018 21:24:02 INFO     Max quiet time: 32.000000 sec
Wed, 21 Nov 2018 21:24:02 INFO     Stable connection time: 20.000000 sec
Wed, 21 Nov 2018 21:24:02 INFO     Configuring offline requests queueing: max queue size: -1
Wed, 21 Nov 2018 21:24:02 INFO     Configuring offline requests queue draining interval: 0.500000 sec
Wed, 21 Nov 2018 21:24:02 INFO     Configuring connect/disconnect time out: 10.000000 sec
Wed, 21 Nov 2018 21:24:02 INFO     Configuring MQTT operation time out: 5.000000 sec
Wed, 21 Nov 2018 21:24:02 INFO     Performing sync connect...
Wed, 21 Nov 2018 21:24:02 INFO     Performing async connect...
Wed, 21 Nov 2018 21:24:02 INFO     Keep-alive: 600.000000 sec
Wed, 21 Nov 2018 21:24:02 DEBUG    Event consuming thread started
Wed, 21 Nov 2018 21:24:02 DEBUG    Passing in general notification callbacks to internal client...
Wed, 21 Nov 2018 21:24:02 DEBUG    Filling in fixed event callbacks: CONNACK, DISCONNECT, MESSAGE
Wed, 21 Nov 2018 21:24:08 DEBUG    Starting network I/O thread...
Wed, 21 Nov 2018 21:24:08 DEBUG    Produced [connack] event
Wed, 21 Nov 2018 21:24:08 DEBUG    Dispatching [connack] event
Wed, 21 Nov 2018 21:24:08 DEBUG    No need for recovery
Wed, 21 Nov 2018 21:24:08 DEBUG    Invoking custom event callback...
Wed, 21 Nov 2018 21:24:08 INFO     Performing sync publish...
Wed, 21 Nov 2018 21:24:08 DEBUG    Produced [puback] event
Wed, 21 Nov 2018 21:24:08 DEBUG    Dispatching [puback] event
Wed, 21 Nov 2018 21:24:08 INFO     Performing sync publish...
Wed, 21 Nov 2018 21:24:08 DEBUG    Produced [puback] event
Wed, 21 Nov 2018 21:24:08 DEBUG    Dispatching [puback] event
Wed, 21 Nov 2018 21:24:08 INFO     Performing sync publish...
Wed, 21 Nov 2018 21:24:08 DEBUG    Produced [puback] event
Wed, 21 Nov 2018 21:24:08 DEBUG    Dispatching [puback] event
Wed, 21 Nov 2018 21:24:08 INFO     Performing sync publish...
Wed, 21 Nov 2018 21:24:08 DEBUG    Produced [puback] event
Wed, 21 Nov 2018 21:24:08 DEBUG    Dispatching [puback] event
Wed, 21 Nov 2018 21:24:08 INFO     Performing sync publish...
Wed, 21 Nov 2018 21:24:08 DEBUG    Produced [puback] event
Wed, 21 Nov 2018 21:24:08 DEBUG    Dispatching [puback] event
Wed, 21 Nov 2018 21:24:08 INFO     Performing sync publish...
Wed, 21 Nov 2018 21:24:08 DEBUG    Produced [puback] event
Wed, 21 Nov 2018 21:24:08 DEBUG    Dispatching [puback] event
Wed, 21 Nov 2018 21:24:08 INFO     Performing sync publish...
Wed, 21 Nov 2018 21:24:08 DEBUG    Produced [puback] event
Wed, 21 Nov 2018 21:24:08 DEBUG    Dispatching [puback] event
Wed, 21 Nov 2018 21:24:08 INFO     Performing sync publish...
Wed, 21 Nov 2018 21:24:08 DEBUG    Produced [puback] event
Wed, 21 Nov 2018 21:24:08 DEBUG    Dispatching [puback] event
Wed, 21 Nov 2018 21:24:08 INFO     Performing sync publish...
Wed, 21 Nov 2018 21:24:08 DEBUG    Produced [puback] event
Wed, 21 Nov 2018 21:24:08 DEBUG    Dispatching [puback] event
Wed, 21 Nov 2018 21:24:08 INFO     Performing sync publish...
Wed, 21 Nov 2018 21:24:08 DEBUG    Produced [puback] event
Wed, 21 Nov 2018 21:24:08 DEBUG    Dispatching [puback] event
Wed, 21 Nov 2018 21:24:13 INFO     Performing sync publish...
Wed, 21 Nov 2018 21:24:13 DEBUG    Produced [puback] event
Wed, 21 Nov 2018 21:24:13 DEBUG    Dispatching [puback] event
Wed, 21 Nov 2018 21:24:13 INFO     Performing sync publish...
Wed, 21 Nov 2018 21:24:13 DEBUG    Produced [puback] event
Wed, 21 Nov 2018 21:24:13 DEBUG    Dispatching [puback] event
Wed, 21 Nov 2018 21:24:13 INFO     Performing sync publish...
Wed, 21 Nov 2018 21:24:13 DEBUG    Produced [puback] event
Wed, 21 Nov 2018 21:24:13 DEBUG    Dispatching [puback] event
Wed, 21 Nov 2018 21:24:13 INFO     Performing sync publish...
Wed, 21 Nov 2018 21:24:13 DEBUG    Produced [puback] event
Wed, 21 Nov 2018 21:24:13 DEBUG    Dispatching [puback] event
Wed, 21 Nov 2018 21:24:13 INFO     Performing sync publish...
Wed, 21 Nov 2018 21:24:13 DEBUG    Produced [puback] event
Wed, 21 Nov 2018 21:24:13 DEBUG    Dispatching [puback] event
Wed, 21 Nov 2018 21:24:13 INFO     Performing sync publish...
Wed, 21 Nov 2018 21:24:13 DEBUG    Produced [puback] event
Wed, 21 Nov 2018 21:24:13 DEBUG    Dispatching [puback] event
Wed, 21 Nov 2018 21:24:14 INFO     Performing sync publish...
Wed, 21 Nov 2018 21:24:14 DEBUG    Produced [puback] event
Wed, 21 Nov 2018 21:24:14 DEBUG    Dispatching [puback] event
Wed, 21 Nov 2018 21:24:14 INFO     Performing sync publish...
Wed, 21 Nov 2018 21:24:14 DEBUG    Produced [puback] event
Wed, 21 Nov 2018 21:24:14 DEBUG    Dispatching [puback] event
Wed, 21 Nov 2018 21:24:14 INFO     Performing sync publish...
Wed, 21 Nov 2018 21:24:14 DEBUG    Produced [puback] event
Wed, 21 Nov 2018 21:24:14 DEBUG    Dispatching [puback] event
Wed, 21 Nov 2018 21:24:14 INFO     Performing sync publish...
Wed, 21 Nov 2018 21:24:14 DEBUG    Produced [puback] event
Wed, 21 Nov 2018 21:24:14 DEBUG    Dispatching [puback] event
Wed, 21 Nov 2018 21:24:19 INFO     Performing sync publish...
Wed, 21 Nov 2018 21:24:19 DEBUG    Produced [puback] event
Wed, 21 Nov 2018 21:24:19 DEBUG    Dispatching [puback] event
Wed, 21 Nov 2018 21:24:19 INFO     Performing sync publish...
Wed, 21 Nov 2018 21:24:19 DEBUG    Produced [puback] event
Wed, 21 Nov 2018 21:24:19 DEBUG    Dispatching [puback] event
Wed, 21 Nov 2018 21:24:19 INFO     Performing sync publish...
Wed, 21 Nov 2018 21:24:19 DEBUG    Produced [puback] event
Wed, 21 Nov 2018 21:24:19 DEBUG    Dispatching [puback] event
Wed, 21 Nov 2018 21:24:19 INFO     Performing sync publish...
Wed, 21 Nov 2018 21:24:19 DEBUG    Produced [puback] event
Wed, 21 Nov 2018 21:24:19 DEBUG    Dispatching [puback] event
Wed, 21 Nov 2018 21:24:19 INFO     Performing sync publish...
Wed, 21 Nov 2018 21:24:19 DEBUG    Produced [puback] event
Wed, 21 Nov 2018 21:24:19 DEBUG    Dispatching [puback] event
Wed, 21 Nov 2018 21:24:19 INFO     Performing sync publish...
Wed, 21 Nov 2018 21:24:19 DEBUG    Produced [puback] event
Wed, 21 Nov 2018 21:24:19 DEBUG    Dispatching [puback] event
Wed, 21 Nov 2018 21:24:19 INFO     Performing sync publish...
Wed, 21 Nov 2018 21:24:19 DEBUG    Produced [puback] event
Wed, 21 Nov 2018 21:24:19 DEBUG    Dispatching [puback] event
Wed, 21 Nov 2018 21:24:19 INFO     Performing sync publish...
Wed, 21 Nov 2018 21:24:19 DEBUG    Produced [puback] event
Wed, 21 Nov 2018 21:24:19 DEBUG    Dispatching [puback] event
Wed, 21 Nov 2018 21:24:19 INFO     Performing sync publish...
Wed, 21 Nov 2018 21:24:19 DEBUG    Produced [puback] event
Wed, 21 Nov 2018 21:24:19 DEBUG    Dispatching [puback] event
Wed, 21 Nov 2018 21:24:19 INFO     Performing sync publish...
Wed, 21 Nov 2018 21:24:19 DEBUG    Produced [puback] event
Wed, 21 Nov 2018 21:24:19 DEBUG    Dispatching [puback] event
Wed, 21 Nov 2018 21:24:24 INFO     Performing sync publish...
Wed, 21 Nov 2018 21:24:24 DEBUG    Produced [puback] event
Wed, 21 Nov 2018 21:24:24 DEBUG    Dispatching [puback] event
Wed, 21 Nov 2018 21:24:24 INFO     Performing sync publish...
Wed, 21 Nov 2018 21:24:24 DEBUG    Produced [puback] event
Wed, 21 Nov 2018 21:24:24 DEBUG    Dispatching [puback] event
Wed, 21 Nov 2018 21:24:24 INFO     Performing sync publish...
Wed, 21 Nov 2018 21:24:24 DEBUG    Produced [puback] event
Wed, 21 Nov 2018 21:24:24 DEBUG    Dispatching [puback] event
Wed, 21 Nov 2018 21:24:24 INFO     Performing sync publish...
Wed, 21 Nov 2018 21:24:24 DEBUG    Produced [puback] event
Wed, 21 Nov 2018 21:24:24 DEBUG    Dispatching [puback] event
Wed, 21 Nov 2018 21:24:24 INFO     Performing sync publish...
Wed, 21 Nov 2018 21:24:24 DEBUG    Produced [puback] event
Wed, 21 Nov 2018 21:24:24 DEBUG    Dispatching [puback] event
Wed, 21 Nov 2018 21:24:24 INFO     Performing sync publish...
Wed, 21 Nov 2018 21:24:24 DEBUG    Produced [puback] event
Wed, 21 Nov 2018 21:24:24 DEBUG    Dispatching [puback] event
Wed, 21 Nov 2018 21:24:24 INFO     Performing sync publish...
Wed, 21 Nov 2018 21:24:24 DEBUG    Produced [puback] event
Wed, 21 Nov 2018 21:24:24 DEBUG    Dispatching [puback] event
Wed, 21 Nov 2018 21:24:24 INFO     Performing sync publish...
Wed, 21 Nov 2018 21:24:24 DEBUG    Produced [puback] event
Wed, 21 Nov 2018 21:24:24 DEBUG    Dispatching [puback] event
Wed, 21 Nov 2018 21:24:24 INFO     Performing sync publish...
Wed, 21 Nov 2018 21:24:24 DEBUG    Produced [puback] event
Wed, 21 Nov 2018 21:24:24 DEBUG    Dispatching [puback] event
Wed, 21 Nov 2018 21:24:24 INFO     Performing sync publish...
Wed, 21 Nov 2018 21:24:24 DEBUG    Produced [puback] event
Wed, 21 Nov 2018 21:24:24 DEBUG    Dispatching [puback] event
Wed, 21 Nov 2018 21:24:28 DEBUG    stableConnection: Resetting the backoff time to: 1 sec.
Wed, 21 Nov 2018 21:24:29 INFO     Performing sync publish...
Wed, 21 Nov 2018 21:24:29 DEBUG    Produced [puback] event
Wed, 21 Nov 2018 21:24:29 DEBUG    Dispatching [puback] event
Wed, 21 Nov 2018 21:24:29 INFO     Performing sync publish...
Wed, 21 Nov 2018 21:24:29 DEBUG    Produced [puback] event
Wed, 21 Nov 2018 21:24:29 DEBUG    Dispatching [puback] event
Wed, 21 Nov 2018 21:24:29 INFO     Performing sync publish...
Wed, 21 Nov 2018 21:24:29 DEBUG    Produced [puback] event
Wed, 21 Nov 2018 21:24:29 DEBUG    Dispatching [puback] event
Wed, 21 Nov 2018 21:24:29 INFO     Performing sync publish...
Wed, 21 Nov 2018 21:24:29 DEBUG    Produced [puback] event
Wed, 21 Nov 2018 21:24:29 DEBUG    Dispatching [puback] event
Wed, 21 Nov 2018 21:24:29 INFO     Performing sync publish...
Wed, 21 Nov 2018 21:24:29 DEBUG    Produced [puback] event
Wed, 21 Nov 2018 21:24:29 DEBUG    Dispatching [puback] event
Wed, 21 Nov 2018 21:24:29 INFO     Performing sync publish...
Wed, 21 Nov 2018 21:24:29 DEBUG    Produced [puback] event
Wed, 21 Nov 2018 21:24:29 DEBUG    Dispatching [puback] event
Wed, 21 Nov 2018 21:24:29 INFO     Performing sync publish...
Wed, 21 Nov 2018 21:24:29 DEBUG    Produced [puback] event
Wed, 21 Nov 2018 21:24:29 DEBUG    Dispatching [puback] event
Wed, 21 Nov 2018 21:24:29 INFO     Performing sync publish...
Wed, 21 Nov 2018 21:24:29 DEBUG    Produced [puback] event
Wed, 21 Nov 2018 21:24:29 DEBUG    Dispatching [puback] event
Wed, 21 Nov 2018 21:24:29 INFO     Performing sync publish...
Wed, 21 Nov 2018 21:24:29 DEBUG    Produced [puback] event
Wed, 21 Nov 2018 21:24:29 DEBUG    Dispatching [puback] event
Wed, 21 Nov 2018 21:24:29 INFO     Performing sync publish...
Wed, 21 Nov 2018 21:24:29 DEBUG    Produced [puback] event
Wed, 21 Nov 2018 21:24:29 DEBUG    Dispatching [puback] event
Wed, 21 Nov 2018 21:24:34 INFO     Performing sync publish...
Wed, 21 Nov 2018 21:24:34 DEBUG    Produced [puback] event
Wed, 21 Nov 2018 21:24:34 DEBUG    Dispatching [puback] event
Wed, 21 Nov 2018 21:24:34 INFO     Performing sync publish...
Wed, 21 Nov 2018 21:24:34 DEBUG    Produced [puback] event
Wed, 21 Nov 2018 21:24:34 DEBUG    Dispatching [puback] event
Wed, 21 Nov 2018 21:24:34 INFO     Performing sync publish...
Wed, 21 Nov 2018 21:24:34 DEBUG    Produced [puback] event
Wed, 21 Nov 2018 21:24:34 DEBUG    Dispatching [puback] event
Wed, 21 Nov 2018 21:24:34 INFO     Performing sync publish...
Wed, 21 Nov 2018 21:24:34 DEBUG    Produced [puback] event
Wed, 21 Nov 2018 21:24:34 DEBUG    Dispatching [puback] event
Wed, 21 Nov 2018 21:24:34 INFO     Performing sync publish...
Wed, 21 Nov 2018 21:24:34 DEBUG    Produced [puback] event
Wed, 21 Nov 2018 21:24:34 DEBUG    Dispatching [puback] event
Wed, 21 Nov 2018 21:24:34 INFO     Performing sync publish...
Wed, 21 Nov 2018 21:24:34 DEBUG    Produced [puback] event
Wed, 21 Nov 2018 21:24:34 DEBUG    Dispatching [puback] event
Wed, 21 Nov 2018 21:24:34 INFO     Performing sync publish...
Wed, 21 Nov 2018 21:24:34 DEBUG    Produced [puback] event
Wed, 21 Nov 2018 21:24:34 DEBUG    Dispatching [puback] event
Wed, 21 Nov 2018 21:24:34 INFO     Performing sync publish...
Wed, 21 Nov 2018 21:24:34 DEBUG    Produced [puback] event
Wed, 21 Nov 2018 21:24:34 DEBUG    Dispatching [puback] event
Wed, 21 Nov 2018 21:24:34 INFO     Performing sync publish...
Wed, 21 Nov 2018 21:24:34 DEBUG    Produced [puback] event
Wed, 21 Nov 2018 21:24:34 DEBUG    Dispatching [puback] event
Wed, 21 Nov 2018 21:24:34 INFO     Performing sync publish...
Wed, 21 Nov 2018 21:24:34 DEBUG    Produced [puback] event
Wed, 21 Nov 2018 21:24:34 DEBUG    Dispatching [puback] event
Wed, 21 Nov 2018 21:24:39 INFO     Performing sync publish...
Wed, 21 Nov 2018 21:24:39 DEBUG    Produced [puback] event
Wed, 21 Nov 2018 21:24:39 DEBUG    Dispatching [puback] event
Wed, 21 Nov 2018 21:24:39 INFO     Performing sync publish...
Wed, 21 Nov 2018 21:24:39 DEBUG    Produced [puback] event
Wed, 21 Nov 2018 21:24:39 DEBUG    Dispatching [puback] event
Wed, 21 Nov 2018 21:24:39 INFO     Performing sync publish...
Wed, 21 Nov 2018 21:24:39 DEBUG    Produced [puback] event
Wed, 21 Nov 2018 21:24:39 DEBUG    Dispatching [puback] event
Wed, 21 Nov 2018 21:24:39 INFO     Performing sync publish...
Wed, 21 Nov 2018 21:24:39 DEBUG    Produced [puback] event
Wed, 21 Nov 2018 21:24:39 DEBUG    Dispatching [puback] event
Wed, 21 Nov 2018 21:24:39 INFO     Performing sync publish...
Wed, 21 Nov 2018 21:24:39 DEBUG    Produced [puback] event
Wed, 21 Nov 2018 21:24:39 DEBUG    Dispatching [puback] event
Wed, 21 Nov 2018 21:24:39 INFO     Performing sync publish...
Wed, 21 Nov 2018 21:24:39 DEBUG    Produced [puback] event
Wed, 21 Nov 2018 21:24:39 DEBUG    Dispatching [puback] event
Wed, 21 Nov 2018 21:24:39 INFO     Performing sync publish...
Wed, 21 Nov 2018 21:24:39 DEBUG    Produced [puback] event
Wed, 21 Nov 2018 21:24:39 DEBUG    Dispatching [puback] event
Wed, 21 Nov 2018 21:24:39 INFO     Performing sync publish...
Wed, 21 Nov 2018 21:24:39 DEBUG    Produced [puback] event
Wed, 21 Nov 2018 21:24:39 DEBUG    Dispatching [puback] event
Wed, 21 Nov 2018 21:24:39 INFO     Performing sync publish...
Wed, 21 Nov 2018 21:24:39 DEBUG    Produced [puback] event
Wed, 21 Nov 2018 21:24:39 DEBUG    Dispatching [puback] event
Wed, 21 Nov 2018 21:24:39 INFO     Performing sync publish...
Wed, 21 Nov 2018 21:24:39 DEBUG    Produced [puback] event
Wed, 21 Nov 2018 21:24:39 DEBUG    Dispatching [puback] event
Wed, 21 Nov 2018 21:24:44 INFO     Performing sync publish...
Wed, 21 Nov 2018 21:24:44 DEBUG    Produced [puback] event
Wed, 21 Nov 2018 21:24:44 DEBUG    Dispatching [puback] event
Wed, 21 Nov 2018 21:24:44 INFO     Performing sync publish...
Wed, 21 Nov 2018 21:24:44 DEBUG    Produced [puback] event
Wed, 21 Nov 2018 21:24:44 DEBUG    Dispatching [puback] event
Wed, 21 Nov 2018 21:24:44 INFO     Performing sync publish...
Wed, 21 Nov 2018 21:24:44 DEBUG    Produced [puback] event
Wed, 21 Nov 2018 21:24:44 DEBUG    Dispatching [puback] event
Wed, 21 Nov 2018 21:24:44 INFO     Performing sync publish...
Wed, 21 Nov 2018 21:24:44 DEBUG    Produced [puback] event
Wed, 21 Nov 2018 21:24:44 DEBUG    Dispatching [puback] event
Wed, 21 Nov 2018 21:24:44 INFO     Performing sync publish...
Wed, 21 Nov 2018 21:24:44 DEBUG    Produced [puback] event
Wed, 21 Nov 2018 21:24:44 DEBUG    Dispatching [puback] event
Wed, 21 Nov 2018 21:24:44 INFO     Performing sync publish...
Wed, 21 Nov 2018 21:24:44 DEBUG    Produced [puback] event
Wed, 21 Nov 2018 21:24:44 DEBUG    Dispatching [puback] event
Wed, 21 Nov 2018 21:24:44 INFO     Performing sync publish...
Wed, 21 Nov 2018 21:24:44 DEBUG    Produced [puback] event
Wed, 21 Nov 2018 21:24:44 DEBUG    Dispatching [puback] event
Wed, 21 Nov 2018 21:24:44 INFO     Performing sync publish...
Wed, 21 Nov 2018 21:24:44 DEBUG    Produced [puback] event
Wed, 21 Nov 2018 21:24:44 DEBUG    Dispatching [puback] event
Wed, 21 Nov 2018 21:24:44 INFO     Performing sync publish...
Wed, 21 Nov 2018 21:24:44 DEBUG    Produced [puback] event
Wed, 21 Nov 2018 21:24:44 DEBUG    Dispatching [puback] event
Wed, 21 Nov 2018 21:24:44 INFO     Performing sync publish...
Wed, 21 Nov 2018 21:24:44 DEBUG    Produced [puback] event
Wed, 21 Nov 2018 21:24:44 DEBUG    Dispatching [puback] event
Wed, 21 Nov 2018 21:24:49 INFO     Performing sync publish...
Wed, 21 Nov 2018 21:24:49 DEBUG    Produced [puback] event
Wed, 21 Nov 2018 21:24:49 DEBUG    Dispatching [puback] event
Wed, 21 Nov 2018 21:24:49 INFO     Performing sync publish...
Wed, 21 Nov 2018 21:24:49 DEBUG    Produced [puback] event
Wed, 21 Nov 2018 21:24:49 DEBUG    Dispatching [puback] event
Wed, 21 Nov 2018 21:24:49 INFO     Performing sync publish...
Wed, 21 Nov 2018 21:24:49 DEBUG    Produced [puback] event
Wed, 21 Nov 2018 21:24:49 DEBUG    Dispatching [puback] event
Wed, 21 Nov 2018 21:24:49 INFO     Performing sync publish...
Wed, 21 Nov 2018 21:24:49 DEBUG    Produced [puback] event
Wed, 21 Nov 2018 21:24:49 DEBUG    Dispatching [puback] event
Wed, 21 Nov 2018 21:24:49 INFO     Performing sync publish...
Wed, 21 Nov 2018 21:24:49 DEBUG    Produced [puback] event
Wed, 21 Nov 2018 21:24:49 DEBUG    Dispatching [puback] event
Wed, 21 Nov 2018 21:24:49 INFO     Performing sync publish...
Wed, 21 Nov 2018 21:24:49 DEBUG    Produced [puback] event
Wed, 21 Nov 2018 21:24:49 DEBUG    Dispatching [puback] event
Wed, 21 Nov 2018 21:24:49 INFO     Performing sync publish...
Wed, 21 Nov 2018 21:24:49 DEBUG    Produced [puback] event
Wed, 21 Nov 2018 21:24:49 DEBUG    Dispatching [puback] event
Wed, 21 Nov 2018 21:24:49 INFO     Performing sync publish...
Wed, 21 Nov 2018 21:24:49 DEBUG    Produced [puback] event
Wed, 21 Nov 2018 21:24:49 DEBUG    Dispatching [puback] event
Wed, 21 Nov 2018 21:24:49 INFO     Performing sync publish...
Wed, 21 Nov 2018 21:24:49 DEBUG    Produced [puback] event
Wed, 21 Nov 2018 21:24:49 DEBUG    Dispatching [puback] event
Wed, 21 Nov 2018 21:24:49 INFO     Performing sync publish...
Wed, 21 Nov 2018 21:24:49 DEBUG    Produced [puback] event
Wed, 21 Nov 2018 21:24:49 DEBUG    Dispatching [puback] event
Wed, 21 Nov 2018 21:24:54 INFO     Performing sync publish...
Wed, 21 Nov 2018 21:24:54 DEBUG    Produced [puback] event
Wed, 21 Nov 2018 21:24:54 DEBUG    Dispatching [puback] event
Wed, 21 Nov 2018 21:24:54 INFO     Performing sync publish...
Wed, 21 Nov 2018 21:24:54 DEBUG    Produced [puback] event
Wed, 21 Nov 2018 21:24:54 DEBUG    Dispatching [puback] event
Wed, 21 Nov 2018 21:24:54 INFO     Performing sync publish...
Wed, 21 Nov 2018 21:24:54 DEBUG    Produced [puback] event
Wed, 21 Nov 2018 21:24:54 DEBUG    Dispatching [puback] event
Wed, 21 Nov 2018 21:24:54 INFO     Performing sync publish...
Wed, 21 Nov 2018 21:24:54 DEBUG    Produced [puback] event
Wed, 21 Nov 2018 21:24:54 DEBUG    Dispatching [puback] event
Wed, 21 Nov 2018 21:24:54 INFO     Performing sync publish...
Wed, 21 Nov 2018 21:24:54 DEBUG    Produced [puback] event
Wed, 21 Nov 2018 21:24:54 DEBUG    Dispatching [puback] event
Wed, 21 Nov 2018 21:24:54 INFO     Performing sync publish...
Wed, 21 Nov 2018 21:24:54 DEBUG    Produced [puback] event
Wed, 21 Nov 2018 21:24:54 DEBUG    Dispatching [puback] event
Wed, 21 Nov 2018 21:24:54 INFO     Performing sync publish...
Wed, 21 Nov 2018 21:24:54 DEBUG    Produced [puback] event
Wed, 21 Nov 2018 21:24:54 DEBUG    Dispatching [puback] event
Wed, 21 Nov 2018 21:24:54 INFO     Performing sync publish...
Wed, 21 Nov 2018 21:24:54 DEBUG    Produced [puback] event
Wed, 21 Nov 2018 21:24:54 DEBUG    Dispatching [puback] event
Wed, 21 Nov 2018 21:24:54 INFO     Performing sync publish...
Wed, 21 Nov 2018 21:24:54 DEBUG    Produced [puback] event
Wed, 21 Nov 2018 21:24:54 DEBUG    Dispatching [puback] event
Wed, 21 Nov 2018 21:24:54 INFO     Performing sync publish...
Wed, 21 Nov 2018 21:24:54 DEBUG    Produced [puback] event
Wed, 21 Nov 2018 21:24:54 DEBUG    Dispatching [puback] event
Wed, 21 Nov 2018 21:24:59 INFO     Performing sync publish...
Wed, 21 Nov 2018 21:24:59 DEBUG    Produced [puback] event
Wed, 21 Nov 2018 21:24:59 DEBUG    Dispatching [puback] event
Wed, 21 Nov 2018 21:24:59 INFO     Performing sync publish...
Wed, 21 Nov 2018 21:24:59 DEBUG    Produced [puback] event
Wed, 21 Nov 2018 21:24:59 DEBUG    Dispatching [puback] event
Wed, 21 Nov 2018 21:24:59 INFO     Performing sync publish...
Wed, 21 Nov 2018 21:24:59 DEBUG    Produced [puback] event
Wed, 21 Nov 2018 21:24:59 DEBUG    Dispatching [puback] event
Wed, 21 Nov 2018 21:24:59 INFO     Performing sync publish...
Wed, 21 Nov 2018 21:24:59 DEBUG    Produced [puback] event
Wed, 21 Nov 2018 21:24:59 DEBUG    Dispatching [puback] event
Wed, 21 Nov 2018 21:24:59 INFO     Performing sync publish...
Wed, 21 Nov 2018 21:24:59 DEBUG    Produced [puback] event
Wed, 21 Nov 2018 21:24:59 DEBUG    Dispatching [puback] event
Wed, 21 Nov 2018 21:24:59 INFO     Performing sync publish...
Wed, 21 Nov 2018 21:24:59 DEBUG    Produced [puback] event
Wed, 21 Nov 2018 21:24:59 DEBUG    Dispatching [puback] event
Wed, 21 Nov 2018 21:24:59 INFO     Performing sync publish...
Wed, 21 Nov 2018 21:24:59 DEBUG    Produced [puback] event
Wed, 21 Nov 2018 21:24:59 DEBUG    Dispatching [puback] event
Wed, 21 Nov 2018 21:24:59 INFO     Performing sync publish...
Wed, 21 Nov 2018 21:24:59 DEBUG    Produced [puback] event
Wed, 21 Nov 2018 21:24:59 DEBUG    Dispatching [puback] event
Wed, 21 Nov 2018 21:24:59 INFO     Performing sync publish...
Wed, 21 Nov 2018 21:24:59 DEBUG    Produced [puback] event
Wed, 21 Nov 2018 21:24:59 DEBUG    Dispatching [puback] event
Wed, 21 Nov 2018 21:24:59 INFO     Performing sync publish...
Wed, 21 Nov 2018 21:24:59 DEBUG    Produced [puback] event
Wed, 21 Nov 2018 21:24:59 DEBUG    Dispatching [puback] event
Wed, 21 Nov 2018 21:25:04 INFO     Performing sync publish...
Wed, 21 Nov 2018 21:25:04 DEBUG    Produced [puback] event
Wed, 21 Nov 2018 21:25:04 DEBUG    Dispatching [puback] event
Wed, 21 Nov 2018 21:25:04 INFO     Performing sync publish...
Wed, 21 Nov 2018 21:25:04 DEBUG    Produced [puback] event
Wed, 21 Nov 2018 21:25:04 DEBUG    Dispatching [puback] event
Wed, 21 Nov 2018 21:25:04 INFO     Performing sync publish...
Wed, 21 Nov 2018 21:25:04 DEBUG    Produced [puback] event
Wed, 21 Nov 2018 21:25:04 DEBUG    Dispatching [puback] event
Wed, 21 Nov 2018 21:25:04 INFO     Performing sync publish...
Wed, 21 Nov 2018 21:25:04 DEBUG    Produced [puback] event
Wed, 21 Nov 2018 21:25:04 DEBUG    Dispatching [puback] event
Wed, 21 Nov 2018 21:25:04 INFO     Performing sync publish...
Wed, 21 Nov 2018 21:25:04 DEBUG    Produced [puback] event
Wed, 21 Nov 2018 21:25:04 DEBUG    Dispatching [puback] event
Wed, 21 Nov 2018 21:25:04 INFO     Performing sync publish...
Wed, 21 Nov 2018 21:25:04 DEBUG    Produced [puback] event
Wed, 21 Nov 2018 21:25:04 DEBUG    Dispatching [puback] event
Wed, 21 Nov 2018 21:25:04 INFO     Performing sync publish...
Wed, 21 Nov 2018 21:25:04 DEBUG    Produced [puback] event
Wed, 21 Nov 2018 21:25:04 DEBUG    Dispatching [puback] event
Wed, 21 Nov 2018 21:25:04 INFO     Performing sync publish...
Wed, 21 Nov 2018 21:25:04 DEBUG    Produced [puback] event
Wed, 21 Nov 2018 21:25:04 DEBUG    Dispatching [puback] event
Wed, 21 Nov 2018 21:25:04 INFO     Performing sync publish...
Wed, 21 Nov 2018 21:25:04 DEBUG    Produced [puback] event
Wed, 21 Nov 2018 21:25:04 DEBUG    Dispatching [puback] event
Wed, 21 Nov 2018 21:25:05 INFO     Performing sync publish...
Wed, 21 Nov 2018 21:25:05 DEBUG    Produced [puback] event
Wed, 21 Nov 2018 21:25:05 DEBUG    Dispatching [puback] event
Wed, 21 Nov 2018 21:25:10 INFO     Performing sync publish...
Wed, 21 Nov 2018 21:25:10 DEBUG    Produced [puback] event
Wed, 21 Nov 2018 21:25:10 DEBUG    Dispatching [puback] event
Wed, 21 Nov 2018 21:25:10 INFO     Performing sync publish...
Wed, 21 Nov 2018 21:25:10 DEBUG    Produced [puback] event
Wed, 21 Nov 2018 21:25:10 DEBUG    Dispatching [puback] event
Wed, 21 Nov 2018 21:25:10 INFO     Performing sync publish...
Wed, 21 Nov 2018 21:25:10 DEBUG    Produced [puback] event
Wed, 21 Nov 2018 21:25:10 DEBUG    Dispatching [puback] event
Wed, 21 Nov 2018 21:25:10 INFO     Performing sync publish...
Wed, 21 Nov 2018 21:25:10 DEBUG    Produced [puback] event
Wed, 21 Nov 2018 21:25:10 DEBUG    Dispatching [puback] event
Wed, 21 Nov 2018 21:25:10 INFO     Performing sync publish...
Wed, 21 Nov 2018 21:25:10 DEBUG    Produced [puback] event
Wed, 21 Nov 2018 21:25:10 DEBUG    Dispatching [puback] event
Wed, 21 Nov 2018 21:25:10 INFO     Performing sync publish...
Wed, 21 Nov 2018 21:25:10 DEBUG    Produced [puback] event
Wed, 21 Nov 2018 21:25:10 DEBUG    Dispatching [puback] event
Wed, 21 Nov 2018 21:25:10 INFO     Performing sync publish...
Wed, 21 Nov 2018 21:25:10 DEBUG    Produced [puback] event
Wed, 21 Nov 2018 21:25:10 DEBUG    Dispatching [puback] event
Wed, 21 Nov 2018 21:25:10 INFO     Performing sync publish...
Wed, 21 Nov 2018 21:25:10 DEBUG    Produced [puback] event
Wed, 21 Nov 2018 21:25:10 DEBUG    Dispatching [puback] event
Wed, 21 Nov 2018 21:25:10 INFO     Performing sync publish...
Wed, 21 Nov 2018 21:25:10 DEBUG    Produced [puback] event
Wed, 21 Nov 2018 21:25:10 DEBUG    Dispatching [puback] event
Wed, 21 Nov 2018 21:25:10 INFO     Performing sync publish...
Wed, 21 Nov 2018 21:25:10 DEBUG    Produced [puback] event
Wed, 21 Nov 2018 21:25:10 DEBUG    Dispatching [puback] event
Wed, 21 Nov 2018 21:25:15 INFO     Performing sync publish...
Wed, 21 Nov 2018 21:25:15 DEBUG    Produced [puback] event
Wed, 21 Nov 2018 21:25:15 DEBUG    Dispatching [puback] event
Wed, 21 Nov 2018 21:25:15 INFO     Performing sync publish...
Wed, 21 Nov 2018 21:25:15 DEBUG    Produced [puback] event
Wed, 21 Nov 2018 21:25:15 DEBUG    Dispatching [puback] event
Wed, 21 Nov 2018 21:25:15 INFO     Performing sync publish...
Wed, 21 Nov 2018 21:25:15 DEBUG    Produced [puback] event
Wed, 21 Nov 2018 21:25:15 DEBUG    Dispatching [puback] event
Wed, 21 Nov 2018 21:25:15 INFO     Performing sync publish...
Wed, 21 Nov 2018 21:25:15 DEBUG    Produced [puback] event
Wed, 21 Nov 2018 21:25:15 DEBUG    Dispatching [puback] event
Wed, 21 Nov 2018 21:25:15 INFO     Performing sync publish...
Wed, 21 Nov 2018 21:25:15 DEBUG    Produced [puback] event
Wed, 21 Nov 2018 21:25:15 DEBUG    Dispatching [puback] event
Wed, 21 Nov 2018 21:25:15 INFO     Performing sync publish...
Wed, 21 Nov 2018 21:25:15 DEBUG    Produced [puback] event
Wed, 21 Nov 2018 21:25:15 DEBUG    Dispatching [puback] event
Wed, 21 Nov 2018 21:25:15 INFO     Performing sync publish...
Wed, 21 Nov 2018 21:25:15 DEBUG    Produced [puback] event
Wed, 21 Nov 2018 21:25:15 DEBUG    Dispatching [puback] event
Wed, 21 Nov 2018 21:25:15 INFO     Performing sync publish...
Wed, 21 Nov 2018 21:25:15 DEBUG    Produced [puback] event
Wed, 21 Nov 2018 21:25:15 DEBUG    Dispatching [puback] event
Wed, 21 Nov 2018 21:25:15 INFO     Performing sync publish...
Wed, 21 Nov 2018 21:25:15 DEBUG    Produced [puback] event
Wed, 21 Nov 2018 21:25:15 DEBUG    Dispatching [puback] event
Wed, 21 Nov 2018 21:25:15 INFO     Performing sync publish...
Wed, 21 Nov 2018 21:25:15 DEBUG    Produced [puback] event
Wed, 21 Nov 2018 21:25:15 DEBUG    Dispatching [puback] event
Wed, 21 Nov 2018 21:25:20 INFO     Performing sync publish...
Wed, 21 Nov 2018 21:25:20 DEBUG    Produced [puback] event
Wed, 21 Nov 2018 21:25:20 DEBUG    Dispatching [puback] event
Wed, 21 Nov 2018 21:25:20 INFO     Performing sync publish...
Wed, 21 Nov 2018 21:25:20 DEBUG    Produced [puback] event
Wed, 21 Nov 2018 21:25:20 DEBUG    Dispatching [puback] event
Wed, 21 Nov 2018 21:25:20 INFO     Performing sync publish...
Wed, 21 Nov 2018 21:25:20 DEBUG    Produced [puback] event
Wed, 21 Nov 2018 21:25:20 DEBUG    Dispatching [puback] event
Wed, 21 Nov 2018 21:25:20 INFO     Performing sync publish...
Wed, 21 Nov 2018 21:25:20 DEBUG    Produced [puback] event
Wed, 21 Nov 2018 21:25:20 DEBUG    Dispatching [puback] event
Wed, 21 Nov 2018 21:25:20 INFO     Performing sync publish...
Wed, 21 Nov 2018 21:25:20 DEBUG    Produced [puback] event
Wed, 21 Nov 2018 21:25:20 DEBUG    Dispatching [puback] event
Wed, 21 Nov 2018 21:25:20 INFO     Performing sync publish...
Wed, 21 Nov 2018 21:25:20 DEBUG    Produced [puback] event
Wed, 21 Nov 2018 21:25:20 DEBUG    Dispatching [puback] event
Wed, 21 Nov 2018 21:25:20 INFO     Performing sync publish...
Wed, 21 Nov 2018 21:25:20 DEBUG    Produced [puback] event
Wed, 21 Nov 2018 21:25:20 DEBUG    Dispatching [puback] event
Wed, 21 Nov 2018 21:25:20 INFO     Performing sync publish...
Wed, 21 Nov 2018 21:25:20 DEBUG    Produced [puback] event
Wed, 21 Nov 2018 21:25:20 DEBUG    Dispatching [puback] event
Wed, 21 Nov 2018 21:25:20 INFO     Performing sync publish...
Wed, 21 Nov 2018 21:25:20 DEBUG    Produced [puback] event
Wed, 21 Nov 2018 21:25:20 DEBUG    Dispatching [puback] event
Wed, 21 Nov 2018 21:25:20 INFO     Performing sync publish...
Wed, 21 Nov 2018 21:25:20 DEBUG    Produced [puback] event
Wed, 21 Nov 2018 21:25:20 DEBUG    Dispatching [puback] event
Wed, 21 Nov 2018 21:25:25 INFO     Performing sync publish...
Wed, 21 Nov 2018 21:25:25 DEBUG    Produced [puback] event
Wed, 21 Nov 2018 21:25:25 DEBUG    Dispatching [puback] event
Wed, 21 Nov 2018 21:25:25 INFO     Performing sync publish...
Wed, 21 Nov 2018 21:25:25 DEBUG    Produced [puback] event
Wed, 21 Nov 2018 21:25:25 DEBUG    Dispatching [puback] event
Wed, 21 Nov 2018 21:25:25 INFO     Performing sync publish...
Wed, 21 Nov 2018 21:25:25 DEBUG    Produced [puback] event
Wed, 21 Nov 2018 21:25:25 DEBUG    Dispatching [puback] event
Wed, 21 Nov 2018 21:25:25 INFO     Performing sync publish...
Wed, 21 Nov 2018 21:25:25 DEBUG    Produced [puback] event
Wed, 21 Nov 2018 21:25:25 DEBUG    Dispatching [puback] event
Wed, 21 Nov 2018 21:25:25 INFO     Performing sync publish...
Wed, 21 Nov 2018 21:25:25 DEBUG    Produced [puback] event
Wed, 21 Nov 2018 21:25:25 DEBUG    Dispatching [puback] event
Wed, 21 Nov 2018 21:25:25 INFO     Performing sync publish...
Wed, 21 Nov 2018 21:25:25 DEBUG    Produced [puback] event
Wed, 21 Nov 2018 21:25:25 DEBUG    Dispatching [puback] event
Wed, 21 Nov 2018 21:25:25 INFO     Performing sync publish...
Wed, 21 Nov 2018 21:25:25 DEBUG    Produced [puback] event
Wed, 21 Nov 2018 21:25:25 DEBUG    Dispatching [puback] event
Wed, 21 Nov 2018 21:25:25 INFO     Performing sync publish...
Wed, 21 Nov 2018 21:25:25 DEBUG    Produced [puback] event
Wed, 21 Nov 2018 21:25:25 DEBUG    Dispatching [puback] event
Wed, 21 Nov 2018 21:25:25 INFO     Performing sync publish...
Wed, 21 Nov 2018 21:25:25 DEBUG    Produced [puback] event
Wed, 21 Nov 2018 21:25:25 DEBUG    Dispatching [puback] event
Wed, 21 Nov 2018 21:25:25 INFO     Performing sync publish...
Wed, 21 Nov 2018 21:25:25 DEBUG    Produced [puback] event
Wed, 21 Nov 2018 21:25:25 DEBUG    Dispatching [puback] event
Wed, 21 Nov 2018 21:25:30 INFO     Performing sync publish...
Wed, 21 Nov 2018 21:25:30 DEBUG    Produced [puback] event
Wed, 21 Nov 2018 21:25:30 DEBUG    Dispatching [puback] event
Wed, 21 Nov 2018 21:25:30 INFO     Performing sync publish...
Wed, 21 Nov 2018 21:25:30 DEBUG    Produced [puback] event
Wed, 21 Nov 2018 21:25:30 DEBUG    Dispatching [puback] event
Wed, 21 Nov 2018 21:25:30 INFO     Performing sync publish...
Wed, 21 Nov 2018 21:25:30 DEBUG    Produced [puback] event
Wed, 21 Nov 2018 21:25:30 DEBUG    Dispatching [puback] event
Wed, 21 Nov 2018 21:25:30 INFO     Performing sync publish...
Wed, 21 Nov 2018 21:25:30 DEBUG    Produced [puback] event
Wed, 21 Nov 2018 21:25:30 DEBUG    Dispatching [puback] event
Wed, 21 Nov 2018 21:25:30 INFO     Performing sync publish...
Wed, 21 Nov 2018 21:25:30 DEBUG    Produced [puback] event
Wed, 21 Nov 2018 21:25:30 DEBUG    Dispatching [puback] event
Wed, 21 Nov 2018 21:25:30 INFO     Performing sync publish...
Wed, 21 Nov 2018 21:25:30 DEBUG    Produced [puback] event
Wed, 21 Nov 2018 21:25:30 DEBUG    Dispatching [puback] event
Wed, 21 Nov 2018 21:25:30 INFO     Performing sync publish...
Wed, 21 Nov 2018 21:25:30 DEBUG    Produced [puback] event
Wed, 21 Nov 2018 21:25:30 DEBUG    Dispatching [puback] event
Wed, 21 Nov 2018 21:25:30 INFO     Performing sync publish...
Wed, 21 Nov 2018 21:25:30 DEBUG    Produced [puback] event
Wed, 21 Nov 2018 21:25:30 DEBUG    Dispatching [puback] event
Wed, 21 Nov 2018 21:25:30 INFO     Performing sync publish...
Wed, 21 Nov 2018 21:25:30 DEBUG    Produced [puback] event
Wed, 21 Nov 2018 21:25:30 DEBUG    Dispatching [puback] event
Wed, 21 Nov 2018 21:25:30 INFO     Performing sync publish...
Wed, 21 Nov 2018 21:25:30 DEBUG    Produced [puback] event
Wed, 21 Nov 2018 21:25:30 DEBUG    Dispatching [puback] event
Wed, 21 Nov 2018 21:25:35 INFO     Performing sync publish...
Wed, 21 Nov 2018 21:25:35 DEBUG    Produced [puback] event
Wed, 21 Nov 2018 21:25:35 DEBUG    Dispatching [puback] event
Wed, 21 Nov 2018 21:25:35 INFO     Performing sync publish...
Wed, 21 Nov 2018 21:25:35 DEBUG    Produced [puback] event
Wed, 21 Nov 2018 21:25:35 DEBUG    Dispatching [puback] event
Wed, 21 Nov 2018 21:25:35 INFO     Performing sync publish...
Wed, 21 Nov 2018 21:25:35 DEBUG    Produced [puback] event
Wed, 21 Nov 2018 21:25:35 DEBUG    Dispatching [puback] event
Wed, 21 Nov 2018 21:25:35 INFO     Performing sync publish...
Wed, 21 Nov 2018 21:25:35 DEBUG    Produced [puback] event
Wed, 21 Nov 2018 21:25:35 DEBUG    Dispatching [puback] event
Wed, 21 Nov 2018 21:25:35 INFO     Performing sync publish...
Wed, 21 Nov 2018 21:25:35 DEBUG    Produced [puback] event
Wed, 21 Nov 2018 21:25:35 DEBUG    Dispatching [puback] event
Wed, 21 Nov 2018 21:25:35 INFO     Performing sync publish...
Wed, 21 Nov 2018 21:25:35 DEBUG    Produced [puback] event
Wed, 21 Nov 2018 21:25:35 DEBUG    Dispatching [puback] event
Wed, 21 Nov 2018 21:25:35 INFO     Performing sync publish...
Wed, 21 Nov 2018 21:25:35 DEBUG    Produced [puback] event
Wed, 21 Nov 2018 21:25:35 DEBUG    Dispatching [puback] event
Wed, 21 Nov 2018 21:25:35 INFO     Performing sync publish...
Wed, 21 Nov 2018 21:25:35 DEBUG    Produced [puback] event
Wed, 21 Nov 2018 21:25:35 DEBUG    Dispatching [puback] event
Wed, 21 Nov 2018 21:25:35 INFO     Performing sync publish...
Wed, 21 Nov 2018 21:25:35 DEBUG    Produced [puback] event
Wed, 21 Nov 2018 21:25:35 DEBUG    Dispatching [puback] event
Wed, 21 Nov 2018 21:25:35 INFO     Performing sync publish...
Wed, 21 Nov 2018 21:25:35 DEBUG    Produced [puback] event
Wed, 21 Nov 2018 21:25:35 DEBUG    Dispatching [puback] event
Wed, 21 Nov 2018 21:25:40 INFO     Performing sync publish...
Wed, 21 Nov 2018 21:25:40 DEBUG    Produced [puback] event
Wed, 21 Nov 2018 21:25:40 DEBUG    Dispatching [puback] event
Wed, 21 Nov 2018 21:25:40 INFO     Performing sync publish...
Wed, 21 Nov 2018 21:25:40 DEBUG    Produced [puback] event
Wed, 21 Nov 2018 21:25:40 DEBUG    Dispatching [puback] event
Wed, 21 Nov 2018 21:25:40 INFO     Performing sync publish...
Wed, 21 Nov 2018 21:25:40 DEBUG    Produced [puback] event
Wed, 21 Nov 2018 21:25:40 DEBUG    Dispatching [puback] event
Wed, 21 Nov 2018 21:25:40 INFO     Performing sync publish...
Wed, 21 Nov 2018 21:25:40 DEBUG    Produced [puback] event
Wed, 21 Nov 2018 21:25:40 DEBUG    Dispatching [puback] event
Wed, 21 Nov 2018 21:25:40 INFO     Performing sync publish...
Wed, 21 Nov 2018 21:25:40 DEBUG    Produced [puback] event
Wed, 21 Nov 2018 21:25:40 DEBUG    Dispatching [puback] event
Wed, 21 Nov 2018 21:25:40 INFO     Performing sync publish...
Wed, 21 Nov 2018 21:25:40 DEBUG    Produced [puback] event
Wed, 21 Nov 2018 21:25:40 DEBUG    Dispatching [puback] event
Wed, 21 Nov 2018 21:25:40 INFO     Performing sync publish...
Wed, 21 Nov 2018 21:25:40 DEBUG    Produced [puback] event
Wed, 21 Nov 2018 21:25:40 DEBUG    Dispatching [puback] event
Wed, 21 Nov 2018 21:25:40 INFO     Performing sync publish...
Wed, 21 Nov 2018 21:25:40 DEBUG    Produced [puback] event
Wed, 21 Nov 2018 21:25:40 DEBUG    Dispatching [puback] event
Wed, 21 Nov 2018 21:25:40 INFO     Performing sync publish...
Wed, 21 Nov 2018 21:25:40 DEBUG    Produced [puback] event
Wed, 21 Nov 2018 21:25:40 DEBUG    Dispatching [puback] event
Wed, 21 Nov 2018 21:25:40 INFO     Performing sync publish...
Wed, 21 Nov 2018 21:25:40 DEBUG    Produced [puback] event
Wed, 21 Nov 2018 21:25:40 DEBUG    Dispatching [puback] event
Wed, 21 Nov 2018 21:25:45 INFO     Performing sync publish...
Wed, 21 Nov 2018 21:25:45 DEBUG    Produced [puback] event
Wed, 21 Nov 2018 21:25:45 DEBUG    Dispatching [puback] event
Wed, 21 Nov 2018 21:25:45 INFO     Performing sync publish...
Wed, 21 Nov 2018 21:25:45 DEBUG    Produced [puback] event
Wed, 21 Nov 2018 21:25:45 DEBUG    Dispatching [puback] event
Wed, 21 Nov 2018 21:25:45 INFO     Performing sync publish...
Wed, 21 Nov 2018 21:25:45 DEBUG    Produced [puback] event
Wed, 21 Nov 2018 21:25:45 DEBUG    Dispatching [puback] event
Wed, 21 Nov 2018 21:25:45 INFO     Performing sync publish...
Wed, 21 Nov 2018 21:25:45 DEBUG    Produced [puback] event
Wed, 21 Nov 2018 21:25:45 DEBUG    Dispatching [puback] event
Wed, 21 Nov 2018 21:25:45 INFO     Performing sync publish...
Wed, 21 Nov 2018 21:25:45 DEBUG    Produced [puback] event
Wed, 21 Nov 2018 21:25:45 DEBUG    Dispatching [puback] event
Wed, 21 Nov 2018 21:25:45 INFO     Performing sync publish...
Wed, 21 Nov 2018 21:25:45 DEBUG    Produced [puback] event
Wed, 21 Nov 2018 21:25:45 DEBUG    Dispatching [puback] event
Wed, 21 Nov 2018 21:25:45 INFO     Performing sync publish...
Wed, 21 Nov 2018 21:25:45 DEBUG    Produced [puback] event
Wed, 21 Nov 2018 21:25:45 DEBUG    Dispatching [puback] event
Wed, 21 Nov 2018 21:25:45 INFO     Performing sync publish...
Wed, 21 Nov 2018 21:25:45 DEBUG    Produced [puback] event
Wed, 21 Nov 2018 21:25:45 DEBUG    Dispatching [puback] event
Wed, 21 Nov 2018 21:25:45 INFO     Performing sync publish...
Wed, 21 Nov 2018 21:25:45 DEBUG    Produced [puback] event
Wed, 21 Nov 2018 21:25:45 DEBUG    Dispatching [puback] event
Wed, 21 Nov 2018 21:25:45 INFO     Performing sync publish...
Wed, 21 Nov 2018 21:25:45 DEBUG    Produced [puback] event
Wed, 21 Nov 2018 21:25:45 DEBUG    Dispatching [puback] event
Wed, 21 Nov 2018 21:25:50 INFO     Performing sync publish...
Wed, 21 Nov 2018 21:25:50 DEBUG    Produced [puback] event
Wed, 21 Nov 2018 21:25:50 DEBUG    Dispatching [puback] event
Wed, 21 Nov 2018 21:25:50 INFO     Performing sync publish...
Wed, 21 Nov 2018 21:25:50 DEBUG    Produced [puback] event
Wed, 21 Nov 2018 21:25:50 DEBUG    Dispatching [puback] event
Wed, 21 Nov 2018 21:25:50 INFO     Performing sync publish...
Wed, 21 Nov 2018 21:25:50 DEBUG    Produced [puback] event
Wed, 21 Nov 2018 21:25:50 DEBUG    Dispatching [puback] event
Wed, 21 Nov 2018 21:25:50 INFO     Performing sync publish...
Wed, 21 Nov 2018 21:25:50 DEBUG    Produced [puback] event
Wed, 21 Nov 2018 21:25:50 DEBUG    Dispatching [puback] event
Wed, 21 Nov 2018 21:25:50 INFO     Performing sync publish...
Wed, 21 Nov 2018 21:25:50 DEBUG    Produced [puback] event
Wed, 21 Nov 2018 21:25:50 DEBUG    Dispatching [puback] event
Wed, 21 Nov 2018 21:25:50 INFO     Performing sync publish...
Wed, 21 Nov 2018 21:25:50 DEBUG    Produced [puback] event
Wed, 21 Nov 2018 21:25:50 DEBUG    Dispatching [puback] event
Wed, 21 Nov 2018 21:25:50 INFO     Performing sync publish...
Wed, 21 Nov 2018 21:25:50 DEBUG    Produced [puback] event
Wed, 21 Nov 2018 21:25:50 DEBUG    Dispatching [puback] event
Wed, 21 Nov 2018 21:25:50 INFO     Performing sync publish...
Wed, 21 Nov 2018 21:25:50 DEBUG    Produced [puback] event
Wed, 21 Nov 2018 21:25:50 DEBUG    Dispatching [puback] event
Wed, 21 Nov 2018 21:25:50 INFO     Performing sync publish...
Wed, 21 Nov 2018 21:25:50 DEBUG    Produced [puback] event
Wed, 21 Nov 2018 21:25:50 DEBUG    Dispatching [puback] event
Wed, 21 Nov 2018 21:25:50 INFO     Performing sync publish...
Wed, 21 Nov 2018 21:25:50 DEBUG    Produced [puback] event
Wed, 21 Nov 2018 21:25:50 DEBUG    Dispatching [puback] event
Wed, 21 Nov 2018 21:25:55 INFO     Performing sync publish...
Wed, 21 Nov 2018 21:25:55 DEBUG    Produced [puback] event
Wed, 21 Nov 2018 21:25:55 DEBUG    Dispatching [puback] event
Wed, 21 Nov 2018 21:25:55 INFO     Performing sync publish...
Wed, 21 Nov 2018 21:25:55 DEBUG    Produced [puback] event
Wed, 21 Nov 2018 21:25:55 DEBUG    Dispatching [puback] event
Wed, 21 Nov 2018 21:25:55 INFO     Performing sync publish...
Wed, 21 Nov 2018 21:25:55 DEBUG    Produced [puback] event
Wed, 21 Nov 2018 21:25:55 DEBUG    Dispatching [puback] event
Wed, 21 Nov 2018 21:25:55 INFO     Performing sync publish...
Wed, 21 Nov 2018 21:25:55 DEBUG    Produced [puback] event
Wed, 21 Nov 2018 21:25:55 DEBUG    Dispatching [puback] event
Wed, 21 Nov 2018 21:25:56 INFO     Performing sync publish...
Wed, 21 Nov 2018 21:25:56 DEBUG    Produced [puback] event
Wed, 21 Nov 2018 21:25:56 DEBUG    Dispatching [puback] event
Wed, 21 Nov 2018 21:25:56 INFO     Performing sync publish...
Wed, 21 Nov 2018 21:25:56 DEBUG    Produced [puback] event
Wed, 21 Nov 2018 21:25:56 DEBUG    Dispatching [puback] event
Wed, 21 Nov 2018 21:25:56 INFO     Performing sync publish...
Wed, 21 Nov 2018 21:25:56 DEBUG    Produced [puback] event
Wed, 21 Nov 2018 21:25:56 DEBUG    Dispatching [puback] event
Wed, 21 Nov 2018 21:25:56 INFO     Performing sync publish...
Wed, 21 Nov 2018 21:25:56 DEBUG    Produced [puback] event
Wed, 21 Nov 2018 21:25:56 DEBUG    Dispatching [puback] event
Wed, 21 Nov 2018 21:25:56 INFO     Performing sync publish...
Wed, 21 Nov 2018 21:25:56 DEBUG    Produced [puback] event
Wed, 21 Nov 2018 21:25:56 DEBUG    Dispatching [puback] event
Wed, 21 Nov 2018 21:25:56 INFO     Performing sync publish...
Wed, 21 Nov 2018 21:25:56 DEBUG    Dispatching [puback] event
Wed, 21 Nov 2018 21:25:56 DEBUG    Produced [puback] event
Wed, 21 Nov 2018 21:26:01 INFO     Performing sync publish...
Wed, 21 Nov 2018 21:26:01 DEBUG    Produced [puback] event
Wed, 21 Nov 2018 21:26:01 DEBUG    Dispatching [puback] event
Wed, 21 Nov 2018 21:26:01 INFO     Performing sync publish...
Wed, 21 Nov 2018 21:26:01 DEBUG    Produced [puback] event
Wed, 21 Nov 2018 21:26:01 DEBUG    Dispatching [puback] event
Wed, 21 Nov 2018 21:26:01 INFO     Performing sync publish...
Wed, 21 Nov 2018 21:26:01 DEBUG    Produced [puback] event
Wed, 21 Nov 2018 21:26:01 DEBUG    Dispatching [puback] event
Wed, 21 Nov 2018 21:26:01 INFO     Performing sync publish...
Wed, 21 Nov 2018 21:26:01 DEBUG    Produced [puback] event
Wed, 21 Nov 2018 21:26:01 DEBUG    Dispatching [puback] event
Wed, 21 Nov 2018 21:26:01 INFO     Performing sync publish...
Wed, 21 Nov 2018 21:26:01 DEBUG    Produced [puback] event
Wed, 21 Nov 2018 21:26:01 DEBUG    Dispatching [puback] event
Wed, 21 Nov 2018 21:26:01 INFO     Performing sync publish...
Wed, 21 Nov 2018 21:26:01 DEBUG    Produced [puback] event
Wed, 21 Nov 2018 21:26:01 DEBUG    Dispatching [puback] event
Wed, 21 Nov 2018 21:26:01 INFO     Performing sync publish...
Wed, 21 Nov 2018 21:26:01 DEBUG    Produced [puback] event
Wed, 21 Nov 2018 21:26:01 DEBUG    Dispatching [puback] event
Wed, 21 Nov 2018 21:26:01 INFO     Performing sync publish...
Wed, 21 Nov 2018 21:26:01 DEBUG    Produced [puback] event
Wed, 21 Nov 2018 21:26:01 DEBUG    Dispatching [puback] event
Wed, 21 Nov 2018 21:26:01 INFO     Performing sync publish...
Wed, 21 Nov 2018 21:26:01 DEBUG    Produced [puback] event
Wed, 21 Nov 2018 21:26:01 DEBUG    Dispatching [puback] event
Wed, 21 Nov 2018 21:26:01 INFO     Performing sync publish...
Wed, 21 Nov 2018 21:26:01 DEBUG    Produced [puback] event
Wed, 21 Nov 2018 21:26:01 DEBUG    Dispatching [puback] event
Wed, 21 Nov 2018 21:26:06 INFO     Performing sync publish...
Wed, 21 Nov 2018 21:26:06 DEBUG    Produced [puback] event
Wed, 21 Nov 2018 21:26:06 DEBUG    Dispatching [puback] event
Wed, 21 Nov 2018 21:26:06 INFO     Performing sync publish...
Wed, 21 Nov 2018 21:26:06 DEBUG    Produced [puback] event
Wed, 21 Nov 2018 21:26:06 DEBUG    Dispatching [puback] event
Wed, 21 Nov 2018 21:26:06 INFO     Performing sync publish...
Wed, 21 Nov 2018 21:26:06 DEBUG    Produced [puback] event
Wed, 21 Nov 2018 21:26:06 DEBUG    Dispatching [puback] event
Wed, 21 Nov 2018 21:26:06 INFO     Performing sync publish...
Wed, 21 Nov 2018 21:26:06 DEBUG    Produced [puback] event
Wed, 21 Nov 2018 21:26:06 DEBUG    Dispatching [puback] event
Wed, 21 Nov 2018 21:26:06 INFO     Performing sync publish...
Wed, 21 Nov 2018 21:26:06 DEBUG    Produced [puback] event
Wed, 21 Nov 2018 21:26:06 DEBUG    Dispatching [puback] event
Wed, 21 Nov 2018 21:26:06 INFO     Performing sync publish...
Wed, 21 Nov 2018 21:26:06 DEBUG    Produced [puback] event
Wed, 21 Nov 2018 21:26:06 DEBUG    Dispatching [puback] event
Wed, 21 Nov 2018 21:26:06 INFO     Performing sync publish...
Wed, 21 Nov 2018 21:26:06 DEBUG    Produced [puback] event
Wed, 21 Nov 2018 21:26:06 DEBUG    Dispatching [puback] event
Wed, 21 Nov 2018 21:26:06 INFO     Performing sync publish...
Wed, 21 Nov 2018 21:26:06 DEBUG    Produced [puback] event
Wed, 21 Nov 2018 21:26:06 DEBUG    Dispatching [puback] event
Wed, 21 Nov 2018 21:26:06 INFO     Performing sync publish...
Wed, 21 Nov 2018 21:26:06 DEBUG    Produced [puback] event
Wed, 21 Nov 2018 21:26:06 DEBUG    Dispatching [puback] event
Wed, 21 Nov 2018 21:26:06 INFO     Performing sync publish...
Wed, 21 Nov 2018 21:26:06 DEBUG    Produced [puback] event
Wed, 21 Nov 2018 21:26:06 DEBUG    Dispatching [puback] event
Wed, 21 Nov 2018 21:26:11 INFO     Performing sync publish...
Wed, 21 Nov 2018 21:26:11 DEBUG    Produced [puback] event
Wed, 21 Nov 2018 21:26:11 DEBUG    Dispatching [puback] event
Wed, 21 Nov 2018 21:26:11 INFO     Performing sync publish...
Wed, 21 Nov 2018 21:26:11 DEBUG    Produced [puback] event
Wed, 21 Nov 2018 21:26:11 DEBUG    Dispatching [puback] event
Wed, 21 Nov 2018 21:26:11 INFO     Performing sync publish...
Wed, 21 Nov 2018 21:26:11 DEBUG    Produced [puback] event
Wed, 21 Nov 2018 21:26:11 DEBUG    Dispatching [puback] event
Wed, 21 Nov 2018 21:26:11 INFO     Performing sync publish...
Wed, 21 Nov 2018 21:26:11 DEBUG    Produced [puback] event
Wed, 21 Nov 2018 21:26:11 DEBUG    Dispatching [puback] event
Wed, 21 Nov 2018 21:26:11 INFO     Performing sync publish...
Wed, 21 Nov 2018 21:26:11 DEBUG    Produced [puback] event
Wed, 21 Nov 2018 21:26:11 DEBUG    Dispatching [puback] event
Wed, 21 Nov 2018 21:26:11 INFO     Performing sync publish...
Wed, 21 Nov 2018 21:26:11 DEBUG    Produced [puback] event
Wed, 21 Nov 2018 21:26:11 DEBUG    Dispatching [puback] event
Wed, 21 Nov 2018 21:26:11 INFO     Performing sync publish...
Wed, 21 Nov 2018 21:26:11 DEBUG    Produced [puback] event
Wed, 21 Nov 2018 21:26:11 DEBUG    Dispatching [puback] event
Wed, 21 Nov 2018 21:26:11 INFO     Performing sync publish...
Wed, 21 Nov 2018 21:26:11 DEBUG    Produced [puback] event
Wed, 21 Nov 2018 21:26:11 DEBUG    Dispatching [puback] event
Wed, 21 Nov 2018 21:26:11 INFO     Performing sync publish...
Wed, 21 Nov 2018 21:26:11 DEBUG    Produced [puback] event
Wed, 21 Nov 2018 21:26:11 DEBUG    Dispatching [puback] event
Wed, 21 Nov 2018 21:26:11 INFO     Performing sync publish...
Wed, 21 Nov 2018 21:26:11 DEBUG    Produced [puback] event
Wed, 21 Nov 2018 21:26:11 DEBUG    Dispatching [puback] event
Wed, 21 Nov 2018 21:26:16 INFO     Performing sync publish...
Wed, 21 Nov 2018 21:26:16 DEBUG    Produced [puback] event
Wed, 21 Nov 2018 21:26:16 DEBUG    Dispatching [puback] event
Wed, 21 Nov 2018 21:26:16 INFO     Performing sync publish...
Wed, 21 Nov 2018 21:26:16 DEBUG    Produced [puback] event
Wed, 21 Nov 2018 21:26:16 DEBUG    Dispatching [puback] event
Wed, 21 Nov 2018 21:26:16 INFO     Performing sync publish...
Wed, 21 Nov 2018 21:26:16 DEBUG    Produced [puback] event
Wed, 21 Nov 2018 21:26:16 DEBUG    Dispatching [puback] event
Wed, 21 Nov 2018 21:26:16 INFO     Performing sync publish...
Wed, 21 Nov 2018 21:26:16 DEBUG    Produced [puback] event
Wed, 21 Nov 2018 21:26:16 DEBUG    Dispatching [puback] event
Wed, 21 Nov 2018 21:26:16 INFO     Performing sync publish...
Wed, 21 Nov 2018 21:26:16 DEBUG    Produced [puback] event
Wed, 21 Nov 2018 21:26:16 DEBUG    Dispatching [puback] event
Wed, 21 Nov 2018 21:26:16 INFO     Performing sync publish...
Wed, 21 Nov 2018 21:26:16 DEBUG    Produced [puback] event
Wed, 21 Nov 2018 21:26:16 DEBUG    Dispatching [puback] event
Wed, 21 Nov 2018 21:26:16 INFO     Performing sync publish...
Wed, 21 Nov 2018 21:26:16 DEBUG    Produced [puback] event
Wed, 21 Nov 2018 21:26:16 DEBUG    Dispatching [puback] event
Wed, 21 Nov 2018 21:26:16 INFO     Performing sync publish...
Wed, 21 Nov 2018 21:26:16 DEBUG    Produced [puback] event
Wed, 21 Nov 2018 21:26:16 DEBUG    Dispatching [puback] event
Wed, 21 Nov 2018 21:26:16 INFO     Performing sync publish...
Wed, 21 Nov 2018 21:26:16 DEBUG    Produced [puback] event
Wed, 21 Nov 2018 21:26:16 DEBUG    Dispatching [puback] event
Wed, 21 Nov 2018 21:26:16 INFO     Performing sync publish...
Wed, 21 Nov 2018 21:26:16 DEBUG    Produced [puback] event
Wed, 21 Nov 2018 21:26:16 DEBUG    Dispatching [puback] event
Wed, 21 Nov 2018 21:26:21 INFO     Performing sync publish...
Wed, 21 Nov 2018 21:26:21 DEBUG    Produced [puback] event
Wed, 21 Nov 2018 21:26:21 DEBUG    Dispatching [puback] event
Wed, 21 Nov 2018 21:26:21 INFO     Performing sync publish...
Wed, 21 Nov 2018 21:26:21 DEBUG    Produced [puback] event
Wed, 21 Nov 2018 21:26:21 DEBUG    Dispatching [puback] event
Wed, 21 Nov 2018 21:26:21 INFO     Performing sync publish...
Wed, 21 Nov 2018 21:26:21 DEBUG    Produced [puback] event
Wed, 21 Nov 2018 21:26:21 DEBUG    Dispatching [puback] event
Wed, 21 Nov 2018 21:26:21 INFO     Performing sync publish...
Wed, 21 Nov 2018 21:26:21 DEBUG    Produced [puback] event
Wed, 21 Nov 2018 21:26:21 DEBUG    Dispatching [puback] event
Wed, 21 Nov 2018 21:26:21 INFO     Performing sync publish...
Wed, 21 Nov 2018 21:26:21 DEBUG    Produced [puback] event
Wed, 21 Nov 2018 21:26:21 DEBUG    Dispatching [puback] event
Wed, 21 Nov 2018 21:26:21 INFO     Performing sync publish...
Wed, 21 Nov 2018 21:26:21 DEBUG    Produced [puback] event
Wed, 21 Nov 2018 21:26:21 DEBUG    Dispatching [puback] event
Wed, 21 Nov 2018 21:26:21 INFO     Performing sync publish...
Wed, 21 Nov 2018 21:26:21 DEBUG    Produced [puback] event
Wed, 21 Nov 2018 21:26:21 DEBUG    Dispatching [puback] event
Wed, 21 Nov 2018 21:26:21 INFO     Performing sync publish...
Wed, 21 Nov 2018 21:26:21 DEBUG    Produced [puback] event
Wed, 21 Nov 2018 21:26:21 DEBUG    Dispatching [puback] event
Wed, 21 Nov 2018 21:26:21 INFO     Performing sync publish...
Wed, 21 Nov 2018 21:26:21 DEBUG    Produced [puback] event
Wed, 21 Nov 2018 21:26:21 DEBUG    Dispatching [puback] event
Wed, 21 Nov 2018 21:26:21 INFO     Performing sync publish...
Wed, 21 Nov 2018 21:26:21 DEBUG    Produced [puback] event
Wed, 21 Nov 2018 21:26:21 DEBUG    Dispatching [puback] event
Wed, 21 Nov 2018 21:26:26 INFO     Performing sync publish...
Wed, 21 Nov 2018 21:26:26 DEBUG    Produced [puback] event
Wed, 21 Nov 2018 21:26:26 DEBUG    Dispatching [puback] event
Wed, 21 Nov 2018 21:26:26 INFO     Performing sync publish...
Wed, 21 Nov 2018 21:26:26 DEBUG    Produced [puback] event
Wed, 21 Nov 2018 21:26:26 DEBUG    Dispatching [puback] event
Wed, 21 Nov 2018 21:26:26 INFO     Performing sync publish...
Wed, 21 Nov 2018 21:26:26 DEBUG    Produced [puback] event
Wed, 21 Nov 2018 21:26:26 DEBUG    Dispatching [puback] event
Wed, 21 Nov 2018 21:26:26 INFO     Performing sync publish...
Wed, 21 Nov 2018 21:26:26 DEBUG    Produced [puback] event
Wed, 21 Nov 2018 21:26:26 DEBUG    Dispatching [puback] event
Wed, 21 Nov 2018 21:26:26 INFO     Performing sync publish...
Wed, 21 Nov 2018 21:26:26 DEBUG    Produced [puback] event
Wed, 21 Nov 2018 21:26:26 DEBUG    Dispatching [puback] event
Wed, 21 Nov 2018 21:26:26 INFO     Performing sync publish...
Wed, 21 Nov 2018 21:26:26 DEBUG    Produced [puback] event
Wed, 21 Nov 2018 21:26:26 DEBUG    Dispatching [puback] event
Wed, 21 Nov 2018 21:26:26 INFO     Performing sync publish...
Wed, 21 Nov 2018 21:26:26 DEBUG    Produced [puback] event
Wed, 21 Nov 2018 21:26:26 DEBUG    Dispatching [puback] event
Wed, 21 Nov 2018 21:26:26 INFO     Performing sync publish...
Wed, 21 Nov 2018 21:26:26 DEBUG    Produced [puback] event
Wed, 21 Nov 2018 21:26:26 DEBUG    Dispatching [puback] event
Wed, 21 Nov 2018 21:26:26 INFO     Performing sync publish...
Wed, 21 Nov 2018 21:26:26 DEBUG    Produced [puback] event
Wed, 21 Nov 2018 21:26:26 DEBUG    Dispatching [puback] event
Wed, 21 Nov 2018 21:26:26 INFO     Performing sync publish...
Wed, 21 Nov 2018 21:26:26 DEBUG    Produced [puback] event
Wed, 21 Nov 2018 21:26:26 DEBUG    Dispatching [puback] event
Wed, 21 Nov 2018 21:26:31 INFO     Performing sync publish...
Wed, 21 Nov 2018 21:26:31 DEBUG    Produced [puback] event
Wed, 21 Nov 2018 21:26:31 DEBUG    Dispatching [puback] event
Wed, 21 Nov 2018 21:26:31 INFO     Performing sync publish...
Wed, 21 Nov 2018 21:26:31 DEBUG    Produced [puback] event
Wed, 21 Nov 2018 21:26:31 DEBUG    Dispatching [puback] event
Wed, 21 Nov 2018 21:26:31 INFO     Performing sync publish...
Wed, 21 Nov 2018 21:26:31 DEBUG    Produced [puback] event
Wed, 21 Nov 2018 21:26:31 DEBUG    Dispatching [puback] event
Wed, 21 Nov 2018 21:26:31 INFO     Performing sync publish...
Wed, 21 Nov 2018 21:26:31 DEBUG    Produced [puback] event
Wed, 21 Nov 2018 21:26:31 DEBUG    Dispatching [puback] event
Wed, 21 Nov 2018 21:26:31 INFO     Performing sync publish...
Wed, 21 Nov 2018 21:26:31 DEBUG    Produced [puback] event
Wed, 21 Nov 2018 21:26:31 DEBUG    Dispatching [puback] event
Wed, 21 Nov 2018 21:26:31 INFO     Performing sync publish...
Wed, 21 Nov 2018 21:26:31 DEBUG    Produced [puback] event
Wed, 21 Nov 2018 21:26:31 DEBUG    Dispatching [puback] event
Wed, 21 Nov 2018 21:26:31 INFO     Performing sync publish...
Wed, 21 Nov 2018 21:26:31 DEBUG    Produced [puback] event
Wed, 21 Nov 2018 21:26:31 DEBUG    Dispatching [puback] event
Wed, 21 Nov 2018 21:26:31 INFO     Performing sync publish...
Wed, 21 Nov 2018 21:26:31 DEBUG    Produced [puback] event
Wed, 21 Nov 2018 21:26:31 DEBUG    Dispatching [puback] event
Wed, 21 Nov 2018 21:26:31 INFO     Performing sync publish...
Wed, 21 Nov 2018 21:26:31 DEBUG    Produced [puback] event
Wed, 21 Nov 2018 21:26:31 DEBUG    Dispatching [puback] event
Wed, 21 Nov 2018 21:26:31 INFO     Performing sync publish...
Wed, 21 Nov 2018 21:26:31 DEBUG    Produced [puback] event
Wed, 21 Nov 2018 21:26:31 DEBUG    Dispatching [puback] event
Wed, 21 Nov 2018 21:26:36 INFO     Performing sync publish...
Wed, 21 Nov 2018 21:26:36 DEBUG    Produced [puback] event
Wed, 21 Nov 2018 21:26:36 DEBUG    Dispatching [puback] event
Wed, 21 Nov 2018 21:26:36 INFO     Performing sync publish...
Wed, 21 Nov 2018 21:26:36 DEBUG    Produced [puback] event
Wed, 21 Nov 2018 21:26:36 DEBUG    Dispatching [puback] event
Wed, 21 Nov 2018 21:26:36 INFO     Performing sync publish...
Wed, 21 Nov 2018 21:26:36 DEBUG    Produced [puback] event
Wed, 21 Nov 2018 21:26:36 DEBUG    Dispatching [puback] event
Wed, 21 Nov 2018 21:26:36 INFO     Performing sync publish...
Wed, 21 Nov 2018 21:26:36 DEBUG    Produced [puback] event
Wed, 21 Nov 2018 21:26:36 DEBUG    Dispatching [puback] event
Wed, 21 Nov 2018 21:26:36 INFO     Performing sync publish...
Wed, 21 Nov 2018 21:26:36 DEBUG    Produced [puback] event
Wed, 21 Nov 2018 21:26:36 DEBUG    Dispatching [puback] event
Wed, 21 Nov 2018 21:26:36 INFO     Performing sync publish...
Wed, 21 Nov 2018 21:26:36 DEBUG    Produced [puback] event
Wed, 21 Nov 2018 21:26:36 DEBUG    Dispatching [puback] event
Wed, 21 Nov 2018 21:26:36 INFO     Performing sync publish...
Wed, 21 Nov 2018 21:26:36 DEBUG    Produced [puback] event
Wed, 21 Nov 2018 21:26:36 DEBUG    Dispatching [puback] event
Wed, 21 Nov 2018 21:26:36 INFO     Performing sync publish...
Wed, 21 Nov 2018 21:26:36 DEBUG    Produced [puback] event
Wed, 21 Nov 2018 21:26:36 DEBUG    Dispatching [puback] event
Wed, 21 Nov 2018 21:26:36 INFO     Performing sync publish...
Wed, 21 Nov 2018 21:26:36 DEBUG    Produced [puback] event
Wed, 21 Nov 2018 21:26:36 DEBUG    Dispatching [puback] event
Wed, 21 Nov 2018 21:26:36 INFO     Performing sync publish...
Wed, 21 Nov 2018 21:26:36 DEBUG    Produced [puback] event
Wed, 21 Nov 2018 21:26:36 DEBUG    Dispatching [puback] event
Wed, 21 Nov 2018 21:26:41 INFO     Performing sync publish...
Wed, 21 Nov 2018 21:26:41 DEBUG    Produced [puback] event
Wed, 21 Nov 2018 21:26:41 DEBUG    Dispatching [puback] event
Wed, 21 Nov 2018 21:26:41 INFO     Performing sync publish...
Wed, 21 Nov 2018 21:26:41 DEBUG    Produced [puback] event
Wed, 21 Nov 2018 21:26:41 DEBUG    Dispatching [puback] event
Wed, 21 Nov 2018 21:26:41 INFO     Performing sync publish...
Wed, 21 Nov 2018 21:26:41 DEBUG    Produced [puback] event
Wed, 21 Nov 2018 21:26:41 DEBUG    Dispatching [puback] event
Wed, 21 Nov 2018 21:26:41 INFO     Performing sync publish...
Wed, 21 Nov 2018 21:26:41 DEBUG    Produced [puback] event
Wed, 21 Nov 2018 21:26:41 DEBUG    Dispatching [puback] event
Wed, 21 Nov 2018 21:26:41 INFO     Performing sync publish...
Wed, 21 Nov 2018 21:26:41 DEBUG    Produced [puback] event
Wed, 21 Nov 2018 21:26:41 DEBUG    Dispatching [puback] event
Wed, 21 Nov 2018 21:26:41 INFO     Performing sync publish...
Wed, 21 Nov 2018 21:26:41 DEBUG    Produced [puback] event
Wed, 21 Nov 2018 21:26:41 DEBUG    Dispatching [puback] event
Wed, 21 Nov 2018 21:26:41 INFO     Performing sync publish...
Wed, 21 Nov 2018 21:26:41 DEBUG    Produced [puback] event
Wed, 21 Nov 2018 21:26:41 DEBUG    Dispatching [puback] event
Wed, 21 Nov 2018 21:26:41 INFO     Performing sync publish...
Wed, 21 Nov 2018 21:26:41 DEBUG    Produced [puback] event
Wed, 21 Nov 2018 21:26:41 DEBUG    Dispatching [puback] event
Wed, 21 Nov 2018 21:26:41 INFO     Performing sync publish...
Wed, 21 Nov 2018 21:26:41 DEBUG    Produced [puback] event
Wed, 21 Nov 2018 21:26:41 DEBUG    Dispatching [puback] event
Wed, 21 Nov 2018 21:26:41 INFO     Performing sync publish...
Wed, 21 Nov 2018 21:26:41 DEBUG    Produced [puback] event
Wed, 21 Nov 2018 21:26:41 DEBUG    Dispatching [puback] event
Wed, 21 Nov 2018 21:26:46 INFO     Performing sync publish...
Wed, 21 Nov 2018 21:26:46 DEBUG    Produced [puback] event
Wed, 21 Nov 2018 21:26:46 DEBUG    Dispatching [puback] event
Wed, 21 Nov 2018 21:26:46 INFO     Performing sync publish...
Wed, 21 Nov 2018 21:26:46 DEBUG    Produced [puback] event
Wed, 21 Nov 2018 21:26:46 DEBUG    Dispatching [puback] event
Wed, 21 Nov 2018 21:26:46 INFO     Performing sync publish...
Wed, 21 Nov 2018 21:26:46 DEBUG    Produced [puback] event
Wed, 21 Nov 2018 21:26:46 DEBUG    Dispatching [puback] event
Wed, 21 Nov 2018 21:26:46 INFO     Performing sync publish...
Wed, 21 Nov 2018 21:26:46 DEBUG    Produced [puback] event
Wed, 21 Nov 2018 21:26:46 DEBUG    Dispatching [puback] event
Wed, 21 Nov 2018 21:26:46 INFO     Performing sync publish...
Wed, 21 Nov 2018 21:26:46 DEBUG    Produced [puback] event
Wed, 21 Nov 2018 21:26:46 DEBUG    Dispatching [puback] event
Wed, 21 Nov 2018 21:26:46 INFO     Performing sync publish...
Wed, 21 Nov 2018 21:26:47 DEBUG    Dispatching [puback] event
Wed, 21 Nov 2018 21:26:46 DEBUG    Produced [puback] event
Wed, 21 Nov 2018 21:26:47 INFO     Performing sync publish...
Wed, 21 Nov 2018 21:26:47 DEBUG    Produced [puback] event
Wed, 21 Nov 2018 21:26:47 DEBUG    Dispatching [puback] event
Wed, 21 Nov 2018 21:26:47 INFO     Performing sync publish...
Wed, 21 Nov 2018 21:26:47 DEBUG    Produced [puback] event
Wed, 21 Nov 2018 21:26:47 DEBUG    Dispatching [puback] event
Wed, 21 Nov 2018 21:26:47 INFO     Performing sync publish...
Wed, 21 Nov 2018 21:26:47 DEBUG    Produced [puback] event
Wed, 21 Nov 2018 21:26:47 DEBUG    Dispatching [puback] event
Wed, 21 Nov 2018 21:26:47 INFO     Performing sync publish...
Wed, 21 Nov 2018 21:26:47 DEBUG    Produced [puback] event
Wed, 21 Nov 2018 21:26:47 DEBUG    Dispatching [puback] event
Wed, 21 Nov 2018 21:26:52 INFO     Performing sync publish...
Wed, 21 Nov 2018 21:26:52 DEBUG    Produced [puback] event
Wed, 21 Nov 2018 21:26:52 DEBUG    Dispatching [puback] event
Wed, 21 Nov 2018 21:26:52 INFO     Performing sync publish...
Wed, 21 Nov 2018 21:26:52 DEBUG    Produced [puback] event
Wed, 21 Nov 2018 21:26:52 DEBUG    Dispatching [puback] event
Wed, 21 Nov 2018 21:26:52 INFO     Performing sync publish...
Wed, 21 Nov 2018 21:26:52 DEBUG    Produced [puback] event
Wed, 21 Nov 2018 21:26:52 DEBUG    Dispatching [puback] event
Wed, 21 Nov 2018 21:26:52 INFO     Performing sync publish...
Wed, 21 Nov 2018 21:26:52 DEBUG    Produced [puback] event
Wed, 21 Nov 2018 21:26:52 DEBUG    Dispatching [puback] event
Wed, 21 Nov 2018 21:26:52 INFO     Performing sync publish...
Wed, 21 Nov 2018 21:26:52 DEBUG    Produced [puback] event
Wed, 21 Nov 2018 21:26:52 DEBUG    Dispatching [puback] event
Wed, 21 Nov 2018 21:26:52 INFO     Performing sync publish...
Wed, 21 Nov 2018 21:26:52 DEBUG    Produced [puback] event
Wed, 21 Nov 2018 21:26:52 DEBUG    Dispatching [puback] event
Wed, 21 Nov 2018 21:26:52 INFO     Performing sync publish...
Wed, 21 Nov 2018 21:26:52 DEBUG    Produced [puback] event
Wed, 21 Nov 2018 21:26:52 DEBUG    Dispatching [puback] event
Wed, 21 Nov 2018 21:26:52 INFO     Performing sync publish...
Wed, 21 Nov 2018 21:26:52 DEBUG    Produced [puback] event
Wed, 21 Nov 2018 21:26:52 DEBUG    Dispatching [puback] event
Wed, 21 Nov 2018 21:26:52 INFO     Performing sync publish...
Wed, 21 Nov 2018 21:26:52 DEBUG    Produced [puback] event
Wed, 21 Nov 2018 21:26:52 DEBUG    Dispatching [puback] event
Wed, 21 Nov 2018 21:26:52 INFO     Performing sync publish...
Wed, 21 Nov 2018 21:26:52 DEBUG    Produced [puback] event
Wed, 21 Nov 2018 21:26:52 DEBUG    Dispatching [puback] event
Wed, 21 Nov 2018 21:26:57 INFO     Performing sync publish...
Wed, 21 Nov 2018 21:26:57 DEBUG    Produced [puback] event
Wed, 21 Nov 2018 21:26:57 DEBUG    Dispatching [puback] event
Wed, 21 Nov 2018 21:26:57 INFO     Performing sync publish...
Wed, 21 Nov 2018 21:26:57 DEBUG    Produced [puback] event
Wed, 21 Nov 2018 21:26:57 DEBUG    Dispatching [puback] event
Wed, 21 Nov 2018 21:26:57 INFO     Performing sync publish...
Wed, 21 Nov 2018 21:26:57 DEBUG    Produced [puback] event
Wed, 21 Nov 2018 21:26:57 DEBUG    Dispatching [puback] event
Wed, 21 Nov 2018 21:26:57 INFO     Performing sync publish...
Wed, 21 Nov 2018 21:26:57 DEBUG    Dispatching [puback] event
Wed, 21 Nov 2018 21:26:57 DEBUG    Produced [puback] event
Wed, 21 Nov 2018 21:26:57 INFO     Performing sync publish...
Wed, 21 Nov 2018 21:26:57 DEBUG    Produced [puback] event
Wed, 21 Nov 2018 21:26:57 DEBUG    Dispatching [puback] event
Wed, 21 Nov 2018 21:26:57 INFO     Performing sync publish...
Wed, 21 Nov 2018 21:26:57 DEBUG    Produced [puback] event
Wed, 21 Nov 2018 21:26:57 DEBUG    Dispatching [puback] event
Wed, 21 Nov 2018 21:26:57 INFO     Performing sync publish...
Wed, 21 Nov 2018 21:26:57 DEBUG    Produced [puback] event
Wed, 21 Nov 2018 21:26:57 DEBUG    Dispatching [puback] event
Wed, 21 Nov 2018 21:26:57 INFO     Performing sync publish...
Wed, 21 Nov 2018 21:26:57 DEBUG    Produced [puback] event
Wed, 21 Nov 2018 21:26:57 DEBUG    Dispatching [puback] event
Wed, 21 Nov 2018 21:26:57 INFO     Performing sync publish...
Wed, 21 Nov 2018 21:26:57 DEBUG    Produced [puback] event
Wed, 21 Nov 2018 21:26:57 DEBUG    Dispatching [puback] event
Wed, 21 Nov 2018 21:26:57 INFO     Performing sync publish...
Wed, 21 Nov 2018 21:26:57 DEBUG    Produced [puback] event
Wed, 21 Nov 2018 21:26:57 DEBUG    Dispatching [puback] event
Wed, 21 Nov 2018 21:27:02 INFO     Performing sync publish...
Wed, 21 Nov 2018 21:27:02 DEBUG    Produced [puback] event
Wed, 21 Nov 2018 21:27:02 DEBUG    Dispatching [puback] event
Wed, 21 Nov 2018 21:27:02 INFO     Performing sync publish...
Wed, 21 Nov 2018 21:27:02 DEBUG    Produced [puback] event
Wed, 21 Nov 2018 21:27:02 DEBUG    Dispatching [puback] event
Wed, 21 Nov 2018 21:27:02 INFO     Performing sync publish...
Wed, 21 Nov 2018 21:27:02 DEBUG    Produced [puback] event
Wed, 21 Nov 2018 21:27:02 DEBUG    Dispatching [puback] event
Wed, 21 Nov 2018 21:27:02 INFO     Performing sync publish...
Wed, 21 Nov 2018 21:27:02 DEBUG    Produced [puback] event
Wed, 21 Nov 2018 21:27:02 DEBUG    Dispatching [puback] event
Wed, 21 Nov 2018 21:27:02 INFO     Performing sync publish...
Wed, 21 Nov 2018 21:27:02 DEBUG    Produced [puback] event
Wed, 21 Nov 2018 21:27:02 DEBUG    Dispatching [puback] event
Wed, 21 Nov 2018 21:27:02 INFO     Performing sync publish...
Wed, 21 Nov 2018 21:27:02 DEBUG    Produced [puback] event
Wed, 21 Nov 2018 21:27:02 DEBUG    Dispatching [puback] event
Wed, 21 Nov 2018 21:27:02 INFO     Performing sync publish...
Wed, 21 Nov 2018 21:27:02 DEBUG    Produced [puback] event
Wed, 21 Nov 2018 21:27:02 DEBUG    Dispatching [puback] event
Wed, 21 Nov 2018 21:27:02 INFO     Performing sync publish...
Wed, 21 Nov 2018 21:27:02 DEBUG    Produced [puback] event
Wed, 21 Nov 2018 21:27:02 DEBUG    Dispatching [puback] event
Wed, 21 Nov 2018 21:27:02 INFO     Performing sync publish...
Wed, 21 Nov 2018 21:27:02 DEBUG    Produced [puback] event
Wed, 21 Nov 2018 21:27:02 DEBUG    Dispatching [puback] event
Wed, 21 Nov 2018 21:27:02 INFO     Performing sync publish...
Wed, 21 Nov 2018 21:27:02 DEBUG    Produced [puback] event
Wed, 21 Nov 2018 21:27:02 DEBUG    Dispatching [puback] event
Wed, 21 Nov 2018 21:27:07 INFO     Performing sync publish...
Wed, 21 Nov 2018 21:27:07 DEBUG    Produced [puback] event
Wed, 21 Nov 2018 21:27:07 DEBUG    Dispatching [puback] event
Wed, 21 Nov 2018 21:27:07 INFO     Performing sync publish...
Wed, 21 Nov 2018 21:27:07 DEBUG    Produced [puback] event
Wed, 21 Nov 2018 21:27:07 DEBUG    Dispatching [puback] event
Wed, 21 Nov 2018 21:27:07 INFO     Performing sync publish...
Wed, 21 Nov 2018 21:27:07 DEBUG    Produced [puback] event
Wed, 21 Nov 2018 21:27:07 DEBUG    Dispatching [puback] event
Wed, 21 Nov 2018 21:27:07 INFO     Performing sync publish...
Wed, 21 Nov 2018 21:27:07 DEBUG    Produced [puback] event
Wed, 21 Nov 2018 21:27:07 DEBUG    Dispatching [puback] event
Wed, 21 Nov 2018 21:27:07 INFO     Performing sync publish...
Wed, 21 Nov 2018 21:27:07 DEBUG    Produced [puback] event
Wed, 21 Nov 2018 21:27:07 DEBUG    Dispatching [puback] event
Wed, 21 Nov 2018 21:27:07 INFO     Performing sync publish...
Wed, 21 Nov 2018 21:27:07 DEBUG    Produced [puback] event
Wed, 21 Nov 2018 21:27:07 DEBUG    Dispatching [puback] event
Wed, 21 Nov 2018 21:27:07 INFO     Performing sync publish...
Wed, 21 Nov 2018 21:27:07 DEBUG    Produced [puback] event
Wed, 21 Nov 2018 21:27:07 DEBUG    Dispatching [puback] event
Wed, 21 Nov 2018 21:27:07 INFO     Performing sync publish...
Wed, 21 Nov 2018 21:27:07 DEBUG    Produced [puback] event
Wed, 21 Nov 2018 21:27:07 DEBUG    Dispatching [puback] event
Wed, 21 Nov 2018 21:27:07 INFO     Performing sync publish...
Wed, 21 Nov 2018 21:27:07 DEBUG    Produced [puback] event
Wed, 21 Nov 2018 21:27:07 DEBUG    Dispatching [puback] event
Wed, 21 Nov 2018 21:27:07 INFO     Performing sync publish...
Wed, 21 Nov 2018 21:27:07 DEBUG    Produced [puback] event
Wed, 21 Nov 2018 21:27:07 DEBUG    Dispatching [puback] event
Wed, 21 Nov 2018 21:27:12 INFO     Performing sync publish...
Wed, 21 Nov 2018 21:27:12 DEBUG    Produced [puback] event
Wed, 21 Nov 2018 21:27:12 DEBUG    Dispatching [puback] event
Wed, 21 Nov 2018 21:27:12 INFO     Performing sync publish...
Wed, 21 Nov 2018 21:27:12 DEBUG    Produced [puback] event
Wed, 21 Nov 2018 21:27:12 DEBUG    Dispatching [puback] event
Wed, 21 Nov 2018 21:27:12 INFO     Performing sync publish...
Wed, 21 Nov 2018 21:27:12 DEBUG    Produced [puback] event
Wed, 21 Nov 2018 21:27:12 DEBUG    Dispatching [puback] event
Wed, 21 Nov 2018 21:27:12 INFO     Performing sync publish...
Wed, 21 Nov 2018 21:27:12 DEBUG    Produced [puback] event
Wed, 21 Nov 2018 21:27:12 DEBUG    Dispatching [puback] event
Wed, 21 Nov 2018 21:27:12 INFO     Performing sync publish...
Wed, 21 Nov 2018 21:27:12 DEBUG    Produced [puback] event
Wed, 21 Nov 2018 21:27:12 DEBUG    Dispatching [puback] event
Wed, 21 Nov 2018 21:27:12 INFO     Performing sync publish...
Wed, 21 Nov 2018 21:27:12 DEBUG    Produced [puback] event
Wed, 21 Nov 2018 21:27:12 DEBUG    Dispatching [puback] event
Wed, 21 Nov 2018 21:27:12 INFO     Performing sync publish...
Wed, 21 Nov 2018 21:27:12 DEBUG    Produced [puback] event
Wed, 21 Nov 2018 21:27:12 DEBUG    Dispatching [puback] event
Wed, 21 Nov 2018 21:27:12 INFO     Performing sync publish...
Wed, 21 Nov 2018 21:27:12 DEBUG    Produced [puback] event
Wed, 21 Nov 2018 21:27:12 DEBUG    Dispatching [puback] event
Wed, 21 Nov 2018 21:27:12 INFO     Performing sync publish...
Wed, 21 Nov 2018 21:27:12 DEBUG    Produced [puback] event
Wed, 21 Nov 2018 21:27:12 DEBUG    Dispatching [puback] event
Wed, 21 Nov 2018 21:27:12 INFO     Performing sync publish...
Wed, 21 Nov 2018 21:27:12 DEBUG    Produced [puback] event
Wed, 21 Nov 2018 21:27:12 DEBUG    Dispatching [puback] event
Wed, 21 Nov 2018 21:27:17 INFO     Performing sync publish...
Wed, 21 Nov 2018 21:27:17 DEBUG    Produced [puback] event
Wed, 21 Nov 2018 21:27:17 DEBUG    Dispatching [puback] event
Wed, 21 Nov 2018 21:27:17 INFO     Performing sync publish...
Wed, 21 Nov 2018 21:27:17 DEBUG    Produced [puback] event
Wed, 21 Nov 2018 21:27:17 DEBUG    Dispatching [puback] event
Wed, 21 Nov 2018 21:27:17 INFO     Performing sync publish...
Wed, 21 Nov 2018 21:27:17 DEBUG    Produced [puback] event
Wed, 21 Nov 2018 21:27:17 DEBUG    Dispatching [puback] event
Wed, 21 Nov 2018 21:27:17 INFO     Performing sync publish...
Wed, 21 Nov 2018 21:27:17 DEBUG    Produced [puback] event
Wed, 21 Nov 2018 21:27:17 DEBUG    Dispatching [puback] event
Wed, 21 Nov 2018 21:27:17 INFO     Performing sync publish...
Wed, 21 Nov 2018 21:27:17 DEBUG    Produced [puback] event
Wed, 21 Nov 2018 21:27:17 DEBUG    Dispatching [puback] event
Wed, 21 Nov 2018 21:27:17 INFO     Performing sync publish...
Wed, 21 Nov 2018 21:27:17 DEBUG    Produced [puback] event
Wed, 21 Nov 2018 21:27:17 DEBUG    Dispatching [puback] event
Wed, 21 Nov 2018 21:27:17 INFO     Performing sync publish...
Wed, 21 Nov 2018 21:27:17 DEBUG    Produced [puback] event
Wed, 21 Nov 2018 21:27:17 DEBUG    Dispatching [puback] event
Wed, 21 Nov 2018 21:27:17 INFO     Performing sync publish...
Wed, 21 Nov 2018 21:27:17 DEBUG    Produced [puback] event
Wed, 21 Nov 2018 21:27:17 DEBUG    Dispatching [puback] event
Wed, 21 Nov 2018 21:27:17 INFO     Performing sync publish...
Wed, 21 Nov 2018 21:27:17 DEBUG    Produced [puback] event
Wed, 21 Nov 2018 21:27:17 DEBUG    Dispatching [puback] event
Wed, 21 Nov 2018 21:27:17 INFO     Performing sync publish...
Wed, 21 Nov 2018 21:27:17 DEBUG    Produced [puback] event
Wed, 21 Nov 2018 21:27:17 DEBUG    Dispatching [puback] event
Wed, 21 Nov 2018 21:27:22 INFO     Performing sync publish...
Wed, 21 Nov 2018 21:27:22 DEBUG    Produced [puback] event
Wed, 21 Nov 2018 21:27:22 DEBUG    Dispatching [puback] event
Wed, 21 Nov 2018 21:27:22 INFO     Performing sync publish...
Wed, 21 Nov 2018 21:27:22 DEBUG    Produced [puback] event
Wed, 21 Nov 2018 21:27:22 DEBUG    Dispatching [puback] event
Wed, 21 Nov 2018 21:27:22 INFO     Performing sync publish...
Wed, 21 Nov 2018 21:27:22 DEBUG    Produced [puback] event
Wed, 21 Nov 2018 21:27:22 DEBUG    Dispatching [puback] event
Wed, 21 Nov 2018 21:27:22 INFO     Performing sync publish...
Wed, 21 Nov 2018 21:27:22 DEBUG    Produced [puback] event
Wed, 21 Nov 2018 21:27:22 DEBUG    Dispatching [puback] event
Wed, 21 Nov 2018 21:27:22 INFO     Performing sync publish...
Wed, 21 Nov 2018 21:27:22 DEBUG    Produced [puback] event
Wed, 21 Nov 2018 21:27:22 DEBUG    Dispatching [puback] event
Wed, 21 Nov 2018 21:27:22 INFO     Performing sync publish...
Wed, 21 Nov 2018 21:27:22 DEBUG    Produced [puback] event
Wed, 21 Nov 2018 21:27:22 DEBUG    Dispatching [puback] event
Wed, 21 Nov 2018 21:27:22 INFO     Performing sync publish...
Wed, 21 Nov 2018 21:27:22 DEBUG    Produced [puback] event
Wed, 21 Nov 2018 21:27:22 DEBUG    Dispatching [puback] event
Wed, 21 Nov 2018 21:27:22 INFO     Performing sync publish...
Wed, 21 Nov 2018 21:27:22 DEBUG    Produced [puback] event
Wed, 21 Nov 2018 21:27:22 DEBUG    Dispatching [puback] event
Wed, 21 Nov 2018 21:27:22 INFO     Performing sync publish...
Wed, 21 Nov 2018 21:27:22 DEBUG    Produced [puback] event
Wed, 21 Nov 2018 21:27:22 DEBUG    Dispatching [puback] event
Wed, 21 Nov 2018 21:27:22 INFO     Performing sync publish...
Wed, 21 Nov 2018 21:27:22 DEBUG    Produced [puback] event
Wed, 21 Nov 2018 21:27:22 DEBUG    Dispatching [puback] event
Wed, 21 Nov 2018 21:27:27 INFO     Performing sync publish...
Wed, 21 Nov 2018 21:27:27 DEBUG    Produced [puback] event
Wed, 21 Nov 2018 21:27:27 DEBUG    Dispatching [puback] event
Wed, 21 Nov 2018 21:27:27 INFO     Performing sync publish...
Wed, 21 Nov 2018 21:27:27 DEBUG    Produced [puback] event
Wed, 21 Nov 2018 21:27:27 DEBUG    Dispatching [puback] event
Wed, 21 Nov 2018 21:27:27 INFO     Performing sync publish...
Wed, 21 Nov 2018 21:27:27 DEBUG    Produced [puback] event
Wed, 21 Nov 2018 21:27:27 DEBUG    Dispatching [puback] event
Wed, 21 Nov 2018 21:27:27 INFO     Performing sync publish...
Wed, 21 Nov 2018 21:27:27 DEBUG    Produced [puback] event
Wed, 21 Nov 2018 21:27:27 DEBUG    Dispatching [puback] event
Wed, 21 Nov 2018 21:27:27 INFO     Performing sync publish...
Wed, 21 Nov 2018 21:27:27 DEBUG    Produced [puback] event
Wed, 21 Nov 2018 21:27:27 DEBUG    Dispatching [puback] event
Wed, 21 Nov 2018 21:27:27 INFO     Performing sync publish...
Wed, 21 Nov 2018 21:27:27 DEBUG    Produced [puback] event
Wed, 21 Nov 2018 21:27:27 DEBUG    Dispatching [puback] event
Wed, 21 Nov 2018 21:27:27 INFO     Performing sync publish...
Wed, 21 Nov 2018 21:27:27 DEBUG    Produced [puback] event
Wed, 21 Nov 2018 21:27:27 DEBUG    Dispatching [puback] event
Wed, 21 Nov 2018 21:27:27 INFO     Performing sync publish...
Wed, 21 Nov 2018 21:27:27 DEBUG    Produced [puback] event
Wed, 21 Nov 2018 21:27:27 DEBUG    Dispatching [puback] event
Wed, 21 Nov 2018 21:27:27 INFO     Performing sync publish...
Wed, 21 Nov 2018 21:27:27 DEBUG    Produced [puback] event
Wed, 21 Nov 2018 21:27:27 DEBUG    Dispatching [puback] event
Wed, 21 Nov 2018 21:27:27 INFO     Performing sync publish...
Wed, 21 Nov 2018 21:27:27 DEBUG    Produced [puback] event
Wed, 21 Nov 2018 21:27:27 DEBUG    Dispatching [puback] event
Wed, 21 Nov 2018 21:27:32 INFO     Performing sync publish...
Wed, 21 Nov 2018 21:27:32 DEBUG    Produced [puback] event
Wed, 21 Nov 2018 21:27:32 DEBUG    Dispatching [puback] event
Wed, 21 Nov 2018 21:27:32 INFO     Performing sync publish...
Wed, 21 Nov 2018 21:27:32 DEBUG    Produced [puback] event
Wed, 21 Nov 2018 21:27:32 DEBUG    Dispatching [puback] event
Wed, 21 Nov 2018 21:27:32 INFO     Performing sync publish...
Wed, 21 Nov 2018 21:27:32 DEBUG    Produced [puback] event
Wed, 21 Nov 2018 21:27:32 DEBUG    Dispatching [puback] event
Wed, 21 Nov 2018 21:27:32 INFO     Performing sync publish...
Wed, 21 Nov 2018 21:27:32 DEBUG    Produced [puback] event
Wed, 21 Nov 2018 21:27:32 DEBUG    Dispatching [puback] event
Wed, 21 Nov 2018 21:27:32 INFO     Performing sync publish...
Wed, 21 Nov 2018 21:27:32 DEBUG    Produced [puback] event
Wed, 21 Nov 2018 21:27:32 DEBUG    Dispatching [puback] event
Wed, 21 Nov 2018 21:27:32 INFO     Performing sync publish...
Wed, 21 Nov 2018 21:27:32 DEBUG    Produced [puback] event
Wed, 21 Nov 2018 21:27:32 DEBUG    Dispatching [puback] event
Wed, 21 Nov 2018 21:27:32 INFO     Performing sync publish...
Wed, 21 Nov 2018 21:27:32 DEBUG    Produced [puback] event
Wed, 21 Nov 2018 21:27:32 DEBUG    Dispatching [puback] event
Wed, 21 Nov 2018 21:27:32 INFO     Performing sync publish...
Wed, 21 Nov 2018 21:27:32 DEBUG    Produced [puback] event
Wed, 21 Nov 2018 21:27:32 DEBUG    Dispatching [puback] event
Wed, 21 Nov 2018 21:27:32 INFO     Performing sync publish...
Wed, 21 Nov 2018 21:27:32 DEBUG    Produced [puback] event
Wed, 21 Nov 2018 21:27:32 DEBUG    Dispatching [puback] event
Wed, 21 Nov 2018 21:27:32 INFO     Performing sync publish...
Wed, 21 Nov 2018 21:27:32 DEBUG    Produced [puback] event
Wed, 21 Nov 2018 21:27:32 DEBUG    Dispatching [puback] event
Wed, 21 Nov 2018 21:27:37 INFO     Performing sync publish...
Wed, 21 Nov 2018 21:27:37 DEBUG    Produced [puback] event
Wed, 21 Nov 2018 21:27:37 DEBUG    Dispatching [puback] event
Wed, 21 Nov 2018 21:27:37 INFO     Performing sync publish...
Wed, 21 Nov 2018 21:27:37 DEBUG    Produced [puback] event
Wed, 21 Nov 2018 21:27:37 DEBUG    Dispatching [puback] event
Wed, 21 Nov 2018 21:27:37 INFO     Performing sync publish...
Wed, 21 Nov 2018 21:27:37 DEBUG    Produced [puback] event
Wed, 21 Nov 2018 21:27:37 DEBUG    Dispatching [puback] event
Wed, 21 Nov 2018 21:27:37 INFO     Performing sync publish...
Wed, 21 Nov 2018 21:27:37 DEBUG    Produced [puback] event
Wed, 21 Nov 2018 21:27:37 DEBUG    Dispatching [puback] event
Wed, 21 Nov 2018 21:27:37 INFO     Performing sync publish...
Wed, 21 Nov 2018 21:27:37 DEBUG    Produced [puback] event
Wed, 21 Nov 2018 21:27:37 DEBUG    Dispatching [puback] event
Wed, 21 Nov 2018 21:27:37 INFO     Performing sync publish...
Wed, 21 Nov 2018 21:27:37 DEBUG    Produced [puback] event
Wed, 21 Nov 2018 21:27:37 DEBUG    Dispatching [puback] event
Wed, 21 Nov 2018 21:27:37 INFO     Performing sync publish...
Wed, 21 Nov 2018 21:27:37 DEBUG    Produced [puback] event
Wed, 21 Nov 2018 21:27:37 DEBUG    Dispatching [puback] event
Wed, 21 Nov 2018 21:27:37 INFO     Performing sync publish...
Wed, 21 Nov 2018 21:27:37 DEBUG    Produced [puback] event
Wed, 21 Nov 2018 21:27:37 DEBUG    Dispatching [puback] event
Wed, 21 Nov 2018 21:27:38 INFO     Performing sync publish...
Wed, 21 Nov 2018 21:27:38 DEBUG    Produced [puback] event
Wed, 21 Nov 2018 21:27:38 DEBUG    Dispatching [puback] event
Wed, 21 Nov 2018 21:27:38 INFO     Performing sync publish...
Wed, 21 Nov 2018 21:27:38 DEBUG    Produced [puback] event
Wed, 21 Nov 2018 21:27:38 DEBUG    Dispatching [puback] event
Wed, 21 Nov 2018 21:27:43 INFO     Performing sync publish...
Wed, 21 Nov 2018 21:27:43 DEBUG    Produced [puback] event
Wed, 21 Nov 2018 21:27:43 DEBUG    Dispatching [puback] event
Wed, 21 Nov 2018 21:27:43 INFO     Performing sync publish...
Wed, 21 Nov 2018 21:27:43 DEBUG    Produced [puback] event
Wed, 21 Nov 2018 21:27:43 DEBUG    Dispatching [puback] event
Wed, 21 Nov 2018 21:27:43 INFO     Performing sync publish...
Wed, 21 Nov 2018 21:27:43 DEBUG    Produced [puback] event
Wed, 21 Nov 2018 21:27:43 DEBUG    Dispatching [puback] event
Wed, 21 Nov 2018 21:27:43 INFO     Performing sync publish...
Wed, 21 Nov 2018 21:27:43 DEBUG    Produced [puback] event
Wed, 21 Nov 2018 21:27:43 DEBUG    Dispatching [puback] event
Wed, 21 Nov 2018 21:27:43 INFO     Performing sync publish...
Wed, 21 Nov 2018 21:27:43 DEBUG    Produced [puback] event
Wed, 21 Nov 2018 21:27:43 DEBUG    Dispatching [puback] event
Wed, 21 Nov 2018 21:27:43 INFO     Performing sync publish...
Wed, 21 Nov 2018 21:27:43 DEBUG    Produced [puback] event
Wed, 21 Nov 2018 21:27:43 DEBUG    Dispatching [puback] event
Wed, 21 Nov 2018 21:27:43 INFO     Performing sync publish...
Wed, 21 Nov 2018 21:27:43 DEBUG    Produced [puback] event
Wed, 21 Nov 2018 21:27:43 DEBUG    Dispatching [puback] event
Wed, 21 Nov 2018 21:27:43 INFO     Performing sync publish...
Wed, 21 Nov 2018 21:27:43 DEBUG    Produced [puback] event
Wed, 21 Nov 2018 21:27:43 DEBUG    Dispatching [puback] event
Wed, 21 Nov 2018 21:27:43 INFO     Performing sync publish...
Wed, 21 Nov 2018 21:27:43 DEBUG    Produced [puback] event
Wed, 21 Nov 2018 21:27:43 DEBUG    Dispatching [puback] event
Wed, 21 Nov 2018 21:27:43 INFO     Performing sync publish...
Wed, 21 Nov 2018 21:27:43 DEBUG    Produced [puback] event
Wed, 21 Nov 2018 21:27:43 DEBUG    Dispatching [puback] event
Wed, 21 Nov 2018 21:27:48 INFO     Performing sync publish...
Wed, 21 Nov 2018 21:27:48 DEBUG    Produced [puback] event
Wed, 21 Nov 2018 21:27:48 DEBUG    Dispatching [puback] event
Wed, 21 Nov 2018 21:27:48 INFO     Performing sync publish...
Wed, 21 Nov 2018 21:27:48 DEBUG    Produced [puback] event
Wed, 21 Nov 2018 21:27:48 DEBUG    Dispatching [puback] event
Wed, 21 Nov 2018 21:27:48 INFO     Performing sync publish...
Wed, 21 Nov 2018 21:27:48 DEBUG    Produced [puback] event
Wed, 21 Nov 2018 21:27:48 DEBUG    Dispatching [puback] event
Wed, 21 Nov 2018 21:27:48 INFO     Performing sync publish...
Wed, 21 Nov 2018 21:27:48 DEBUG    Produced [puback] event
Wed, 21 Nov 2018 21:27:48 DEBUG    Dispatching [puback] event
Wed, 21 Nov 2018 21:27:48 INFO     Performing sync publish...
Wed, 21 Nov 2018 21:27:48 DEBUG    Produced [puback] event
Wed, 21 Nov 2018 21:27:48 DEBUG    Dispatching [puback] event
Wed, 21 Nov 2018 21:27:48 INFO     Performing sync publish...
Wed, 21 Nov 2018 21:27:48 DEBUG    Produced [puback] event
Wed, 21 Nov 2018 21:27:48 DEBUG    Dispatching [puback] event
Wed, 21 Nov 2018 21:27:48 INFO     Performing sync publish...
Wed, 21 Nov 2018 21:27:48 DEBUG    Produced [puback] event
Wed, 21 Nov 2018 21:27:48 DEBUG    Dispatching [puback] event
Wed, 21 Nov 2018 21:27:48 INFO     Performing sync publish...
Wed, 21 Nov 2018 21:27:48 DEBUG    Produced [puback] event
Wed, 21 Nov 2018 21:27:48 DEBUG    Dispatching [puback] event
Wed, 21 Nov 2018 21:27:48 INFO     Performing sync publish...
Wed, 21 Nov 2018 21:27:48 DEBUG    Produced [puback] event
Wed, 21 Nov 2018 21:27:48 DEBUG    Dispatching [puback] event
Wed, 21 Nov 2018 21:27:48 INFO     Performing sync publish...
Wed, 21 Nov 2018 21:27:48 DEBUG    Produced [puback] event
Wed, 21 Nov 2018 21:27:48 DEBUG    Dispatching [puback] event
Wed, 21 Nov 2018 21:27:53 INFO     Performing sync publish...
Wed, 21 Nov 2018 21:27:53 DEBUG    Produced [puback] event
Wed, 21 Nov 2018 21:27:53 DEBUG    Dispatching [puback] event
Wed, 21 Nov 2018 21:27:53 INFO     Performing sync publish...
Wed, 21 Nov 2018 21:27:53 DEBUG    Produced [puback] event
Wed, 21 Nov 2018 21:27:53 DEBUG    Dispatching [puback] event
Wed, 21 Nov 2018 21:27:53 INFO     Performing sync publish...
Wed, 21 Nov 2018 21:27:53 DEBUG    Produced [puback] event
Wed, 21 Nov 2018 21:27:53 DEBUG    Dispatching [puback] event
Wed, 21 Nov 2018 21:27:53 INFO     Performing sync publish...
Wed, 21 Nov 2018 21:27:53 DEBUG    Produced [puback] event
Wed, 21 Nov 2018 21:27:53 DEBUG    Dispatching [puback] event
Wed, 21 Nov 2018 21:27:53 INFO     Performing sync publish...
Wed, 21 Nov 2018 21:27:53 DEBUG    Produced [puback] event
Wed, 21 Nov 2018 21:27:53 DEBUG    Dispatching [puback] event
Wed, 21 Nov 2018 21:27:53 INFO     Performing sync publish...
Wed, 21 Nov 2018 21:27:53 DEBUG    Produced [puback] event
Wed, 21 Nov 2018 21:27:53 DEBUG    Dispatching [puback] event
Wed, 21 Nov 2018 21:27:53 INFO     Performing sync publish...
Wed, 21 Nov 2018 21:27:53 DEBUG    Produced [puback] event
Wed, 21 Nov 2018 21:27:53 DEBUG    Dispatching [puback] event
Wed, 21 Nov 2018 21:27:53 INFO     Performing sync publish...
Wed, 21 Nov 2018 21:27:53 DEBUG    Produced [puback] event
Wed, 21 Nov 2018 21:27:53 DEBUG    Dispatching [puback] event
Wed, 21 Nov 2018 21:27:53 INFO     Performing sync publish...
Wed, 21 Nov 2018 21:27:53 DEBUG    Produced [puback] event
Wed, 21 Nov 2018 21:27:53 DEBUG    Dispatching [puback] event
Wed, 21 Nov 2018 21:27:53 INFO     Performing sync publish...
Wed, 21 Nov 2018 21:27:53 DEBUG    Produced [puback] event
Wed, 21 Nov 2018 21:27:53 DEBUG    Dispatching [puback] event
Wed, 21 Nov 2018 21:27:58 INFO     Performing sync publish...
Wed, 21 Nov 2018 21:27:58 DEBUG    Produced [puback] event
Wed, 21 Nov 2018 21:27:58 DEBUG    Dispatching [puback] event
Wed, 21 Nov 2018 21:27:58 INFO     Performing sync publish...
Wed, 21 Nov 2018 21:27:58 DEBUG    Produced [puback] event
Wed, 21 Nov 2018 21:27:58 DEBUG    Dispatching [puback] event
Wed, 21 Nov 2018 21:27:58 INFO     Performing sync publish...
Wed, 21 Nov 2018 21:27:58 DEBUG    Produced [puback] event
Wed, 21 Nov 2018 21:27:58 DEBUG    Dispatching [puback] event
Wed, 21 Nov 2018 21:27:58 INFO     Performing sync publish...
Wed, 21 Nov 2018 21:27:58 DEBUG    Produced [puback] event
Wed, 21 Nov 2018 21:27:58 DEBUG    Dispatching [puback] event
Wed, 21 Nov 2018 21:27:58 INFO     Performing sync publish...
Wed, 21 Nov 2018 21:27:58 DEBUG    Produced [puback] event
Wed, 21 Nov 2018 21:27:58 DEBUG    Dispatching [puback] event
Wed, 21 Nov 2018 21:27:58 INFO     Performing sync publish...
Wed, 21 Nov 2018 21:27:58 DEBUG    Produced [puback] event
Wed, 21 Nov 2018 21:27:58 DEBUG    Dispatching [puback] event
Wed, 21 Nov 2018 21:27:58 INFO     Performing sync publish...
Wed, 21 Nov 2018 21:27:58 DEBUG    Produced [puback] event
Wed, 21 Nov 2018 21:27:58 DEBUG    Dispatching [puback] event
Wed, 21 Nov 2018 21:27:58 INFO     Performing sync publish...
Wed, 21 Nov 2018 21:27:58 DEBUG    Produced [puback] event
Wed, 21 Nov 2018 21:27:58 DEBUG    Dispatching [puback] event
Wed, 21 Nov 2018 21:27:58 INFO     Performing sync publish...
Wed, 21 Nov 2018 21:27:58 DEBUG    Produced [puback] event
Wed, 21 Nov 2018 21:27:58 DEBUG    Dispatching [puback] event
Wed, 21 Nov 2018 21:27:58 INFO     Performing sync publish...
Wed, 21 Nov 2018 21:27:58 DEBUG    Produced [puback] event
Wed, 21 Nov 2018 21:27:58 DEBUG    Dispatching [puback] event
Wed, 21 Nov 2018 21:28:03 INFO     Performing sync publish...
Wed, 21 Nov 2018 21:28:03 DEBUG    Produced [puback] event
Wed, 21 Nov 2018 21:28:03 DEBUG    Dispatching [puback] event
Wed, 21 Nov 2018 21:28:03 INFO     Performing sync publish...
Wed, 21 Nov 2018 21:28:03 DEBUG    Produced [puback] event
Wed, 21 Nov 2018 21:28:03 DEBUG    Dispatching [puback] event
Wed, 21 Nov 2018 21:28:03 INFO     Performing sync publish...
Wed, 21 Nov 2018 21:28:03 DEBUG    Produced [puback] event
Wed, 21 Nov 2018 21:28:03 DEBUG    Dispatching [puback] event
Wed, 21 Nov 2018 21:28:03 INFO     Performing sync publish...
Wed, 21 Nov 2018 21:28:03 DEBUG    Produced [puback] event
Wed, 21 Nov 2018 21:28:03 DEBUG    Dispatching [puback] event
Wed, 21 Nov 2018 21:28:03 INFO     Performing sync publish...
Wed, 21 Nov 2018 21:28:03 DEBUG    Produced [puback] event
Wed, 21 Nov 2018 21:28:03 DEBUG    Dispatching [puback] event
Wed, 21 Nov 2018 21:28:03 INFO     Performing sync publish...
Wed, 21 Nov 2018 21:28:03 DEBUG    Produced [puback] event
Wed, 21 Nov 2018 21:28:03 DEBUG    Dispatching [puback] event
Wed, 21 Nov 2018 21:28:03 INFO     Performing sync publish...
Wed, 21 Nov 2018 21:28:03 DEBUG    Produced [puback] event
Wed, 21 Nov 2018 21:28:03 DEBUG    Dispatching [puback] event
Wed, 21 Nov 2018 21:28:03 INFO     Performing sync publish...
Wed, 21 Nov 2018 21:28:03 DEBUG    Produced [puback] event
Wed, 21 Nov 2018 21:28:03 DEBUG    Dispatching [puback] event
Wed, 21 Nov 2018 21:28:03 INFO     Performing sync publish...
Wed, 21 Nov 2018 21:28:03 DEBUG    Produced [puback] event
Wed, 21 Nov 2018 21:28:03 DEBUG    Dispatching [puback] event
Wed, 21 Nov 2018 21:28:03 INFO     Performing sync publish...
Wed, 21 Nov 2018 21:28:03 DEBUG    Produced [puback] event
Wed, 21 Nov 2018 21:28:03 DEBUG    Dispatching [puback] event
