Wed, 21 Nov 2018 22:09:05 DEBUG    Config file loaded : config.py
Wed, 21 Nov 2018 22:09:05 DEBUG    Config file loaded : config.py
Wed, 21 Nov 2018 22:09:05 DEBUG    Initializing MQTT layer...
Wed, 21 Nov 2018 22:09:05 DEBUG    Registering internal event callbacks to MQTT layer...
Wed, 21 Nov 2018 22:09:05 INFO     MqttCore initialized
Wed, 21 Nov 2018 22:09:05 INFO     Client id: SDM120_ENERGY_METER
Wed, 21 Nov 2018 22:09:05 INFO     Protocol version: MQTTv3.1.1
Wed, 21 Nov 2018 22:09:05 INFO     Authentication type: TLSv1.2 certificate based Mutual Auth.
Wed, 21 Nov 2018 22:09:05 INFO     Configuring endpoint...
Wed, 21 Nov 2018 22:09:05 DEBUG    Config file loaded : config.py
Wed, 21 Nov 2018 22:09:05 DEBUG    MODBUS Config loadedMODBUS.py
Wed, 21 Nov 2018 22:09:05 DEBUG    FEEDING data to databse started-: main.py
18 22:09:05 INFO     Configuring reconnect back off timing...
Wed, 21 Nov 2018 22:09:05 INFO     Base quiet time: 1.000000 sec
Wed, 21 Nov 2018 22:09:05 INFO     Max quiet time: 32.000000 sec
Wed, 21 Nov 2018 22:09:05 INFO     Stable connection time: 20.000000 sec
Wed, 21 Nov 2018 22:09:05 INFO     Configuring offline requests queueing: max queue size: -1
Wed, 21 Nov 2018 22:09:05 INFO     Configuring offline requests queue draining interval: 0.500000 sec
Wed, 21 Nov 2018 22:09:05 INFO     Configuring connect/disconnect time out: 10.000000 sec
Wed, 21 Nov 2018 22:09:05 INFO     Configuring MQTT operation time out: 5.000000 sec
Wed, 21 Nov 2018 22:09:05 INFO     Performing sync connect...
Wed, 21 Nov 2018 22:09:05 INFO     Performing async connect...
Wed, 21 Nov 2018 22:09:05 INFO     Keep-alive: 600.000000 sec
Wed, 21 Nov 2018 22:09:05 DEBUG    Event consuming thread started
Wed, 21 Nov 2018 22:09:05 DEBUG    Passing in general notification callbacks to internal client...
Wed, 21 Nov 2018 22:09:05 DEBUG    Filling in fixed event callbacks: CONNACK, DISCONNECT, MESSAGE
Wed, 21 Nov 2018 22:09:05 DEBUG    Cleaning up before stopping event consuming
Wed, 21 Nov 2018 22:09:05 DEBUG    Event queue cleared
Wed, 21 Nov 2018 22:09:05 DEBUG    Stopping network I/O thread...
Wed, 21 Nov 2018 22:09:05 DEBUG    Network thread stopped
Wed, 21 Nov 2018 22:09:05 DEBUG    Event callbacks cleared
Wed, 21 Nov 2018 22:09:05 DEBUG    Event consuming thread stopped
Wed, 21 Nov 2018 22:09:05 DEBUG    Waiting for event consumer to completely stop
Wed, 21 Nov 2018 22:09:05 DEBUG    Exiting dispatching loop...
Wed, 21 Nov 2018 22:09:05 DEBUG    Event consumer stopped
Wed, 21 Nov 2018 22:09:05 ERROR    FAILLED TO CONNECT TO THE SERVERhandler.py<class 'socket.gaierror'>
Wed, 21 Nov 2018 22:09:05 INFO     Performing sync publish...
Wed, 21 Nov 2018 22:09:05 INFO     Offline request detected!
Wed, 21 Nov 2018 22:09:05 DEBUG    append: Add new element: <AWSIoTPythonSDK.core.protocol.internal.requests.QueueableRequest object at 0x00000161044EFA20>
Wed, 21 Nov 2018 22:09:05 INFO     Performing sync publish...
Wed, 21 Nov 2018 22:09:05 INFO     Offline request detected!
Wed, 21 Nov 2018 22:09:05 DEBUG    append: Add new element: <AWSIoTPythonSDK.core.protocol.internal.requests.QueueableRequest object at 0x00000161044EFAC8>
Wed, 21 Nov 2018 22:09:06 INFO     Performing sync publish...
Wed, 21 Nov 2018 22:09:06 INFO     Offline request detected!
Wed, 21 Nov 2018 22:09:06 DEBUG    append: Add new element: <AWSIoTPythonSDK.core.protocol.internal.requests.QueueableRequest object at 0x00000161044EFB70>
Wed, 21 Nov 2018 22:09:06 INFO     Performing sync publish...
Wed, 21 Nov 2018 22:09:06 INFO     Offline request detected!
Wed, 21 Nov 2018 22:09:06 DEBUG    append: Add new element: <AWSIoTPythonSDK.core.protocol.internal.requests.QueueableRequest object at 0x00000161044EFC18>
Wed, 21 Nov 2018 22:09:07 INFO     Performing sync publish...
Wed, 21 Nov 2018 22:09:07 INFO     Offline request detected!
Wed, 21 Nov 2018 22:09:07 DEBUG    append: Add new element: <AWSIoTPythonSDK.core.protocol.internal.requests.QueueableRequest object at 0x00000161044EFA90>
Wed, 21 Nov 2018 22:09:07 INFO     Performing sync publish...
Wed, 21 Nov 2018 22:09:07 INFO     Offline request detected!
Wed, 21 Nov 2018 22:09:07 DEBUG    append: Add new element: <AWSIoTPythonSDK.core.protocol.internal.requests.QueueableRequest object at 0x00000161044EF3C8>
Wed, 21 Nov 2018 22:09:09 INFO     Performing sync publish...
Wed, 21 Nov 2018 22:09:09 INFO     Offline request detected!
Wed, 21 Nov 2018 22:09:09 DEBUG    append: Add new element: <AWSIoTPythonSDK.core.protocol.internal.requests.QueueableRequest object at 0x00000161044EF9B0>
Wed, 21 Nov 2018 22:09:09 INFO     Performing sync publish...
Wed, 21 Nov 2018 22:09:09 INFO     Offline request detected!
Wed, 21 Nov 2018 22:09:09 DEBUG    append: Add new element: <AWSIoTPythonSDK.core.protocol.internal.requests.QueueableRequest object at 0x00000161044EFB00>
Wed, 21 Nov 2018 22:09:10 INFO     Performing sync publish...
Wed, 21 Nov 2018 22:09:10 INFO     Offline request detected!
Wed, 21 Nov 2018 22:09:10 DEBUG    append: Add new element: <AWSIoTPythonSDK.core.protocol.internal.requests.QueueableRequest object at 0x00000161044EF748>
Wed, 21 Nov 2018 22:09:10 INFO     Performing sync publish...
Wed, 21 Nov 2018 22:09:10 INFO     Offline request detected!
Wed, 21 Nov 2018 22:09:10 DEBUG    append: Add new element: <AWSIoTPythonSDK.core.protocol.internal.requests.QueueableRequest object at 0x00000161044EF978>
Wed, 21 Nov 2018 22:09:11 INFO     Performing sync publish...
Wed, 21 Nov 2018 22:09:11 INFO     Offline request detected!
Wed, 21 Nov 2018 22:09:11 DEBUG    append: Add new element: <AWSIoTPythonSDK.core.protocol.internal.requests.QueueableRequest object at 0x00000161044EFCC0>
Wed, 21 Nov 2018 22:09:11 INFO     Performing sync publish...
Wed, 21 Nov 2018 22:09:11 INFO     Offline request detected!
Wed, 21 Nov 2018 22:09:11 DEBUG    append: Add new element: <AWSIoTPythonSDK.core.protocol.internal.requests.QueueableRequest object at 0x00000161044EFBA8>
Wed, 21 Nov 2018 22:09:12 INFO     Performing sync publish...
Wed, 21 Nov 2018 22:09:12 INFO     Offline request detected!
Wed, 21 Nov 2018 22:09:12 DEBUG    append: Add new element: <AWSIoTPythonSDK.core.protocol.internal.requests.QueueableRequest object at 0x00000161044EFDD8>
Wed, 21 Nov 2018 22:09:12 INFO     Performing sync publish...
Wed, 21 Nov 2018 22:09:12 INFO     Offline request detected!
Wed, 21 Nov 2018 22:09:12 DEBUG    append: Add new element: <AWSIoTPythonSDK.core.protocol.internal.requests.QueueableRequest object at 0x00000161044EFBE0>
Wed, 21 Nov 2018 22:09:13 INFO     Performing sync publish...
Wed, 21 Nov 2018 22:09:13 INFO     Offline request detected!
Wed, 21 Nov 2018 22:09:13 DEBUG    append: Add new element: <AWSIoTPythonSDK.core.protocol.internal.requests.QueueableRequest object at 0x00000161044EFFD0>
Wed, 21 Nov 2018 22:09:13 INFO     Performing sync publish...
Wed, 21 Nov 2018 22:09:13 INFO     Offline request detected!
Wed, 21 Nov 2018 22:09:13 DEBUG    append: Add new element: <AWSIoTPythonSDK.core.protocol.internal.requests.QueueableRequest object at 0x00000161044EFDA0>
Wed, 21 Nov 2018 22:09:14 INFO     Performing sync publish...
Wed, 21 Nov 2018 22:09:14 INFO     Offline request detected!
Wed, 21 Nov 2018 22:09:14 DEBUG    append: Add new element: <AWSIoTPythonSDK.core.protocol.internal.requests.QueueableRequest object at 0x00000161044EFEB8>
Wed, 21 Nov 2018 22:09:14 INFO     Performing sync publish...
Wed, 21 Nov 2018 22:09:14 INFO     Offline request detected!
Wed, 21 Nov 2018 22:09:14 DEBUG    append: Add new element: <AWSIoTPythonSDK.core.protocol.internal.requests.QueueableRequest object at 0x00000161044EFA58>
Wed, 21 Nov 2018 22:09:15 INFO     Performing sync publish...
Wed, 21 Nov 2018 22:09:15 INFO     Offline request detected!
Wed, 21 Nov 2018 22:09:15 DEBUG    append: Add new element: <AWSIoTPythonSDK.core.protocol.internal.requests.QueueableRequest object at 0x00000161044EFE48>
Wed, 21 Nov 2018 22:09:15 INFO     Performing sync publish...
Wed, 21 Nov 2018 22:09:15 INFO     Offline request detected!
Wed, 21 Nov 2018 22:09:15 DEBUG    append: Add new element: <AWSIoTPythonSDK.core.protocol.internal.requests.QueueableRequest object at 0x00000161044EFD30>
Wed, 21 Nov 2018 22:09:16 INFO     Performing sync publish...
Wed, 21 Nov 2018 22:09:16 INFO     Offline request detected!
Wed, 21 Nov 2018 22:09:16 DEBUG    append: Add new element: <AWSIoTPythonSDK.core.protocol.internal.requests.QueueableRequest object at 0x00000161044EFF60>
Wed, 21 Nov 2018 22:09:16 INFO     Performing sync publish...
Wed, 21 Nov 2018 22:09:16 INFO     Offline request detected!
Wed, 21 Nov 2018 22:09:16 DEBUG    append: Add new element: <AWSIoTPythonSDK.core.protocol.internal.requests.QueueableRequest object at 0x00000161044EFE80>
Wed, 21 Nov 2018 22:09:17 INFO     Performing sync publish...
Wed, 21 Nov 2018 22:09:17 INFO     Offline request detected!
Wed, 21 Nov 2018 22:09:17 DEBUG    append: Add new element: <AWSIoTPythonSDK.core.protocol.internal.requests.QueueableRequest object at 0x00000161044EFC50>
Wed, 21 Nov 2018 22:09:17 INFO     Performing sync publish...
Wed, 21 Nov 2018 22:09:17 INFO     Offline request detected!
Wed, 21 Nov 2018 22:09:17 DEBUG    append: Add new element: <AWSIoTPythonSDK.core.protocol.internal.requests.QueueableRequest object at 0x00000161044EFCF8>
Wed, 21 Nov 2018 22:09:18 INFO     Performing sync publish...
Wed, 21 Nov 2018 22:09:18 INFO     Offline request detected!
Wed, 21 Nov 2018 22:09:18 DEBUG    append: Add new element: <AWSIoTPythonSDK.core.protocol.internal.requests.QueueableRequest object at 0x00000161044EFEF0>
Wed, 21 Nov 2018 22:09:18 INFO     Performing sync publish...
Wed, 21 Nov 2018 22:09:18 INFO     Offline request detected!
Wed, 21 Nov 2018 22:09:18 DEBUG    append: Add new element: <AWSIoTPythonSDK.core.protocol.internal.requests.QueueableRequest object at 0x00000161044EF9E8>
Wed, 21 Nov 2018 22:09:19 INFO     Performing sync publish...
Wed, 21 Nov 2018 22:09:19 INFO     Offline request detected!
Wed, 21 Nov 2018 22:09:19 DEBUG    append: Add new element: <AWSIoTPythonSDK.core.protocol.internal.requests.QueueableRequest object at 0x00000161044EFE10>
Wed, 21 Nov 2018 22:09:19 INFO     Performing sync publish...
Wed, 21 Nov 2018 22:09:19 INFO     Offline request detected!
Wed, 21 Nov 2018 22:09:19 DEBUG    append: Add new element: <AWSIoTPythonSDK.core.protocol.internal.requests.QueueableRequest object at 0x00000161044EFF28>
Wed, 21 Nov 2018 22:09:20 INFO     Performing sync publish...
Wed, 21 Nov 2018 22:09:20 INFO     Offline request detected!
Wed, 21 Nov 2018 22:09:20 DEBUG    append: Add new element: <AWSIoTPythonSDK.core.protocol.internal.requests.QueueableRequest object at 0x00000161044EF940>
Wed, 21 Nov 2018 22:09:20 INFO     Performing sync publish...
Wed, 21 Nov 2018 22:09:20 INFO     Offline request detected!
Wed, 21 Nov 2018 22:09:20 DEBUG    append: Add new element: <AWSIoTPythonSDK.core.protocol.internal.requests.QueueableRequest object at 0x0000016104512198>
Wed, 21 Nov 2018 22:09:21 INFO     Performing sync publish...
Wed, 21 Nov 2018 22:09:21 INFO     Offline request detected!
Wed, 21 Nov 2018 22:09:21 DEBUG    append: Add new element: <AWSIoTPythonSDK.core.protocol.internal.requests.QueueableRequest object at 0x00000161044EFC88>
Wed, 21 Nov 2018 22:09:21 INFO     Performing sync publish...
Wed, 21 Nov 2018 22:09:21 INFO     Offline request detected!
Wed, 21 Nov 2018 22:09:21 DEBUG    append: Add new element: <AWSIoTPythonSDK.core.protocol.internal.requests.QueueableRequest object at 0x00000161045120F0>
Wed, 21 Nov 2018 22:09:22 INFO     Performing sync publish...
Wed, 21 Nov 2018 22:09:22 INFO     Offline request detected!
Wed, 21 Nov 2018 22:09:22 DEBUG    append: Add new element: <AWSIoTPythonSDK.core.protocol.internal.requests.QueueableRequest object at 0x0000016103695F98>
Wed, 21 Nov 2018 22:09:22 INFO     Performing sync publish...
Wed, 21 Nov 2018 22:09:22 INFO     Offline request detected!
Wed, 21 Nov 2018 22:09:22 DEBUG    append: Add new element: <AWSIoTPythonSDK.core.protocol.internal.requests.QueueableRequest object at 0x0000016104512160>
Wed, 21 Nov 2018 22:09:23 INFO     Performing sync publish...
Wed, 21 Nov 2018 22:09:23 INFO     Offline request detected!
Wed, 21 Nov 2018 22:09:23 DEBUG    append: Add new element: <AWSIoTPythonSDK.core.protocol.internal.requests.QueueableRequest object at 0x00000161045120B8>
Wed, 21 Nov 2018 22:09:23 INFO     Performing sync publish...
Wed, 21 Nov 2018 22:09:23 INFO     Offline request detected!
Wed, 21 Nov 2018 22:09:23 DEBUG    append: Add new element: <AWSIoTPythonSDK.core.protocol.internal.requests.QueueableRequest object at 0x0000016104512080>
Wed, 21 Nov 2018 22:09:24 INFO     Performing sync publish...
Wed, 21 Nov 2018 22:09:24 INFO     Offline request detected!
Wed, 21 Nov 2018 22:09:24 DEBUG    append: Add new element: <AWSIoTPythonSDK.core.protocol.internal.requests.QueueableRequest object at 0x0000016104512278>
Wed, 21 Nov 2018 22:09:24 INFO     Performing sync publish...
Wed, 21 Nov 2018 22:09:24 INFO     Offline request detected!
Wed, 21 Nov 2018 22:09:24 DEBUG    append: Add new element: <AWSIoTPythonSDK.core.protocol.internal.requests.QueueableRequest object at 0x0000016104512438>
Wed, 21 Nov 2018 22:09:25 INFO     Performing sync publish...
Wed, 21 Nov 2018 22:09:25 INFO     Offline request detected!
Wed, 21 Nov 2018 22:09:25 DEBUG    append: Add new element: <AWSIoTPythonSDK.core.protocol.internal.requests.QueueableRequest object at 0x00000161045122B0>
Wed, 21 Nov 2018 22:09:25 INFO     Performing sync publish...
Wed, 21 Nov 2018 22:09:25 INFO     Offline request detected!
Wed, 21 Nov 2018 22:09:25 DEBUG    append: Add new element: <AWSIoTPythonSDK.core.protocol.internal.requests.QueueableRequest object at 0x0000016104512240>
Wed, 21 Nov 2018 22:09:26 INFO     Performing sync publish...
Wed, 21 Nov 2018 22:09:26 INFO     Offline request detected!
Wed, 21 Nov 2018 22:09:26 DEBUG    append: Add new element: <AWSIoTPythonSDK.core.protocol.internal.requests.QueueableRequest object at 0x00000161045123C8>
Wed, 21 Nov 2018 22:09:26 INFO     Performing sync publish...
Wed, 21 Nov 2018 22:09:26 INFO     Offline request detected!
Wed, 21 Nov 2018 22:09:26 DEBUG    append: Add new element: <AWSIoTPythonSDK.core.protocol.internal.requests.QueueableRequest object at 0x00000161045122E8>
Wed, 21 Nov 2018 22:09:27 INFO     Performing sync publish...
Wed, 21 Nov 2018 22:09:27 INFO     Offline request detected!
Wed, 21 Nov 2018 22:09:27 DEBUG    append: Add new element: <AWSIoTPythonSDK.core.protocol.internal.requests.QueueableRequest object at 0x00000161045124A8>
Wed, 21 Nov 2018 22:09:27 INFO     Performing sync publish...
Wed, 21 Nov 2018 22:09:27 INFO     Offline request detected!
Wed, 21 Nov 2018 22:09:27 DEBUG    append: Add new element: <AWSIoTPythonSDK.core.protocol.internal.requests.QueueableRequest object at 0x0000016104512208>
Wed, 21 Nov 2018 22:09:28 INFO     Performing sync publish...
Wed, 21 Nov 2018 22:09:28 INFO     Offline request detected!
Wed, 21 Nov 2018 22:09:28 DEBUG    append: Add new element: <AWSIoTPythonSDK.core.protocol.internal.requests.QueueableRequest object at 0x0000016104512518>
Wed, 21 Nov 2018 22:09:28 INFO     Performing sync publish...
Wed, 21 Nov 2018 22:09:28 INFO     Offline request detected!
Wed, 21 Nov 2018 22:09:28 DEBUG    append: Add new element: <AWSIoTPythonSDK.core.protocol.internal.requests.QueueableRequest object at 0x0000016104512400>
Wed, 21 Nov 2018 22:09:29 INFO     Performing sync publish...
Wed, 21 Nov 2018 22:09:29 INFO     Offline request detected!
Wed, 21 Nov 2018 22:09:29 DEBUG    append: Add new element: <AWSIoTPythonSDK.core.protocol.internal.requests.QueueableRequest object at 0x0000016104512588>
Wed, 21 Nov 2018 22:09:29 INFO     Performing sync publish...
Wed, 21 Nov 2018 22:09:29 INFO     Offline request detected!
Wed, 21 Nov 2018 22:09:29 DEBUG    append: Add new element: <AWSIoTPythonSDK.core.protocol.internal.requests.QueueableRequest object at 0x0000016104512128>
Wed, 21 Nov 2018 22:09:30 INFO     Performing sync publish...
Wed, 21 Nov 2018 22:09:30 INFO     Offline request detected!
Wed, 21 Nov 2018 22:09:30 DEBUG    append: Add new element: <AWSIoTPythonSDK.core.protocol.internal.requests.QueueableRequest object at 0x00000161045125F8>
Wed, 21 Nov 2018 22:09:30 INFO     Performing sync publish...
Wed, 21 Nov 2018 22:09:30 INFO     Offline request detected!
Wed, 21 Nov 2018 22:09:30 DEBUG    append: Add new element: <AWSIoTPythonSDK.core.protocol.internal.requests.QueueableRequest object at 0x0000016104512390>
Wed, 21 Nov 2018 22:09:31 INFO     Performing sync publish...
Wed, 21 Nov 2018 22:09:31 INFO     Offline request detected!
Wed, 21 Nov 2018 22:09:31 DEBUG    append: Add new element: <AWSIoTPythonSDK.core.protocol.internal.requests.QueueableRequest object at 0x0000016104512668>
Wed, 21 Nov 2018 22:09:31 INFO     Performing sync publish...
Wed, 21 Nov 2018 22:09:31 INFO     Offline request detected!
Wed, 21 Nov 2018 22:09:31 DEBUG    append: Add new element: <AWSIoTPythonSDK.core.protocol.internal.requests.QueueableRequest object at 0x00000161045124E0>
Wed, 21 Nov 2018 22:09:32 INFO     Performing sync publish...
Wed, 21 Nov 2018 22:09:32 INFO     Offline request detected!
Wed, 21 Nov 2018 22:09:32 DEBUG    append: Add new element: <AWSIoTPythonSDK.core.protocol.internal.requests.QueueableRequest object at 0x00000161045126D8>
Wed, 21 Nov 2018 22:09:32 INFO     Performing sync publish...
Wed, 21 Nov 2018 22:09:32 INFO     Offline request detected!
Wed, 21 Nov 2018 22:09:32 DEBUG    append: Add new element: <AWSIoTPythonSDK.core.protocol.internal.requests.QueueableRequest object at 0x0000016104512550>
Wed, 21 Nov 2018 22:09:33 INFO     Performing sync publish...
Wed, 21 Nov 2018 22:09:33 INFO     Offline request detected!
Wed, 21 Nov 2018 22:09:33 DEBUG    append: Add new element: <AWSIoTPythonSDK.core.protocol.internal.requests.QueueableRequest object at 0x0000016104512748>
Wed, 21 Nov 2018 22:09:33 INFO     Performing sync publish...
Wed, 21 Nov 2018 22:09:33 INFO     Offline request detected!
Wed, 21 Nov 2018 22:09:33 DEBUG    append: Add new element: <AWSIoTPythonSDK.core.protocol.internal.requests.QueueableRequest object at 0x00000161045125C0>
Wed, 21 Nov 2018 22:09:34 INFO     Performing sync publish...
Wed, 21 Nov 2018 22:09:34 INFO     Offline request detected!
Wed, 21 Nov 2018 22:09:34 DEBUG    append: Add new element: <AWSIoTPythonSDK.core.protocol.internal.requests.QueueableRequest object at 0x00000161045127B8>
Wed, 21 Nov 2018 22:09:34 INFO     Performing sync publish...
Wed, 21 Nov 2018 22:09:34 INFO     Offline request detected!
Wed, 21 Nov 2018 22:09:34 DEBUG    append: Add new element: <AWSIoTPythonSDK.core.protocol.internal.requests.QueueableRequest object at 0x0000016104512630>
Wed, 21 Nov 2018 22:09:35 INFO     Performing sync publish...
Wed, 21 Nov 2018 22:09:35 INFO     Offline request detected!
Wed, 21 Nov 2018 22:09:35 DEBUG    append: Add new element: <AWSIoTPythonSDK.core.protocol.internal.requests.QueueableRequest object at 0x0000016104512828>
Wed, 21 Nov 2018 22:09:35 INFO     Performing sync publish...
Wed, 21 Nov 2018 22:09:35 INFO     Offline request detected!
Wed, 21 Nov 2018 22:09:35 DEBUG    append: Add new element: <AWSIoTPythonSDK.core.protocol.internal.requests.QueueableRequest object at 0x00000161045126A0>
Wed, 21 Nov 2018 22:09:36 INFO     Performing sync publish...
Wed, 21 Nov 2018 22:09:36 INFO     Offline request detected!
Wed, 21 Nov 2018 22:09:36 DEBUG    append: Add new element: <AWSIoTPythonSDK.core.protocol.internal.requests.QueueableRequest object at 0x0000016104512898>
Wed, 21 Nov 2018 22:09:36 INFO     Performing sync publish...
Wed, 21 Nov 2018 22:09:36 INFO     Offline request detected!
Wed, 21 Nov 2018 22:09:36 DEBUG    append: Add new element: <AWSIoTPythonSDK.core.protocol.internal.requests.QueueableRequest object at 0x0000016104512710>
Wed, 21 Nov 2018 22:09:37 INFO     Performing sync publish...
Wed, 21 Nov 2018 22:09:37 INFO     Offline request detected!
Wed, 21 Nov 2018 22:09:37 DEBUG    append: Add new element: <AWSIoTPythonSDK.core.protocol.internal.requests.QueueableRequest object at 0x0000016104512908>
Wed, 21 Nov 2018 22:09:37 INFO     Performing sync publish...
Wed, 21 Nov 2018 22:09:37 INFO     Offline request detected!
Wed, 21 Nov 2018 22:09:37 DEBUG    append: Add new element: <AWSIoTPythonSDK.core.protocol.internal.requests.QueueableRequest object at 0x0000016104512780>
Wed, 21 Nov 2018 22:09:38 INFO     Performing sync publish...
Wed, 21 Nov 2018 22:09:38 INFO     Offline request detected!
Wed, 21 Nov 2018 22:09:38 DEBUG    append: Add new element: <AWSIoTPythonSDK.core.protocol.internal.requests.QueueableRequest object at 0x0000016104512978>
Wed, 21 Nov 2018 22:09:38 INFO     Performing sync publish...
Wed, 21 Nov 2018 22:09:38 INFO     Offline request detected!
Wed, 21 Nov 2018 22:09:38 DEBUG    append: Add new element: <AWSIoTPythonSDK.core.protocol.internal.requests.QueueableRequest object at 0x00000161045127F0>
Wed, 21 Nov 2018 22:09:39 INFO     Performing sync publish...
Wed, 21 Nov 2018 22:09:39 INFO     Offline request detected!
Wed, 21 Nov 2018 22:09:39 DEBUG    append: Add new element: <AWSIoTPythonSDK.core.protocol.internal.requests.QueueableRequest object at 0x00000161045129E8>
Wed, 21 Nov 2018 22:09:39 INFO     Performing sync publish...
Wed, 21 Nov 2018 22:09:39 INFO     Offline request detected!
Wed, 21 Nov 2018 22:09:39 DEBUG    append: Add new element: <AWSIoTPythonSDK.core.protocol.internal.requests.QueueableRequest object at 0x0000016104512860>
Wed, 21 Nov 2018 22:09:40 INFO     Performing sync publish...
Wed, 21 Nov 2018 22:09:40 INFO     Offline request detected!
Wed, 21 Nov 2018 22:09:40 DEBUG    append: Add new element: <AWSIoTPythonSDK.core.protocol.internal.requests.QueueableRequest object at 0x0000016104512A58>
Wed, 21 Nov 2018 22:09:40 INFO     Performing sync publish...
Wed, 21 Nov 2018 22:09:40 INFO     Offline request detected!
Wed, 21 Nov 2018 22:09:40 DEBUG    append: Add new element: <AWSIoTPythonSDK.core.protocol.internal.requests.QueueableRequest object at 0x00000161045128D0>
Wed, 21 Nov 2018 22:09:41 INFO     Performing sync publish...
Wed, 21 Nov 2018 22:09:41 INFO     Offline request detected!
Wed, 21 Nov 2018 22:09:41 DEBUG    append: Add new element: <AWSIoTPythonSDK.core.protocol.internal.requests.QueueableRequest object at 0x0000016104512AC8>
Wed, 21 Nov 2018 22:09:41 INFO     Performing sync publish...
Wed, 21 Nov 2018 22:09:41 INFO     Offline request detected!
Wed, 21 Nov 2018 22:09:41 DEBUG    append: Add new element: <AWSIoTPythonSDK.core.protocol.internal.requests.QueueableRequest object at 0x0000016104512940>
Wed, 21 Nov 2018 22:09:42 INFO     Performing sync publish...
Wed, 21 Nov 2018 22:09:42 INFO     Offline request detected!
Wed, 21 Nov 2018 22:09:42 DEBUG    append: Add new element: <AWSIoTPythonSDK.core.protocol.internal.requests.QueueableRequest object at 0x0000016104512B38>
Wed, 21 Nov 2018 22:09:42 INFO     Performing sync publish...
Wed, 21 Nov 2018 22:09:42 INFO     Offline request detected!
Wed, 21 Nov 2018 22:09:42 DEBUG    append: Add new element: <AWSIoTPythonSDK.core.protocol.internal.requests.QueueableRequest object at 0x00000161045129B0>
Wed, 21 Nov 2018 22:09:43 INFO     Performing sync publish...
Wed, 21 Nov 2018 22:09:43 INFO     Offline request detected!
Wed, 21 Nov 2018 22:09:43 DEBUG    append: Add new element: <AWSIoTPythonSDK.core.protocol.internal.requests.QueueableRequest object at 0x0000016104512BA8>
Wed, 21 Nov 2018 22:09:43 INFO     Performing sync publish...
Wed, 21 Nov 2018 22:09:43 INFO     Offline request detected!
Wed, 21 Nov 2018 22:09:43 DEBUG    append: Add new element: <AWSIoTPythonSDK.core.protocol.internal.requests.QueueableRequest object at 0x0000016104512A20>
Wed, 21 Nov 2018 22:09:44 INFO     Performing sync publish...
Wed, 21 Nov 2018 22:09:44 INFO     Offline request detected!
Wed, 21 Nov 2018 22:09:44 DEBUG    append: Add new element: <AWSIoTPythonSDK.core.protocol.internal.requests.QueueableRequest object at 0x0000016104512C18>
Wed, 21 Nov 2018 22:09:44 INFO     Performing sync publish...
Wed, 21 Nov 2018 22:09:44 INFO     Offline request detected!
Wed, 21 Nov 2018 22:09:44 DEBUG    append: Add new element: <AWSIoTPythonSDK.core.protocol.internal.requests.QueueableRequest object at 0x0000016104512A90>
Wed, 21 Nov 2018 22:09:46 INFO     Performing sync publish...
Wed, 21 Nov 2018 22:09:46 INFO     Offline request detected!
Wed, 21 Nov 2018 22:09:46 DEBUG    append: Add new element: <AWSIoTPythonSDK.core.protocol.internal.requests.QueueableRequest object at 0x0000016104512D68>
Wed, 21 Nov 2018 22:09:48 INFO     Performing sync publish...
Wed, 21 Nov 2018 22:09:48 INFO     Offline request detected!
Wed, 21 Nov 2018 22:09:48 DEBUG    append: Add new element: <AWSIoTPythonSDK.core.protocol.internal.requests.QueueableRequest object at 0x0000016104512E48>
Wed, 21 Nov 2018 22:09:50 INFO     Performing sync publish...
Wed, 21 Nov 2018 22:09:50 INFO     Offline request detected!
Wed, 21 Nov 2018 22:09:50 DEBUG    append: Add new element: <AWSIoTPythonSDK.core.protocol.internal.requests.QueueableRequest object at 0x0000016104512B00>
Wed, 21 Nov 2018 22:09:52 INFO     Performing sync publish...
Wed, 21 Nov 2018 22:09:52 INFO     Offline request detected!
Wed, 21 Nov 2018 22:09:52 DEBUG    append: Add new element: <AWSIoTPythonSDK.core.protocol.internal.requests.QueueableRequest object at 0x0000016104512CC0>
Wed, 21 Nov 2018 22:09:54 INFO     Performing sync publish...
Wed, 21 Nov 2018 22:09:54 INFO     Offline request detected!
Wed, 21 Nov 2018 22:09:54 DEBUG    append: Add new element: <AWSIoTPythonSDK.core.protocol.internal.requests.QueueableRequest object at 0x0000016104512320>
Wed, 21 Nov 2018 22:09:56 INFO     Performing sync publish...
Wed, 21 Nov 2018 22:09:56 INFO     Offline request detected!
Wed, 21 Nov 2018 22:09:56 DEBUG    append: Add new element: <AWSIoTPythonSDK.core.protocol.internal.requests.QueueableRequest object at 0x0000016104512E80>
Wed, 21 Nov 2018 22:09:58 INFO     Performing sync publish...
Wed, 21 Nov 2018 22:09:58 INFO     Offline request detected!
Wed, 21 Nov 2018 22:09:58 DEBUG    append: Add new element: <AWSIoTPythonSDK.core.protocol.internal.requests.QueueableRequest object at 0x0000016104512EB8>
Wed, 21 Nov 2018 22:10:00 INFO     Performing sync publish...
Wed, 21 Nov 2018 22:10:00 INFO     Offline request detected!
Wed, 21 Nov 2018 22:10:00 DEBUG    append: Add new element: <AWSIoTPythonSDK.core.protocol.internal.requests.QueueableRequest object at 0x0000016104512F98>
Wed, 21 Nov 2018 22:10:02 INFO     Performing sync publish...
Wed, 21 Nov 2018 22:10:02 INFO     Offline request detected!
Wed, 21 Nov 2018 22:10:02 DEBUG    append: Add new element: <AWSIoTPythonSDK.core.protocol.internal.requests.QueueableRequest object at 0x0000016104512EF0>
Wed, 21 Nov 2018 22:10:04 INFO     Performing sync publish...
Wed, 21 Nov 2018 22:10:04 INFO     Offline request detected!
Wed, 21 Nov 2018 22:10:04 DEBUG    append: Add new element: <AWSIoTPythonSDK.core.protocol.internal.requests.QueueableRequest object at 0x0000016104512C50>
Wed, 21 Nov 2018 22:10:06 INFO     Performing sync publish...
Wed, 21 Nov 2018 22:10:06 INFO     Offline request detected!
Wed, 21 Nov 2018 22:10:06 DEBUG    append: Add new element: <AWSIoTPythonSDK.core.protocol.internal.requests.QueueableRequest object at 0x0000016104512F60>
Wed, 21 Nov 2018 22:10:08 INFO     Performing sync publish...
Wed, 21 Nov 2018 22:10:08 INFO     Offline request detected!
Wed, 21 Nov 2018 22:10:08 DEBUG    append: Add new element: <AWSIoTPythonSDK.core.protocol.internal.requests.QueueableRequest object at 0x0000016104512048>
Wed, 21 Nov 2018 22:10:10 INFO     Performing sync publish...
Wed, 21 Nov 2018 22:10:10 INFO     Offline request detected!
Wed, 21 Nov 2018 22:10:10 DEBUG    append: Add new element: <AWSIoTPythonSDK.core.protocol.internal.requests.QueueableRequest object at 0x00000161045121D0>
Wed, 21 Nov 2018 22:10:12 INFO     Performing sync publish...
Wed, 21 Nov 2018 22:10:12 INFO     Offline request detected!
Wed, 21 Nov 2018 22:10:12 DEBUG    append: Add new element: <AWSIoTPythonSDK.core.protocol.internal.requests.QueueableRequest object at 0x0000016104512E10>
Wed, 21 Nov 2018 22:10:14 INFO     Performing sync publish...
Wed, 21 Nov 2018 22:10:14 INFO     Offline request detected!
Wed, 21 Nov 2018 22:10:14 DEBUG    append: Add new element: <AWSIoTPythonSDK.core.protocol.internal.requests.QueueableRequest object at 0x0000016104512D30>
