Wed, 21 Nov 2018 22:25:54 DEBUG    Config file loaded : config.py
Wed, 21 Nov 2018 22:25:54 DEBUG    Config file loaded : config.py
Wed, 21 Nov 2018 22:25:54 DEBUG    Initializing MQTT layer...
Wed, 21 Nov 2018 22:25:54 DEBUG    Registering internal event callbacks to MQTT layer...
Wed, 21 Nov 2018 22:25:54 INFO     MqttCore initialized
Wed, 21 Nov 2018 22:25:54 INFO     Client id: SDM120_ENERGY_METER
Wed, 21 Nov 2018 22:25:54 INFO     Protocol version: MQTTv3.1.1
Wed, 21 Nov 2018 22:25:54 INFO     Authentication type: TLSv1.2 certificate based Mutual Auth.
Wed, 21 Nov 2018 22:25:54 INFO     Configuring endpoint...
Wed, 21 Nov 2018 22:25:54 DEBUG    Config file loaded : config.py
Wed, 21 Nov 2018 22:25:54 DEBUG    MODBUS Config loadedMODBUS.py
Wed, 21 Nov 2018 22:25:54 DEBUG    FEEDING data to databse started-: main.py
18 22:25:54 INFO     Configuring reconnect back off timing...
Wed, 21 Nov 2018 22:25:54 INFO     Base quiet time: 1.000000 sec
Wed, 21 Nov 2018 22:25:54 INFO     Max quiet time: 32.000000 sec
Wed, 21 Nov 2018 22:25:54 INFO     Stable connection time: 20.000000 sec
Wed, 21 Nov 2018 22:25:54 INFO     Configuring offline requests queueing: max queue size: -1
Wed, 21 Nov 2018 22:25:54 INFO     Configuring offline requests queue draining interval: 0.500000 sec
Wed, 21 Nov 2018 22:25:54 INFO     Configuring connect/disconnect time out: 10.000000 sec
Wed, 21 Nov 2018 22:25:54 INFO     Configuring MQTT operation time out: 5.000000 sec
Wed, 21 Nov 2018 22:25:54 INFO     Performing sync connect...
Wed, 21 Nov 2018 22:25:54 INFO     Performing async connect...
Wed, 21 Nov 2018 22:25:54 INFO     Keep-alive: 600.000000 sec
Wed, 21 Nov 2018 22:25:54 DEBUG    Event consuming thread started
Wed, 21 Nov 2018 22:25:54 DEBUG    Passing in general notification callbacks to internal client...
Wed, 21 Nov 2018 22:25:54 DEBUG    Filling in fixed event callbacks: CONNACK, DISCONNECT, MESSAGE
Wed, 21 Nov 2018 22:25:56 DEBUG    Starting network I/O thread...
Wed, 21 Nov 2018 22:25:57 DEBUG    Produced [connack] event
Wed, 21 Nov 2018 22:25:57 DEBUG    Dispatching [connack] event
Wed, 21 Nov 2018 22:25:57 DEBUG    No need for recovery
Wed, 21 Nov 2018 22:25:57 DEBUG    Invoking custom event callback...
Wed, 21 Nov 2018 22:25:57 INFO     Performing sync publish...
Wed, 21 Nov 2018 22:25:57 DEBUG    Produced [puback] event
Wed, 21 Nov 2018 22:25:57 DEBUG    Dispatching [puback] event
Wed, 21 Nov 2018 22:25:57 INFO     Performing sync publish...
Wed, 21 Nov 2018 22:25:57 DEBUG    Produced [puback] event
Wed, 21 Nov 2018 22:25:57 DEBUG    Dispatching [puback] event
Wed, 21 Nov 2018 22:25:59 INFO     Performing sync publish...
Wed, 21 Nov 2018 22:25:59 DEBUG    Produced [puback] event
Wed, 21 Nov 2018 22:25:59 DEBUG    Dispatching [puback] event
Wed, 21 Nov 2018 22:26:01 INFO     Performing sync publish...
Wed, 21 Nov 2018 22:26:01 DEBUG    Produced [puback] event
Wed, 21 Nov 2018 22:26:01 DEBUG    Dispatching [puback] event
Wed, 21 Nov 2018 22:26:03 INFO     Performing sync publish...
Wed, 21 Nov 2018 22:26:03 DEBUG    Produced [puback] event
Wed, 21 Nov 2018 22:26:03 DEBUG    Dispatching [puback] event
Wed, 21 Nov 2018 22:26:05 INFO     Performing sync publish...
Wed, 21 Nov 2018 22:26:05 DEBUG    Produced [puback] event
Wed, 21 Nov 2018 22:26:05 DEBUG    Dispatching [puback] event
Wed, 21 Nov 2018 22:26:07 INFO     Performing sync publish...
Wed, 21 Nov 2018 22:26:07 DEBUG    Produced [puback] event
Wed, 21 Nov 2018 22:26:07 DEBUG    Dispatching [puback] event
