Wed, 05 Dec 2018 21:03:18 DEBUG    Config file loaded : config.py
Wed, 05 Dec 2018 21:03:18 DEBUG    Config file loaded : config.py
Wed, 05 Dec 2018 21:03:18 DEBUG    Initializing MQTT layer...
Wed, 05 Dec 2018 21:03:18 DEBUG    Registering internal event callbacks to MQTT layer...
Wed, 05 Dec 2018 21:03:18 INFO     MqttCore initialized
Wed, 05 Dec 2018 21:03:18 INFO     Client id: SDM120_ENERGY_METER
Wed, 05 Dec 2018 21:03:18 INFO     Protocol version: MQTTv3.1.1
Wed, 05 Dec 2018 21:03:18 INFO     Authentication type: TLSv1.2 certificate based Mutual Auth.
Wed, 05 Dec 2018 21:03:18 INFO     Configuring endpoint...
Wed, 05 Dec 2018 21:03:18 DEBUG    Config file loaded : config.py
Wed, 05 Dec 2018 21:03:18 DEBUG    MODBUS Config loadedMODBUS.py
Wed, 05 Dec 2018 21:03:18 DEBUG    FEEDING data to databse started-: main.py
18 21:03:18 INFO     Configuring reconnect back off timing...
Wed, 05 Dec 2018 21:03:18 INFO     Base quiet time: 1.000000 sec
Wed, 05 Dec 2018 21:03:18 INFO     Max quiet time: 32.000000 sec
Wed, 05 Dec 2018 21:03:18 INFO     Stable connection time: 20.000000 sec
Wed, 05 Dec 2018 21:03:18 INFO     Configuring offline requests queueing: max queue size: -1
Wed, 05 Dec 2018 21:03:18 INFO     Configuring offline requests queue draining interval: 0.500000 sec
Wed, 05 Dec 2018 21:03:18 INFO     Configuring connect/disconnect time out: 10.000000 sec
Wed, 05 Dec 2018 21:03:18 INFO     Configuring MQTT operation time out: 5.000000 sec
Wed, 05 Dec 2018 21:03:18 INFO     Performing sync connect...
Wed, 05 Dec 2018 21:03:18 INFO     Performing async connect...
Wed, 05 Dec 2018 21:03:18 INFO     Keep-alive: 600.000000 sec
Wed, 05 Dec 2018 21:03:18 DEBUG    Event consuming thread started
Wed, 05 Dec 2018 21:03:18 DEBUG    Passing in general notification callbacks to internal client...
Wed, 05 Dec 2018 21:03:18 DEBUG    Filling in fixed event callbacks: CONNACK, DISCONNECT, MESSAGE
Wed, 05 Dec 2018 21:03:22 DEBUG    Starting network I/O thread...
Wed, 05 Dec 2018 21:03:22 DEBUG    Produced [connack] event
Wed, 05 Dec 2018 21:03:22 DEBUG    Dispatching [connack] event
Wed, 05 Dec 2018 21:03:22 DEBUG    No need for recovery
Wed, 05 Dec 2018 21:03:22 DEBUG    Invoking custom event callback...
Wed, 05 Dec 2018 21:03:22 INFO     Performing sync publish...
Wed, 05 Dec 2018 21:03:22 DEBUG    Produced [puback] event
Wed, 05 Dec 2018 21:03:22 DEBUG    Dispatching [puback] event
Wed, 05 Dec 2018 21:03:22 INFO     Performing sync publish...
Wed, 05 Dec 2018 21:03:22 DEBUG    Produced [puback] event
Wed, 05 Dec 2018 21:03:22 DEBUG    Dispatching [puback] event
Wed, 05 Dec 2018 21:03:22 INFO     Performing sync publish...
Wed, 05 Dec 2018 21:03:22 DEBUG    Produced [puback] event
Wed, 05 Dec 2018 21:03:22 DEBUG    Dispatching [puback] event
Wed, 05 Dec 2018 21:03:22 INFO     Performing sync publish...
Wed, 05 Dec 2018 21:03:22 DEBUG    Produced [puback] event
Wed, 05 Dec 2018 21:03:22 DEBUG    Dispatching [puback] event
Wed, 05 Dec 2018 21:03:22 INFO     Performing sync publish...
Wed, 05 Dec 2018 21:03:22 DEBUG    Produced [puback] event
Wed, 05 Dec 2018 21:03:22 DEBUG    Dispatching [puback] event
Wed, 05 Dec 2018 21:03:23 INFO     Performing sync publish...
Wed, 05 Dec 2018 21:03:23 DEBUG    Produced [puback] event
Wed, 05 Dec 2018 21:03:23 DEBUG    Dispatching [puback] event
Wed, 05 Dec 2018 21:03:24 INFO     Performing sync publish...
Wed, 05 Dec 2018 21:03:24 DEBUG    Produced [puback] event
Wed, 05 Dec 2018 21:03:24 DEBUG    Dispatching [puback] event
Wed, 05 Dec 2018 21:03:25 INFO     Performing sync publish...
Wed, 05 Dec 2018 21:03:25 DEBUG    Produced [puback] event
Wed, 05 Dec 2018 21:03:26 DEBUG    Dispatching [puback] event
Wed, 05 Dec 2018 21:03:27 INFO     Performing sync publish...
Wed, 05 Dec 2018 21:03:27 DEBUG    Produced [puback] event
Wed, 05 Dec 2018 21:03:27 DEBUG    Dispatching [puback] event
Wed, 05 Dec 2018 21:03:28 INFO     Performing sync publish...
Wed, 05 Dec 2018 21:03:28 DEBUG    Produced [puback] event
Wed, 05 Dec 2018 21:03:28 DEBUG    Dispatching [puback] event
Wed, 05 Dec 2018 21:03:29 INFO     Performing sync publish...
Wed, 05 Dec 2018 21:03:29 DEBUG    Produced [puback] event
Wed, 05 Dec 2018 21:03:29 DEBUG    Dispatching [puback] event
Wed, 05 Dec 2018 21:03:30 INFO     Performing sync publish...
Wed, 05 Dec 2018 21:03:30 DEBUG    Produced [puback] event
Wed, 05 Dec 2018 21:03:30 DEBUG    Dispatching [puback] event
Wed, 05 Dec 2018 21:03:31 INFO     Performing sync publish...
Wed, 05 Dec 2018 21:03:31 DEBUG    Produced [puback] event
Wed, 05 Dec 2018 21:03:31 DEBUG    Dispatching [puback] event
Wed, 05 Dec 2018 21:03:32 INFO     Performing sync publish...
Wed, 05 Dec 2018 21:03:32 DEBUG    Produced [puback] event
Wed, 05 Dec 2018 21:03:32 DEBUG    Dispatching [puback] event
Wed, 05 Dec 2018 21:03:33 INFO     Performing sync publish...
Wed, 05 Dec 2018 21:03:33 DEBUG    Produced [puback] event
Wed, 05 Dec 2018 21:03:33 DEBUG    Dispatching [puback] event
Wed, 05 Dec 2018 21:03:34 INFO     Performing sync publish...
Wed, 05 Dec 2018 21:03:34 DEBUG    Produced [puback] event
Wed, 05 Dec 2018 21:03:34 DEBUG    Dispatching [puback] event
Wed, 05 Dec 2018 21:03:35 INFO     Performing sync publish...
Wed, 05 Dec 2018 21:03:35 DEBUG    Produced [puback] event
Wed, 05 Dec 2018 21:03:35 DEBUG    Dispatching [puback] event
Wed, 05 Dec 2018 21:03:36 INFO     Performing sync publish...
Wed, 05 Dec 2018 21:03:36 DEBUG    Produced [puback] event
Wed, 05 Dec 2018 21:03:36 DEBUG    Dispatching [puback] event
Wed, 05 Dec 2018 21:03:37 INFO     Performing sync publish...
Wed, 05 Dec 2018 21:03:37 DEBUG    Produced [puback] event
Wed, 05 Dec 2018 21:03:37 DEBUG    Dispatching [puback] event
Wed, 05 Dec 2018 21:03:38 INFO     Performing sync publish...
Wed, 05 Dec 2018 21:03:38 DEBUG    Produced [puback] event
Wed, 05 Dec 2018 21:03:38 DEBUG    Dispatching [puback] event
Wed, 05 Dec 2018 21:03:39 INFO     Performing sync publish...
Wed, 05 Dec 2018 21:03:39 DEBUG    Produced [puback] event
Wed, 05 Dec 2018 21:03:39 DEBUG    Dispatching [puback] event
Wed, 05 Dec 2018 21:03:40 INFO     Performing sync publish...
Wed, 05 Dec 2018 21:03:40 DEBUG    Produced [puback] event
Wed, 05 Dec 2018 21:03:40 DEBUG    Dispatching [puback] event
Wed, 05 Dec 2018 21:03:41 INFO     Performing sync publish...
Wed, 05 Dec 2018 21:03:41 DEBUG    Produced [puback] event
Wed, 05 Dec 2018 21:03:41 DEBUG    Dispatching [puback] event
Wed, 05 Dec 2018 21:03:42 INFO     Performing sync publish...
Wed, 05 Dec 2018 21:03:42 DEBUG    Produced [puback] event
Wed, 05 Dec 2018 21:03:42 DEBUG    Dispatching [puback] event
Wed, 05 Dec 2018 21:03:42 DEBUG    stableConnection: Resetting the backoff time to: 1 sec.
Wed, 05 Dec 2018 21:03:43 INFO     Performing sync publish...
Wed, 05 Dec 2018 21:03:43 DEBUG    Produced [puback] event
Wed, 05 Dec 2018 21:03:43 DEBUG    Dispatching [puback] event
Wed, 05 Dec 2018 21:03:44 INFO     Performing sync publish...
Wed, 05 Dec 2018 21:03:44 DEBUG    Produced [puback] event
Wed, 05 Dec 2018 21:03:44 DEBUG    Dispatching [puback] event
Wed, 05 Dec 2018 21:03:45 INFO     Performing sync publish...
Wed, 05 Dec 2018 21:03:45 DEBUG    Produced [puback] event
Wed, 05 Dec 2018 21:03:45 DEBUG    Dispatching [puback] event
Wed, 05 Dec 2018 21:03:46 INFO     Performing sync publish...
Wed, 05 Dec 2018 21:03:46 DEBUG    Produced [puback] event
Wed, 05 Dec 2018 21:03:46 DEBUG    Dispatching [puback] event
Wed, 05 Dec 2018 21:03:47 INFO     Performing sync publish...
Wed, 05 Dec 2018 21:03:47 DEBUG    Produced [puback] event
Wed, 05 Dec 2018 21:03:47 DEBUG    Dispatching [puback] event
Wed, 05 Dec 2018 21:03:48 INFO     Performing sync publish...
Wed, 05 Dec 2018 21:03:48 DEBUG    Produced [puback] event
Wed, 05 Dec 2018 21:03:48 DEBUG    Dispatching [puback] event
Wed, 05 Dec 2018 21:03:49 INFO     Performing sync publish...
Wed, 05 Dec 2018 21:03:49 DEBUG    Produced [puback] event
Wed, 05 Dec 2018 21:03:49 DEBUG    Dispatching [puback] event
Wed, 05 Dec 2018 21:03:51 INFO     Performing sync publish...
Wed, 05 Dec 2018 21:03:51 DEBUG    Produced [puback] event
Wed, 05 Dec 2018 21:03:51 DEBUG    Dispatching [puback] event
Wed, 05 Dec 2018 21:03:52 INFO     Performing sync publish...
Wed, 05 Dec 2018 21:03:52 DEBUG    Produced [puback] event
Wed, 05 Dec 2018 21:03:52 DEBUG    Dispatching [puback] event
Wed, 05 Dec 2018 21:03:53 INFO     Performing sync publish...
Wed, 05 Dec 2018 21:03:53 DEBUG    Produced [puback] event
Wed, 05 Dec 2018 21:03:53 DEBUG    Dispatching [puback] event
Wed, 05 Dec 2018 21:03:54 INFO     Performing sync publish...
Wed, 05 Dec 2018 21:03:54 DEBUG    Produced [puback] event
Wed, 05 Dec 2018 21:03:54 DEBUG    Dispatching [puback] event
Wed, 05 Dec 2018 21:03:55 INFO     Performing sync publish...
Wed, 05 Dec 2018 21:03:55 DEBUG    Produced [puback] event
Wed, 05 Dec 2018 21:03:55 DEBUG    Dispatching [puback] event
Wed, 05 Dec 2018 21:03:56 INFO     Performing sync publish...
Wed, 05 Dec 2018 21:03:56 DEBUG    Produced [puback] event
Wed, 05 Dec 2018 21:03:56 DEBUG    Dispatching [puback] event
Wed, 05 Dec 2018 21:03:57 INFO     Performing sync publish...
Wed, 05 Dec 2018 21:03:57 DEBUG    Produced [puback] event
Wed, 05 Dec 2018 21:03:57 DEBUG    Dispatching [puback] event
Wed, 05 Dec 2018 21:03:58 INFO     Performing sync publish...
Wed, 05 Dec 2018 21:03:58 DEBUG    Produced [puback] event
Wed, 05 Dec 2018 21:03:58 DEBUG    Dispatching [puback] event
Wed, 05 Dec 2018 21:03:59 INFO     Performing sync publish...
Wed, 05 Dec 2018 21:03:59 DEBUG    Produced [puback] event
Wed, 05 Dec 2018 21:03:59 DEBUG    Dispatching [puback] event
Wed, 05 Dec 2018 21:04:00 INFO     Performing sync publish...
Wed, 05 Dec 2018 21:04:00 DEBUG    Produced [puback] event
Wed, 05 Dec 2018 21:04:00 DEBUG    Dispatching [puback] event
Wed, 05 Dec 2018 21:04:01 INFO     Performing sync publish...
Wed, 05 Dec 2018 21:04:01 DEBUG    Produced [puback] event
Wed, 05 Dec 2018 21:04:01 DEBUG    Dispatching [puback] event
Wed, 05 Dec 2018 21:04:02 INFO     Performing sync publish...
Wed, 05 Dec 2018 21:04:02 DEBUG    Produced [puback] event
Wed, 05 Dec 2018 21:04:02 DEBUG    Dispatching [puback] event
Wed, 05 Dec 2018 21:04:03 INFO     Performing sync publish...
Wed, 05 Dec 2018 21:04:03 DEBUG    Produced [puback] event
Wed, 05 Dec 2018 21:04:03 DEBUG    Dispatching [puback] event
Wed, 05 Dec 2018 21:04:04 INFO     Performing sync publish...
Wed, 05 Dec 2018 21:04:04 DEBUG    Produced [puback] event
Wed, 05 Dec 2018 21:04:04 DEBUG    Dispatching [puback] event
Wed, 05 Dec 2018 21:04:05 INFO     Performing sync publish...
Wed, 05 Dec 2018 21:04:05 DEBUG    Produced [puback] event
Wed, 05 Dec 2018 21:04:05 DEBUG    Dispatching [puback] event
Wed, 05 Dec 2018 21:04:06 INFO     Performing sync publish...
Wed, 05 Dec 2018 21:04:06 DEBUG    Produced [puback] event
Wed, 05 Dec 2018 21:04:06 DEBUG    Dispatching [puback] event
Wed, 05 Dec 2018 21:04:07 INFO     Performing sync publish...
Wed, 05 Dec 2018 21:04:07 DEBUG    Produced [puback] event
Wed, 05 Dec 2018 21:04:07 DEBUG    Dispatching [puback] event
Wed, 05 Dec 2018 21:04:08 INFO     Performing sync publish...
Wed, 05 Dec 2018 21:04:08 DEBUG    Produced [puback] event
Wed, 05 Dec 2018 21:04:08 DEBUG    Dispatching [puback] event
Wed, 05 Dec 2018 21:04:09 INFO     Performing sync publish...
Wed, 05 Dec 2018 21:04:09 DEBUG    Produced [puback] event
Wed, 05 Dec 2018 21:04:09 DEBUG    Dispatching [puback] event
Wed, 05 Dec 2018 21:04:10 INFO     Performing sync publish...
Wed, 05 Dec 2018 21:04:10 DEBUG    Produced [puback] event
Wed, 05 Dec 2018 21:04:10 DEBUG    Dispatching [puback] event
Wed, 05 Dec 2018 21:04:11 INFO     Performing sync publish...
Wed, 05 Dec 2018 21:04:11 DEBUG    Produced [puback] event
Wed, 05 Dec 2018 21:04:11 DEBUG    Dispatching [puback] event
Wed, 05 Dec 2018 21:04:12 INFO     Performing sync publish...
Wed, 05 Dec 2018 21:04:12 DEBUG    Produced [puback] event
Wed, 05 Dec 2018 21:04:12 DEBUG    Dispatching [puback] event
Wed, 05 Dec 2018 21:04:13 INFO     Performing sync publish...
Wed, 05 Dec 2018 21:04:13 DEBUG    Produced [puback] event
Wed, 05 Dec 2018 21:04:13 DEBUG    Dispatching [puback] event
Wed, 05 Dec 2018 21:04:14 INFO     Performing sync publish...
Wed, 05 Dec 2018 21:04:14 DEBUG    Produced [puback] event
Wed, 05 Dec 2018 21:04:14 DEBUG    Dispatching [puback] event
