Tue, 20 Nov 2018 17:54:27 DEBUG    Config file loaded : config.py
Tue, 20 Nov 2018 17:54:27 DEBUG    Config file loaded : config.py
Tue, 20 Nov 2018 17:54:27 DEBUG    Initializing MQTT layer...
Tue, 20 Nov 2018 17:54:27 DEBUG    Registering internal event callbacks to MQTT layer...
Tue, 20 Nov 2018 17:54:27 INFO     MqttCore initialized
Tue, 20 Nov 2018 17:54:27 INFO     Client id: SDM120_ENERGY_METER
Tue, 20 Nov 2018 17:54:27 INFO     Protocol version: MQTTv3.1.1
Tue, 20 Nov 2018 17:54:27 INFO     Authentication type: TLSv1.2 certificate based Mutual Auth.
Tue, 20 Nov 2018 17:54:27 INFO     Configuring endpoint...
Tue, 20 Nov 2018 17:54:27 DEBUG    MODBUS Config loadedMODBUS.py
Tue, 20 Nov 2018 17:54:27 INFO     Configuring certificates...
Tue, 20 Nov 2018 17:54:27 INFO     Configuring reconnect back off timing...
Tue, 20 Nov 2018 17:54:27 INFO     Base quiet time: 1.000000 sec
Tue, 20 Nov 2018 17:54:27 INFO     Max quiet time: 32.000000 sec
Tue, 20 Nov 2018 17:54:27 INFO     Stable connection time: 20.000000 sec
Tue, 20 Nov 2018 17:54:27 INFO     Configuring offline requests queueing: max queue size: -1
Tue, 20 Nov 2018 17:54:27 INFO     Configuring offline requests queue draining interval: 0.500000 sec
Tue, 20 Nov 2018 17:54:27 INFO     Configuring connect/disconnect time out: 10.000000 sec
Tue, 20 Nov 2018 17:54:27 INFO     Configuring MQTT operation time out: 5.000000 sec
Tue, 20 Nov 2018 17:54:27 INFO     Performing sync connect...
Tue, 20 Nov 2018 17:54:27 INFO     Performing async connect...
Tue, 20 Nov 2018 17:54:27 INFO     Keep-alive: 600.000000 sec
Tue, 20 Nov 2018 17:54:27 DEBUG    Event consuming thread started
Tue, 20 Nov 2018 17:54:27 DEBUG    Passing in general notification callbacks to internal client...
Tue, 20 Nov 2018 17:54:27 DEBUG    Filling in fixed event callbacks: CONNACK, DISCONNECT, MESSAGE
Tue, 20 Nov 2018 17:54:29 DEBUG    Starting network I/O thread...
Tue, 20 Nov 2018 17:54:29 DEBUG    Produced [connack] event
Tue, 20 Nov 2018 17:54:29 DEBUG    Dispatching [connack] event
Tue, 20 Nov 2018 17:54:29 DEBUG    No need for recovery
Tue, 20 Nov 2018 17:54:29 DEBUG    Invoking custom event callback...
Tue, 20 Nov 2018 17:54:29 INFO     Performing sync publish...
Tue, 20 Nov 2018 17:54:29 DEBUG    Produced [puback] event
Tue, 20 Nov 2018 17:54:29 DEBUG    Dispatching [puback] event
Tue, 20 Nov 2018 17:54:29 INFO     Performing sync publish...
Tue, 20 Nov 2018 17:54:29 DEBUG    Produced [puback] event
Tue, 20 Nov 2018 17:54:29 DEBUG    Dispatching [puback] event
Tue, 20 Nov 2018 17:54:29 INFO     Performing sync publish...
Tue, 20 Nov 2018 17:54:29 DEBUG    Produced [puback] event
Tue, 20 Nov 2018 17:54:29 DEBUG    Dispatching [puback] event
Tue, 20 Nov 2018 17:54:29 INFO     Performing sync publish...
Tue, 20 Nov 2018 17:54:29 DEBUG    Produced [puback] event
Tue, 20 Nov 2018 17:54:29 DEBUG    Dispatching [puback] event
Tue, 20 Nov 2018 17:54:29 INFO     Performing sync publish...
Tue, 20 Nov 2018 17:54:29 DEBUG    Produced [puback] event
Tue, 20 Nov 2018 17:54:29 DEBUG    Dispatching [puback] event
Tue, 20 Nov 2018 17:54:34 INFO     Performing sync publish...
Tue, 20 Nov 2018 17:54:34 DEBUG    Produced [puback] event
Tue, 20 Nov 2018 17:54:34 DEBUG    Dispatching [puback] event
Tue, 20 Nov 2018 17:54:34 INFO     Performing sync publish...
Tue, 20 Nov 2018 17:54:34 DEBUG    Produced [puback] event
Tue, 20 Nov 2018 17:54:34 DEBUG    Dispatching [puback] event
Tue, 20 Nov 2018 17:54:34 INFO     Performing sync publish...
Tue, 20 Nov 2018 17:54:34 DEBUG    Produced [puback] event
Tue, 20 Nov 2018 17:54:34 DEBUG    Dispatching [puback] event
Tue, 20 Nov 2018 17:54:34 INFO     Performing sync publish...
Tue, 20 Nov 2018 17:54:34 DEBUG    Produced [puback] event
Tue, 20 Nov 2018 17:54:34 DEBUG    Dispatching [puback] event
Tue, 20 Nov 2018 17:54:34 INFO     Performing sync publish...
Tue, 20 Nov 2018 17:54:34 DEBUG    Produced [puback] event
Tue, 20 Nov 2018 17:54:34 DEBUG    Dispatching [puback] event
Tue, 20 Nov 2018 17:54:39 INFO     Performing sync publish...
Tue, 20 Nov 2018 17:54:39 DEBUG    Produced [puback] event
Tue, 20 Nov 2018 17:54:39 DEBUG    Dispatching [puback] event
Tue, 20 Nov 2018 17:54:39 INFO     Performing sync publish...
Tue, 20 Nov 2018 17:54:39 DEBUG    Produced [puback] event
Tue, 20 Nov 2018 17:54:39 DEBUG    Dispatching [puback] event
Tue, 20 Nov 2018 17:54:39 INFO     Performing sync publish...
Tue, 20 Nov 2018 17:54:39 DEBUG    Produced [puback] event
Tue, 20 Nov 2018 17:54:39 DEBUG    Dispatching [puback] event
Tue, 20 Nov 2018 17:54:39 INFO     Performing sync publish...
Tue, 20 Nov 2018 17:54:39 DEBUG    Produced [puback] event
Tue, 20 Nov 2018 17:54:39 DEBUG    Dispatching [puback] event
Tue, 20 Nov 2018 17:54:39 INFO     Performing sync publish...
Tue, 20 Nov 2018 17:54:39 DEBUG    Produced [puback] event
Tue, 20 Nov 2018 17:54:39 DEBUG    Dispatching [puback] event
Tue, 20 Nov 2018 17:54:44 INFO     Performing sync publish...
Tue, 20 Nov 2018 17:54:44 DEBUG    Produced [puback] event
Tue, 20 Nov 2018 17:54:44 DEBUG    Dispatching [puback] event
Tue, 20 Nov 2018 17:54:44 INFO     Performing sync publish...
Tue, 20 Nov 2018 17:54:44 DEBUG    Produced [puback] event
Tue, 20 Nov 2018 17:54:44 DEBUG    Dispatching [puback] event
Tue, 20 Nov 2018 17:54:44 INFO     Performing sync publish...
Tue, 20 Nov 2018 17:54:44 DEBUG    Produced [puback] event
Tue, 20 Nov 2018 17:54:44 DEBUG    Dispatching [puback] event
Tue, 20 Nov 2018 17:54:44 INFO     Performing sync publish...
Tue, 20 Nov 2018 17:54:44 DEBUG    Produced [puback] event
Tue, 20 Nov 2018 17:54:44 DEBUG    Dispatching [puback] event
Tue, 20 Nov 2018 17:54:44 INFO     Performing sync publish...
Tue, 20 Nov 2018 17:54:44 DEBUG    Produced [puback] event
Tue, 20 Nov 2018 17:54:44 DEBUG    Dispatching [puback] event
Tue, 20 Nov 2018 17:54:49 DEBUG    stableConnection: Resetting the backoff time to: 1 sec.
Tue, 20 Nov 2018 17:54:49 INFO     Performing sync publish...
Tue, 20 Nov 2018 17:54:49 DEBUG    Produced [puback] event
Tue, 20 Nov 2018 17:54:49 DEBUG    Dispatching [puback] event
Tue, 20 Nov 2018 17:54:49 INFO     Performing sync publish...
Tue, 20 Nov 2018 17:54:49 DEBUG    Produced [puback] event
Tue, 20 Nov 2018 17:54:49 DEBUG    Dispatching [puback] event
Tue, 20 Nov 2018 17:54:49 INFO     Performing sync publish...
Tue, 20 Nov 2018 17:54:49 DEBUG    Produced [puback] event
Tue, 20 Nov 2018 17:54:49 DEBUG    Dispatching [puback] event
Tue, 20 Nov 2018 17:54:49 INFO     Performing sync publish...
Tue, 20 Nov 2018 17:54:49 DEBUG    Produced [puback] event
Tue, 20 Nov 2018 17:54:49 DEBUG    Dispatching [puback] event
Tue, 20 Nov 2018 17:54:49 INFO     Performing sync publish...
Tue, 20 Nov 2018 17:54:49 DEBUG    Produced [puback] event
Tue, 20 Nov 2018 17:54:49 DEBUG    Dispatching [puback] event
Tue, 20 Nov 2018 17:54:54 INFO     Performing sync publish...
Tue, 20 Nov 2018 17:54:54 DEBUG    Produced [puback] event
Tue, 20 Nov 2018 17:54:54 DEBUG    Dispatching [puback] event
Tue, 20 Nov 2018 17:54:54 INFO     Performing sync publish...
Tue, 20 Nov 2018 17:54:54 DEBUG    Produced [puback] event
Tue, 20 Nov 2018 17:54:54 DEBUG    Dispatching [puback] event
Tue, 20 Nov 2018 17:54:54 INFO     Performing sync publish...
Tue, 20 Nov 2018 17:54:54 DEBUG    Produced [puback] event
Tue, 20 Nov 2018 17:54:54 DEBUG    Dispatching [puback] event
Tue, 20 Nov 2018 17:54:54 INFO     Performing sync publish...
Tue, 20 Nov 2018 17:54:54 DEBUG    Produced [puback] event
Tue, 20 Nov 2018 17:54:54 DEBUG    Dispatching [puback] event
Tue, 20 Nov 2018 17:54:54 INFO     Performing sync publish...
Tue, 20 Nov 2018 17:54:54 DEBUG    Produced [puback] event
Tue, 20 Nov 2018 17:54:54 DEBUG    Dispatching [puback] event
Tue, 20 Nov 2018 17:54:59 INFO     Performing sync publish...
Tue, 20 Nov 2018 17:54:59 DEBUG    Produced [puback] event
Tue, 20 Nov 2018 17:54:59 DEBUG    Dispatching [puback] event
Tue, 20 Nov 2018 17:54:59 INFO     Performing sync publish...
Tue, 20 Nov 2018 17:54:59 DEBUG    Produced [puback] event
Tue, 20 Nov 2018 17:54:59 DEBUG    Dispatching [puback] event
Tue, 20 Nov 2018 17:54:59 INFO     Performing sync publish...
Tue, 20 Nov 2018 17:54:59 DEBUG    Produced [puback] event
Tue, 20 Nov 2018 17:54:59 DEBUG    Dispatching [puback] event
Tue, 20 Nov 2018 17:54:59 INFO     Performing sync publish...
Tue, 20 Nov 2018 17:54:59 DEBUG    Produced [puback] event
Tue, 20 Nov 2018 17:54:59 DEBUG    Dispatching [puback] event
Tue, 20 Nov 2018 17:54:59 INFO     Performing sync publish...
Tue, 20 Nov 2018 17:54:59 DEBUG    Produced [puback] event
Tue, 20 Nov 2018 17:54:59 DEBUG    Dispatching [puback] event
Tue, 20 Nov 2018 17:55:04 INFO     Performing sync publish...
Tue, 20 Nov 2018 17:55:04 DEBUG    Produced [puback] event
Tue, 20 Nov 2018 17:55:04 DEBUG    Dispatching [puback] event
Tue, 20 Nov 2018 17:55:04 INFO     Performing sync publish...
Tue, 20 Nov 2018 17:55:04 DEBUG    Produced [puback] event
Tue, 20 Nov 2018 17:55:04 DEBUG    Dispatching [puback] event
Tue, 20 Nov 2018 17:55:04 INFO     Performing sync publish...
Tue, 20 Nov 2018 17:55:04 DEBUG    Produced [puback] event
Tue, 20 Nov 2018 17:55:04 DEBUG    Dispatching [puback] event
Tue, 20 Nov 2018 17:55:04 INFO     Performing sync publish...
Tue, 20 Nov 2018 17:55:04 DEBUG    Produced [puback] event
Tue, 20 Nov 2018 17:55:04 DEBUG    Dispatching [puback] event
Tue, 20 Nov 2018 17:55:04 INFO     Performing sync publish...
Tue, 20 Nov 2018 17:55:04 DEBUG    Produced [puback] event
Tue, 20 Nov 2018 17:55:04 DEBUG    Dispatching [puback] event
Tue, 20 Nov 2018 17:55:09 INFO     Performing sync publish...
Tue, 20 Nov 2018 17:55:09 DEBUG    Produced [puback] event
Tue, 20 Nov 2018 17:55:09 DEBUG    Dispatching [puback] event
Tue, 20 Nov 2018 17:55:09 INFO     Performing sync publish...
Tue, 20 Nov 2018 17:55:09 DEBUG    Produced [puback] event
Tue, 20 Nov 2018 17:55:09 DEBUG    Dispatching [puback] event
Tue, 20 Nov 2018 17:55:09 INFO     Performing sync publish...
Tue, 20 Nov 2018 17:55:09 DEBUG    Produced [puback] event
Tue, 20 Nov 2018 17:55:09 DEBUG    Dispatching [puback] event
Tue, 20 Nov 2018 17:55:09 INFO     Performing sync publish...
Tue, 20 Nov 2018 17:55:09 DEBUG    Produced [puback] event
Tue, 20 Nov 2018 17:55:09 DEBUG    Dispatching [puback] event
Tue, 20 Nov 2018 17:55:09 INFO     Performing sync publish...
Tue, 20 Nov 2018 17:55:09 DEBUG    Produced [puback] event
Tue, 20 Nov 2018 17:55:09 DEBUG    Dispatching [puback] event
Tue, 20 Nov 2018 17:55:14 INFO     Performing sync publish...
Tue, 20 Nov 2018 17:55:14 DEBUG    Produced [puback] event
Tue, 20 Nov 2018 17:55:14 DEBUG    Dispatching [puback] event
Tue, 20 Nov 2018 17:55:14 INFO     Performing sync publish...
Tue, 20 Nov 2018 17:55:14 DEBUG    Produced [puback] event
Tue, 20 Nov 2018 17:55:14 DEBUG    Dispatching [puback] event
Tue, 20 Nov 2018 17:55:15 INFO     Performing sync publish...
Tue, 20 Nov 2018 17:55:15 DEBUG    Produced [puback] event
Tue, 20 Nov 2018 17:55:15 DEBUG    Dispatching [puback] event
Tue, 20 Nov 2018 17:55:15 INFO     Performing sync publish...
Tue, 20 Nov 2018 17:55:15 DEBUG    Produced [puback] event
Tue, 20 Nov 2018 17:55:15 DEBUG    Dispatching [puback] event
Tue, 20 Nov 2018 17:55:15 INFO     Performing sync publish...
Tue, 20 Nov 2018 17:55:15 DEBUG    Produced [puback] event
Tue, 20 Nov 2018 17:55:15 DEBUG    Dispatching [puback] event
Tue, 20 Nov 2018 17:55:20 INFO     Performing sync publish...
Tue, 20 Nov 2018 17:55:20 DEBUG    Produced [puback] event
Tue, 20 Nov 2018 17:55:20 DEBUG    Dispatching [puback] event
Tue, 20 Nov 2018 17:55:20 INFO     Performing sync publish...
Tue, 20 Nov 2018 17:55:20 DEBUG    Produced [puback] event
Tue, 20 Nov 2018 17:55:20 DEBUG    Dispatching [puback] event
Tue, 20 Nov 2018 17:55:20 INFO     Performing sync publish...
Tue, 20 Nov 2018 17:55:20 DEBUG    Produced [puback] event
Tue, 20 Nov 2018 17:55:20 DEBUG    Dispatching [puback] event
Tue, 20 Nov 2018 17:55:20 INFO     Performing sync publish...
Tue, 20 Nov 2018 17:55:20 DEBUG    Produced [puback] event
Tue, 20 Nov 2018 17:55:20 DEBUG    Dispatching [puback] event
Tue, 20 Nov 2018 17:55:20 INFO     Performing sync publish...
Tue, 20 Nov 2018 17:55:20 DEBUG    Produced [puback] event
Tue, 20 Nov 2018 17:55:20 DEBUG    Dispatching [puback] event
Tue, 20 Nov 2018 17:55:25 INFO     Performing sync publish...
Tue, 20 Nov 2018 17:55:25 DEBUG    Produced [puback] event
Tue, 20 Nov 2018 17:55:25 DEBUG    Dispatching [puback] event
Tue, 20 Nov 2018 17:55:25 INFO     Performing sync publish...
Tue, 20 Nov 2018 17:55:25 DEBUG    Produced [puback] event
Tue, 20 Nov 2018 17:55:25 DEBUG    Dispatching [puback] event
Tue, 20 Nov 2018 17:55:25 INFO     Performing sync publish...
Tue, 20 Nov 2018 17:55:25 DEBUG    Produced [puback] event
Tue, 20 Nov 2018 17:55:25 DEBUG    Dispatching [puback] event
Tue, 20 Nov 2018 17:55:25 INFO     Performing sync publish...
Tue, 20 Nov 2018 17:55:25 DEBUG    Produced [puback] event
Tue, 20 Nov 2018 17:55:25 DEBUG    Dispatching [puback] event
Tue, 20 Nov 2018 17:55:25 INFO     Performing sync publish...
Tue, 20 Nov 2018 17:55:25 DEBUG    Produced [puback] event
Tue, 20 Nov 2018 17:55:25 DEBUG    Dispatching [puback] event
Tue, 20 Nov 2018 17:55:30 INFO     Performing sync publish...
Tue, 20 Nov 2018 17:55:30 DEBUG    Produced [puback] event
Tue, 20 Nov 2018 17:55:30 DEBUG    Dispatching [puback] event
Tue, 20 Nov 2018 17:55:30 INFO     Performing sync publish...
Tue, 20 Nov 2018 17:55:30 DEBUG    Produced [puback] event
Tue, 20 Nov 2018 17:55:30 DEBUG    Dispatching [puback] event
Tue, 20 Nov 2018 17:55:30 INFO     Performing sync publish...
Tue, 20 Nov 2018 17:55:30 DEBUG    Produced [puback] event
Tue, 20 Nov 2018 17:55:30 DEBUG    Dispatching [puback] event
Tue, 20 Nov 2018 17:55:30 INFO     Performing sync publish...
Tue, 20 Nov 2018 17:55:30 DEBUG    Produced [puback] event
Tue, 20 Nov 2018 17:55:30 DEBUG    Dispatching [puback] event
Tue, 20 Nov 2018 17:55:30 INFO     Performing sync publish...
Tue, 20 Nov 2018 17:55:30 DEBUG    Produced [puback] event
Tue, 20 Nov 2018 17:55:30 DEBUG    Dispatching [puback] event
Tue, 20 Nov 2018 17:55:35 INFO     Performing sync publish...
Tue, 20 Nov 2018 17:55:35 DEBUG    Produced [puback] event
Tue, 20 Nov 2018 17:55:35 DEBUG    Dispatching [puback] event
Tue, 20 Nov 2018 17:55:35 INFO     Performing sync publish...
Tue, 20 Nov 2018 17:55:35 DEBUG    Produced [puback] event
Tue, 20 Nov 2018 17:55:35 DEBUG    Dispatching [puback] event
Tue, 20 Nov 2018 17:55:35 INFO     Performing sync publish...
Tue, 20 Nov 2018 17:55:35 DEBUG    Produced [puback] event
Tue, 20 Nov 2018 17:55:35 DEBUG    Dispatching [puback] event
Tue, 20 Nov 2018 17:55:35 INFO     Performing sync publish...
Tue, 20 Nov 2018 17:55:35 DEBUG    Produced [puback] event
Tue, 20 Nov 2018 17:55:35 DEBUG    Dispatching [puback] event
Tue, 20 Nov 2018 17:55:35 INFO     Performing sync publish...
Tue, 20 Nov 2018 17:55:35 DEBUG    Produced [puback] event
Tue, 20 Nov 2018 17:55:35 DEBUG    Dispatching [puback] event
Tue, 20 Nov 2018 17:55:40 INFO     Performing sync publish...
Tue, 20 Nov 2018 17:55:40 DEBUG    Produced [puback] event
Tue, 20 Nov 2018 17:55:40 DEBUG    Dispatching [puback] event
Tue, 20 Nov 2018 17:55:40 INFO     Performing sync publish...
Tue, 20 Nov 2018 17:55:40 DEBUG    Produced [puback] event
Tue, 20 Nov 2018 17:55:40 DEBUG    Dispatching [puback] event
Tue, 20 Nov 2018 17:55:40 INFO     Performing sync publish...
Tue, 20 Nov 2018 17:55:40 DEBUG    Produced [puback] event
Tue, 20 Nov 2018 17:55:40 DEBUG    Dispatching [puback] event
Tue, 20 Nov 2018 17:55:40 INFO     Performing sync publish...
Tue, 20 Nov 2018 17:55:40 DEBUG    Produced [puback] event
Tue, 20 Nov 2018 17:55:40 DEBUG    Dispatching [puback] event
Tue, 20 Nov 2018 17:55:40 INFO     Performing sync publish...
Tue, 20 Nov 2018 17:55:40 DEBUG    Produced [puback] event
Tue, 20 Nov 2018 17:55:40 DEBUG    Dispatching [puback] event
Tue, 20 Nov 2018 17:55:45 INFO     Performing sync publish...
Tue, 20 Nov 2018 17:55:45 DEBUG    Produced [puback] event
Tue, 20 Nov 2018 17:55:45 DEBUG    Dispatching [puback] event
Tue, 20 Nov 2018 17:55:45 INFO     Performing sync publish...
Tue, 20 Nov 2018 17:55:45 DEBUG    Produced [puback] event
Tue, 20 Nov 2018 17:55:45 DEBUG    Dispatching [puback] event
Tue, 20 Nov 2018 17:55:45 INFO     Performing sync publish...
Tue, 20 Nov 2018 17:55:45 DEBUG    Produced [puback] event
Tue, 20 Nov 2018 17:55:45 DEBUG    Dispatching [puback] event
Tue, 20 Nov 2018 17:55:45 INFO     Performing sync publish...
Tue, 20 Nov 2018 17:55:45 DEBUG    Produced [puback] event
Tue, 20 Nov 2018 17:55:45 DEBUG    Dispatching [puback] event
Tue, 20 Nov 2018 17:55:45 INFO     Performing sync publish...
Tue, 20 Nov 2018 17:55:45 DEBUG    Produced [puback] event
Tue, 20 Nov 2018 17:55:45 DEBUG    Dispatching [puback] event
Tue, 20 Nov 2018 17:55:50 INFO     Performing sync publish...
Tue, 20 Nov 2018 17:55:50 DEBUG    Produced [puback] event
Tue, 20 Nov 2018 17:55:50 DEBUG    Dispatching [puback] event
Tue, 20 Nov 2018 17:55:50 INFO     Performing sync publish...
Tue, 20 Nov 2018 17:55:50 DEBUG    Produced [puback] event
Tue, 20 Nov 2018 17:55:50 DEBUG    Dispatching [puback] event
Tue, 20 Nov 2018 17:55:50 INFO     Performing sync publish...
Tue, 20 Nov 2018 17:55:50 DEBUG    Produced [puback] event
Tue, 20 Nov 2018 17:55:50 DEBUG    Dispatching [puback] event
Tue, 20 Nov 2018 17:55:50 INFO     Performing sync publish...
Tue, 20 Nov 2018 17:55:50 DEBUG    Produced [puback] event
Tue, 20 Nov 2018 17:55:50 DEBUG    Dispatching [puback] event
Tue, 20 Nov 2018 17:55:50 INFO     Performing sync publish...
Tue, 20 Nov 2018 17:55:50 DEBUG    Produced [puback] event
Tue, 20 Nov 2018 17:55:50 DEBUG    Dispatching [puback] event
Tue, 20 Nov 2018 17:55:55 INFO     Performing sync publish...
Tue, 20 Nov 2018 17:55:55 DEBUG    Produced [puback] event
Tue, 20 Nov 2018 17:55:55 DEBUG    Dispatching [puback] event
Tue, 20 Nov 2018 17:55:55 INFO     Performing sync publish...
Tue, 20 Nov 2018 17:55:55 DEBUG    Produced [puback] event
Tue, 20 Nov 2018 17:55:55 DEBUG    Dispatching [puback] event
Tue, 20 Nov 2018 17:55:55 INFO     Performing sync publish...
Tue, 20 Nov 2018 17:55:55 DEBUG    Produced [puback] event
Tue, 20 Nov 2018 17:55:55 DEBUG    Dispatching [puback] event
Tue, 20 Nov 2018 17:55:55 INFO     Performing sync publish...
Tue, 20 Nov 2018 17:55:55 DEBUG    Produced [puback] event
Tue, 20 Nov 2018 17:55:55 DEBUG    Dispatching [puback] event
Tue, 20 Nov 2018 17:55:55 INFO     Performing sync publish...
Tue, 20 Nov 2018 17:55:55 DEBUG    Produced [puback] event
Tue, 20 Nov 2018 17:55:55 DEBUG    Dispatching [puback] event
Tue, 20 Nov 2018 17:56:00 INFO     Performing sync publish...
Tue, 20 Nov 2018 17:56:00 DEBUG    Produced [puback] event
Tue, 20 Nov 2018 17:56:00 DEBUG    Dispatching [puback] event
Tue, 20 Nov 2018 17:56:00 INFO     Performing sync publish...
Tue, 20 Nov 2018 17:56:00 DEBUG    Produced [puback] event
Tue, 20 Nov 2018 17:56:00 DEBUG    Dispatching [puback] event
Tue, 20 Nov 2018 17:56:00 INFO     Performing sync publish...
Tue, 20 Nov 2018 17:56:00 DEBUG    Produced [puback] event
Tue, 20 Nov 2018 17:56:00 DEBUG    Dispatching [puback] event
Tue, 20 Nov 2018 17:56:00 INFO     Performing sync publish...
Tue, 20 Nov 2018 17:56:00 DEBUG    Produced [puback] event
Tue, 20 Nov 2018 17:56:00 DEBUG    Dispatching [puback] event
Tue, 20 Nov 2018 17:56:00 INFO     Performing sync publish...
Tue, 20 Nov 2018 17:56:00 DEBUG    Produced [puback] event
Tue, 20 Nov 2018 17:56:00 DEBUG    Dispatching [puback] event
Tue, 20 Nov 2018 17:56:05 INFO     Performing sync publish...
Tue, 20 Nov 2018 17:56:05 DEBUG    Produced [puback] event
Tue, 20 Nov 2018 17:56:05 DEBUG    Dispatching [puback] event
Tue, 20 Nov 2018 17:56:05 INFO     Performing sync publish...
Tue, 20 Nov 2018 17:56:05 DEBUG    Produced [puback] event
Tue, 20 Nov 2018 17:56:05 DEBUG    Dispatching [puback] event
Tue, 20 Nov 2018 17:56:05 INFO     Performing sync publish...
Tue, 20 Nov 2018 17:56:05 DEBUG    Produced [puback] event
Tue, 20 Nov 2018 17:56:05 DEBUG    Dispatching [puback] event
Tue, 20 Nov 2018 17:56:05 INFO     Performing sync publish...
Tue, 20 Nov 2018 17:56:05 DEBUG    Produced [puback] event
Tue, 20 Nov 2018 17:56:05 DEBUG    Dispatching [puback] event
Tue, 20 Nov 2018 17:56:05 INFO     Performing sync publish...
Tue, 20 Nov 2018 17:56:05 DEBUG    Produced [puback] event
Tue, 20 Nov 2018 17:56:05 DEBUG    Dispatching [puback] event
Tue, 20 Nov 2018 17:56:10 INFO     Performing sync publish...
Tue, 20 Nov 2018 17:56:10 DEBUG    Produced [puback] event
Tue, 20 Nov 2018 17:56:10 DEBUG    Dispatching [puback] event
Tue, 20 Nov 2018 17:56:10 INFO     Performing sync publish...
Tue, 20 Nov 2018 17:56:10 DEBUG    Produced [puback] event
Tue, 20 Nov 2018 17:56:10 DEBUG    Dispatching [puback] event
Tue, 20 Nov 2018 17:56:10 INFO     Performing sync publish...
Tue, 20 Nov 2018 17:56:10 DEBUG    Produced [puback] event
Tue, 20 Nov 2018 17:56:10 DEBUG    Dispatching [puback] event
Tue, 20 Nov 2018 17:56:10 INFO     Performing sync publish...
Tue, 20 Nov 2018 17:56:10 DEBUG    Produced [puback] event
Tue, 20 Nov 2018 17:56:10 DEBUG    Dispatching [puback] event
Tue, 20 Nov 2018 17:56:10 INFO     Performing sync publish...
Tue, 20 Nov 2018 17:56:10 DEBUG    Produced [puback] event
Tue, 20 Nov 2018 17:56:10 DEBUG    Dispatching [puback] event
Tue, 20 Nov 2018 17:56:15 INFO     Performing sync publish...
Tue, 20 Nov 2018 17:56:15 DEBUG    Produced [puback] event
Tue, 20 Nov 2018 17:56:15 DEBUG    Dispatching [puback] event
Tue, 20 Nov 2018 17:56:15 INFO     Performing sync publish...
Tue, 20 Nov 2018 17:56:15 DEBUG    Produced [puback] event
Tue, 20 Nov 2018 17:56:15 DEBUG    Dispatching [puback] event
Tue, 20 Nov 2018 17:56:15 INFO     Performing sync publish...
Tue, 20 Nov 2018 17:56:15 DEBUG    Produced [puback] event
Tue, 20 Nov 2018 17:56:15 DEBUG    Dispatching [puback] event
Tue, 20 Nov 2018 17:56:15 INFO     Performing sync publish...
Tue, 20 Nov 2018 17:56:15 DEBUG    Produced [puback] event
Tue, 20 Nov 2018 17:56:15 DEBUG    Dispatching [puback] event
Tue, 20 Nov 2018 17:56:15 INFO     Performing sync publish...
Tue, 20 Nov 2018 17:56:15 DEBUG    Produced [puback] event
Tue, 20 Nov 2018 17:56:15 DEBUG    Dispatching [puback] event
Tue, 20 Nov 2018 17:56:20 INFO     Performing sync publish...
Tue, 20 Nov 2018 17:56:20 DEBUG    Produced [puback] event
Tue, 20 Nov 2018 17:56:20 DEBUG    Dispatching [puback] event
Tue, 20 Nov 2018 17:56:20 INFO     Performing sync publish...
Tue, 20 Nov 2018 17:56:20 DEBUG    Produced [puback] event
Tue, 20 Nov 2018 17:56:20 DEBUG    Dispatching [puback] event
Tue, 20 Nov 2018 17:56:20 INFO     Performing sync publish...
Tue, 20 Nov 2018 17:56:20 DEBUG    Produced [puback] event
Tue, 20 Nov 2018 17:56:20 DEBUG    Dispatching [puback] event
Tue, 20 Nov 2018 17:56:20 INFO     Performing sync publish...
Tue, 20 Nov 2018 17:56:20 DEBUG    Produced [puback] event
Tue, 20 Nov 2018 17:56:20 DEBUG    Dispatching [puback] event
Tue, 20 Nov 2018 17:56:20 INFO     Performing sync publish...
Tue, 20 Nov 2018 17:56:20 DEBUG    Produced [puback] event
Tue, 20 Nov 2018 17:56:20 DEBUG    Dispatching [puback] event
Tue, 20 Nov 2018 17:56:25 INFO     Performing sync publish...
Tue, 20 Nov 2018 17:56:25 DEBUG    Produced [puback] event
Tue, 20 Nov 2018 17:56:25 DEBUG    Dispatching [puback] event
Tue, 20 Nov 2018 17:56:25 INFO     Performing sync publish...
Tue, 20 Nov 2018 17:56:25 DEBUG    Produced [puback] event
Tue, 20 Nov 2018 17:56:25 DEBUG    Dispatching [puback] event
Tue, 20 Nov 2018 17:56:25 INFO     Performing sync publish...
Tue, 20 Nov 2018 17:56:25 DEBUG    Produced [puback] event
Tue, 20 Nov 2018 17:56:25 DEBUG    Dispatching [puback] event
Tue, 20 Nov 2018 17:56:25 INFO     Performing sync publish...
Tue, 20 Nov 2018 17:56:25 DEBUG    Produced [puback] event
Tue, 20 Nov 2018 17:56:25 DEBUG    Dispatching [puback] event
Tue, 20 Nov 2018 17:56:25 INFO     Performing sync publish...
Tue, 20 Nov 2018 17:56:25 DEBUG    Produced [puback] event
Tue, 20 Nov 2018 17:56:25 DEBUG    Dispatching [puback] event
Tue, 20 Nov 2018 17:56:30 INFO     Performing sync publish...
Tue, 20 Nov 2018 17:56:30 DEBUG    Produced [puback] event
Tue, 20 Nov 2018 17:56:30 DEBUG    Dispatching [puback] event
Tue, 20 Nov 2018 17:56:30 INFO     Performing sync publish...
Tue, 20 Nov 2018 17:56:30 DEBUG    Produced [puback] event
Tue, 20 Nov 2018 17:56:30 DEBUG    Dispatching [puback] event
Tue, 20 Nov 2018 17:56:30 INFO     Performing sync publish...
Tue, 20 Nov 2018 17:56:30 DEBUG    Produced [puback] event
Tue, 20 Nov 2018 17:56:30 DEBUG    Dispatching [puback] event
Tue, 20 Nov 2018 17:56:30 INFO     Performing sync publish...
Tue, 20 Nov 2018 17:56:30 DEBUG    Produced [puback] event
Tue, 20 Nov 2018 17:56:30 DEBUG    Dispatching [puback] event
Tue, 20 Nov 2018 17:56:30 INFO     Performing sync publish...
Tue, 20 Nov 2018 17:56:30 DEBUG    Produced [puback] event
Tue, 20 Nov 2018 17:56:30 DEBUG    Dispatching [puback] event
Tue, 20 Nov 2018 17:56:35 INFO     Performing sync publish...
Tue, 20 Nov 2018 17:56:35 DEBUG    Produced [puback] event
Tue, 20 Nov 2018 17:56:35 DEBUG    Dispatching [puback] event
Tue, 20 Nov 2018 17:56:35 INFO     Performing sync publish...
Tue, 20 Nov 2018 17:56:35 DEBUG    Produced [puback] event
Tue, 20 Nov 2018 17:56:35 DEBUG    Dispatching [puback] event
Tue, 20 Nov 2018 17:56:35 INFO     Performing sync publish...
Tue, 20 Nov 2018 17:56:35 DEBUG    Produced [puback] event
Tue, 20 Nov 2018 17:56:35 DEBUG    Dispatching [puback] event
Tue, 20 Nov 2018 17:56:35 INFO     Performing sync publish...
Tue, 20 Nov 2018 17:56:35 DEBUG    Produced [puback] event
Tue, 20 Nov 2018 17:56:35 DEBUG    Dispatching [puback] event
Tue, 20 Nov 2018 17:56:35 INFO     Performing sync publish...
Tue, 20 Nov 2018 17:56:35 DEBUG    Produced [puback] event
Tue, 20 Nov 2018 17:56:35 DEBUG    Dispatching [puback] event
Tue, 20 Nov 2018 17:56:40 INFO     Performing sync publish...
Tue, 20 Nov 2018 17:56:40 DEBUG    Produced [puback] event
Tue, 20 Nov 2018 17:56:40 DEBUG    Dispatching [puback] event
Tue, 20 Nov 2018 17:56:40 INFO     Performing sync publish...
Tue, 20 Nov 2018 17:56:40 DEBUG    Produced [puback] event
Tue, 20 Nov 2018 17:56:40 DEBUG    Dispatching [puback] event
Tue, 20 Nov 2018 17:56:40 INFO     Performing sync publish...
Tue, 20 Nov 2018 17:56:40 DEBUG    Produced [puback] event
Tue, 20 Nov 2018 17:56:40 DEBUG    Dispatching [puback] event
Tue, 20 Nov 2018 17:56:40 INFO     Performing sync publish...
Tue, 20 Nov 2018 17:56:40 DEBUG    Produced [puback] event
Tue, 20 Nov 2018 17:56:40 DEBUG    Dispatching [puback] event
Tue, 20 Nov 2018 17:56:40 INFO     Performing sync publish...
Tue, 20 Nov 2018 17:56:40 DEBUG    Produced [puback] event
Tue, 20 Nov 2018 17:56:40 DEBUG    Dispatching [puback] event
Tue, 20 Nov 2018 17:56:45 INFO     Performing sync publish...
Tue, 20 Nov 2018 17:56:45 DEBUG    Produced [puback] event
Tue, 20 Nov 2018 17:56:45 DEBUG    Dispatching [puback] event
Tue, 20 Nov 2018 17:56:45 INFO     Performing sync publish...
Tue, 20 Nov 2018 17:56:45 DEBUG    Produced [puback] event
Tue, 20 Nov 2018 17:56:45 DEBUG    Dispatching [puback] event
Tue, 20 Nov 2018 17:56:45 INFO     Performing sync publish...
Tue, 20 Nov 2018 17:56:45 DEBUG    Produced [puback] event
Tue, 20 Nov 2018 17:56:45 DEBUG    Dispatching [puback] event
Tue, 20 Nov 2018 17:56:45 INFO     Performing sync publish...
Tue, 20 Nov 2018 17:56:45 DEBUG    Produced [puback] event
Tue, 20 Nov 2018 17:56:45 DEBUG    Dispatching [puback] event
Tue, 20 Nov 2018 17:56:45 INFO     Performing sync publish...
Tue, 20 Nov 2018 17:56:45 DEBUG    Produced [puback] event
Tue, 20 Nov 2018 17:56:45 DEBUG    Dispatching [puback] event
Tue, 20 Nov 2018 17:56:50 INFO     Performing sync publish...
Tue, 20 Nov 2018 17:56:50 DEBUG    Produced [puback] event
Tue, 20 Nov 2018 17:56:50 DEBUG    Dispatching [puback] event
Tue, 20 Nov 2018 17:56:50 INFO     Performing sync publish...
Tue, 20 Nov 2018 17:56:50 DEBUG    Produced [puback] event
Tue, 20 Nov 2018 17:56:50 DEBUG    Dispatching [puback] event
Tue, 20 Nov 2018 17:56:50 INFO     Performing sync publish...
Tue, 20 Nov 2018 17:56:50 DEBUG    Produced [puback] event
Tue, 20 Nov 2018 17:56:50 DEBUG    Dispatching [puback] event
Tue, 20 Nov 2018 17:56:50 INFO     Performing sync publish...
Tue, 20 Nov 2018 17:56:50 DEBUG    Produced [puback] event
Tue, 20 Nov 2018 17:56:50 DEBUG    Dispatching [puback] event
Tue, 20 Nov 2018 17:56:50 INFO     Performing sync publish...
Tue, 20 Nov 2018 17:56:50 DEBUG    Produced [puback] event
Tue, 20 Nov 2018 17:56:50 DEBUG    Dispatching [puback] event
