Tue, 20 Nov 2018 18:08:37 DEBUG    Config file loaded : config.py
Tue, 20 Nov 2018 18:08:37 DEBUG    Config file loaded : config.py
Tue, 20 Nov 2018 18:08:37 DEBUG    Initializing MQTT layer...
Tue, 20 Nov 2018 18:08:37 DEBUG    Registering internal event callbacks to MQTT layer...
Tue, 20 Nov 2018 18:08:37 INFO     MqttCore initialized
Tue, 20 Nov 2018 18:08:37 INFO     Client id: SDM120_ENERGY_METER
Tue, 20 Nov 2018 18:08:37 INFO     Protocol version: MQTTv3.1.1
Tue, 20 Nov 2018 18:08:37 INFO     Authentication type: TLSv1.2 certificate based Mutual Auth.
Tue, 20 Nov 2018 18:08:37 INFO     Configuring endpoint...
Tue, 20 Nov 2018 18:08:37 DEBUG    MODBUS Config loadedMODBUS.py
Tue, 20 Nov 2018 18:08:37 INFO     Configuring certificates...
Tue, 20 Nov 2018 18:08:37 INFO     Configuring reconnect back off timing...
Tue, 20 Nov 2018 18:08:37 INFO     Base quiet time: 1.000000 sec
Tue, 20 Nov 2018 18:08:37 INFO     Max quiet time: 32.000000 sec
Tue, 20 Nov 2018 18:08:37 INFO     Stable connection time: 20.000000 sec
Tue, 20 Nov 2018 18:08:37 INFO     Configuring offline requests queueing: max queue size: -1
Tue, 20 Nov 2018 18:08:37 INFO     Configuring offline requests queue draining interval: 0.500000 sec
Tue, 20 Nov 2018 18:08:37 INFO     Configuring connect/disconnect time out: 10.000000 sec
Tue, 20 Nov 2018 18:08:37 INFO     Configuring MQTT operation time out: 5.000000 sec
Tue, 20 Nov 2018 18:08:37 INFO     Performing sync connect...
Tue, 20 Nov 2018 18:08:37 INFO     Performing async connect...
Tue, 20 Nov 2018 18:08:37 INFO     Keep-alive: 600.000000 sec
Tue, 20 Nov 2018 18:08:37 DEBUG    Event consuming thread started
Tue, 20 Nov 2018 18:08:37 DEBUG    Passing in general notification callbacks to internal client...
Tue, 20 Nov 2018 18:08:37 DEBUG    Filling in fixed event callbacks: CONNACK, DISCONNECT, MESSAGE
Tue, 20 Nov 2018 18:08:39 DEBUG    Starting network I/O thread...
Tue, 20 Nov 2018 18:08:40 DEBUG    Produced [connack] event
Tue, 20 Nov 2018 18:08:40 DEBUG    Dispatching [connack] event
Tue, 20 Nov 2018 18:08:40 DEBUG    No need for recovery
Tue, 20 Nov 2018 18:08:40 DEBUG    Invoking custom event callback...
Tue, 20 Nov 2018 18:08:40 INFO     Performing sync publish...
Tue, 20 Nov 2018 18:08:40 DEBUG    Filling in custom puback (QoS>0) event callback...
Tue, 20 Nov 2018 18:08:40 DEBUG    Produced [puback] event
Tue, 20 Nov 2018 18:08:40 DEBUG    Dispatching [puback] event
Tue, 20 Nov 2018 18:08:40 DEBUG    Invoking custom event callback...
Tue, 20 Nov 2018 18:08:40 DEBUG    This custom event callback is for pub/sub/unsub, removing it after invocation...
Tue, 20 Nov 2018 18:08:40 INFO     Performing sync publish...
Tue, 20 Nov 2018 18:08:40 DEBUG    Filling in custom puback (QoS>0) event callback...
Tue, 20 Nov 2018 18:08:40 DEBUG    Produced [puback] event
Tue, 20 Nov 2018 18:08:40 DEBUG    Dispatching [puback] event
Tue, 20 Nov 2018 18:08:40 DEBUG    Invoking custom event callback...
Tue, 20 Nov 2018 18:08:40 DEBUG    This custom event callback is for pub/sub/unsub, removing it after invocation...
Tue, 20 Nov 2018 18:08:40 INFO     Performing sync publish...
Tue, 20 Nov 2018 18:08:40 DEBUG    Filling in custom puback (QoS>0) event callback...
Tue, 20 Nov 2018 18:08:40 DEBUG    Produced [puback] event
Tue, 20 Nov 2018 18:08:40 DEBUG    Dispatching [puback] event
Tue, 20 Nov 2018 18:08:40 DEBUG    Invoking custom event callback...
Tue, 20 Nov 2018 18:08:40 DEBUG    This custom event callback is for pub/sub/unsub, removing it after invocation...
Tue, 20 Nov 2018 18:08:40 INFO     Performing sync publish...
Tue, 20 Nov 2018 18:08:40 DEBUG    Filling in custom puback (QoS>0) event callback...
Tue, 20 Nov 2018 18:08:41 DEBUG    Produced [puback] event
Tue, 20 Nov 2018 18:08:41 DEBUG    Dispatching [puback] event
Tue, 20 Nov 2018 18:08:41 DEBUG    Invoking custom event callback...
Tue, 20 Nov 2018 18:08:41 DEBUG    This custom event callback is for pub/sub/unsub, removing it after invocation...
Tue, 20 Nov 2018 18:08:41 INFO     Performing sync publish...
Tue, 20 Nov 2018 18:08:41 DEBUG    Filling in custom puback (QoS>0) event callback...
Tue, 20 Nov 2018 18:08:41 DEBUG    Produced [puback] event
Tue, 20 Nov 2018 18:08:41 DEBUG    Dispatching [puback] event
Tue, 20 Nov 2018 18:08:41 DEBUG    Invoking custom event callback...
Tue, 20 Nov 2018 18:08:41 DEBUG    This custom event callback is for pub/sub/unsub, removing it after invocation...
Tue, 20 Nov 2018 18:08:46 INFO     Performing sync publish...
Tue, 20 Nov 2018 18:08:46 DEBUG    Filling in custom puback (QoS>0) event callback...
Tue, 20 Nov 2018 18:08:47 DEBUG    Produced [puback] event
Tue, 20 Nov 2018 18:08:47 DEBUG    Dispatching [puback] event
Tue, 20 Nov 2018 18:08:47 DEBUG    Invoking custom event callback...
Tue, 20 Nov 2018 18:08:47 DEBUG    This custom event callback is for pub/sub/unsub, removing it after invocation...
Tue, 20 Nov 2018 18:08:47 INFO     Performing sync publish...
Tue, 20 Nov 2018 18:08:47 DEBUG    Filling in custom puback (QoS>0) event callback...
Tue, 20 Nov 2018 18:08:47 DEBUG    Produced [puback] event
Tue, 20 Nov 2018 18:08:47 DEBUG    Dispatching [puback] event
Tue, 20 Nov 2018 18:08:47 DEBUG    Invoking custom event callback...
Tue, 20 Nov 2018 18:08:47 DEBUG    This custom event callback is for pub/sub/unsub, removing it after invocation...
Tue, 20 Nov 2018 18:08:47 INFO     Performing sync publish...
Tue, 20 Nov 2018 18:08:47 DEBUG    Filling in custom puback (QoS>0) event callback...
Tue, 20 Nov 2018 18:08:47 DEBUG    Produced [puback] event
Tue, 20 Nov 2018 18:08:47 DEBUG    Dispatching [puback] event
Tue, 20 Nov 2018 18:08:47 DEBUG    Invoking custom event callback...
Tue, 20 Nov 2018 18:08:47 DEBUG    This custom event callback is for pub/sub/unsub, removing it after invocation...
Tue, 20 Nov 2018 18:08:48 INFO     Performing sync publish...
Tue, 20 Nov 2018 18:08:48 DEBUG    Filling in custom puback (QoS>0) event callback...
Tue, 20 Nov 2018 18:08:48 DEBUG    Produced [puback] event
Tue, 20 Nov 2018 18:08:48 DEBUG    Dispatching [puback] event
Tue, 20 Nov 2018 18:08:48 DEBUG    Invoking custom event callback...
Tue, 20 Nov 2018 18:08:48 DEBUG    This custom event callback is for pub/sub/unsub, removing it after invocation...
Tue, 20 Nov 2018 18:08:48 INFO     Performing sync publish...
Tue, 20 Nov 2018 18:08:48 DEBUG    Filling in custom puback (QoS>0) event callback...
Tue, 20 Nov 2018 18:08:48 DEBUG    Produced [puback] event
Tue, 20 Nov 2018 18:08:48 DEBUG    Dispatching [puback] event
Tue, 20 Nov 2018 18:08:48 DEBUG    Invoking custom event callback...
Tue, 20 Nov 2018 18:08:48 DEBUG    This custom event callback is for pub/sub/unsub, removing it after invocation...
Tue, 20 Nov 2018 18:08:53 INFO     Performing sync publish...
Tue, 20 Nov 2018 18:08:53 DEBUG    Filling in custom puback (QoS>0) event callback...
Tue, 20 Nov 2018 18:08:54 DEBUG    Produced [puback] event
Tue, 20 Nov 2018 18:08:54 DEBUG    Dispatching [puback] event
Tue, 20 Nov 2018 18:08:54 DEBUG    Invoking custom event callback...
Tue, 20 Nov 2018 18:08:54 DEBUG    This custom event callback is for pub/sub/unsub, removing it after invocation...
Tue, 20 Nov 2018 18:08:54 INFO     Performing sync publish...
Tue, 20 Nov 2018 18:08:54 DEBUG    Filling in custom puback (QoS>0) event callback...
Tue, 20 Nov 2018 18:08:55 DEBUG    Produced [puback] event
Tue, 20 Nov 2018 18:08:55 DEBUG    Dispatching [puback] event
Tue, 20 Nov 2018 18:08:55 DEBUG    Invoking custom event callback...
Tue, 20 Nov 2018 18:08:55 DEBUG    This custom event callback is for pub/sub/unsub, removing it after invocation...
Tue, 20 Nov 2018 18:08:55 INFO     Performing sync publish...
Tue, 20 Nov 2018 18:08:55 DEBUG    Filling in custom puback (QoS>0) event callback...
Tue, 20 Nov 2018 18:08:55 DEBUG    Produced [puback] event
Tue, 20 Nov 2018 18:08:55 DEBUG    Dispatching [puback] event
Tue, 20 Nov 2018 18:08:55 DEBUG    Invoking custom event callback...
Tue, 20 Nov 2018 18:08:55 DEBUG    This custom event callback is for pub/sub/unsub, removing it after invocation...
Tue, 20 Nov 2018 18:08:55 INFO     Performing sync publish...
Tue, 20 Nov 2018 18:08:55 DEBUG    Filling in custom puback (QoS>0) event callback...
Tue, 20 Nov 2018 18:08:55 DEBUG    Produced [puback] event
Tue, 20 Nov 2018 18:08:55 DEBUG    Dispatching [puback] event
Tue, 20 Nov 2018 18:08:55 DEBUG    Invoking custom event callback...
Tue, 20 Nov 2018 18:08:55 DEBUG    This custom event callback is for pub/sub/unsub, removing it after invocation...
Tue, 20 Nov 2018 18:08:55 INFO     Performing sync publish...
Tue, 20 Nov 2018 18:08:55 DEBUG    Filling in custom puback (QoS>0) event callback...
Tue, 20 Nov 2018 18:08:56 DEBUG    Produced [puback] event
Tue, 20 Nov 2018 18:08:56 DEBUG    Dispatching [puback] event
Tue, 20 Nov 2018 18:08:56 DEBUG    Invoking custom event callback...
Tue, 20 Nov 2018 18:08:56 DEBUG    This custom event callback is for pub/sub/unsub, removing it after invocation...
Tue, 20 Nov 2018 18:09:00 DEBUG    stableConnection: Resetting the backoff time to: 1 sec.
Tue, 20 Nov 2018 18:09:01 INFO     Performing sync publish...
Tue, 20 Nov 2018 18:09:01 DEBUG    Filling in custom puback (QoS>0) event callback...
Tue, 20 Nov 2018 18:09:01 DEBUG    Produced [puback] event
Tue, 20 Nov 2018 18:09:01 DEBUG    Dispatching [puback] event
Tue, 20 Nov 2018 18:09:01 DEBUG    Invoking custom event callback...
Tue, 20 Nov 2018 18:09:01 DEBUG    This custom event callback is for pub/sub/unsub, removing it after invocation...
Tue, 20 Nov 2018 18:09:01 INFO     Performing sync publish...
Tue, 20 Nov 2018 18:09:01 DEBUG    Filling in custom puback (QoS>0) event callback...
Tue, 20 Nov 2018 18:09:01 DEBUG    Produced [puback] event
Tue, 20 Nov 2018 18:09:01 DEBUG    Dispatching [puback] event
Tue, 20 Nov 2018 18:09:01 DEBUG    Invoking custom event callback...
Tue, 20 Nov 2018 18:09:01 DEBUG    This custom event callback is for pub/sub/unsub, removing it after invocation...
Tue, 20 Nov 2018 18:09:01 INFO     Performing sync publish...
Tue, 20 Nov 2018 18:09:01 DEBUG    Filling in custom puback (QoS>0) event callback...
Tue, 20 Nov 2018 18:09:01 DEBUG    Produced [puback] event
Tue, 20 Nov 2018 18:09:01 DEBUG    Dispatching [puback] event
Tue, 20 Nov 2018 18:09:01 DEBUG    Invoking custom event callback...
Tue, 20 Nov 2018 18:09:01 DEBUG    This custom event callback is for pub/sub/unsub, removing it after invocation...
Tue, 20 Nov 2018 18:09:01 INFO     Performing sync publish...
Tue, 20 Nov 2018 18:09:01 DEBUG    Filling in custom puback (QoS>0) event callback...
Tue, 20 Nov 2018 18:09:02 DEBUG    Produced [puback] event
Tue, 20 Nov 2018 18:09:02 DEBUG    Dispatching [puback] event
Tue, 20 Nov 2018 18:09:02 DEBUG    Invoking custom event callback...
Tue, 20 Nov 2018 18:09:02 DEBUG    This custom event callback is for pub/sub/unsub, removing it after invocation...
Tue, 20 Nov 2018 18:09:02 INFO     Performing sync publish...
Tue, 20 Nov 2018 18:09:02 DEBUG    Filling in custom puback (QoS>0) event callback...
Tue, 20 Nov 2018 18:09:02 DEBUG    Produced [puback] event
Tue, 20 Nov 2018 18:09:02 DEBUG    Dispatching [puback] event
Tue, 20 Nov 2018 18:09:02 DEBUG    Invoking custom event callback...
Tue, 20 Nov 2018 18:09:02 DEBUG    This custom event callback is for pub/sub/unsub, removing it after invocation...
Tue, 20 Nov 2018 18:09:07 INFO     Performing sync publish...
Tue, 20 Nov 2018 18:09:07 DEBUG    Filling in custom puback (QoS>0) event callback...
Tue, 20 Nov 2018 18:09:08 DEBUG    Produced [puback] event
Tue, 20 Nov 2018 18:09:08 DEBUG    Dispatching [puback] event
Tue, 20 Nov 2018 18:09:08 DEBUG    Invoking custom event callback...
Tue, 20 Nov 2018 18:09:08 DEBUG    This custom event callback is for pub/sub/unsub, removing it after invocation...
Tue, 20 Nov 2018 18:09:08 INFO     Performing sync publish...
Tue, 20 Nov 2018 18:09:08 DEBUG    Filling in custom puback (QoS>0) event callback...
Tue, 20 Nov 2018 18:09:08 DEBUG    Produced [puback] event
Tue, 20 Nov 2018 18:09:08 DEBUG    Dispatching [puback] event
Tue, 20 Nov 2018 18:09:08 DEBUG    Invoking custom event callback...
Tue, 20 Nov 2018 18:09:08 DEBUG    This custom event callback is for pub/sub/unsub, removing it after invocation...
Tue, 20 Nov 2018 18:09:08 INFO     Performing sync publish...
Tue, 20 Nov 2018 18:09:08 DEBUG    Filling in custom puback (QoS>0) event callback...
Tue, 20 Nov 2018 18:09:08 DEBUG    Produced [puback] event
Tue, 20 Nov 2018 18:09:08 DEBUG    Dispatching [puback] event
Tue, 20 Nov 2018 18:09:08 DEBUG    Invoking custom event callback...
Tue, 20 Nov 2018 18:09:08 DEBUG    This custom event callback is for pub/sub/unsub, removing it after invocation...
Tue, 20 Nov 2018 18:09:08 INFO     Performing sync publish...
Tue, 20 Nov 2018 18:09:08 DEBUG    Filling in custom puback (QoS>0) event callback...
Tue, 20 Nov 2018 18:09:09 DEBUG    Produced [puback] event
Tue, 20 Nov 2018 18:09:09 DEBUG    Dispatching [puback] event
Tue, 20 Nov 2018 18:09:09 DEBUG    Invoking custom event callback...
Tue, 20 Nov 2018 18:09:09 DEBUG    This custom event callback is for pub/sub/unsub, removing it after invocation...
Tue, 20 Nov 2018 18:09:09 INFO     Performing sync publish...
Tue, 20 Nov 2018 18:09:09 DEBUG    Filling in custom puback (QoS>0) event callback...
Tue, 20 Nov 2018 18:09:09 DEBUG    Produced [puback] event
Tue, 20 Nov 2018 18:09:09 DEBUG    Dispatching [puback] event
Tue, 20 Nov 2018 18:09:09 DEBUG    Invoking custom event callback...
Tue, 20 Nov 2018 18:09:09 DEBUG    This custom event callback is for pub/sub/unsub, removing it after invocation...
Tue, 20 Nov 2018 18:09:14 INFO     Performing sync publish...
Tue, 20 Nov 2018 18:09:14 DEBUG    Filling in custom puback (QoS>0) event callback...
Tue, 20 Nov 2018 18:09:15 DEBUG    Produced [puback] event
Tue, 20 Nov 2018 18:09:15 DEBUG    Dispatching [puback] event
Tue, 20 Nov 2018 18:09:15 DEBUG    Invoking custom event callback...
Tue, 20 Nov 2018 18:09:15 DEBUG    This custom event callback is for pub/sub/unsub, removing it after invocation...
Tue, 20 Nov 2018 18:09:15 INFO     Performing sync publish...
Tue, 20 Nov 2018 18:09:15 DEBUG    Filling in custom puback (QoS>0) event callback...
Tue, 20 Nov 2018 18:09:15 DEBUG    Produced [puback] event
Tue, 20 Nov 2018 18:09:15 DEBUG    Dispatching [puback] event
Tue, 20 Nov 2018 18:09:15 DEBUG    Invoking custom event callback...
Tue, 20 Nov 2018 18:09:15 DEBUG    This custom event callback is for pub/sub/unsub, removing it after invocation...
Tue, 20 Nov 2018 18:09:15 INFO     Performing sync publish...
Tue, 20 Nov 2018 18:09:15 DEBUG    Filling in custom puback (QoS>0) event callback...
Tue, 20 Nov 2018 18:09:15 DEBUG    Produced [puback] event
Tue, 20 Nov 2018 18:09:15 DEBUG    Dispatching [puback] event
Tue, 20 Nov 2018 18:09:15 DEBUG    Invoking custom event callback...
Tue, 20 Nov 2018 18:09:15 DEBUG    This custom event callback is for pub/sub/unsub, removing it after invocation...
Tue, 20 Nov 2018 18:09:15 INFO     Performing sync publish...
Tue, 20 Nov 2018 18:09:15 DEBUG    Filling in custom puback (QoS>0) event callback...
Tue, 20 Nov 2018 18:09:16 DEBUG    Produced [puback] event
Tue, 20 Nov 2018 18:09:16 DEBUG    Dispatching [puback] event
Tue, 20 Nov 2018 18:09:16 DEBUG    Invoking custom event callback...
Tue, 20 Nov 2018 18:09:16 DEBUG    This custom event callback is for pub/sub/unsub, removing it after invocation...
Tue, 20 Nov 2018 18:09:16 INFO     Performing sync publish...
Tue, 20 Nov 2018 18:09:16 DEBUG    Filling in custom puback (QoS>0) event callback...
Tue, 20 Nov 2018 18:09:16 DEBUG    Produced [puback] event
Tue, 20 Nov 2018 18:09:16 DEBUG    Dispatching [puback] event
Tue, 20 Nov 2018 18:09:16 DEBUG    Invoking custom event callback...
Tue, 20 Nov 2018 18:09:16 DEBUG    This custom event callback is for pub/sub/unsub, removing it after invocation...
Tue, 20 Nov 2018 18:09:21 INFO     Performing sync publish...
Tue, 20 Nov 2018 18:09:21 DEBUG    Filling in custom puback (QoS>0) event callback...
Tue, 20 Nov 2018 18:09:22 DEBUG    Produced [puback] event
Tue, 20 Nov 2018 18:09:22 DEBUG    Dispatching [puback] event
Tue, 20 Nov 2018 18:09:22 DEBUG    Invoking custom event callback...
Tue, 20 Nov 2018 18:09:22 DEBUG    This custom event callback is for pub/sub/unsub, removing it after invocation...
Tue, 20 Nov 2018 18:09:22 INFO     Performing sync publish...
Tue, 20 Nov 2018 18:09:22 DEBUG    Filling in custom puback (QoS>0) event callback...
Tue, 20 Nov 2018 18:09:23 DEBUG    Produced [puback] event
Tue, 20 Nov 2018 18:09:23 DEBUG    Dispatching [puback] event
Tue, 20 Nov 2018 18:09:23 DEBUG    Invoking custom event callback...
Tue, 20 Nov 2018 18:09:23 DEBUG    This custom event callback is for pub/sub/unsub, removing it after invocation...
Tue, 20 Nov 2018 18:09:23 INFO     Performing sync publish...
Tue, 20 Nov 2018 18:09:23 DEBUG    Filling in custom puback (QoS>0) event callback...
Tue, 20 Nov 2018 18:09:23 DEBUG    Produced [puback] event
Tue, 20 Nov 2018 18:09:23 DEBUG    Dispatching [puback] event
Tue, 20 Nov 2018 18:09:23 DEBUG    Invoking custom event callback...
Tue, 20 Nov 2018 18:09:23 DEBUG    This custom event callback is for pub/sub/unsub, removing it after invocation...
Tue, 20 Nov 2018 18:09:23 INFO     Performing sync publish...
Tue, 20 Nov 2018 18:09:23 DEBUG    Filling in custom puback (QoS>0) event callback...
Tue, 20 Nov 2018 18:09:23 DEBUG    Produced [puback] event
Tue, 20 Nov 2018 18:09:23 DEBUG    Dispatching [puback] event
Tue, 20 Nov 2018 18:09:23 DEBUG    Invoking custom event callback...
Tue, 20 Nov 2018 18:09:23 DEBUG    This custom event callback is for pub/sub/unsub, removing it after invocation...
Tue, 20 Nov 2018 18:09:23 INFO     Performing sync publish...
Tue, 20 Nov 2018 18:09:23 DEBUG    Filling in custom puback (QoS>0) event callback...
Tue, 20 Nov 2018 18:09:24 DEBUG    Produced [puback] event
Tue, 20 Nov 2018 18:09:24 DEBUG    Dispatching [puback] event
Tue, 20 Nov 2018 18:09:24 DEBUG    Invoking custom event callback...
Tue, 20 Nov 2018 18:09:24 DEBUG    This custom event callback is for pub/sub/unsub, removing it after invocation...
Tue, 20 Nov 2018 18:09:29 INFO     Performing sync publish...
Tue, 20 Nov 2018 18:09:29 DEBUG    Filling in custom puback (QoS>0) event callback...
Tue, 20 Nov 2018 18:09:31 DEBUG    Produced [puback] event
Tue, 20 Nov 2018 18:09:31 DEBUG    Dispatching [puback] event
Tue, 20 Nov 2018 18:09:31 DEBUG    Invoking custom event callback...
Tue, 20 Nov 2018 18:09:31 DEBUG    This custom event callback is for pub/sub/unsub, removing it after invocation...
Tue, 20 Nov 2018 18:09:31 INFO     Performing sync publish...
Tue, 20 Nov 2018 18:09:31 DEBUG    Filling in custom puback (QoS>0) event callback...
Tue, 20 Nov 2018 18:09:31 DEBUG    Produced [puback] event
Tue, 20 Nov 2018 18:09:31 DEBUG    Dispatching [puback] event
Tue, 20 Nov 2018 18:09:31 DEBUG    Invoking custom event callback...
Tue, 20 Nov 2018 18:09:31 DEBUG    This custom event callback is for pub/sub/unsub, removing it after invocation...
Tue, 20 Nov 2018 18:09:31 INFO     Performing sync publish...
Tue, 20 Nov 2018 18:09:31 DEBUG    Filling in custom puback (QoS>0) event callback...
Tue, 20 Nov 2018 18:09:31 DEBUG    Produced [puback] event
Tue, 20 Nov 2018 18:09:31 DEBUG    Dispatching [puback] event
Tue, 20 Nov 2018 18:09:31 DEBUG    Invoking custom event callback...
Tue, 20 Nov 2018 18:09:31 DEBUG    This custom event callback is for pub/sub/unsub, removing it after invocation...
Tue, 20 Nov 2018 18:09:31 INFO     Performing sync publish...
Tue, 20 Nov 2018 18:09:31 DEBUG    Filling in custom puback (QoS>0) event callback...
Tue, 20 Nov 2018 18:09:32 DEBUG    Produced [puback] event
Tue, 20 Nov 2018 18:09:32 DEBUG    Dispatching [puback] event
Tue, 20 Nov 2018 18:09:32 DEBUG    Invoking custom event callback...
Tue, 20 Nov 2018 18:09:32 DEBUG    This custom event callback is for pub/sub/unsub, removing it after invocation...
Tue, 20 Nov 2018 18:09:32 INFO     Performing sync publish...
Tue, 20 Nov 2018 18:09:32 DEBUG    Filling in custom puback (QoS>0) event callback...
Tue, 20 Nov 2018 18:09:32 DEBUG    Produced [puback] event
Tue, 20 Nov 2018 18:09:32 DEBUG    Dispatching [puback] event
Tue, 20 Nov 2018 18:09:32 DEBUG    Invoking custom event callback...
Tue, 20 Nov 2018 18:09:32 DEBUG    This custom event callback is for pub/sub/unsub, removing it after invocation...
