Tue, 20 Nov 2018 18:46:40 DEBUG    Config file loaded : config.py
Tue, 20 Nov 2018 18:46:40 DEBUG    Config file loaded : config.py
Tue, 20 Nov 2018 18:46:40 DEBUG    Initializing MQTT layer...
Tue, 20 Nov 2018 18:46:40 DEBUG    Registering internal event callbacks to MQTT layer...
Tue, 20 Nov 2018 18:46:40 INFO     MqttCore initialized
Tue, 20 Nov 2018 18:46:40 INFO     Client id: SDM120_ENERGY_METER
Tue, 20 Nov 2018 18:46:40 INFO     Protocol version: MQTTv3.1.1
Tue, 20 Nov 2018 18:46:40 INFO     Authentication type: TLSv1.2 certificate based Mutual Auth.
Tue, 20 Nov 2018 18:46:40 INFO     Configuring endpoint...
Tue, 20 Nov 2018 18:46:40 DEBUG    MODBUS Config loadedMODBUS.py
Tue, 20 Nov 2018 18:46:40 INFO     Configuring certificates...
Tue, 20 Nov 2018 18:46:40 INFO     Configuring reconnect back off timing...
Tue, 20 Nov 2018 18:46:40 INFO     Base quiet time: 1.000000 sec
Tue, 20 Nov 2018 18:46:40 INFO     Max quiet time: 32.000000 sec
Tue, 20 Nov 2018 18:46:40 INFO     Stable connection time: 20.000000 sec
Tue, 20 Nov 2018 18:46:40 INFO     Configuring offline requests queueing: max queue size: -1
Tue, 20 Nov 2018 18:46:40 INFO     Configuring offline requests queue draining interval: 0.500000 sec
Tue, 20 Nov 2018 18:46:40 INFO     Configuring connect/disconnect time out: 10.000000 sec
Tue, 20 Nov 2018 18:46:40 INFO     Configuring MQTT operation time out: 5.000000 sec
Tue, 20 Nov 2018 18:46:40 INFO     Performing sync connect...
Tue, 20 Nov 2018 18:46:40 INFO     Performing async connect...
Tue, 20 Nov 2018 18:46:40 INFO     Keep-alive: 600.000000 sec
Tue, 20 Nov 2018 18:46:40 DEBUG    Event consuming thread started
Tue, 20 Nov 2018 18:46:40 DEBUG    Passing in general notification callbacks to internal client...
Tue, 20 Nov 2018 18:46:40 DEBUG    Filling in fixed event callbacks: CONNACK, DISCONNECT, MESSAGE
Tue, 20 Nov 2018 18:46:43 DEBUG    Starting network I/O thread...
Tue, 20 Nov 2018 18:46:43 DEBUG    Produced [connack] event
Tue, 20 Nov 2018 18:46:43 DEBUG    Dispatching [connack] event
Tue, 20 Nov 2018 18:46:43 DEBUG    No need for recovery
Tue, 20 Nov 2018 18:46:43 DEBUG    Invoking custom event callback...
Tue, 20 Nov 2018 18:46:43 INFO     Performing sync publish...
Tue, 20 Nov 2018 18:46:43 DEBUG    Filling in custom puback (QoS>0) event callback...
Tue, 20 Nov 2018 18:46:44 DEBUG    Produced [puback] event
Tue, 20 Nov 2018 18:46:44 DEBUG    Dispatching [puback] event
Tue, 20 Nov 2018 18:46:44 DEBUG    Invoking custom event callback...
Tue, 20 Nov 2018 18:46:44 DEBUG    This custom event callback is for pub/sub/unsub, removing it after invocation...
Tue, 20 Nov 2018 18:46:44 INFO     Performing sync publish...
Tue, 20 Nov 2018 18:46:44 DEBUG    Filling in custom puback (QoS>0) event callback...
Tue, 20 Nov 2018 18:46:44 DEBUG    Produced [puback] event
Tue, 20 Nov 2018 18:46:44 DEBUG    Dispatching [puback] event
Tue, 20 Nov 2018 18:46:44 DEBUG    Invoking custom event callback...
Tue, 20 Nov 2018 18:46:44 DEBUG    This custom event callback is for pub/sub/unsub, removing it after invocation...
Tue, 20 Nov 2018 18:46:44 INFO     Performing sync publish...
Tue, 20 Nov 2018 18:46:44 DEBUG    Filling in custom puback (QoS>0) event callback...
Tue, 20 Nov 2018 18:46:44 DEBUG    Produced [puback] event
Tue, 20 Nov 2018 18:46:44 DEBUG    Dispatching [puback] event
Tue, 20 Nov 2018 18:46:44 DEBUG    Invoking custom event callback...
Tue, 20 Nov 2018 18:46:44 DEBUG    This custom event callback is for pub/sub/unsub, removing it after invocation...
Tue, 20 Nov 2018 18:46:44 INFO     Performing sync publish...
Tue, 20 Nov 2018 18:46:44 DEBUG    Filling in custom puback (QoS>0) event callback...
Tue, 20 Nov 2018 18:46:45 DEBUG    Produced [puback] event
Tue, 20 Nov 2018 18:46:45 DEBUG    Dispatching [puback] event
Tue, 20 Nov 2018 18:46:45 DEBUG    Invoking custom event callback...
Tue, 20 Nov 2018 18:46:45 DEBUG    This custom event callback is for pub/sub/unsub, removing it after invocation...
Tue, 20 Nov 2018 18:46:45 INFO     Performing sync publish...
Tue, 20 Nov 2018 18:46:45 DEBUG    Filling in custom puback (QoS>0) event callback...
Tue, 20 Nov 2018 18:46:45 DEBUG    Produced [puback] event
Tue, 20 Nov 2018 18:46:45 DEBUG    Dispatching [puback] event
Tue, 20 Nov 2018 18:46:45 DEBUG    Invoking custom event callback...
Tue, 20 Nov 2018 18:46:45 DEBUG    This custom event callback is for pub/sub/unsub, removing it after invocation...
Tue, 20 Nov 2018 18:46:50 INFO     Performing sync publish...
Tue, 20 Nov 2018 18:46:50 DEBUG    Filling in custom puback (QoS>0) event callback...
Tue, 20 Nov 2018 18:46:52 DEBUG    Produced [puback] event
Tue, 20 Nov 2018 18:46:52 DEBUG    Dispatching [puback] event
Tue, 20 Nov 2018 18:46:52 DEBUG    Invoking custom event callback...
Tue, 20 Nov 2018 18:46:52 DEBUG    This custom event callback is for pub/sub/unsub, removing it after invocation...
Tue, 20 Nov 2018 18:46:52 INFO     Performing sync publish...
Tue, 20 Nov 2018 18:46:52 DEBUG    Filling in custom puback (QoS>0) event callback...
Tue, 20 Nov 2018 18:46:53 DEBUG    Produced [puback] event
Tue, 20 Nov 2018 18:46:53 DEBUG    Dispatching [puback] event
Tue, 20 Nov 2018 18:46:53 DEBUG    Invoking custom event callback...
Tue, 20 Nov 2018 18:46:53 DEBUG    This custom event callback is for pub/sub/unsub, removing it after invocation...
Tue, 20 Nov 2018 18:46:53 INFO     Performing sync publish...
Tue, 20 Nov 2018 18:46:53 DEBUG    Filling in custom puback (QoS>0) event callback...
Tue, 20 Nov 2018 18:46:53 DEBUG    Produced [puback] event
Tue, 20 Nov 2018 18:46:53 DEBUG    Dispatching [puback] event
Tue, 20 Nov 2018 18:46:53 DEBUG    Invoking custom event callback...
Tue, 20 Nov 2018 18:46:53 DEBUG    This custom event callback is for pub/sub/unsub, removing it after invocation...
Tue, 20 Nov 2018 18:46:53 INFO     Performing sync publish...
Tue, 20 Nov 2018 18:46:53 DEBUG    Filling in custom puback (QoS>0) event callback...
Tue, 20 Nov 2018 18:46:53 DEBUG    Produced [puback] event
Tue, 20 Nov 2018 18:46:53 DEBUG    Dispatching [puback] event
Tue, 20 Nov 2018 18:46:53 DEBUG    Invoking custom event callback...
Tue, 20 Nov 2018 18:46:53 DEBUG    This custom event callback is for pub/sub/unsub, removing it after invocation...
Tue, 20 Nov 2018 18:46:53 INFO     Performing sync publish...
Tue, 20 Nov 2018 18:46:53 DEBUG    Filling in custom puback (QoS>0) event callback...
Tue, 20 Nov 2018 18:46:54 DEBUG    Produced [puback] event
Tue, 20 Nov 2018 18:46:54 DEBUG    Dispatching [puback] event
Tue, 20 Nov 2018 18:46:54 DEBUG    Invoking custom event callback...
Tue, 20 Nov 2018 18:46:54 DEBUG    This custom event callback is for pub/sub/unsub, removing it after invocation...
Tue, 20 Nov 2018 18:46:59 INFO     Performing sync publish...
Tue, 20 Nov 2018 18:46:59 DEBUG    Filling in custom puback (QoS>0) event callback...
Tue, 20 Nov 2018 18:47:00 DEBUG    Produced [puback] event
Tue, 20 Nov 2018 18:47:00 DEBUG    Dispatching [puback] event
Tue, 20 Nov 2018 18:47:00 DEBUG    Invoking custom event callback...
Tue, 20 Nov 2018 18:47:00 DEBUG    This custom event callback is for pub/sub/unsub, removing it after invocation...
Tue, 20 Nov 2018 18:47:00 INFO     Performing sync publish...
Tue, 20 Nov 2018 18:47:00 DEBUG    Filling in custom puback (QoS>0) event callback...
Tue, 20 Nov 2018 18:47:00 DEBUG    Produced [puback] event
Tue, 20 Nov 2018 18:47:00 DEBUG    Dispatching [puback] event
Tue, 20 Nov 2018 18:47:00 DEBUG    Invoking custom event callback...
Tue, 20 Nov 2018 18:47:00 DEBUG    This custom event callback is for pub/sub/unsub, removing it after invocation...
Tue, 20 Nov 2018 18:47:00 INFO     Performing sync publish...
Tue, 20 Nov 2018 18:47:00 DEBUG    Filling in custom puback (QoS>0) event callback...
Tue, 20 Nov 2018 18:47:00 DEBUG    Produced [puback] event
Tue, 20 Nov 2018 18:47:00 DEBUG    Dispatching [puback] event
Tue, 20 Nov 2018 18:47:00 DEBUG    Invoking custom event callback...
Tue, 20 Nov 2018 18:47:00 DEBUG    This custom event callback is for pub/sub/unsub, removing it after invocation...
Tue, 20 Nov 2018 18:47:00 INFO     Performing sync publish...
Tue, 20 Nov 2018 18:47:00 DEBUG    Filling in custom puback (QoS>0) event callback...
Tue, 20 Nov 2018 18:47:01 DEBUG    Produced [puback] event
Tue, 20 Nov 2018 18:47:01 DEBUG    Dispatching [puback] event
Tue, 20 Nov 2018 18:47:01 DEBUG    Invoking custom event callback...
Tue, 20 Nov 2018 18:47:01 DEBUG    This custom event callback is for pub/sub/unsub, removing it after invocation...
Tue, 20 Nov 2018 18:47:01 INFO     Performing sync publish...
Tue, 20 Nov 2018 18:47:01 DEBUG    Filling in custom puback (QoS>0) event callback...
Tue, 20 Nov 2018 18:47:01 DEBUG    Produced [puback] event
Tue, 20 Nov 2018 18:47:01 DEBUG    Dispatching [puback] event
Tue, 20 Nov 2018 18:47:01 DEBUG    Invoking custom event callback...
Tue, 20 Nov 2018 18:47:01 DEBUG    This custom event callback is for pub/sub/unsub, removing it after invocation...
Tue, 20 Nov 2018 18:47:03 DEBUG    stableConnection: Resetting the backoff time to: 1 sec.
Tue, 20 Nov 2018 18:47:06 INFO     Performing sync publish...
Tue, 20 Nov 2018 18:47:06 DEBUG    Filling in custom puback (QoS>0) event callback...
Tue, 20 Nov 2018 18:47:06 DEBUG    Produced [puback] event
Tue, 20 Nov 2018 18:47:06 DEBUG    Dispatching [puback] event
Tue, 20 Nov 2018 18:47:06 DEBUG    Invoking custom event callback...
Tue, 20 Nov 2018 18:47:06 DEBUG    This custom event callback is for pub/sub/unsub, removing it after invocation...
Tue, 20 Nov 2018 18:47:06 INFO     Performing sync publish...
Tue, 20 Nov 2018 18:47:06 DEBUG    Filling in custom puback (QoS>0) event callback...
Tue, 20 Nov 2018 18:47:07 DEBUG    Produced [puback] event
Tue, 20 Nov 2018 18:47:07 DEBUG    Dispatching [puback] event
Tue, 20 Nov 2018 18:47:07 DEBUG    Invoking custom event callback...
Tue, 20 Nov 2018 18:47:07 DEBUG    This custom event callback is for pub/sub/unsub, removing it after invocation...
Tue, 20 Nov 2018 18:47:07 INFO     Performing sync publish...
Tue, 20 Nov 2018 18:47:07 DEBUG    Filling in custom puback (QoS>0) event callback...
Tue, 20 Nov 2018 18:47:07 DEBUG    Produced [puback] event
Tue, 20 Nov 2018 18:47:07 DEBUG    Dispatching [puback] event
Tue, 20 Nov 2018 18:47:07 DEBUG    Invoking custom event callback...
Tue, 20 Nov 2018 18:47:07 DEBUG    This custom event callback is for pub/sub/unsub, removing it after invocation...
Tue, 20 Nov 2018 18:47:07 INFO     Performing sync publish...
Tue, 20 Nov 2018 18:47:07 DEBUG    Filling in custom puback (QoS>0) event callback...
Tue, 20 Nov 2018 18:47:07 DEBUG    Produced [puback] event
Tue, 20 Nov 2018 18:47:07 DEBUG    Dispatching [puback] event
Tue, 20 Nov 2018 18:47:07 DEBUG    Invoking custom event callback...
Tue, 20 Nov 2018 18:47:07 DEBUG    This custom event callback is for pub/sub/unsub, removing it after invocation...
Tue, 20 Nov 2018 18:47:07 INFO     Performing sync publish...
Tue, 20 Nov 2018 18:47:07 DEBUG    Filling in custom puback (QoS>0) event callback...
Tue, 20 Nov 2018 18:47:08 DEBUG    Produced [puback] event
Tue, 20 Nov 2018 18:47:08 DEBUG    Dispatching [puback] event
Tue, 20 Nov 2018 18:47:08 DEBUG    Invoking custom event callback...
Tue, 20 Nov 2018 18:47:08 DEBUG    This custom event callback is for pub/sub/unsub, removing it after invocation...
Tue, 20 Nov 2018 18:47:13 INFO     Performing sync publish...
Tue, 20 Nov 2018 18:47:13 DEBUG    Filling in custom puback (QoS>0) event callback...
Tue, 20 Nov 2018 18:47:13 DEBUG    Produced [puback] event
Tue, 20 Nov 2018 18:47:13 DEBUG    Dispatching [puback] event
Tue, 20 Nov 2018 18:47:13 DEBUG    Invoking custom event callback...
Tue, 20 Nov 2018 18:47:13 DEBUG    This custom event callback is for pub/sub/unsub, removing it after invocation...
Tue, 20 Nov 2018 18:47:13 INFO     Performing sync publish...
Tue, 20 Nov 2018 18:47:13 DEBUG    Filling in custom puback (QoS>0) event callback...
Tue, 20 Nov 2018 18:47:14 DEBUG    Produced [puback] event
Tue, 20 Nov 2018 18:47:14 DEBUG    Dispatching [puback] event
Tue, 20 Nov 2018 18:47:14 DEBUG    Invoking custom event callback...
Tue, 20 Nov 2018 18:47:14 DEBUG    This custom event callback is for pub/sub/unsub, removing it after invocation...
Tue, 20 Nov 2018 18:47:14 INFO     Performing sync publish...
Tue, 20 Nov 2018 18:47:14 DEBUG    Filling in custom puback (QoS>0) event callback...
Tue, 20 Nov 2018 18:47:14 DEBUG    Produced [puback] event
Tue, 20 Nov 2018 18:47:14 DEBUG    Dispatching [puback] event
Tue, 20 Nov 2018 18:47:14 DEBUG    Invoking custom event callback...
Tue, 20 Nov 2018 18:47:14 DEBUG    This custom event callback is for pub/sub/unsub, removing it after invocation...
Tue, 20 Nov 2018 18:47:14 INFO     Performing sync publish...
Tue, 20 Nov 2018 18:47:14 DEBUG    Filling in custom puback (QoS>0) event callback...
Tue, 20 Nov 2018 18:47:14 DEBUG    Produced [puback] event
Tue, 20 Nov 2018 18:47:14 DEBUG    Dispatching [puback] event
Tue, 20 Nov 2018 18:47:14 DEBUG    Invoking custom event callback...
Tue, 20 Nov 2018 18:47:14 DEBUG    This custom event callback is for pub/sub/unsub, removing it after invocation...
Tue, 20 Nov 2018 18:47:14 INFO     Performing sync publish...
Tue, 20 Nov 2018 18:47:14 DEBUG    Filling in custom puback (QoS>0) event callback...
Tue, 20 Nov 2018 18:47:15 DEBUG    Produced [puback] event
Tue, 20 Nov 2018 18:47:15 DEBUG    Dispatching [puback] event
Tue, 20 Nov 2018 18:47:15 DEBUG    Invoking custom event callback...
Tue, 20 Nov 2018 18:47:15 DEBUG    This custom event callback is for pub/sub/unsub, removing it after invocation...
Tue, 20 Nov 2018 18:47:20 INFO     Performing sync publish...
Tue, 20 Nov 2018 18:47:20 DEBUG    Filling in custom puback (QoS>0) event callback...
Tue, 20 Nov 2018 18:47:20 DEBUG    Produced [puback] event
Tue, 20 Nov 2018 18:47:20 DEBUG    Dispatching [puback] event
Tue, 20 Nov 2018 18:47:20 DEBUG    Invoking custom event callback...
Tue, 20 Nov 2018 18:47:20 DEBUG    This custom event callback is for pub/sub/unsub, removing it after invocation...
Tue, 20 Nov 2018 18:47:20 INFO     Performing sync publish...
Tue, 20 Nov 2018 18:47:20 DEBUG    Filling in custom puback (QoS>0) event callback...
Tue, 20 Nov 2018 18:47:20 DEBUG    Produced [puback] event
Tue, 20 Nov 2018 18:47:20 DEBUG    Dispatching [puback] event
Tue, 20 Nov 2018 18:47:20 DEBUG    Invoking custom event callback...
Tue, 20 Nov 2018 18:47:20 DEBUG    This custom event callback is for pub/sub/unsub, removing it after invocation...
Tue, 20 Nov 2018 18:47:20 INFO     Performing sync publish...
Tue, 20 Nov 2018 18:47:20 DEBUG    Filling in custom puback (QoS>0) event callback...
Tue, 20 Nov 2018 18:47:21 DEBUG    Produced [puback] event
Tue, 20 Nov 2018 18:47:21 DEBUG    Dispatching [puback] event
Tue, 20 Nov 2018 18:47:21 DEBUG    Invoking custom event callback...
Tue, 20 Nov 2018 18:47:21 DEBUG    This custom event callback is for pub/sub/unsub, removing it after invocation...
Tue, 20 Nov 2018 18:47:21 INFO     Performing sync publish...
Tue, 20 Nov 2018 18:47:21 DEBUG    Filling in custom puback (QoS>0) event callback...
Tue, 20 Nov 2018 18:47:21 DEBUG    Produced [puback] event
Tue, 20 Nov 2018 18:47:21 DEBUG    Dispatching [puback] event
Tue, 20 Nov 2018 18:47:21 DEBUG    Invoking custom event callback...
Tue, 20 Nov 2018 18:47:21 DEBUG    This custom event callback is for pub/sub/unsub, removing it after invocation...
Tue, 20 Nov 2018 18:47:21 INFO     Performing sync publish...
Tue, 20 Nov 2018 18:47:21 DEBUG    Filling in custom puback (QoS>0) event callback...
Tue, 20 Nov 2018 18:47:21 DEBUG    Produced [puback] event
Tue, 20 Nov 2018 18:47:21 DEBUG    Dispatching [puback] event
Tue, 20 Nov 2018 18:47:21 DEBUG    Invoking custom event callback...
Tue, 20 Nov 2018 18:47:21 DEBUG    This custom event callback is for pub/sub/unsub, removing it after invocation...
Tue, 20 Nov 2018 18:47:26 INFO     Performing sync publish...
Tue, 20 Nov 2018 18:47:26 DEBUG    Filling in custom puback (QoS>0) event callback...
Tue, 20 Nov 2018 18:47:27 DEBUG    Produced [puback] event
Tue, 20 Nov 2018 18:47:27 DEBUG    Dispatching [puback] event
Tue, 20 Nov 2018 18:47:27 DEBUG    Invoking custom event callback...
Tue, 20 Nov 2018 18:47:27 DEBUG    This custom event callback is for pub/sub/unsub, removing it after invocation...
Tue, 20 Nov 2018 18:47:27 INFO     Performing sync publish...
Tue, 20 Nov 2018 18:47:27 DEBUG    Filling in custom puback (QoS>0) event callback...
Tue, 20 Nov 2018 18:47:27 DEBUG    Produced [puback] event
Tue, 20 Nov 2018 18:47:27 DEBUG    Dispatching [puback] event
Tue, 20 Nov 2018 18:47:27 DEBUG    Invoking custom event callback...
Tue, 20 Nov 2018 18:47:27 DEBUG    This custom event callback is for pub/sub/unsub, removing it after invocation...
Tue, 20 Nov 2018 18:47:27 INFO     Performing sync publish...
Tue, 20 Nov 2018 18:47:27 DEBUG    Filling in custom puback (QoS>0) event callback...
Tue, 20 Nov 2018 18:47:27 DEBUG    Produced [puback] event
Tue, 20 Nov 2018 18:47:27 DEBUG    Dispatching [puback] event
Tue, 20 Nov 2018 18:47:27 DEBUG    Invoking custom event callback...
Tue, 20 Nov 2018 18:47:27 DEBUG    This custom event callback is for pub/sub/unsub, removing it after invocation...
Tue, 20 Nov 2018 18:47:27 INFO     Performing sync publish...
Tue, 20 Nov 2018 18:47:27 DEBUG    Filling in custom puback (QoS>0) event callback...
Tue, 20 Nov 2018 18:47:28 DEBUG    Produced [puback] event
Tue, 20 Nov 2018 18:47:28 DEBUG    Dispatching [puback] event
Tue, 20 Nov 2018 18:47:28 DEBUG    Invoking custom event callback...
Tue, 20 Nov 2018 18:47:28 DEBUG    This custom event callback is for pub/sub/unsub, removing it after invocation...
Tue, 20 Nov 2018 18:47:28 INFO     Performing sync publish...
Tue, 20 Nov 2018 18:47:28 DEBUG    Filling in custom puback (QoS>0) event callback...
Tue, 20 Nov 2018 18:47:28 DEBUG    Produced [puback] event
Tue, 20 Nov 2018 18:47:28 DEBUG    Dispatching [puback] event
Tue, 20 Nov 2018 18:47:28 DEBUG    Invoking custom event callback...
Tue, 20 Nov 2018 18:47:28 DEBUG    This custom event callback is for pub/sub/unsub, removing it after invocation...
Tue, 20 Nov 2018 18:47:33 INFO     Performing sync publish...
Tue, 20 Nov 2018 18:47:33 DEBUG    Filling in custom puback (QoS>0) event callback...
Tue, 20 Nov 2018 18:47:33 DEBUG    Produced [puback] event
Tue, 20 Nov 2018 18:47:33 DEBUG    Dispatching [puback] event
Tue, 20 Nov 2018 18:47:33 DEBUG    Invoking custom event callback...
Tue, 20 Nov 2018 18:47:33 DEBUG    This custom event callback is for pub/sub/unsub, removing it after invocation...
Tue, 20 Nov 2018 18:47:34 INFO     Performing sync publish...
Tue, 20 Nov 2018 18:47:34 DEBUG    Filling in custom puback (QoS>0) event callback...
Tue, 20 Nov 2018 18:47:34 DEBUG    Produced [puback] event
Tue, 20 Nov 2018 18:47:34 DEBUG    Dispatching [puback] event
Tue, 20 Nov 2018 18:47:34 DEBUG    Invoking custom event callback...
Tue, 20 Nov 2018 18:47:34 DEBUG    This custom event callback is for pub/sub/unsub, removing it after invocation...
Tue, 20 Nov 2018 18:47:34 INFO     Performing sync publish...
Tue, 20 Nov 2018 18:47:34 DEBUG    Filling in custom puback (QoS>0) event callback...
Tue, 20 Nov 2018 18:47:34 DEBUG    Produced [puback] event
Tue, 20 Nov 2018 18:47:34 DEBUG    Dispatching [puback] event
Tue, 20 Nov 2018 18:47:34 DEBUG    Invoking custom event callback...
Tue, 20 Nov 2018 18:47:34 DEBUG    This custom event callback is for pub/sub/unsub, removing it after invocation...
Tue, 20 Nov 2018 18:47:34 INFO     Performing sync publish...
Tue, 20 Nov 2018 18:47:34 DEBUG    Filling in custom puback (QoS>0) event callback...
Tue, 20 Nov 2018 18:47:35 DEBUG    Produced [puback] event
Tue, 20 Nov 2018 18:47:35 DEBUG    Dispatching [puback] event
Tue, 20 Nov 2018 18:47:35 DEBUG    Invoking custom event callback...
Tue, 20 Nov 2018 18:47:35 DEBUG    This custom event callback is for pub/sub/unsub, removing it after invocation...
Tue, 20 Nov 2018 18:47:35 INFO     Performing sync publish...
Tue, 20 Nov 2018 18:47:35 DEBUG    Filling in custom puback (QoS>0) event callback...
Tue, 20 Nov 2018 18:47:35 DEBUG    Produced [puback] event
Tue, 20 Nov 2018 18:47:35 DEBUG    Dispatching [puback] event
Tue, 20 Nov 2018 18:47:35 DEBUG    Invoking custom event callback...
Tue, 20 Nov 2018 18:47:35 DEBUG    This custom event callback is for pub/sub/unsub, removing it after invocation...
Tue, 20 Nov 2018 18:47:40 INFO     Performing sync publish...
Tue, 20 Nov 2018 18:47:40 DEBUG    Filling in custom puback (QoS>0) event callback...
Tue, 20 Nov 2018 18:47:40 DEBUG    Produced [puback] event
Tue, 20 Nov 2018 18:47:40 DEBUG    Dispatching [puback] event
Tue, 20 Nov 2018 18:47:40 DEBUG    Invoking custom event callback...
Tue, 20 Nov 2018 18:47:40 DEBUG    This custom event callback is for pub/sub/unsub, removing it after invocation...
Tue, 20 Nov 2018 18:47:40 INFO     Performing sync publish...
Tue, 20 Nov 2018 18:47:40 DEBUG    Filling in custom puback (QoS>0) event callback...
Tue, 20 Nov 2018 18:47:41 DEBUG    Produced [puback] event
Tue, 20 Nov 2018 18:47:41 DEBUG    Dispatching [puback] event
Tue, 20 Nov 2018 18:47:41 DEBUG    Invoking custom event callback...
Tue, 20 Nov 2018 18:47:41 DEBUG    This custom event callback is for pub/sub/unsub, removing it after invocation...
Tue, 20 Nov 2018 18:47:41 INFO     Performing sync publish...
Tue, 20 Nov 2018 18:47:41 DEBUG    Filling in custom puback (QoS>0) event callback...
Tue, 20 Nov 2018 18:47:41 DEBUG    Produced [puback] event
Tue, 20 Nov 2018 18:47:41 DEBUG    Dispatching [puback] event
Tue, 20 Nov 2018 18:47:41 DEBUG    Invoking custom event callback...
Tue, 20 Nov 2018 18:47:41 DEBUG    This custom event callback is for pub/sub/unsub, removing it after invocation...
Tue, 20 Nov 2018 18:47:41 INFO     Performing sync publish...
Tue, 20 Nov 2018 18:47:41 DEBUG    Filling in custom puback (QoS>0) event callback...
Tue, 20 Nov 2018 18:47:41 DEBUG    Produced [puback] event
Tue, 20 Nov 2018 18:47:41 DEBUG    Dispatching [puback] event
Tue, 20 Nov 2018 18:47:41 DEBUG    Invoking custom event callback...
Tue, 20 Nov 2018 18:47:41 DEBUG    This custom event callback is for pub/sub/unsub, removing it after invocation...
Tue, 20 Nov 2018 18:47:41 INFO     Performing sync publish...
Tue, 20 Nov 2018 18:47:41 DEBUG    Filling in custom puback (QoS>0) event callback...
Tue, 20 Nov 2018 18:47:42 DEBUG    Produced [puback] event
Tue, 20 Nov 2018 18:47:42 DEBUG    Dispatching [puback] event
Tue, 20 Nov 2018 18:47:42 DEBUG    Invoking custom event callback...
Tue, 20 Nov 2018 18:47:42 DEBUG    This custom event callback is for pub/sub/unsub, removing it after invocation...
Tue, 20 Nov 2018 18:47:47 INFO     Performing sync publish...
Tue, 20 Nov 2018 18:47:47 DEBUG    Filling in custom puback (QoS>0) event callback...
Tue, 20 Nov 2018 18:47:48 DEBUG    Produced [puback] event
Tue, 20 Nov 2018 18:47:48 DEBUG    Dispatching [puback] event
Tue, 20 Nov 2018 18:47:48 DEBUG    Invoking custom event callback...
Tue, 20 Nov 2018 18:47:48 DEBUG    This custom event callback is for pub/sub/unsub, removing it after invocation...
Tue, 20 Nov 2018 18:47:48 INFO     Performing sync publish...
Tue, 20 Nov 2018 18:47:48 DEBUG    Filling in custom puback (QoS>0) event callback...
Tue, 20 Nov 2018 18:47:48 DEBUG    Produced [puback] event
Tue, 20 Nov 2018 18:47:48 DEBUG    Dispatching [puback] event
Tue, 20 Nov 2018 18:47:48 DEBUG    Invoking custom event callback...
Tue, 20 Nov 2018 18:47:48 DEBUG    This custom event callback is for pub/sub/unsub, removing it after invocation...
Tue, 20 Nov 2018 18:47:48 INFO     Performing sync publish...
Tue, 20 Nov 2018 18:47:48 DEBUG    Filling in custom puback (QoS>0) event callback...
Tue, 20 Nov 2018 18:47:48 DEBUG    Produced [puback] event
Tue, 20 Nov 2018 18:47:48 DEBUG    Dispatching [puback] event
Tue, 20 Nov 2018 18:47:48 DEBUG    Invoking custom event callback...
Tue, 20 Nov 2018 18:47:48 DEBUG    This custom event callback is for pub/sub/unsub, removing it after invocation...
Tue, 20 Nov 2018 18:47:48 INFO     Performing sync publish...
Tue, 20 Nov 2018 18:47:48 DEBUG    Filling in custom puback (QoS>0) event callback...
Tue, 20 Nov 2018 18:47:49 DEBUG    Dispatching [puback] event
Tue, 20 Nov 2018 18:47:49 DEBUG    Produced [puback] event
Tue, 20 Nov 2018 18:47:49 DEBUG    Invoking custom event callback...
Tue, 20 Nov 2018 18:47:49 DEBUG    This custom event callback is for pub/sub/unsub, removing it after invocation...
Tue, 20 Nov 2018 18:47:49 INFO     Performing sync publish...
Tue, 20 Nov 2018 18:47:49 DEBUG    Filling in custom puback (QoS>0) event callback...
Tue, 20 Nov 2018 18:47:49 DEBUG    Produced [puback] event
Tue, 20 Nov 2018 18:47:49 DEBUG    Dispatching [puback] event
Tue, 20 Nov 2018 18:47:49 DEBUG    Invoking custom event callback...
Tue, 20 Nov 2018 18:47:49 DEBUG    This custom event callback is for pub/sub/unsub, removing it after invocation...
Tue, 20 Nov 2018 18:47:54 INFO     Performing sync publish...
Tue, 20 Nov 2018 18:47:54 DEBUG    Filling in custom puback (QoS>0) event callback...
Tue, 20 Nov 2018 18:47:56 DEBUG    Produced [puback] event
Tue, 20 Nov 2018 18:47:56 DEBUG    Dispatching [puback] event
Tue, 20 Nov 2018 18:47:56 DEBUG    Invoking custom event callback...
Tue, 20 Nov 2018 18:47:56 DEBUG    This custom event callback is for pub/sub/unsub, removing it after invocation...
Tue, 20 Nov 2018 18:47:56 INFO     Performing sync publish...
Tue, 20 Nov 2018 18:47:56 DEBUG    Filling in custom puback (QoS>0) event callback...
Tue, 20 Nov 2018 18:47:56 DEBUG    Produced [puback] event
Tue, 20 Nov 2018 18:47:56 DEBUG    Dispatching [puback] event
Tue, 20 Nov 2018 18:47:56 DEBUG    Invoking custom event callback...
Tue, 20 Nov 2018 18:47:56 DEBUG    This custom event callback is for pub/sub/unsub, removing it after invocation...
Tue, 20 Nov 2018 18:47:56 INFO     Performing sync publish...
Tue, 20 Nov 2018 18:47:56 DEBUG    Filling in custom puback (QoS>0) event callback...
Tue, 20 Nov 2018 18:47:56 DEBUG    Produced [puback] event
Tue, 20 Nov 2018 18:47:56 DEBUG    Dispatching [puback] event
Tue, 20 Nov 2018 18:47:56 DEBUG    Invoking custom event callback...
Tue, 20 Nov 2018 18:47:56 DEBUG    This custom event callback is for pub/sub/unsub, removing it after invocation...
Tue, 20 Nov 2018 18:47:56 INFO     Performing sync publish...
Tue, 20 Nov 2018 18:47:56 DEBUG    Filling in custom puback (QoS>0) event callback...
Tue, 20 Nov 2018 18:47:57 DEBUG    Produced [puback] event
Tue, 20 Nov 2018 18:47:57 DEBUG    Dispatching [puback] event
Tue, 20 Nov 2018 18:47:57 DEBUG    Invoking custom event callback...
Tue, 20 Nov 2018 18:47:57 DEBUG    This custom event callback is for pub/sub/unsub, removing it after invocation...
Tue, 20 Nov 2018 18:47:57 INFO     Performing sync publish...
Tue, 20 Nov 2018 18:47:57 DEBUG    Filling in custom puback (QoS>0) event callback...
Tue, 20 Nov 2018 18:47:57 DEBUG    Produced [puback] event
Tue, 20 Nov 2018 18:47:57 DEBUG    Dispatching [puback] event
Tue, 20 Nov 2018 18:47:57 DEBUG    Invoking custom event callback...
Tue, 20 Nov 2018 18:47:57 DEBUG    This custom event callback is for pub/sub/unsub, removing it after invocation...
Tue, 20 Nov 2018 18:48:02 INFO     Performing sync publish...
Tue, 20 Nov 2018 18:48:02 DEBUG    Filling in custom puback (QoS>0) event callback...
Tue, 20 Nov 2018 18:48:03 DEBUG    Produced [puback] event
Tue, 20 Nov 2018 18:48:03 DEBUG    Dispatching [puback] event
Tue, 20 Nov 2018 18:48:03 DEBUG    Invoking custom event callback...
Tue, 20 Nov 2018 18:48:03 DEBUG    This custom event callback is for pub/sub/unsub, removing it after invocation...
Tue, 20 Nov 2018 18:48:03 INFO     Performing sync publish...
Tue, 20 Nov 2018 18:48:03 DEBUG    Filling in custom puback (QoS>0) event callback...
Tue, 20 Nov 2018 18:48:04 DEBUG    Produced [puback] event
Tue, 20 Nov 2018 18:48:04 DEBUG    Dispatching [puback] event
Tue, 20 Nov 2018 18:48:04 DEBUG    Invoking custom event callback...
Tue, 20 Nov 2018 18:48:04 DEBUG    This custom event callback is for pub/sub/unsub, removing it after invocation...
Tue, 20 Nov 2018 18:48:04 INFO     Performing sync publish...
Tue, 20 Nov 2018 18:48:04 DEBUG    Filling in custom puback (QoS>0) event callback...
Tue, 20 Nov 2018 18:48:04 DEBUG    Produced [puback] event
Tue, 20 Nov 2018 18:48:04 DEBUG    Dispatching [puback] event
Tue, 20 Nov 2018 18:48:04 DEBUG    Invoking custom event callback...
Tue, 20 Nov 2018 18:48:04 DEBUG    This custom event callback is for pub/sub/unsub, removing it after invocation...
Tue, 20 Nov 2018 18:48:04 INFO     Performing sync publish...
Tue, 20 Nov 2018 18:48:04 DEBUG    Filling in custom puback (QoS>0) event callback...
Tue, 20 Nov 2018 18:48:05 DEBUG    Produced [puback] event
Tue, 20 Nov 2018 18:48:05 DEBUG    Dispatching [puback] event
Tue, 20 Nov 2018 18:48:05 DEBUG    Invoking custom event callback...
Tue, 20 Nov 2018 18:48:05 DEBUG    This custom event callback is for pub/sub/unsub, removing it after invocation...
Tue, 20 Nov 2018 18:48:05 INFO     Performing sync publish...
Tue, 20 Nov 2018 18:48:05 DEBUG    Filling in custom puback (QoS>0) event callback...
Tue, 20 Nov 2018 18:48:05 DEBUG    Produced [puback] event
Tue, 20 Nov 2018 18:48:05 DEBUG    Dispatching [puback] event
Tue, 20 Nov 2018 18:48:05 DEBUG    Invoking custom event callback...
Tue, 20 Nov 2018 18:48:05 DEBUG    This custom event callback is for pub/sub/unsub, removing it after invocation...
Tue, 20 Nov 2018 18:48:10 INFO     Performing sync publish...
Tue, 20 Nov 2018 18:48:10 DEBUG    Filling in custom puback (QoS>0) event callback...
Tue, 20 Nov 2018 18:48:10 DEBUG    Produced [puback] event
Tue, 20 Nov 2018 18:48:10 DEBUG    Dispatching [puback] event
Tue, 20 Nov 2018 18:48:10 DEBUG    Invoking custom event callback...
Tue, 20 Nov 2018 18:48:10 DEBUG    This custom event callback is for pub/sub/unsub, removing it after invocation...
Tue, 20 Nov 2018 18:48:10 INFO     Performing sync publish...
Tue, 20 Nov 2018 18:48:10 DEBUG    Filling in custom puback (QoS>0) event callback...
Tue, 20 Nov 2018 18:48:11 DEBUG    Produced [puback] event
Tue, 20 Nov 2018 18:48:11 DEBUG    Dispatching [puback] event
Tue, 20 Nov 2018 18:48:11 DEBUG    Invoking custom event callback...
Tue, 20 Nov 2018 18:48:11 DEBUG    This custom event callback is for pub/sub/unsub, removing it after invocation...
Tue, 20 Nov 2018 18:48:11 INFO     Performing sync publish...
Tue, 20 Nov 2018 18:48:11 DEBUG    Filling in custom puback (QoS>0) event callback...
Tue, 20 Nov 2018 18:48:11 DEBUG    Produced [puback] event
Tue, 20 Nov 2018 18:48:11 DEBUG    Dispatching [puback] event
Tue, 20 Nov 2018 18:48:11 DEBUG    Invoking custom event callback...
Tue, 20 Nov 2018 18:48:11 DEBUG    This custom event callback is for pub/sub/unsub, removing it after invocation...
Tue, 20 Nov 2018 18:48:11 INFO     Performing sync publish...
Tue, 20 Nov 2018 18:48:11 DEBUG    Filling in custom puback (QoS>0) event callback...
Tue, 20 Nov 2018 18:48:11 DEBUG    Produced [puback] event
Tue, 20 Nov 2018 18:48:11 DEBUG    Dispatching [puback] event
Tue, 20 Nov 2018 18:48:11 DEBUG    Invoking custom event callback...
Tue, 20 Nov 2018 18:48:11 DEBUG    This custom event callback is for pub/sub/unsub, removing it after invocation...
Tue, 20 Nov 2018 18:48:11 INFO     Performing sync publish...
Tue, 20 Nov 2018 18:48:11 DEBUG    Filling in custom puback (QoS>0) event callback...
Tue, 20 Nov 2018 18:48:12 DEBUG    Produced [puback] event
Tue, 20 Nov 2018 18:48:12 DEBUG    Dispatching [puback] event
Tue, 20 Nov 2018 18:48:12 DEBUG    Invoking custom event callback...
Tue, 20 Nov 2018 18:48:12 DEBUG    This custom event callback is for pub/sub/unsub, removing it after invocation...
Tue, 20 Nov 2018 18:48:17 INFO     Performing sync publish...
Tue, 20 Nov 2018 18:48:17 DEBUG    Filling in custom puback (QoS>0) event callback...
Tue, 20 Nov 2018 18:48:17 DEBUG    Produced [puback] event
Tue, 20 Nov 2018 18:48:17 DEBUG    Dispatching [puback] event
Tue, 20 Nov 2018 18:48:17 DEBUG    Invoking custom event callback...
Tue, 20 Nov 2018 18:48:17 DEBUG    This custom event callback is for pub/sub/unsub, removing it after invocation...
Tue, 20 Nov 2018 18:48:17 INFO     Performing sync publish...
Tue, 20 Nov 2018 18:48:17 DEBUG    Filling in custom puback (QoS>0) event callback...
Tue, 20 Nov 2018 18:48:17 DEBUG    Produced [puback] event
Tue, 20 Nov 2018 18:48:17 DEBUG    Dispatching [puback] event
Tue, 20 Nov 2018 18:48:17 DEBUG    Invoking custom event callback...
Tue, 20 Nov 2018 18:48:17 DEBUG    This custom event callback is for pub/sub/unsub, removing it after invocation...
Tue, 20 Nov 2018 18:48:17 INFO     Performing sync publish...
Tue, 20 Nov 2018 18:48:17 DEBUG    Filling in custom puback (QoS>0) event callback...
Tue, 20 Nov 2018 18:48:18 DEBUG    Produced [puback] event
Tue, 20 Nov 2018 18:48:18 DEBUG    Dispatching [puback] event
Tue, 20 Nov 2018 18:48:18 DEBUG    Invoking custom event callback...
Tue, 20 Nov 2018 18:48:18 DEBUG    This custom event callback is for pub/sub/unsub, removing it after invocation...
Tue, 20 Nov 2018 18:48:18 INFO     Performing sync publish...
Tue, 20 Nov 2018 18:48:18 DEBUG    Filling in custom puback (QoS>0) event callback...
Tue, 20 Nov 2018 18:48:18 DEBUG    Produced [puback] event
Tue, 20 Nov 2018 18:48:18 DEBUG    Dispatching [puback] event
Tue, 20 Nov 2018 18:48:18 DEBUG    Invoking custom event callback...
Tue, 20 Nov 2018 18:48:18 DEBUG    This custom event callback is for pub/sub/unsub, removing it after invocation...
Tue, 20 Nov 2018 18:48:18 INFO     Performing sync publish...
Tue, 20 Nov 2018 18:48:18 DEBUG    Filling in custom puback (QoS>0) event callback...
Tue, 20 Nov 2018 18:48:19 DEBUG    Produced [puback] event
Tue, 20 Nov 2018 18:48:19 DEBUG    Dispatching [puback] event
Tue, 20 Nov 2018 18:48:19 DEBUG    Invoking custom event callback...
Tue, 20 Nov 2018 18:48:19 DEBUG    This custom event callback is for pub/sub/unsub, removing it after invocation...
Tue, 20 Nov 2018 18:48:24 INFO     Performing sync publish...
Tue, 20 Nov 2018 18:48:24 DEBUG    Filling in custom puback (QoS>0) event callback...
Tue, 20 Nov 2018 18:48:25 DEBUG    Produced [puback] event
Tue, 20 Nov 2018 18:48:25 DEBUG    Dispatching [puback] event
Tue, 20 Nov 2018 18:48:25 DEBUG    Invoking custom event callback...
Tue, 20 Nov 2018 18:48:25 DEBUG    This custom event callback is for pub/sub/unsub, removing it after invocation...
Tue, 20 Nov 2018 18:48:25 INFO     Performing sync publish...
Tue, 20 Nov 2018 18:48:25 DEBUG    Filling in custom puback (QoS>0) event callback...
Tue, 20 Nov 2018 18:48:25 DEBUG    Produced [puback] event
Tue, 20 Nov 2018 18:48:25 DEBUG    Dispatching [puback] event
Tue, 20 Nov 2018 18:48:25 DEBUG    Invoking custom event callback...
Tue, 20 Nov 2018 18:48:25 DEBUG    This custom event callback is for pub/sub/unsub, removing it after invocation...
Tue, 20 Nov 2018 18:48:25 INFO     Performing sync publish...
Tue, 20 Nov 2018 18:48:25 DEBUG    Filling in custom puback (QoS>0) event callback...
Tue, 20 Nov 2018 18:48:25 DEBUG    Produced [puback] event
Tue, 20 Nov 2018 18:48:25 DEBUG    Dispatching [puback] event
Tue, 20 Nov 2018 18:48:25 DEBUG    Invoking custom event callback...
Tue, 20 Nov 2018 18:48:25 DEBUG    This custom event callback is for pub/sub/unsub, removing it after invocation...
Tue, 20 Nov 2018 18:48:25 INFO     Performing sync publish...
Tue, 20 Nov 2018 18:48:25 DEBUG    Filling in custom puback (QoS>0) event callback...
Tue, 20 Nov 2018 18:48:26 DEBUG    Produced [puback] event
Tue, 20 Nov 2018 18:48:26 DEBUG    Dispatching [puback] event
Tue, 20 Nov 2018 18:48:26 DEBUG    Invoking custom event callback...
Tue, 20 Nov 2018 18:48:26 DEBUG    This custom event callback is for pub/sub/unsub, removing it after invocation...
Tue, 20 Nov 2018 18:48:26 INFO     Performing sync publish...
Tue, 20 Nov 2018 18:48:26 DEBUG    Filling in custom puback (QoS>0) event callback...
Tue, 20 Nov 2018 18:48:26 DEBUG    Produced [puback] event
Tue, 20 Nov 2018 18:48:26 DEBUG    Dispatching [puback] event
Tue, 20 Nov 2018 18:48:26 DEBUG    Invoking custom event callback...
Tue, 20 Nov 2018 18:48:26 DEBUG    This custom event callback is for pub/sub/unsub, removing it after invocation...
Tue, 20 Nov 2018 18:48:31 INFO     Performing sync publish...
Tue, 20 Nov 2018 18:48:31 DEBUG    Filling in custom puback (QoS>0) event callback...
Tue, 20 Nov 2018 18:48:32 DEBUG    Produced [puback] event
Tue, 20 Nov 2018 18:48:32 DEBUG    Dispatching [puback] event
Tue, 20 Nov 2018 18:48:32 DEBUG    Invoking custom event callback...
Tue, 20 Nov 2018 18:48:32 DEBUG    This custom event callback is for pub/sub/unsub, removing it after invocation...
Tue, 20 Nov 2018 18:48:32 INFO     Performing sync publish...
Tue, 20 Nov 2018 18:48:32 DEBUG    Filling in custom puback (QoS>0) event callback...
Tue, 20 Nov 2018 18:48:33 DEBUG    Produced [puback] event
Tue, 20 Nov 2018 18:48:33 DEBUG    Dispatching [puback] event
Tue, 20 Nov 2018 18:48:33 DEBUG    Invoking custom event callback...
Tue, 20 Nov 2018 18:48:33 DEBUG    This custom event callback is for pub/sub/unsub, removing it after invocation...
Tue, 20 Nov 2018 18:48:33 INFO     Performing sync publish...
Tue, 20 Nov 2018 18:48:33 DEBUG    Filling in custom puback (QoS>0) event callback...
Tue, 20 Nov 2018 18:48:33 DEBUG    Produced [puback] event
Tue, 20 Nov 2018 18:48:33 DEBUG    Dispatching [puback] event
Tue, 20 Nov 2018 18:48:33 DEBUG    Invoking custom event callback...
Tue, 20 Nov 2018 18:48:33 DEBUG    This custom event callback is for pub/sub/unsub, removing it after invocation...
Tue, 20 Nov 2018 18:48:33 INFO     Performing sync publish...
Tue, 20 Nov 2018 18:48:33 DEBUG    Filling in custom puback (QoS>0) event callback...
Tue, 20 Nov 2018 18:48:33 DEBUG    Produced [puback] event
Tue, 20 Nov 2018 18:48:33 DEBUG    Dispatching [puback] event
Tue, 20 Nov 2018 18:48:33 DEBUG    Invoking custom event callback...
Tue, 20 Nov 2018 18:48:33 DEBUG    This custom event callback is for pub/sub/unsub, removing it after invocation...
Tue, 20 Nov 2018 18:48:33 INFO     Performing sync publish...
Tue, 20 Nov 2018 18:48:33 DEBUG    Filling in custom puback (QoS>0) event callback...
Tue, 20 Nov 2018 18:48:34 DEBUG    Produced [puback] event
Tue, 20 Nov 2018 18:48:34 DEBUG    Dispatching [puback] event
Tue, 20 Nov 2018 18:48:34 DEBUG    Invoking custom event callback...
Tue, 20 Nov 2018 18:48:34 DEBUG    This custom event callback is for pub/sub/unsub, removing it after invocation...
Tue, 20 Nov 2018 18:48:39 INFO     Performing sync publish...
Tue, 20 Nov 2018 18:48:39 DEBUG    Filling in custom puback (QoS>0) event callback...
Tue, 20 Nov 2018 18:48:40 DEBUG    Produced [puback] event
Tue, 20 Nov 2018 18:48:40 DEBUG    Dispatching [puback] event
Tue, 20 Nov 2018 18:48:40 DEBUG    Invoking custom event callback...
Tue, 20 Nov 2018 18:48:40 DEBUG    This custom event callback is for pub/sub/unsub, removing it after invocation...
Tue, 20 Nov 2018 18:48:40 INFO     Performing sync publish...
Tue, 20 Nov 2018 18:48:40 DEBUG    Filling in custom puback (QoS>0) event callback...
Tue, 20 Nov 2018 18:48:40 DEBUG    Produced [puback] event
Tue, 20 Nov 2018 18:48:40 DEBUG    Dispatching [puback] event
Tue, 20 Nov 2018 18:48:40 DEBUG    Invoking custom event callback...
Tue, 20 Nov 2018 18:48:40 DEBUG    This custom event callback is for pub/sub/unsub, removing it after invocation...
Tue, 20 Nov 2018 18:48:40 INFO     Performing sync publish...
Tue, 20 Nov 2018 18:48:40 DEBUG    Filling in custom puback (QoS>0) event callback...
Tue, 20 Nov 2018 18:48:41 DEBUG    Produced [puback] event
Tue, 20 Nov 2018 18:48:41 DEBUG    Dispatching [puback] event
Tue, 20 Nov 2018 18:48:41 DEBUG    Invoking custom event callback...
Tue, 20 Nov 2018 18:48:41 DEBUG    This custom event callback is for pub/sub/unsub, removing it after invocation...
Tue, 20 Nov 2018 18:48:41 INFO     Performing sync publish...
Tue, 20 Nov 2018 18:48:41 DEBUG    Filling in custom puback (QoS>0) event callback...
Tue, 20 Nov 2018 18:48:41 DEBUG    Produced [puback] event
Tue, 20 Nov 2018 18:48:41 DEBUG    Dispatching [puback] event
Tue, 20 Nov 2018 18:48:41 DEBUG    Invoking custom event callback...
Tue, 20 Nov 2018 18:48:41 DEBUG    This custom event callback is for pub/sub/unsub, removing it after invocation...
Tue, 20 Nov 2018 18:48:41 INFO     Performing sync publish...
Tue, 20 Nov 2018 18:48:41 DEBUG    Filling in custom puback (QoS>0) event callback...
Tue, 20 Nov 2018 18:48:41 DEBUG    Produced [puback] event
Tue, 20 Nov 2018 18:48:41 DEBUG    Dispatching [puback] event
Tue, 20 Nov 2018 18:48:41 DEBUG    Invoking custom event callback...
Tue, 20 Nov 2018 18:48:41 DEBUG    This custom event callback is for pub/sub/unsub, removing it after invocation...
Tue, 20 Nov 2018 18:48:46 INFO     Performing sync publish...
Tue, 20 Nov 2018 18:48:46 DEBUG    Filling in custom puback (QoS>0) event callback...
Tue, 20 Nov 2018 18:48:47 DEBUG    Produced [puback] event
Tue, 20 Nov 2018 18:48:47 DEBUG    Dispatching [puback] event
Tue, 20 Nov 2018 18:48:47 DEBUG    Invoking custom event callback...
Tue, 20 Nov 2018 18:48:47 DEBUG    This custom event callback is for pub/sub/unsub, removing it after invocation...
Tue, 20 Nov 2018 18:48:47 INFO     Performing sync publish...
Tue, 20 Nov 2018 18:48:47 DEBUG    Filling in custom puback (QoS>0) event callback...
Tue, 20 Nov 2018 18:48:47 DEBUG    Produced [puback] event
Tue, 20 Nov 2018 18:48:47 DEBUG    Dispatching [puback] event
Tue, 20 Nov 2018 18:48:47 DEBUG    Invoking custom event callback...
Tue, 20 Nov 2018 18:48:47 DEBUG    This custom event callback is for pub/sub/unsub, removing it after invocation...
Tue, 20 Nov 2018 18:48:47 INFO     Performing sync publish...
Tue, 20 Nov 2018 18:48:47 DEBUG    Filling in custom puback (QoS>0) event callback...
Tue, 20 Nov 2018 18:48:48 DEBUG    Produced [puback] event
Tue, 20 Nov 2018 18:48:48 DEBUG    Dispatching [puback] event
Tue, 20 Nov 2018 18:48:48 DEBUG    Invoking custom event callback...
Tue, 20 Nov 2018 18:48:48 DEBUG    This custom event callback is for pub/sub/unsub, removing it after invocation...
Tue, 20 Nov 2018 18:48:48 INFO     Performing sync publish...
Tue, 20 Nov 2018 18:48:48 DEBUG    Filling in custom puback (QoS>0) event callback...
Tue, 20 Nov 2018 18:48:48 DEBUG    Produced [puback] event
Tue, 20 Nov 2018 18:48:48 DEBUG    Dispatching [puback] event
Tue, 20 Nov 2018 18:48:48 DEBUG    Invoking custom event callback...
Tue, 20 Nov 2018 18:48:48 DEBUG    This custom event callback is for pub/sub/unsub, removing it after invocation...
Tue, 20 Nov 2018 18:48:48 INFO     Performing sync publish...
Tue, 20 Nov 2018 18:48:48 DEBUG    Filling in custom puback (QoS>0) event callback...
Tue, 20 Nov 2018 18:48:48 DEBUG    Produced [puback] event
Tue, 20 Nov 2018 18:48:48 DEBUG    Dispatching [puback] event
Tue, 20 Nov 2018 18:48:48 DEBUG    Invoking custom event callback...
Tue, 20 Nov 2018 18:48:48 DEBUG    This custom event callback is for pub/sub/unsub, removing it after invocation...
Tue, 20 Nov 2018 18:48:53 INFO     Performing sync publish...
Tue, 20 Nov 2018 18:48:53 DEBUG    Filling in custom puback (QoS>0) event callback...
Tue, 20 Nov 2018 18:48:54 DEBUG    Produced [puback] event
Tue, 20 Nov 2018 18:48:54 DEBUG    Dispatching [puback] event
Tue, 20 Nov 2018 18:48:54 DEBUG    Invoking custom event callback...
Tue, 20 Nov 2018 18:48:54 DEBUG    This custom event callback is for pub/sub/unsub, removing it after invocation...
Tue, 20 Nov 2018 18:48:54 INFO     Performing sync publish...
Tue, 20 Nov 2018 18:48:54 DEBUG    Filling in custom puback (QoS>0) event callback...
Tue, 20 Nov 2018 18:48:54 DEBUG    Produced [puback] event
Tue, 20 Nov 2018 18:48:54 DEBUG    Dispatching [puback] event
Tue, 20 Nov 2018 18:48:54 DEBUG    Invoking custom event callback...
Tue, 20 Nov 2018 18:48:54 DEBUG    This custom event callback is for pub/sub/unsub, removing it after invocation...
Tue, 20 Nov 2018 18:48:54 INFO     Performing sync publish...
Tue, 20 Nov 2018 18:48:54 DEBUG    Filling in custom puback (QoS>0) event callback...
Tue, 20 Nov 2018 18:48:54 DEBUG    Produced [puback] event
Tue, 20 Nov 2018 18:48:54 DEBUG    Dispatching [puback] event
Tue, 20 Nov 2018 18:48:54 DEBUG    Invoking custom event callback...
Tue, 20 Nov 2018 18:48:54 DEBUG    This custom event callback is for pub/sub/unsub, removing it after invocation...
Tue, 20 Nov 2018 18:48:54 INFO     Performing sync publish...
Tue, 20 Nov 2018 18:48:54 DEBUG    Filling in custom puback (QoS>0) event callback...
Tue, 20 Nov 2018 18:48:55 DEBUG    Produced [puback] event
Tue, 20 Nov 2018 18:48:55 DEBUG    Dispatching [puback] event
Tue, 20 Nov 2018 18:48:55 DEBUG    Invoking custom event callback...
Tue, 20 Nov 2018 18:48:55 DEBUG    This custom event callback is for pub/sub/unsub, removing it after invocation...
Tue, 20 Nov 2018 18:48:55 INFO     Performing sync publish...
Tue, 20 Nov 2018 18:48:55 DEBUG    Filling in custom puback (QoS>0) event callback...
Tue, 20 Nov 2018 18:48:55 DEBUG    Produced [puback] event
Tue, 20 Nov 2018 18:48:55 DEBUG    Dispatching [puback] event
Tue, 20 Nov 2018 18:48:55 DEBUG    Invoking custom event callback...
Tue, 20 Nov 2018 18:48:55 DEBUG    This custom event callback is for pub/sub/unsub, removing it after invocation...
Tue, 20 Nov 2018 18:49:00 INFO     Performing sync publish...
Tue, 20 Nov 2018 18:49:00 DEBUG    Filling in custom puback (QoS>0) event callback...
Tue, 20 Nov 2018 18:49:00 DEBUG    Produced [puback] event
Tue, 20 Nov 2018 18:49:00 DEBUG    Dispatching [puback] event
Tue, 20 Nov 2018 18:49:00 DEBUG    Invoking custom event callback...
Tue, 20 Nov 2018 18:49:00 DEBUG    This custom event callback is for pub/sub/unsub, removing it after invocation...
Tue, 20 Nov 2018 18:49:00 INFO     Performing sync publish...
Tue, 20 Nov 2018 18:49:00 DEBUG    Filling in custom puback (QoS>0) event callback...
Tue, 20 Nov 2018 18:49:01 DEBUG    Produced [puback] event
Tue, 20 Nov 2018 18:49:01 DEBUG    Dispatching [puback] event
Tue, 20 Nov 2018 18:49:01 DEBUG    Invoking custom event callback...
Tue, 20 Nov 2018 18:49:01 DEBUG    This custom event callback is for pub/sub/unsub, removing it after invocation...
Tue, 20 Nov 2018 18:49:01 INFO     Performing sync publish...
Tue, 20 Nov 2018 18:49:01 DEBUG    Filling in custom puback (QoS>0) event callback...
Tue, 20 Nov 2018 18:49:01 DEBUG    Produced [puback] event
Tue, 20 Nov 2018 18:49:01 DEBUG    Dispatching [puback] event
Tue, 20 Nov 2018 18:49:01 DEBUG    Invoking custom event callback...
Tue, 20 Nov 2018 18:49:01 DEBUG    This custom event callback is for pub/sub/unsub, removing it after invocation...
Tue, 20 Nov 2018 18:49:01 INFO     Performing sync publish...
Tue, 20 Nov 2018 18:49:01 DEBUG    Filling in custom puback (QoS>0) event callback...
Tue, 20 Nov 2018 18:49:01 DEBUG    Produced [puback] event
Tue, 20 Nov 2018 18:49:01 DEBUG    Dispatching [puback] event
Tue, 20 Nov 2018 18:49:01 DEBUG    Invoking custom event callback...
Tue, 20 Nov 2018 18:49:01 DEBUG    This custom event callback is for pub/sub/unsub, removing it after invocation...
Tue, 20 Nov 2018 18:49:01 INFO     Performing sync publish...
Tue, 20 Nov 2018 18:49:01 DEBUG    Filling in custom puback (QoS>0) event callback...
Tue, 20 Nov 2018 18:49:02 DEBUG    Produced [puback] event
Tue, 20 Nov 2018 18:49:02 DEBUG    Dispatching [puback] event
Tue, 20 Nov 2018 18:49:02 DEBUG    Invoking custom event callback...
Tue, 20 Nov 2018 18:49:02 DEBUG    This custom event callback is for pub/sub/unsub, removing it after invocation...
Tue, 20 Nov 2018 18:49:07 INFO     Performing sync publish...
Tue, 20 Nov 2018 18:49:07 DEBUG    Filling in custom puback (QoS>0) event callback...
Tue, 20 Nov 2018 18:49:07 DEBUG    Produced [puback] event
Tue, 20 Nov 2018 18:49:07 DEBUG    Dispatching [puback] event
Tue, 20 Nov 2018 18:49:07 DEBUG    Invoking custom event callback...
Tue, 20 Nov 2018 18:49:07 DEBUG    This custom event callback is for pub/sub/unsub, removing it after invocation...
Tue, 20 Nov 2018 18:49:07 INFO     Performing sync publish...
Tue, 20 Nov 2018 18:49:07 DEBUG    Filling in custom puback (QoS>0) event callback...
Tue, 20 Nov 2018 18:49:08 DEBUG    Produced [puback] event
Tue, 20 Nov 2018 18:49:08 DEBUG    Dispatching [puback] event
Tue, 20 Nov 2018 18:49:08 DEBUG    Invoking custom event callback...
Tue, 20 Nov 2018 18:49:08 DEBUG    This custom event callback is for pub/sub/unsub, removing it after invocation...
Tue, 20 Nov 2018 18:49:08 INFO     Performing sync publish...
Tue, 20 Nov 2018 18:49:08 DEBUG    Filling in custom puback (QoS>0) event callback...
Tue, 20 Nov 2018 18:49:08 DEBUG    Produced [puback] event
Tue, 20 Nov 2018 18:49:08 DEBUG    Dispatching [puback] event
Tue, 20 Nov 2018 18:49:08 DEBUG    Invoking custom event callback...
Tue, 20 Nov 2018 18:49:08 DEBUG    This custom event callback is for pub/sub/unsub, removing it after invocation...
Tue, 20 Nov 2018 18:49:08 INFO     Performing sync publish...
Tue, 20 Nov 2018 18:49:08 DEBUG    Filling in custom puback (QoS>0) event callback...
Tue, 20 Nov 2018 18:49:08 DEBUG    Produced [puback] event
Tue, 20 Nov 2018 18:49:08 DEBUG    Dispatching [puback] event
Tue, 20 Nov 2018 18:49:08 DEBUG    Invoking custom event callback...
Tue, 20 Nov 2018 18:49:08 DEBUG    This custom event callback is for pub/sub/unsub, removing it after invocation...
Tue, 20 Nov 2018 18:49:08 INFO     Performing sync publish...
Tue, 20 Nov 2018 18:49:08 DEBUG    Filling in custom puback (QoS>0) event callback...
Tue, 20 Nov 2018 18:49:09 DEBUG    Produced [puback] event
Tue, 20 Nov 2018 18:49:09 DEBUG    Dispatching [puback] event
Tue, 20 Nov 2018 18:49:09 DEBUG    Invoking custom event callback...
Tue, 20 Nov 2018 18:49:09 DEBUG    This custom event callback is for pub/sub/unsub, removing it after invocation...
Tue, 20 Nov 2018 18:49:14 INFO     Performing sync publish...
Tue, 20 Nov 2018 18:49:14 DEBUG    Filling in custom puback (QoS>0) event callback...
Tue, 20 Nov 2018 18:49:14 DEBUG    Produced [puback] event
Tue, 20 Nov 2018 18:49:14 DEBUG    Dispatching [puback] event
Tue, 20 Nov 2018 18:49:14 DEBUG    Invoking custom event callback...
Tue, 20 Nov 2018 18:49:14 DEBUG    This custom event callback is for pub/sub/unsub, removing it after invocation...
Tue, 20 Nov 2018 18:49:14 INFO     Performing sync publish...
Tue, 20 Nov 2018 18:49:14 DEBUG    Filling in custom puback (QoS>0) event callback...
Tue, 20 Nov 2018 18:49:14 DEBUG    Produced [puback] event
Tue, 20 Nov 2018 18:49:14 DEBUG    Dispatching [puback] event
Tue, 20 Nov 2018 18:49:14 DEBUG    Invoking custom event callback...
Tue, 20 Nov 2018 18:49:14 DEBUG    This custom event callback is for pub/sub/unsub, removing it after invocation...
Tue, 20 Nov 2018 18:49:14 INFO     Performing sync publish...
Tue, 20 Nov 2018 18:49:14 DEBUG    Filling in custom puback (QoS>0) event callback...
Tue, 20 Nov 2018 18:49:15 DEBUG    Produced [puback] event
Tue, 20 Nov 2018 18:49:15 DEBUG    Dispatching [puback] event
Tue, 20 Nov 2018 18:49:15 DEBUG    Invoking custom event callback...
Tue, 20 Nov 2018 18:49:15 DEBUG    This custom event callback is for pub/sub/unsub, removing it after invocation...
Tue, 20 Nov 2018 18:49:15 INFO     Performing sync publish...
Tue, 20 Nov 2018 18:49:15 DEBUG    Filling in custom puback (QoS>0) event callback...
Tue, 20 Nov 2018 18:49:15 DEBUG    Produced [puback] event
Tue, 20 Nov 2018 18:49:15 DEBUG    Dispatching [puback] event
Tue, 20 Nov 2018 18:49:15 DEBUG    Invoking custom event callback...
Tue, 20 Nov 2018 18:49:15 DEBUG    This custom event callback is for pub/sub/unsub, removing it after invocation...
Tue, 20 Nov 2018 18:49:15 INFO     Performing sync publish...
Tue, 20 Nov 2018 18:49:15 DEBUG    Filling in custom puback (QoS>0) event callback...
Tue, 20 Nov 2018 18:49:15 DEBUG    Produced [puback] event
Tue, 20 Nov 2018 18:49:15 DEBUG    Dispatching [puback] event
Tue, 20 Nov 2018 18:49:15 DEBUG    Invoking custom event callback...
Tue, 20 Nov 2018 18:49:15 DEBUG    This custom event callback is for pub/sub/unsub, removing it after invocation...
Tue, 20 Nov 2018 18:49:20 INFO     Performing sync publish...
Tue, 20 Nov 2018 18:49:20 DEBUG    Filling in custom puback (QoS>0) event callback...
Tue, 20 Nov 2018 18:49:21 DEBUG    Produced [puback] event
Tue, 20 Nov 2018 18:49:21 DEBUG    Dispatching [puback] event
Tue, 20 Nov 2018 18:49:21 DEBUG    Invoking custom event callback...
Tue, 20 Nov 2018 18:49:21 DEBUG    This custom event callback is for pub/sub/unsub, removing it after invocation...
Tue, 20 Nov 2018 18:49:21 INFO     Performing sync publish...
Tue, 20 Nov 2018 18:49:21 DEBUG    Filling in custom puback (QoS>0) event callback...
Tue, 20 Nov 2018 18:49:21 DEBUG    Produced [puback] event
Tue, 20 Nov 2018 18:49:21 DEBUG    Dispatching [puback] event
Tue, 20 Nov 2018 18:49:21 DEBUG    Invoking custom event callback...
Tue, 20 Nov 2018 18:49:21 DEBUG    This custom event callback is for pub/sub/unsub, removing it after invocation...
Tue, 20 Nov 2018 18:49:21 INFO     Performing sync publish...
Tue, 20 Nov 2018 18:49:21 DEBUG    Filling in custom puback (QoS>0) event callback...
Tue, 20 Nov 2018 18:49:22 DEBUG    Produced [puback] event
Tue, 20 Nov 2018 18:49:22 DEBUG    Dispatching [puback] event
Tue, 20 Nov 2018 18:49:22 DEBUG    Invoking custom event callback...
Tue, 20 Nov 2018 18:49:22 DEBUG    This custom event callback is for pub/sub/unsub, removing it after invocation...
Tue, 20 Nov 2018 18:49:22 INFO     Performing sync publish...
Tue, 20 Nov 2018 18:49:22 DEBUG    Filling in custom puback (QoS>0) event callback...
Tue, 20 Nov 2018 18:49:22 DEBUG    Produced [puback] event
Tue, 20 Nov 2018 18:49:22 DEBUG    Dispatching [puback] event
Tue, 20 Nov 2018 18:49:22 DEBUG    Invoking custom event callback...
Tue, 20 Nov 2018 18:49:22 DEBUG    This custom event callback is for pub/sub/unsub, removing it after invocation...
Tue, 20 Nov 2018 18:49:22 INFO     Performing sync publish...
Tue, 20 Nov 2018 18:49:22 DEBUG    Filling in custom puback (QoS>0) event callback...
Tue, 20 Nov 2018 18:49:22 DEBUG    Produced [puback] event
Tue, 20 Nov 2018 18:49:22 DEBUG    Dispatching [puback] event
Tue, 20 Nov 2018 18:49:22 DEBUG    Invoking custom event callback...
Tue, 20 Nov 2018 18:49:22 DEBUG    This custom event callback is for pub/sub/unsub, removing it after invocation...
Tue, 20 Nov 2018 18:49:27 INFO     Performing sync publish...
Tue, 20 Nov 2018 18:49:27 DEBUG    Filling in custom puback (QoS>0) event callback...
Tue, 20 Nov 2018 18:49:28 DEBUG    Produced [puback] event
Tue, 20 Nov 2018 18:49:28 DEBUG    Dispatching [puback] event
Tue, 20 Nov 2018 18:49:28 DEBUG    Invoking custom event callback...
Tue, 20 Nov 2018 18:49:28 DEBUG    This custom event callback is for pub/sub/unsub, removing it after invocation...
Tue, 20 Nov 2018 18:49:28 INFO     Performing sync publish...
Tue, 20 Nov 2018 18:49:28 DEBUG    Filling in custom puback (QoS>0) event callback...
Tue, 20 Nov 2018 18:49:28 DEBUG    Produced [puback] event
Tue, 20 Nov 2018 18:49:28 DEBUG    Dispatching [puback] event
Tue, 20 Nov 2018 18:49:28 DEBUG    Invoking custom event callback...
Tue, 20 Nov 2018 18:49:28 DEBUG    This custom event callback is for pub/sub/unsub, removing it after invocation...
Tue, 20 Nov 2018 18:49:28 INFO     Performing sync publish...
Tue, 20 Nov 2018 18:49:28 DEBUG    Filling in custom puback (QoS>0) event callback...
Tue, 20 Nov 2018 18:49:28 DEBUG    Produced [puback] event
Tue, 20 Nov 2018 18:49:28 DEBUG    Dispatching [puback] event
Tue, 20 Nov 2018 18:49:28 DEBUG    Invoking custom event callback...
Tue, 20 Nov 2018 18:49:28 DEBUG    This custom event callback is for pub/sub/unsub, removing it after invocation...
Tue, 20 Nov 2018 18:49:28 INFO     Performing sync publish...
Tue, 20 Nov 2018 18:49:28 DEBUG    Filling in custom puback (QoS>0) event callback...
Tue, 20 Nov 2018 18:49:29 DEBUG    Produced [puback] event
Tue, 20 Nov 2018 18:49:29 DEBUG    Dispatching [puback] event
Tue, 20 Nov 2018 18:49:29 DEBUG    Invoking custom event callback...
Tue, 20 Nov 2018 18:49:29 DEBUG    This custom event callback is for pub/sub/unsub, removing it after invocation...
Tue, 20 Nov 2018 18:49:29 INFO     Performing sync publish...
Tue, 20 Nov 2018 18:49:29 DEBUG    Filling in custom puback (QoS>0) event callback...
Tue, 20 Nov 2018 18:49:29 DEBUG    Produced [puback] event
Tue, 20 Nov 2018 18:49:29 DEBUG    Dispatching [puback] event
Tue, 20 Nov 2018 18:49:29 DEBUG    Invoking custom event callback...
Tue, 20 Nov 2018 18:49:29 DEBUG    This custom event callback is for pub/sub/unsub, removing it after invocation...
Tue, 20 Nov 2018 18:49:34 INFO     Performing sync publish...
Tue, 20 Nov 2018 18:49:34 DEBUG    Filling in custom puback (QoS>0) event callback...
Tue, 20 Nov 2018 18:49:35 DEBUG    Produced [puback] event
Tue, 20 Nov 2018 18:49:35 DEBUG    Dispatching [puback] event
Tue, 20 Nov 2018 18:49:35 DEBUG    Invoking custom event callback...
Tue, 20 Nov 2018 18:49:35 DEBUG    This custom event callback is for pub/sub/unsub, removing it after invocation...
Tue, 20 Nov 2018 18:49:35 INFO     Performing sync publish...
Tue, 20 Nov 2018 18:49:35 DEBUG    Filling in custom puback (QoS>0) event callback...
Tue, 20 Nov 2018 18:49:35 DEBUG    Produced [puback] event
Tue, 20 Nov 2018 18:49:35 DEBUG    Dispatching [puback] event
Tue, 20 Nov 2018 18:49:35 DEBUG    Invoking custom event callback...
Tue, 20 Nov 2018 18:49:35 DEBUG    This custom event callback is for pub/sub/unsub, removing it after invocation...
Tue, 20 Nov 2018 18:49:35 INFO     Performing sync publish...
Tue, 20 Nov 2018 18:49:35 DEBUG    Filling in custom puback (QoS>0) event callback...
Tue, 20 Nov 2018 18:49:40 DEBUG    Removing custom event callback...
Tue, 20 Nov 2018 18:49:40 ERROR    Publish timed out
Tue, 20 Nov 2018 18:49:40 ERROR    FAILLED TO SEND DATA TO AWS IOThandler.py<class 'AWSIoTPythonSDK.exception.AWSIoTExceptions.publishTimeoutException'>
Tue, 20 Nov 2018 18:49:45 INFO     Performing sync publish...
Tue, 20 Nov 2018 18:49:45 DEBUG    Filling in custom puback (QoS>0) event callback...
Tue, 20 Nov 2018 18:49:50 DEBUG    Removing custom event callback...
Tue, 20 Nov 2018 18:49:50 ERROR    Publish timed out
Tue, 20 Nov 2018 18:49:50 ERROR    FAILLED TO SEND DATA TO AWS IOThandler.py<class 'AWSIoTPythonSDK.exception.AWSIoTExceptions.publishTimeoutException'>
Tue, 20 Nov 2018 18:49:55 INFO     Performing sync publish...
Tue, 20 Nov 2018 18:49:55 DEBUG    Filling in custom puback (QoS>0) event callback...
Tue, 20 Nov 2018 18:50:00 DEBUG    Removing custom event callback...
Tue, 20 Nov 2018 18:50:00 ERROR    Publish timed out
Tue, 20 Nov 2018 18:50:00 ERROR    FAILLED TO SEND DATA TO AWS IOThandler.py<class 'AWSIoTPythonSDK.exception.AWSIoTExceptions.publishTimeoutException'>
Tue, 20 Nov 2018 18:50:00 DEBUG    Produced [disconnect] event
Tue, 20 Nov 2018 18:50:00 DEBUG    Dispatching [disconnect] event
Tue, 20 Nov 2018 18:50:00 DEBUG    backOff: current backoff time is: 1 sec.
Tue, 20 Nov 2018 18:50:00 DEBUG    Invoking custom event callback...
Tue, 20 Nov 2018 18:50:03 DEBUG    Produced [connack] event
Tue, 20 Nov 2018 18:50:03 DEBUG    Dispatching [connack] event
Tue, 20 Nov 2018 18:50:03 DEBUG    No need for recovery
Tue, 20 Nov 2018 18:50:03 DEBUG    Invoking custom event callback...
Tue, 20 Nov 2018 18:50:03 DEBUG    Produced [puback] event
Tue, 20 Nov 2018 18:50:03 DEBUG    Dispatching [puback] event
Tue, 20 Nov 2018 18:50:04 DEBUG    Produced [puback] event
Tue, 20 Nov 2018 18:50:04 DEBUG    Dispatching [puback] event
Tue, 20 Nov 2018 18:50:04 DEBUG    Produced [puback] event
Tue, 20 Nov 2018 18:50:04 DEBUG    Dispatching [puback] event
Tue, 20 Nov 2018 18:50:05 INFO     Performing sync publish...
Tue, 20 Nov 2018 18:50:05 DEBUG    Filling in custom puback (QoS>0) event callback...
Tue, 20 Nov 2018 18:50:05 DEBUG    Produced [puback] event
Tue, 20 Nov 2018 18:50:05 DEBUG    Dispatching [puback] event
Tue, 20 Nov 2018 18:50:05 DEBUG    Invoking custom event callback...
Tue, 20 Nov 2018 18:50:05 DEBUG    This custom event callback is for pub/sub/unsub, removing it after invocation...
Tue, 20 Nov 2018 18:50:05 INFO     Performing sync publish...
Tue, 20 Nov 2018 18:50:05 DEBUG    Filling in custom puback (QoS>0) event callback...
Tue, 20 Nov 2018 18:50:06 DEBUG    Produced [puback] event
Tue, 20 Nov 2018 18:50:06 DEBUG    Dispatching [puback] event
Tue, 20 Nov 2018 18:50:06 DEBUG    Invoking custom event callback...
Tue, 20 Nov 2018 18:50:06 DEBUG    This custom event callback is for pub/sub/unsub, removing it after invocation...
Tue, 20 Nov 2018 18:50:06 INFO     Performing sync publish...
Tue, 20 Nov 2018 18:50:06 DEBUG    Filling in custom puback (QoS>0) event callback...
Tue, 20 Nov 2018 18:50:06 DEBUG    Produced [puback] event
Tue, 20 Nov 2018 18:50:06 DEBUG    Dispatching [puback] event
Tue, 20 Nov 2018 18:50:06 DEBUG    Invoking custom event callback...
Tue, 20 Nov 2018 18:50:06 DEBUG    This custom event callback is for pub/sub/unsub, removing it after invocation...
Tue, 20 Nov 2018 18:50:06 INFO     Performing sync publish...
Tue, 20 Nov 2018 18:50:06 DEBUG    Filling in custom puback (QoS>0) event callback...
Tue, 20 Nov 2018 18:50:06 DEBUG    Produced [puback] event
Tue, 20 Nov 2018 18:50:06 DEBUG    Dispatching [puback] event
Tue, 20 Nov 2018 18:50:06 DEBUG    Invoking custom event callback...
Tue, 20 Nov 2018 18:50:06 DEBUG    This custom event callback is for pub/sub/unsub, removing it after invocation...
Tue, 20 Nov 2018 18:50:06 INFO     Performing sync publish...
Tue, 20 Nov 2018 18:50:06 DEBUG    Filling in custom puback (QoS>0) event callback...
Tue, 20 Nov 2018 18:50:06 DEBUG    Produced [puback] event
Tue, 20 Nov 2018 18:50:06 DEBUG    Dispatching [puback] event
Tue, 20 Nov 2018 18:50:06 DEBUG    Invoking custom event callback...
Tue, 20 Nov 2018 18:50:06 DEBUG    This custom event callback is for pub/sub/unsub, removing it after invocation...
Tue, 20 Nov 2018 18:50:11 INFO     Performing sync publish...
Tue, 20 Nov 2018 18:50:11 DEBUG    Filling in custom puback (QoS>0) event callback...
Tue, 20 Nov 2018 18:50:12 DEBUG    Produced [puback] event
Tue, 20 Nov 2018 18:50:12 DEBUG    Dispatching [puback] event
Tue, 20 Nov 2018 18:50:12 DEBUG    Invoking custom event callback...
Tue, 20 Nov 2018 18:50:12 DEBUG    This custom event callback is for pub/sub/unsub, removing it after invocation...
Tue, 20 Nov 2018 18:50:12 INFO     Performing sync publish...
Tue, 20 Nov 2018 18:50:12 DEBUG    Filling in custom puback (QoS>0) event callback...
Tue, 20 Nov 2018 18:50:12 DEBUG    Produced [puback] event
Tue, 20 Nov 2018 18:50:12 DEBUG    Dispatching [puback] event
Tue, 20 Nov 2018 18:50:12 DEBUG    Invoking custom event callback...
Tue, 20 Nov 2018 18:50:12 DEBUG    This custom event callback is for pub/sub/unsub, removing it after invocation...
Tue, 20 Nov 2018 18:50:12 INFO     Performing sync publish...
Tue, 20 Nov 2018 18:50:12 DEBUG    Filling in custom puback (QoS>0) event callback...
Tue, 20 Nov 2018 18:50:13 DEBUG    Produced [puback] event
Tue, 20 Nov 2018 18:50:13 DEBUG    Dispatching [puback] event
Tue, 20 Nov 2018 18:50:13 DEBUG    Invoking custom event callback...
Tue, 20 Nov 2018 18:50:13 DEBUG    This custom event callback is for pub/sub/unsub, removing it after invocation...
Tue, 20 Nov 2018 18:50:13 INFO     Performing sync publish...
Tue, 20 Nov 2018 18:50:13 DEBUG    Filling in custom puback (QoS>0) event callback...
Tue, 20 Nov 2018 18:50:13 DEBUG    Produced [puback] event
Tue, 20 Nov 2018 18:50:13 DEBUG    Dispatching [puback] event
Tue, 20 Nov 2018 18:50:13 DEBUG    Invoking custom event callback...
Tue, 20 Nov 2018 18:50:13 DEBUG    This custom event callback is for pub/sub/unsub, removing it after invocation...
Tue, 20 Nov 2018 18:50:13 INFO     Performing sync publish...
Tue, 20 Nov 2018 18:50:13 DEBUG    Filling in custom puback (QoS>0) event callback...
Tue, 20 Nov 2018 18:50:13 DEBUG    Produced [puback] event
Tue, 20 Nov 2018 18:50:13 DEBUG    Dispatching [puback] event
Tue, 20 Nov 2018 18:50:13 DEBUG    Invoking custom event callback...
Tue, 20 Nov 2018 18:50:13 DEBUG    This custom event callback is for pub/sub/unsub, removing it after invocation...
Tue, 20 Nov 2018 18:50:18 INFO     Performing sync publish...
Tue, 20 Nov 2018 18:50:18 DEBUG    Filling in custom puback (QoS>0) event callback...
Tue, 20 Nov 2018 18:50:23 DEBUG    stableConnection: Resetting the backoff time to: 1 sec.
Tue, 20 Nov 2018 18:50:23 DEBUG    Removing custom event callback...
Tue, 20 Nov 2018 18:50:23 ERROR    Publish timed out
Tue, 20 Nov 2018 18:50:23 ERROR    FAILLED TO SEND DATA TO AWS IOThandler.py<class 'AWSIoTPythonSDK.exception.AWSIoTExceptions.publishTimeoutException'>
Tue, 20 Nov 2018 18:50:28 INFO     Performing sync publish...
Tue, 20 Nov 2018 18:50:28 DEBUG    Filling in custom puback (QoS>0) event callback...
Tue, 20 Nov 2018 18:50:33 DEBUG    Removing custom event callback...
Tue, 20 Nov 2018 18:50:33 ERROR    Publish timed out
Tue, 20 Nov 2018 18:50:33 ERROR    FAILLED TO SEND DATA TO AWS IOThandler.py<class 'AWSIoTPythonSDK.exception.AWSIoTExceptions.publishTimeoutException'>
Tue, 20 Nov 2018 18:50:38 INFO     Performing sync publish...
Tue, 20 Nov 2018 18:50:38 DEBUG    Filling in custom puback (QoS>0) event callback...
Tue, 20 Nov 2018 18:50:42 DEBUG    Produced [disconnect] event
Tue, 20 Nov 2018 18:50:42 DEBUG    backOff: current backoff time is: 1 sec.
Tue, 20 Nov 2018 18:50:42 DEBUG    Dispatching [disconnect] event
Tue, 20 Nov 2018 18:50:42 DEBUG    Invoking custom event callback...
Tue, 20 Nov 2018 18:50:43 DEBUG    Removing custom event callback...
Tue, 20 Nov 2018 18:50:43 ERROR    Publish timed out
Tue, 20 Nov 2018 18:50:43 ERROR    FAILLED TO SEND DATA TO AWS IOThandler.py<class 'AWSIoTPythonSDK.exception.AWSIoTExceptions.publishTimeoutException'>
Tue, 20 Nov 2018 18:50:48 INFO     Performing sync publish...
Tue, 20 Nov 2018 18:50:48 INFO     Offline request detected!
Tue, 20 Nov 2018 18:50:48 DEBUG    append: Add new element: <AWSIoTPythonSDK.core.protocol.internal.requests.QueueableRequest object at 0x000002515828FC88>
Tue, 20 Nov 2018 18:50:48 INFO     Performing sync publish...
Tue, 20 Nov 2018 18:50:48 INFO     Offline request detected!
Tue, 20 Nov 2018 18:50:48 DEBUG    append: Add new element: <AWSIoTPythonSDK.core.protocol.internal.requests.QueueableRequest object at 0x000002515828F940>
Tue, 20 Nov 2018 18:50:48 INFO     Performing sync publish...
Tue, 20 Nov 2018 18:50:48 INFO     Offline request detected!
Tue, 20 Nov 2018 18:50:48 DEBUG    append: Add new element: <AWSIoTPythonSDK.core.protocol.internal.requests.QueueableRequest object at 0x00000251582AA208>
Tue, 20 Nov 2018 18:50:48 INFO     Performing sync publish...
Tue, 20 Nov 2018 18:50:48 INFO     Offline request detected!
Tue, 20 Nov 2018 18:50:48 DEBUG    append: Add new element: <AWSIoTPythonSDK.core.protocol.internal.requests.QueueableRequest object at 0x00000251582AA438>
Tue, 20 Nov 2018 18:50:48 INFO     Performing sync publish...
Tue, 20 Nov 2018 18:50:48 INFO     Offline request detected!
Tue, 20 Nov 2018 18:50:48 DEBUG    append: Add new element: <AWSIoTPythonSDK.core.protocol.internal.requests.QueueableRequest object at 0x00000251582AA0B8>
Tue, 20 Nov 2018 18:50:53 INFO     Performing sync publish...
Tue, 20 Nov 2018 18:50:53 INFO     Offline request detected!
Tue, 20 Nov 2018 18:50:53 DEBUG    append: Add new element: <AWSIoTPythonSDK.core.protocol.internal.requests.QueueableRequest object at 0x000002515828F908>
Tue, 20 Nov 2018 18:50:53 INFO     Performing sync publish...
Tue, 20 Nov 2018 18:50:53 INFO     Offline request detected!
Tue, 20 Nov 2018 18:50:53 DEBUG    append: Add new element: <AWSIoTPythonSDK.core.protocol.internal.requests.QueueableRequest object at 0x00000251582AA320>
Tue, 20 Nov 2018 18:50:53 INFO     Performing sync publish...
Tue, 20 Nov 2018 18:50:53 INFO     Offline request detected!
Tue, 20 Nov 2018 18:50:53 DEBUG    append: Add new element: <AWSIoTPythonSDK.core.protocol.internal.requests.QueueableRequest object at 0x00000251582AA390>
Tue, 20 Nov 2018 18:50:53 INFO     Performing sync publish...
Tue, 20 Nov 2018 18:50:53 INFO     Offline request detected!
Tue, 20 Nov 2018 18:50:53 DEBUG    append: Add new element: <AWSIoTPythonSDK.core.protocol.internal.requests.QueueableRequest object at 0x00000251582AA550>
Tue, 20 Nov 2018 18:50:53 INFO     Performing sync publish...
Tue, 20 Nov 2018 18:50:53 INFO     Offline request detected!
Tue, 20 Nov 2018 18:50:53 DEBUG    append: Add new element: <AWSIoTPythonSDK.core.protocol.internal.requests.QueueableRequest object at 0x00000251582AA1D0>
Tue, 20 Nov 2018 18:50:54 DEBUG    Produced [connack] event
Tue, 20 Nov 2018 18:50:54 DEBUG    Dispatching [connack] event
Tue, 20 Nov 2018 18:50:54 DEBUG    Has recovery job
Tue, 20 Nov 2018 18:50:54 DEBUG    Start draining
Tue, 20 Nov 2018 18:50:54 DEBUG    Processed offline publish request
Tue, 20 Nov 2018 18:50:54 DEBUG    Invoking custom event callback...
Tue, 20 Nov 2018 18:50:55 DEBUG    Processed offline publish request
Tue, 20 Nov 2018 18:50:55 DEBUG    Processed offline publish request
Tue, 20 Nov 2018 18:50:56 DEBUG    Produced [puback] event
Tue, 20 Nov 2018 18:50:56 DEBUG    Dispatching [puback] event
Tue, 20 Nov 2018 18:50:56 DEBUG    Processed offline publish request
Tue, 20 Nov 2018 18:50:56 DEBUG    Processed offline publish request
Tue, 20 Nov 2018 18:50:57 DEBUG    Processed offline publish request
Tue, 20 Nov 2018 18:50:57 DEBUG    Processed offline publish request
Tue, 20 Nov 2018 18:50:58 DEBUG    Produced [puback] event
Tue, 20 Nov 2018 18:50:58 DEBUG    Dispatching [puback] event
Tue, 20 Nov 2018 18:50:58 DEBUG    Produced [puback] event
Tue, 20 Nov 2018 18:50:58 DEBUG    Dispatching [puback] event
Tue, 20 Nov 2018 18:50:58 DEBUG    Produced [puback] event
Tue, 20 Nov 2018 18:50:58 DEBUG    Produced [puback] event
Tue, 20 Nov 2018 18:50:58 DEBUG    Produced [puback] event
Tue, 20 Nov 2018 18:50:58 DEBUG    Dispatching [puback] event
Tue, 20 Nov 2018 18:50:58 DEBUG    Dispatching [puback] event
Tue, 20 Nov 2018 18:50:58 DEBUG    Dispatching [puback] event
Tue, 20 Nov 2018 18:50:58 DEBUG    Processed offline publish request
Tue, 20 Nov 2018 18:50:58 DEBUG    Processed offline publish request
Tue, 20 Nov 2018 18:50:58 INFO     Performing sync publish...
Tue, 20 Nov 2018 18:50:58 INFO     Offline request detected!
Tue, 20 Nov 2018 18:50:58 DEBUG    append: Add new element: <AWSIoTPythonSDK.core.protocol.internal.requests.QueueableRequest object at 0x00000251582AA128>
Tue, 20 Nov 2018 18:50:58 INFO     Performing sync publish...
Tue, 20 Nov 2018 18:50:58 INFO     Offline request detected!
Tue, 20 Nov 2018 18:50:58 DEBUG    append: Add new element: <AWSIoTPythonSDK.core.protocol.internal.requests.QueueableRequest object at 0x00000251582AA320>
Tue, 20 Nov 2018 18:50:58 INFO     Performing sync publish...
Tue, 20 Nov 2018 18:50:58 INFO     Offline request detected!
Tue, 20 Nov 2018 18:50:58 DEBUG    append: Add new element: <AWSIoTPythonSDK.core.protocol.internal.requests.QueueableRequest object at 0x00000251582AA4E0>
Tue, 20 Nov 2018 18:50:58 INFO     Performing sync publish...
Tue, 20 Nov 2018 18:50:58 INFO     Offline request detected!
Tue, 20 Nov 2018 18:50:58 DEBUG    append: Add new element: <AWSIoTPythonSDK.core.protocol.internal.requests.QueueableRequest object at 0x00000251582AA5F8>
Tue, 20 Nov 2018 18:50:58 INFO     Performing sync publish...
Tue, 20 Nov 2018 18:50:58 INFO     Offline request detected!
Tue, 20 Nov 2018 18:50:58 DEBUG    append: Add new element: <AWSIoTPythonSDK.core.protocol.internal.requests.QueueableRequest object at 0x00000251582AA160>
Tue, 20 Nov 2018 18:50:59 DEBUG    Processed offline publish request
Tue, 20 Nov 2018 18:50:59 DEBUG    Processed offline publish request
Tue, 20 Nov 2018 18:50:59 DEBUG    Produced [puback] event
Tue, 20 Nov 2018 18:50:59 DEBUG    Dispatching [puback] event
Tue, 20 Nov 2018 18:50:59 DEBUG    Produced [puback] event
Tue, 20 Nov 2018 18:50:59 DEBUG    Dispatching [puback] event
Tue, 20 Nov 2018 18:50:59 DEBUG    Produced [puback] event
Tue, 20 Nov 2018 18:50:59 DEBUG    Dispatching [puback] event
Tue, 20 Nov 2018 18:50:59 DEBUG    Produced [puback] event
Tue, 20 Nov 2018 18:50:59 DEBUG    Dispatching [puback] event
Tue, 20 Nov 2018 18:51:00 DEBUG    Processed offline publish request
Tue, 20 Nov 2018 18:51:00 DEBUG    Processed offline publish request
Tue, 20 Nov 2018 18:51:01 DEBUG    Processed offline publish request
Tue, 20 Nov 2018 18:51:01 DEBUG    Processed offline publish request
Tue, 20 Nov 2018 18:51:02 DEBUG    Produced [puback] event
Tue, 20 Nov 2018 18:51:02 DEBUG    Dispatching [puback] event
Tue, 20 Nov 2018 18:51:02 DEBUG    Produced [puback] event
Tue, 20 Nov 2018 18:51:02 DEBUG    Produced [puback] event
Tue, 20 Nov 2018 18:51:02 DEBUG    Dispatching [puback] event
Tue, 20 Nov 2018 18:51:02 DEBUG    Dispatching [puback] event
Tue, 20 Nov 2018 18:51:02 DEBUG    Produced [puback] event
Tue, 20 Nov 2018 18:51:02 DEBUG    Dispatching [puback] event
Tue, 20 Nov 2018 18:51:03 DEBUG    Produced [puback] event
Tue, 20 Nov 2018 18:51:03 DEBUG    Dispatching [puback] event
Tue, 20 Nov 2018 18:51:03 DEBUG    Produced [puback] event
Tue, 20 Nov 2018 18:51:03 DEBUG    Dispatching [puback] event
Tue, 20 Nov 2018 18:51:03 DEBUG    Produced [puback] event
Tue, 20 Nov 2018 18:51:03 DEBUG    Dispatching [puback] event
Tue, 20 Nov 2018 18:51:03 DEBUG    Produced [puback] event
Tue, 20 Nov 2018 18:51:03 DEBUG    Dispatching [puback] event
