Tue, 20 Nov 2018 17:59:06 DEBUG    Config file loaded : config.py
Tue, 20 Nov 2018 17:59:06 DEBUG    Config file loaded : config.py
Tue, 20 Nov 2018 17:59:06 DEBUG    Initializing MQTT layer...
Tue, 20 Nov 2018 17:59:06 DEBUG    Registering internal event callbacks to MQTT layer...
Tue, 20 Nov 2018 17:59:06 INFO     MqttCore initialized
Tue, 20 Nov 2018 17:59:06 INFO     Client id: SDM120_ENERGY_METER
Tue, 20 Nov 2018 17:59:06 INFO     Protocol version: MQTTv3.1.1
Tue, 20 Nov 2018 17:59:06 INFO     Authentication type: TLSv1.2 certificate based Mutual Auth.
Tue, 20 Nov 2018 17:59:06 INFO     Configuring endpoint...
Tue, 20 Nov 2018 17:59:06 DEBUG    MODBUS Config loadedMODBUS.py
Tue, 20 Nov 2018 17:59:06 INFO     Configuring certificates...
Tue, 20 Nov 2018 17:59:06 INFO     Configuring reconnect back off timing...
Tue, 20 Nov 2018 17:59:06 INFO     Base quiet time: 1.000000 sec
Tue, 20 Nov 2018 17:59:06 INFO     Max quiet time: 32.000000 sec
Tue, 20 Nov 2018 17:59:06 INFO     Stable connection time: 20.000000 sec
Tue, 20 Nov 2018 17:59:06 INFO     Configuring offline requests queueing: max queue size: -1
Tue, 20 Nov 2018 17:59:06 INFO     Configuring offline requests queue draining interval: 0.500000 sec
Tue, 20 Nov 2018 17:59:06 INFO     Configuring connect/disconnect time out: 10.000000 sec
Tue, 20 Nov 2018 17:59:06 INFO     Configuring MQTT operation time out: 5.000000 sec
Tue, 20 Nov 2018 17:59:06 INFO     Performing sync connect...
Tue, 20 Nov 2018 17:59:06 INFO     Performing async connect...
Tue, 20 Nov 2018 17:59:06 INFO     Keep-alive: 600.000000 sec
Tue, 20 Nov 2018 17:59:06 DEBUG    Event consuming thread started
Tue, 20 Nov 2018 17:59:06 DEBUG    Passing in general notification callbacks to internal client...
Tue, 20 Nov 2018 17:59:06 DEBUG    Filling in fixed event callbacks: CONNACK, DISCONNECT, MESSAGE
Tue, 20 Nov 2018 17:59:07 DEBUG    Starting network I/O thread...
Tue, 20 Nov 2018 17:59:07 DEBUG    Produced [connack] event
Tue, 20 Nov 2018 17:59:07 DEBUG    Dispatching [connack] event
Tue, 20 Nov 2018 17:59:07 DEBUG    No need for recovery
Tue, 20 Nov 2018 17:59:07 DEBUG    Invoking custom event callback...
Tue, 20 Nov 2018 17:59:07 INFO     Performing sync publish...
Tue, 20 Nov 2018 17:59:07 DEBUG    Filling in custom puback (QoS>0) event callback...
Tue, 20 Nov 2018 17:59:08 DEBUG    Produced [puback] event
Tue, 20 Nov 2018 17:59:08 DEBUG    Dispatching [puback] event
Tue, 20 Nov 2018 17:59:08 DEBUG    Invoking custom event callback...
Tue, 20 Nov 2018 17:59:08 DEBUG    This custom event callback is for pub/sub/unsub, removing it after invocation...
Tue, 20 Nov 2018 17:59:08 INFO     Performing sync publish...
Tue, 20 Nov 2018 17:59:08 DEBUG    Filling in custom puback (QoS>0) event callback...
Tue, 20 Nov 2018 17:59:08 DEBUG    Produced [puback] event
Tue, 20 Nov 2018 17:59:08 DEBUG    Dispatching [puback] event
Tue, 20 Nov 2018 17:59:08 DEBUG    Invoking custom event callback...
Tue, 20 Nov 2018 17:59:08 DEBUG    This custom event callback is for pub/sub/unsub, removing it after invocation...
Tue, 20 Nov 2018 17:59:08 INFO     Performing sync publish...
Tue, 20 Nov 2018 17:59:08 DEBUG    Filling in custom puback (QoS>0) event callback...
Tue, 20 Nov 2018 17:59:08 DEBUG    Produced [puback] event
Tue, 20 Nov 2018 17:59:08 DEBUG    Dispatching [puback] event
Tue, 20 Nov 2018 17:59:08 DEBUG    Invoking custom event callback...
Tue, 20 Nov 2018 17:59:08 DEBUG    This custom event callback is for pub/sub/unsub, removing it after invocation...
Tue, 20 Nov 2018 17:59:08 INFO     Performing sync publish...
Tue, 20 Nov 2018 17:59:08 DEBUG    Filling in custom puback (QoS>0) event callback...
Tue, 20 Nov 2018 17:59:09 DEBUG    Produced [puback] event
Tue, 20 Nov 2018 17:59:09 DEBUG    Dispatching [puback] event
Tue, 20 Nov 2018 17:59:09 DEBUG    Invoking custom event callback...
Tue, 20 Nov 2018 17:59:09 DEBUG    This custom event callback is for pub/sub/unsub, removing it after invocation...
Tue, 20 Nov 2018 17:59:09 INFO     Performing sync publish...
Tue, 20 Nov 2018 17:59:09 DEBUG    Filling in custom puback (QoS>0) event callback...
Tue, 20 Nov 2018 17:59:09 DEBUG    Produced [puback] event
Tue, 20 Nov 2018 17:59:09 DEBUG    Dispatching [puback] event
Tue, 20 Nov 2018 17:59:09 DEBUG    Invoking custom event callback...
Tue, 20 Nov 2018 17:59:09 DEBUG    This custom event callback is for pub/sub/unsub, removing it after invocation...
Tue, 20 Nov 2018 17:59:14 INFO     Performing sync publish...
Tue, 20 Nov 2018 17:59:14 DEBUG    Filling in custom puback (QoS>0) event callback...
Tue, 20 Nov 2018 17:59:14 DEBUG    Produced [puback] event
Tue, 20 Nov 2018 17:59:14 DEBUG    Dispatching [puback] event
Tue, 20 Nov 2018 17:59:14 DEBUG    Invoking custom event callback...
Tue, 20 Nov 2018 17:59:14 DEBUG    This custom event callback is for pub/sub/unsub, removing it after invocation...
Tue, 20 Nov 2018 17:59:14 INFO     Performing sync publish...
Tue, 20 Nov 2018 17:59:14 DEBUG    Filling in custom puback (QoS>0) event callback...
Tue, 20 Nov 2018 17:59:15 DEBUG    Produced [puback] event
Tue, 20 Nov 2018 17:59:15 DEBUG    Dispatching [puback] event
Tue, 20 Nov 2018 17:59:15 DEBUG    Invoking custom event callback...
Tue, 20 Nov 2018 17:59:15 DEBUG    This custom event callback is for pub/sub/unsub, removing it after invocation...
Tue, 20 Nov 2018 17:59:15 INFO     Performing sync publish...
Tue, 20 Nov 2018 17:59:15 DEBUG    Filling in custom puback (QoS>0) event callback...
Tue, 20 Nov 2018 17:59:15 DEBUG    Produced [puback] event
Tue, 20 Nov 2018 17:59:15 DEBUG    Dispatching [puback] event
Tue, 20 Nov 2018 17:59:15 DEBUG    Invoking custom event callback...
Tue, 20 Nov 2018 17:59:15 DEBUG    This custom event callback is for pub/sub/unsub, removing it after invocation...
Tue, 20 Nov 2018 17:59:15 INFO     Performing sync publish...
Tue, 20 Nov 2018 17:59:15 DEBUG    Filling in custom puback (QoS>0) event callback...
Tue, 20 Nov 2018 17:59:15 DEBUG    Produced [puback] event
Tue, 20 Nov 2018 17:59:15 DEBUG    Dispatching [puback] event
Tue, 20 Nov 2018 17:59:15 DEBUG    Invoking custom event callback...
Tue, 20 Nov 2018 17:59:15 DEBUG    This custom event callback is for pub/sub/unsub, removing it after invocation...
Tue, 20 Nov 2018 17:59:15 INFO     Performing sync publish...
Tue, 20 Nov 2018 17:59:15 DEBUG    Filling in custom puback (QoS>0) event callback...
Tue, 20 Nov 2018 17:59:15 DEBUG    Produced [puback] event
Tue, 20 Nov 2018 17:59:15 DEBUG    Dispatching [puback] event
Tue, 20 Nov 2018 17:59:15 DEBUG    Invoking custom event callback...
Tue, 20 Nov 2018 17:59:15 DEBUG    This custom event callback is for pub/sub/unsub, removing it after invocation...
Tue, 20 Nov 2018 17:59:20 INFO     Performing sync publish...
Tue, 20 Nov 2018 17:59:20 DEBUG    Filling in custom puback (QoS>0) event callback...
Tue, 20 Nov 2018 17:59:21 DEBUG    Produced [puback] event
Tue, 20 Nov 2018 17:59:21 DEBUG    Dispatching [puback] event
Tue, 20 Nov 2018 17:59:21 DEBUG    Invoking custom event callback...
Tue, 20 Nov 2018 17:59:21 DEBUG    This custom event callback is for pub/sub/unsub, removing it after invocation...
Tue, 20 Nov 2018 17:59:21 INFO     Performing sync publish...
Tue, 20 Nov 2018 17:59:21 DEBUG    Filling in custom puback (QoS>0) event callback...
Tue, 20 Nov 2018 17:59:21 DEBUG    Produced [puback] event
Tue, 20 Nov 2018 17:59:21 DEBUG    Dispatching [puback] event
Tue, 20 Nov 2018 17:59:21 DEBUG    Invoking custom event callback...
Tue, 20 Nov 2018 17:59:21 DEBUG    This custom event callback is for pub/sub/unsub, removing it after invocation...
Tue, 20 Nov 2018 17:59:21 INFO     Performing sync publish...
Tue, 20 Nov 2018 17:59:21 DEBUG    Filling in custom puback (QoS>0) event callback...
Tue, 20 Nov 2018 17:59:21 DEBUG    Produced [puback] event
Tue, 20 Nov 2018 17:59:21 DEBUG    Dispatching [puback] event
Tue, 20 Nov 2018 17:59:21 DEBUG    Invoking custom event callback...
Tue, 20 Nov 2018 17:59:21 DEBUG    This custom event callback is for pub/sub/unsub, removing it after invocation...
Tue, 20 Nov 2018 17:59:21 INFO     Performing sync publish...
Tue, 20 Nov 2018 17:59:21 DEBUG    Filling in custom puback (QoS>0) event callback...
Tue, 20 Nov 2018 17:59:22 DEBUG    Produced [puback] event
Tue, 20 Nov 2018 17:59:22 DEBUG    Dispatching [puback] event
Tue, 20 Nov 2018 17:59:22 DEBUG    Invoking custom event callback...
Tue, 20 Nov 2018 17:59:22 DEBUG    This custom event callback is for pub/sub/unsub, removing it after invocation...
Tue, 20 Nov 2018 17:59:22 INFO     Performing sync publish...
Tue, 20 Nov 2018 17:59:22 DEBUG    Filling in custom puback (QoS>0) event callback...
Tue, 20 Nov 2018 17:59:22 DEBUG    Produced [puback] event
Tue, 20 Nov 2018 17:59:22 DEBUG    Dispatching [puback] event
Tue, 20 Nov 2018 17:59:22 DEBUG    Invoking custom event callback...
Tue, 20 Nov 2018 17:59:22 DEBUG    This custom event callback is for pub/sub/unsub, removing it after invocation...
Tue, 20 Nov 2018 17:59:27 INFO     Performing sync publish...
Tue, 20 Nov 2018 17:59:27 DEBUG    Filling in custom puback (QoS>0) event callback...
Tue, 20 Nov 2018 17:59:27 DEBUG    Produced [puback] event
Tue, 20 Nov 2018 17:59:27 DEBUG    Dispatching [puback] event
Tue, 20 Nov 2018 17:59:27 DEBUG    Invoking custom event callback...
Tue, 20 Nov 2018 17:59:27 DEBUG    This custom event callback is for pub/sub/unsub, removing it after invocation...
Tue, 20 Nov 2018 17:59:27 INFO     Performing sync publish...
Tue, 20 Nov 2018 17:59:27 DEBUG    Filling in custom puback (QoS>0) event callback...
Tue, 20 Nov 2018 17:59:27 DEBUG    stableConnection: Resetting the backoff time to: 1 sec.
Tue, 20 Nov 2018 17:59:28 DEBUG    Produced [puback] event
Tue, 20 Nov 2018 17:59:28 DEBUG    Dispatching [puback] event
Tue, 20 Nov 2018 17:59:28 DEBUG    Invoking custom event callback...
Tue, 20 Nov 2018 17:59:28 DEBUG    This custom event callback is for pub/sub/unsub, removing it after invocation...
Tue, 20 Nov 2018 17:59:28 INFO     Performing sync publish...
Tue, 20 Nov 2018 17:59:28 DEBUG    Filling in custom puback (QoS>0) event callback...
Tue, 20 Nov 2018 17:59:28 DEBUG    Produced [puback] event
Tue, 20 Nov 2018 17:59:28 DEBUG    Dispatching [puback] event
Tue, 20 Nov 2018 17:59:28 DEBUG    Invoking custom event callback...
Tue, 20 Nov 2018 17:59:28 DEBUG    This custom event callback is for pub/sub/unsub, removing it after invocation...
Tue, 20 Nov 2018 17:59:28 INFO     Performing sync publish...
Tue, 20 Nov 2018 17:59:28 DEBUG    Filling in custom puback (QoS>0) event callback...
Tue, 20 Nov 2018 17:59:28 DEBUG    Produced [puback] event
Tue, 20 Nov 2018 17:59:28 DEBUG    Dispatching [puback] event
Tue, 20 Nov 2018 17:59:28 DEBUG    Invoking custom event callback...
Tue, 20 Nov 2018 17:59:28 DEBUG    This custom event callback is for pub/sub/unsub, removing it after invocation...
Tue, 20 Nov 2018 17:59:28 INFO     Performing sync publish...
Tue, 20 Nov 2018 17:59:28 DEBUG    Filling in custom puback (QoS>0) event callback...
Tue, 20 Nov 2018 17:59:28 DEBUG    Produced [puback] event
Tue, 20 Nov 2018 17:59:28 DEBUG    Dispatching [puback] event
Tue, 20 Nov 2018 17:59:28 DEBUG    Invoking custom event callback...
Tue, 20 Nov 2018 17:59:28 DEBUG    This custom event callback is for pub/sub/unsub, removing it after invocation...
Tue, 20 Nov 2018 17:59:33 INFO     Performing sync publish...
Tue, 20 Nov 2018 17:59:33 DEBUG    Filling in custom puback (QoS>0) event callback...
Tue, 20 Nov 2018 17:59:34 DEBUG    Produced [puback] event
Tue, 20 Nov 2018 17:59:34 DEBUG    Dispatching [puback] event
Tue, 20 Nov 2018 17:59:34 DEBUG    Invoking custom event callback...
Tue, 20 Nov 2018 17:59:34 DEBUG    This custom event callback is for pub/sub/unsub, removing it after invocation...
Tue, 20 Nov 2018 17:59:34 INFO     Performing sync publish...
Tue, 20 Nov 2018 17:59:34 DEBUG    Filling in custom puback (QoS>0) event callback...
Tue, 20 Nov 2018 17:59:34 DEBUG    Produced [puback] event
Tue, 20 Nov 2018 17:59:34 DEBUG    Dispatching [puback] event
Tue, 20 Nov 2018 17:59:34 DEBUG    Invoking custom event callback...
Tue, 20 Nov 2018 17:59:34 DEBUG    This custom event callback is for pub/sub/unsub, removing it after invocation...
Tue, 20 Nov 2018 17:59:34 INFO     Performing sync publish...
Tue, 20 Nov 2018 17:59:34 DEBUG    Filling in custom puback (QoS>0) event callback...
Tue, 20 Nov 2018 17:59:35 DEBUG    Produced [puback] event
Tue, 20 Nov 2018 17:59:35 DEBUG    Dispatching [puback] event
Tue, 20 Nov 2018 17:59:35 DEBUG    Invoking custom event callback...
Tue, 20 Nov 2018 17:59:35 DEBUG    This custom event callback is for pub/sub/unsub, removing it after invocation...
Tue, 20 Nov 2018 17:59:35 INFO     Performing sync publish...
Tue, 20 Nov 2018 17:59:35 DEBUG    Filling in custom puback (QoS>0) event callback...
Tue, 20 Nov 2018 17:59:35 DEBUG    Produced [puback] event
Tue, 20 Nov 2018 17:59:35 DEBUG    Dispatching [puback] event
Tue, 20 Nov 2018 17:59:35 DEBUG    Invoking custom event callback...
Tue, 20 Nov 2018 17:59:35 DEBUG    This custom event callback is for pub/sub/unsub, removing it after invocation...
Tue, 20 Nov 2018 17:59:35 INFO     Performing sync publish...
Tue, 20 Nov 2018 17:59:35 DEBUG    Filling in custom puback (QoS>0) event callback...
Tue, 20 Nov 2018 17:59:35 DEBUG    Produced [puback] event
Tue, 20 Nov 2018 17:59:35 DEBUG    Dispatching [puback] event
Tue, 20 Nov 2018 17:59:35 DEBUG    Invoking custom event callback...
Tue, 20 Nov 2018 17:59:35 DEBUG    This custom event callback is for pub/sub/unsub, removing it after invocation...
Tue, 20 Nov 2018 17:59:40 INFO     Performing sync publish...
Tue, 20 Nov 2018 17:59:40 DEBUG    Filling in custom puback (QoS>0) event callback...
Tue, 20 Nov 2018 17:59:40 DEBUG    Produced [puback] event
Tue, 20 Nov 2018 17:59:40 DEBUG    Dispatching [puback] event
Tue, 20 Nov 2018 17:59:40 DEBUG    Invoking custom event callback...
Tue, 20 Nov 2018 17:59:40 DEBUG    This custom event callback is for pub/sub/unsub, removing it after invocation...
Tue, 20 Nov 2018 17:59:40 INFO     Performing sync publish...
Tue, 20 Nov 2018 17:59:40 DEBUG    Filling in custom puback (QoS>0) event callback...
Tue, 20 Nov 2018 17:59:41 DEBUG    Produced [puback] event
Tue, 20 Nov 2018 17:59:41 DEBUG    Dispatching [puback] event
Tue, 20 Nov 2018 17:59:41 DEBUG    Invoking custom event callback...
Tue, 20 Nov 2018 17:59:41 DEBUG    This custom event callback is for pub/sub/unsub, removing it after invocation...
Tue, 20 Nov 2018 17:59:41 INFO     Performing sync publish...
Tue, 20 Nov 2018 17:59:41 DEBUG    Filling in custom puback (QoS>0) event callback...
Tue, 20 Nov 2018 17:59:41 DEBUG    Produced [puback] event
Tue, 20 Nov 2018 17:59:41 DEBUG    Dispatching [puback] event
Tue, 20 Nov 2018 17:59:41 DEBUG    Invoking custom event callback...
Tue, 20 Nov 2018 17:59:41 DEBUG    This custom event callback is for pub/sub/unsub, removing it after invocation...
Tue, 20 Nov 2018 17:59:41 INFO     Performing sync publish...
Tue, 20 Nov 2018 17:59:41 DEBUG    Filling in custom puback (QoS>0) event callback...
Tue, 20 Nov 2018 17:59:41 DEBUG    Produced [puback] event
Tue, 20 Nov 2018 17:59:41 DEBUG    Dispatching [puback] event
Tue, 20 Nov 2018 17:59:41 DEBUG    Invoking custom event callback...
Tue, 20 Nov 2018 17:59:41 DEBUG    This custom event callback is for pub/sub/unsub, removing it after invocation...
Tue, 20 Nov 2018 17:59:41 INFO     Performing sync publish...
Tue, 20 Nov 2018 17:59:41 DEBUG    Filling in custom puback (QoS>0) event callback...
Tue, 20 Nov 2018 17:59:42 DEBUG    Produced [puback] event
Tue, 20 Nov 2018 17:59:42 DEBUG    Dispatching [puback] event
Tue, 20 Nov 2018 17:59:42 DEBUG    Invoking custom event callback...
Tue, 20 Nov 2018 17:59:42 DEBUG    This custom event callback is for pub/sub/unsub, removing it after invocation...
Tue, 20 Nov 2018 17:59:47 INFO     Performing sync publish...
Tue, 20 Nov 2018 17:59:47 DEBUG    Filling in custom puback (QoS>0) event callback...
Tue, 20 Nov 2018 17:59:47 DEBUG    Produced [puback] event
Tue, 20 Nov 2018 17:59:47 DEBUG    Dispatching [puback] event
Tue, 20 Nov 2018 17:59:47 DEBUG    Invoking custom event callback...
Tue, 20 Nov 2018 17:59:47 DEBUG    This custom event callback is for pub/sub/unsub, removing it after invocation...
Tue, 20 Nov 2018 17:59:47 INFO     Performing sync publish...
Tue, 20 Nov 2018 17:59:47 DEBUG    Filling in custom puback (QoS>0) event callback...
Tue, 20 Nov 2018 17:59:47 DEBUG    Produced [puback] event
Tue, 20 Nov 2018 17:59:47 DEBUG    Dispatching [puback] event
Tue, 20 Nov 2018 17:59:47 DEBUG    Invoking custom event callback...
Tue, 20 Nov 2018 17:59:47 DEBUG    This custom event callback is for pub/sub/unsub, removing it after invocation...
Tue, 20 Nov 2018 17:59:47 INFO     Performing sync publish...
Tue, 20 Nov 2018 17:59:47 DEBUG    Filling in custom puback (QoS>0) event callback...
Tue, 20 Nov 2018 17:59:48 DEBUG    Produced [puback] event
Tue, 20 Nov 2018 17:59:48 DEBUG    Dispatching [puback] event
Tue, 20 Nov 2018 17:59:48 DEBUG    Invoking custom event callback...
Tue, 20 Nov 2018 17:59:48 DEBUG    This custom event callback is for pub/sub/unsub, removing it after invocation...
Tue, 20 Nov 2018 17:59:48 INFO     Performing sync publish...
Tue, 20 Nov 2018 17:59:48 DEBUG    Filling in custom puback (QoS>0) event callback...
Tue, 20 Nov 2018 17:59:48 DEBUG    Produced [puback] event
Tue, 20 Nov 2018 17:59:48 DEBUG    Dispatching [puback] event
Tue, 20 Nov 2018 17:59:48 DEBUG    Invoking custom event callback...
Tue, 20 Nov 2018 17:59:48 DEBUG    This custom event callback is for pub/sub/unsub, removing it after invocation...
Tue, 20 Nov 2018 17:59:48 INFO     Performing sync publish...
Tue, 20 Nov 2018 17:59:48 DEBUG    Filling in custom puback (QoS>0) event callback...
Tue, 20 Nov 2018 17:59:48 DEBUG    Produced [puback] event
Tue, 20 Nov 2018 17:59:48 DEBUG    Dispatching [puback] event
Tue, 20 Nov 2018 17:59:48 DEBUG    Invoking custom event callback...
Tue, 20 Nov 2018 17:59:48 DEBUG    This custom event callback is for pub/sub/unsub, removing it after invocation...
Tue, 20 Nov 2018 17:59:53 INFO     Performing sync publish...
Tue, 20 Nov 2018 17:59:53 DEBUG    Filling in custom puback (QoS>0) event callback...
Tue, 20 Nov 2018 17:59:54 DEBUG    Produced [puback] event
Tue, 20 Nov 2018 17:59:54 DEBUG    Dispatching [puback] event
Tue, 20 Nov 2018 17:59:54 DEBUG    Invoking custom event callback...
Tue, 20 Nov 2018 17:59:54 DEBUG    This custom event callback is for pub/sub/unsub, removing it after invocation...
Tue, 20 Nov 2018 17:59:54 INFO     Performing sync publish...
Tue, 20 Nov 2018 17:59:54 DEBUG    Filling in custom puback (QoS>0) event callback...
Tue, 20 Nov 2018 17:59:55 DEBUG    Produced [puback] event
Tue, 20 Nov 2018 17:59:55 DEBUG    Dispatching [puback] event
Tue, 20 Nov 2018 17:59:55 DEBUG    Invoking custom event callback...
Tue, 20 Nov 2018 17:59:55 DEBUG    This custom event callback is for pub/sub/unsub, removing it after invocation...
Tue, 20 Nov 2018 17:59:55 INFO     Performing sync publish...
Tue, 20 Nov 2018 17:59:55 DEBUG    Filling in custom puback (QoS>0) event callback...
Tue, 20 Nov 2018 17:59:55 DEBUG    Produced [puback] event
Tue, 20 Nov 2018 17:59:55 DEBUG    Dispatching [puback] event
Tue, 20 Nov 2018 17:59:55 DEBUG    Invoking custom event callback...
Tue, 20 Nov 2018 17:59:55 DEBUG    This custom event callback is for pub/sub/unsub, removing it after invocation...
Tue, 20 Nov 2018 17:59:55 INFO     Performing sync publish...
Tue, 20 Nov 2018 17:59:55 DEBUG    Filling in custom puback (QoS>0) event callback...
Tue, 20 Nov 2018 17:59:55 DEBUG    Produced [puback] event
Tue, 20 Nov 2018 17:59:55 DEBUG    Dispatching [puback] event
Tue, 20 Nov 2018 17:59:55 DEBUG    Invoking custom event callback...
Tue, 20 Nov 2018 17:59:55 DEBUG    This custom event callback is for pub/sub/unsub, removing it after invocation...
Tue, 20 Nov 2018 17:59:55 INFO     Performing sync publish...
Tue, 20 Nov 2018 17:59:55 DEBUG    Filling in custom puback (QoS>0) event callback...
Tue, 20 Nov 2018 17:59:56 DEBUG    Produced [puback] event
Tue, 20 Nov 2018 17:59:56 DEBUG    Dispatching [puback] event
Tue, 20 Nov 2018 17:59:56 DEBUG    Invoking custom event callback...
Tue, 20 Nov 2018 17:59:56 DEBUG    This custom event callback is for pub/sub/unsub, removing it after invocation...
Tue, 20 Nov 2018 18:00:01 INFO     Performing sync publish...
Tue, 20 Nov 2018 18:00:01 DEBUG    Filling in custom puback (QoS>0) event callback...
Tue, 20 Nov 2018 18:00:02 DEBUG    Produced [puback] event
Tue, 20 Nov 2018 18:00:02 DEBUG    Dispatching [puback] event
Tue, 20 Nov 2018 18:00:02 DEBUG    Invoking custom event callback...
Tue, 20 Nov 2018 18:00:02 DEBUG    This custom event callback is for pub/sub/unsub, removing it after invocation...
Tue, 20 Nov 2018 18:00:02 INFO     Performing sync publish...
Tue, 20 Nov 2018 18:00:02 DEBUG    Filling in custom puback (QoS>0) event callback...
Tue, 20 Nov 2018 18:00:02 DEBUG    Produced [puback] event
Tue, 20 Nov 2018 18:00:02 DEBUG    Dispatching [puback] event
Tue, 20 Nov 2018 18:00:02 DEBUG    Invoking custom event callback...
Tue, 20 Nov 2018 18:00:02 DEBUG    This custom event callback is for pub/sub/unsub, removing it after invocation...
Tue, 20 Nov 2018 18:00:02 INFO     Performing sync publish...
Tue, 20 Nov 2018 18:00:02 DEBUG    Filling in custom puback (QoS>0) event callback...
Tue, 20 Nov 2018 18:00:02 DEBUG    Produced [puback] event
Tue, 20 Nov 2018 18:00:02 DEBUG    Dispatching [puback] event
Tue, 20 Nov 2018 18:00:02 DEBUG    Invoking custom event callback...
Tue, 20 Nov 2018 18:00:02 DEBUG    This custom event callback is for pub/sub/unsub, removing it after invocation...
Tue, 20 Nov 2018 18:00:02 INFO     Performing sync publish...
Tue, 20 Nov 2018 18:00:02 DEBUG    Filling in custom puback (QoS>0) event callback...
Tue, 20 Nov 2018 18:00:02 DEBUG    Produced [puback] event
Tue, 20 Nov 2018 18:00:02 DEBUG    Dispatching [puback] event
Tue, 20 Nov 2018 18:00:02 DEBUG    Invoking custom event callback...
Tue, 20 Nov 2018 18:00:02 DEBUG    This custom event callback is for pub/sub/unsub, removing it after invocation...
Tue, 20 Nov 2018 18:00:03 INFO     Performing sync publish...
Tue, 20 Nov 2018 18:00:03 DEBUG    Filling in custom puback (QoS>0) event callback...
Tue, 20 Nov 2018 18:00:03 DEBUG    Produced [puback] event
Tue, 20 Nov 2018 18:00:03 DEBUG    Dispatching [puback] event
Tue, 20 Nov 2018 18:00:03 DEBUG    Invoking custom event callback...
Tue, 20 Nov 2018 18:00:03 DEBUG    This custom event callback is for pub/sub/unsub, removing it after invocation...
Tue, 20 Nov 2018 18:00:08 INFO     Performing sync publish...
Tue, 20 Nov 2018 18:00:08 DEBUG    Filling in custom puback (QoS>0) event callback...
Tue, 20 Nov 2018 18:00:09 DEBUG    Produced [puback] event
Tue, 20 Nov 2018 18:00:09 DEBUG    Dispatching [puback] event
Tue, 20 Nov 2018 18:00:09 DEBUG    Invoking custom event callback...
Tue, 20 Nov 2018 18:00:09 DEBUG    This custom event callback is for pub/sub/unsub, removing it after invocation...
Tue, 20 Nov 2018 18:00:09 INFO     Performing sync publish...
Tue, 20 Nov 2018 18:00:09 DEBUG    Filling in custom puback (QoS>0) event callback...
Tue, 20 Nov 2018 18:00:09 DEBUG    Produced [puback] event
Tue, 20 Nov 2018 18:00:09 DEBUG    Dispatching [puback] event
Tue, 20 Nov 2018 18:00:09 DEBUG    Invoking custom event callback...
Tue, 20 Nov 2018 18:00:09 DEBUG    This custom event callback is for pub/sub/unsub, removing it after invocation...
Tue, 20 Nov 2018 18:00:09 INFO     Performing sync publish...
Tue, 20 Nov 2018 18:00:09 DEBUG    Filling in custom puback (QoS>0) event callback...
Tue, 20 Nov 2018 18:00:09 DEBUG    Produced [puback] event
Tue, 20 Nov 2018 18:00:09 DEBUG    Dispatching [puback] event
Tue, 20 Nov 2018 18:00:09 DEBUG    Invoking custom event callback...
Tue, 20 Nov 2018 18:00:09 DEBUG    This custom event callback is for pub/sub/unsub, removing it after invocation...
Tue, 20 Nov 2018 18:00:09 INFO     Performing sync publish...
Tue, 20 Nov 2018 18:00:09 DEBUG    Filling in custom puback (QoS>0) event callback...
Tue, 20 Nov 2018 18:00:10 DEBUG    Produced [puback] event
Tue, 20 Nov 2018 18:00:10 DEBUG    Dispatching [puback] event
Tue, 20 Nov 2018 18:00:10 DEBUG    Invoking custom event callback...
Tue, 20 Nov 2018 18:00:10 DEBUG    This custom event callback is for pub/sub/unsub, removing it after invocation...
Tue, 20 Nov 2018 18:00:10 INFO     Performing sync publish...
Tue, 20 Nov 2018 18:00:10 DEBUG    Filling in custom puback (QoS>0) event callback...
Tue, 20 Nov 2018 18:00:10 DEBUG    Produced [puback] event
Tue, 20 Nov 2018 18:00:10 DEBUG    Dispatching [puback] event
Tue, 20 Nov 2018 18:00:10 DEBUG    Invoking custom event callback...
Tue, 20 Nov 2018 18:00:10 DEBUG    This custom event callback is for pub/sub/unsub, removing it after invocation...
Tue, 20 Nov 2018 18:00:15 INFO     Performing sync publish...
Tue, 20 Nov 2018 18:00:15 DEBUG    Filling in custom puback (QoS>0) event callback...
Tue, 20 Nov 2018 18:00:16 DEBUG    Produced [puback] event
Tue, 20 Nov 2018 18:00:16 DEBUG    Dispatching [puback] event
Tue, 20 Nov 2018 18:00:16 DEBUG    Invoking custom event callback...
Tue, 20 Nov 2018 18:00:16 DEBUG    This custom event callback is for pub/sub/unsub, removing it after invocation...
Tue, 20 Nov 2018 18:00:16 INFO     Performing sync publish...
Tue, 20 Nov 2018 18:00:16 DEBUG    Filling in custom puback (QoS>0) event callback...
Tue, 20 Nov 2018 18:00:16 DEBUG    Produced [puback] event
Tue, 20 Nov 2018 18:00:16 DEBUG    Dispatching [puback] event
Tue, 20 Nov 2018 18:00:16 DEBUG    Invoking custom event callback...
Tue, 20 Nov 2018 18:00:16 DEBUG    This custom event callback is for pub/sub/unsub, removing it after invocation...
Tue, 20 Nov 2018 18:00:16 INFO     Performing sync publish...
Tue, 20 Nov 2018 18:00:16 DEBUG    Filling in custom puback (QoS>0) event callback...
Tue, 20 Nov 2018 18:00:17 DEBUG    Produced [puback] event
Tue, 20 Nov 2018 18:00:17 DEBUG    Dispatching [puback] event
Tue, 20 Nov 2018 18:00:17 DEBUG    Invoking custom event callback...
Tue, 20 Nov 2018 18:00:17 DEBUG    This custom event callback is for pub/sub/unsub, removing it after invocation...
Tue, 20 Nov 2018 18:00:17 INFO     Performing sync publish...
Tue, 20 Nov 2018 18:00:17 DEBUG    Filling in custom puback (QoS>0) event callback...
Tue, 20 Nov 2018 18:00:17 DEBUG    Produced [puback] event
Tue, 20 Nov 2018 18:00:17 DEBUG    Dispatching [puback] event
Tue, 20 Nov 2018 18:00:17 DEBUG    Invoking custom event callback...
Tue, 20 Nov 2018 18:00:17 DEBUG    This custom event callback is for pub/sub/unsub, removing it after invocation...
Tue, 20 Nov 2018 18:00:17 INFO     Performing sync publish...
Tue, 20 Nov 2018 18:00:17 DEBUG    Filling in custom puback (QoS>0) event callback...
Tue, 20 Nov 2018 18:00:17 DEBUG    Produced [puback] event
Tue, 20 Nov 2018 18:00:17 DEBUG    Dispatching [puback] event
Tue, 20 Nov 2018 18:00:17 DEBUG    Invoking custom event callback...
Tue, 20 Nov 2018 18:00:17 DEBUG    This custom event callback is for pub/sub/unsub, removing it after invocation...
Tue, 20 Nov 2018 18:00:22 INFO     Performing sync publish...
Tue, 20 Nov 2018 18:00:22 DEBUG    Filling in custom puback (QoS>0) event callback...
Tue, 20 Nov 2018 18:00:23 DEBUG    Produced [puback] event
Tue, 20 Nov 2018 18:00:23 DEBUG    Dispatching [puback] event
Tue, 20 Nov 2018 18:00:23 DEBUG    Invoking custom event callback...
Tue, 20 Nov 2018 18:00:23 DEBUG    This custom event callback is for pub/sub/unsub, removing it after invocation...
Tue, 20 Nov 2018 18:00:23 INFO     Performing sync publish...
Tue, 20 Nov 2018 18:00:23 DEBUG    Filling in custom puback (QoS>0) event callback...
Tue, 20 Nov 2018 18:00:23 DEBUG    Produced [puback] event
Tue, 20 Nov 2018 18:00:23 DEBUG    Dispatching [puback] event
Tue, 20 Nov 2018 18:00:23 DEBUG    Invoking custom event callback...
Tue, 20 Nov 2018 18:00:23 DEBUG    This custom event callback is for pub/sub/unsub, removing it after invocation...
Tue, 20 Nov 2018 18:00:23 INFO     Performing sync publish...
Tue, 20 Nov 2018 18:00:23 DEBUG    Filling in custom puback (QoS>0) event callback...
Tue, 20 Nov 2018 18:00:24 DEBUG    Produced [puback] event
Tue, 20 Nov 2018 18:00:24 DEBUG    Dispatching [puback] event
Tue, 20 Nov 2018 18:00:24 DEBUG    Invoking custom event callback...
Tue, 20 Nov 2018 18:00:24 DEBUG    This custom event callback is for pub/sub/unsub, removing it after invocation...
Tue, 20 Nov 2018 18:00:24 INFO     Performing sync publish...
Tue, 20 Nov 2018 18:00:24 DEBUG    Filling in custom puback (QoS>0) event callback...
Tue, 20 Nov 2018 18:00:24 DEBUG    Produced [puback] event
Tue, 20 Nov 2018 18:00:24 DEBUG    Dispatching [puback] event
Tue, 20 Nov 2018 18:00:24 DEBUG    Invoking custom event callback...
Tue, 20 Nov 2018 18:00:24 DEBUG    This custom event callback is for pub/sub/unsub, removing it after invocation...
Tue, 20 Nov 2018 18:00:24 INFO     Performing sync publish...
Tue, 20 Nov 2018 18:00:24 DEBUG    Filling in custom puback (QoS>0) event callback...
Tue, 20 Nov 2018 18:00:24 DEBUG    Produced [puback] event
Tue, 20 Nov 2018 18:00:24 DEBUG    Dispatching [puback] event
Tue, 20 Nov 2018 18:00:24 DEBUG    Invoking custom event callback...
Tue, 20 Nov 2018 18:00:24 DEBUG    This custom event callback is for pub/sub/unsub, removing it after invocation...
Tue, 20 Nov 2018 18:00:29 INFO     Performing sync publish...
Tue, 20 Nov 2018 18:00:29 DEBUG    Filling in custom puback (QoS>0) event callback...
Tue, 20 Nov 2018 18:00:31 DEBUG    Produced [puback] event
Tue, 20 Nov 2018 18:00:31 DEBUG    Dispatching [puback] event
Tue, 20 Nov 2018 18:00:31 DEBUG    Invoking custom event callback...
Tue, 20 Nov 2018 18:00:31 DEBUG    This custom event callback is for pub/sub/unsub, removing it after invocation...
Tue, 20 Nov 2018 18:00:31 INFO     Performing sync publish...
Tue, 20 Nov 2018 18:00:31 DEBUG    Filling in custom puback (QoS>0) event callback...
Tue, 20 Nov 2018 18:00:31 DEBUG    Produced [puback] event
Tue, 20 Nov 2018 18:00:31 DEBUG    Dispatching [puback] event
Tue, 20 Nov 2018 18:00:31 DEBUG    Invoking custom event callback...
Tue, 20 Nov 2018 18:00:31 DEBUG    This custom event callback is for pub/sub/unsub, removing it after invocation...
Tue, 20 Nov 2018 18:00:31 INFO     Performing sync publish...
Tue, 20 Nov 2018 18:00:31 DEBUG    Filling in custom puback (QoS>0) event callback...
Tue, 20 Nov 2018 18:00:31 DEBUG    Produced [puback] event
Tue, 20 Nov 2018 18:00:31 DEBUG    Dispatching [puback] event
Tue, 20 Nov 2018 18:00:31 DEBUG    Invoking custom event callback...
Tue, 20 Nov 2018 18:00:31 DEBUG    This custom event callback is for pub/sub/unsub, removing it after invocation...
Tue, 20 Nov 2018 18:00:31 INFO     Performing sync publish...
Tue, 20 Nov 2018 18:00:31 DEBUG    Filling in custom puback (QoS>0) event callback...
Tue, 20 Nov 2018 18:00:32 DEBUG    Produced [puback] event
Tue, 20 Nov 2018 18:00:32 DEBUG    Dispatching [puback] event
Tue, 20 Nov 2018 18:00:32 DEBUG    Invoking custom event callback...
Tue, 20 Nov 2018 18:00:32 DEBUG    This custom event callback is for pub/sub/unsub, removing it after invocation...
Tue, 20 Nov 2018 18:00:32 INFO     Performing sync publish...
Tue, 20 Nov 2018 18:00:32 DEBUG    Filling in custom puback (QoS>0) event callback...
Tue, 20 Nov 2018 18:00:32 DEBUG    Produced [puback] event
Tue, 20 Nov 2018 18:00:32 DEBUG    Dispatching [puback] event
Tue, 20 Nov 2018 18:00:32 DEBUG    Invoking custom event callback...
Tue, 20 Nov 2018 18:00:32 DEBUG    This custom event callback is for pub/sub/unsub, removing it after invocation...
Tue, 20 Nov 2018 18:00:37 INFO     Performing sync publish...
Tue, 20 Nov 2018 18:00:37 DEBUG    Filling in custom puback (QoS>0) event callback...
Tue, 20 Nov 2018 18:00:38 DEBUG    Produced [puback] event
Tue, 20 Nov 2018 18:00:38 DEBUG    Dispatching [puback] event
Tue, 20 Nov 2018 18:00:38 DEBUG    Invoking custom event callback...
Tue, 20 Nov 2018 18:00:38 DEBUG    This custom event callback is for pub/sub/unsub, removing it after invocation...
Tue, 20 Nov 2018 18:00:38 INFO     Performing sync publish...
Tue, 20 Nov 2018 18:00:38 DEBUG    Filling in custom puback (QoS>0) event callback...
Tue, 20 Nov 2018 18:00:38 DEBUG    Produced [puback] event
Tue, 20 Nov 2018 18:00:38 DEBUG    Dispatching [puback] event
Tue, 20 Nov 2018 18:00:38 DEBUG    Invoking custom event callback...
Tue, 20 Nov 2018 18:00:38 DEBUG    This custom event callback is for pub/sub/unsub, removing it after invocation...
Tue, 20 Nov 2018 18:00:38 INFO     Performing sync publish...
Tue, 20 Nov 2018 18:00:38 DEBUG    Filling in custom puback (QoS>0) event callback...
Tue, 20 Nov 2018 18:00:38 DEBUG    Produced [puback] event
Tue, 20 Nov 2018 18:00:38 DEBUG    Dispatching [puback] event
Tue, 20 Nov 2018 18:00:38 DEBUG    Invoking custom event callback...
Tue, 20 Nov 2018 18:00:38 DEBUG    This custom event callback is for pub/sub/unsub, removing it after invocation...
Tue, 20 Nov 2018 18:00:38 INFO     Performing sync publish...
Tue, 20 Nov 2018 18:00:38 DEBUG    Filling in custom puback (QoS>0) event callback...
Tue, 20 Nov 2018 18:00:39 DEBUG    Produced [puback] event
Tue, 20 Nov 2018 18:00:39 DEBUG    Dispatching [puback] event
Tue, 20 Nov 2018 18:00:39 DEBUG    Invoking custom event callback...
Tue, 20 Nov 2018 18:00:39 DEBUG    This custom event callback is for pub/sub/unsub, removing it after invocation...
Tue, 20 Nov 2018 18:00:39 INFO     Performing sync publish...
Tue, 20 Nov 2018 18:00:39 DEBUG    Filling in custom puback (QoS>0) event callback...
Tue, 20 Nov 2018 18:00:39 DEBUG    Produced [puback] event
Tue, 20 Nov 2018 18:00:39 DEBUG    Dispatching [puback] event
Tue, 20 Nov 2018 18:00:39 DEBUG    Invoking custom event callback...
Tue, 20 Nov 2018 18:00:39 DEBUG    This custom event callback is for pub/sub/unsub, removing it after invocation...
Tue, 20 Nov 2018 18:00:44 INFO     Performing sync publish...
Tue, 20 Nov 2018 18:00:44 DEBUG    Filling in custom puback (QoS>0) event callback...
Tue, 20 Nov 2018 18:00:44 DEBUG    Produced [puback] event
Tue, 20 Nov 2018 18:00:44 DEBUG    Dispatching [puback] event
Tue, 20 Nov 2018 18:00:44 DEBUG    Invoking custom event callback...
Tue, 20 Nov 2018 18:00:44 DEBUG    This custom event callback is for pub/sub/unsub, removing it after invocation...
Tue, 20 Nov 2018 18:00:44 INFO     Performing sync publish...
Tue, 20 Nov 2018 18:00:44 DEBUG    Filling in custom puback (QoS>0) event callback...
Tue, 20 Nov 2018 18:00:45 DEBUG    Produced [puback] event
Tue, 20 Nov 2018 18:00:45 DEBUG    Dispatching [puback] event
Tue, 20 Nov 2018 18:00:45 DEBUG    Invoking custom event callback...
Tue, 20 Nov 2018 18:00:45 DEBUG    This custom event callback is for pub/sub/unsub, removing it after invocation...
Tue, 20 Nov 2018 18:00:45 INFO     Performing sync publish...
Tue, 20 Nov 2018 18:00:45 DEBUG    Filling in custom puback (QoS>0) event callback...
Tue, 20 Nov 2018 18:00:45 DEBUG    Produced [puback] event
Tue, 20 Nov 2018 18:00:45 DEBUG    Dispatching [puback] event
Tue, 20 Nov 2018 18:00:45 DEBUG    Invoking custom event callback...
Tue, 20 Nov 2018 18:00:45 DEBUG    This custom event callback is for pub/sub/unsub, removing it after invocation...
Tue, 20 Nov 2018 18:00:45 INFO     Performing sync publish...
Tue, 20 Nov 2018 18:00:45 DEBUG    Filling in custom puback (QoS>0) event callback...
Tue, 20 Nov 2018 18:00:45 DEBUG    Produced [puback] event
Tue, 20 Nov 2018 18:00:45 DEBUG    Dispatching [puback] event
Tue, 20 Nov 2018 18:00:45 DEBUG    Invoking custom event callback...
Tue, 20 Nov 2018 18:00:45 DEBUG    This custom event callback is for pub/sub/unsub, removing it after invocation...
Tue, 20 Nov 2018 18:00:45 INFO     Performing sync publish...
Tue, 20 Nov 2018 18:00:45 DEBUG    Filling in custom puback (QoS>0) event callback...
Tue, 20 Nov 2018 18:00:45 DEBUG    Produced [puback] event
Tue, 20 Nov 2018 18:00:45 DEBUG    Dispatching [puback] event
Tue, 20 Nov 2018 18:00:45 DEBUG    Invoking custom event callback...
Tue, 20 Nov 2018 18:00:45 DEBUG    This custom event callback is for pub/sub/unsub, removing it after invocation...
Tue, 20 Nov 2018 18:00:50 INFO     Performing sync publish...
Tue, 20 Nov 2018 18:00:50 DEBUG    Filling in custom puback (QoS>0) event callback...
