Tue, 20 Nov 2018 18:16:19 DEBUG    Config file loaded : config.py
Tue, 20 Nov 2018 18:16:19 DEBUG    Config file loaded : config.py
Tue, 20 Nov 2018 18:16:19 DEBUG    Initializing MQTT layer...
Tue, 20 Nov 2018 18:16:19 DEBUG    Registering internal event callbacks to MQTT layer...
Tue, 20 Nov 2018 18:16:19 INFO     MqttCore initialized
Tue, 20 Nov 2018 18:16:19 INFO     Client id: SDM120_ENERGY_METER
Tue, 20 Nov 2018 18:16:19 INFO     Protocol version: MQTTv3.1.1
Tue, 20 Nov 2018 18:16:19 INFO     Authentication type: TLSv1.2 certificate based Mutual Auth.
Tue, 20 Nov 2018 18:16:19 INFO     Configuring endpoint...
Tue, 20 Nov 2018 18:16:19 DEBUG    MODBUS Config loadedMODBUS.py
Tue, 20 Nov 2018 18:16:19 INFO     Configuring certificates...
Tue, 20 Nov 2018 18:16:20 INFO     Configuring reconnect back off timing...
Tue, 20 Nov 2018 18:16:20 INFO     Base quiet time: 1.000000 sec
Tue, 20 Nov 2018 18:16:20 INFO     Max quiet time: 32.000000 sec
Tue, 20 Nov 2018 18:16:20 INFO     Stable connection time: 20.000000 sec
Tue, 20 Nov 2018 18:16:20 INFO     Configuring offline requests queueing: max queue size: -1
Tue, 20 Nov 2018 18:16:20 INFO     Configuring offline requests queue draining interval: 0.500000 sec
Tue, 20 Nov 2018 18:16:20 INFO     Configuring connect/disconnect time out: 10.000000 sec
Tue, 20 Nov 2018 18:16:20 INFO     Configuring MQTT operation time out: 5.000000 sec
Tue, 20 Nov 2018 18:16:20 INFO     Performing sync connect...
Tue, 20 Nov 2018 18:16:20 INFO     Performing async connect...
Tue, 20 Nov 2018 18:16:20 INFO     Keep-alive: 600.000000 sec
Tue, 20 Nov 2018 18:16:20 DEBUG    Event consuming thread started
Tue, 20 Nov 2018 18:16:20 DEBUG    Passing in general notification callbacks to internal client...
Tue, 20 Nov 2018 18:16:20 DEBUG    Filling in fixed event callbacks: CONNACK, DISCONNECT, MESSAGE
Tue, 20 Nov 2018 18:16:21 DEBUG    Cleaning up before stopping event consuming
Tue, 20 Nov 2018 18:16:21 DEBUG    Event queue cleared
Tue, 20 Nov 2018 18:16:21 DEBUG    Stopping network I/O thread...
Tue, 20 Nov 2018 18:16:21 DEBUG    Network thread stopped
Tue, 20 Nov 2018 18:16:21 DEBUG    Event callbacks cleared
Tue, 20 Nov 2018 18:16:21 DEBUG    Exiting dispatching loop...
Tue, 20 Nov 2018 18:16:21 DEBUG    Event consuming thread stopped
Tue, 20 Nov 2018 18:16:21 DEBUG    Waiting for event consumer to completely stop
Tue, 20 Nov 2018 18:16:21 DEBUG    Event consumer stopped
Tue, 20 Nov 2018 18:16:21 ERROR    FAILLED TO CONNECT TO THE SERVERhandler.py<class 'ssl.SSLError'>
Tue, 20 Nov 2018 18:16:21 INFO     Performing sync publish...
Tue, 20 Nov 2018 18:16:21 INFO     Offline request detected!
Tue, 20 Nov 2018 18:16:21 DEBUG    append: Add new element: <AWSIoTPythonSDK.core.protocol.internal.requests.QueueableRequest object at 0x000002DADC2AF8D0>
Tue, 20 Nov 2018 18:16:21 INFO     Performing sync publish...
Tue, 20 Nov 2018 18:16:21 INFO     Offline request detected!
Tue, 20 Nov 2018 18:16:21 DEBUG    append: Add new element: <AWSIoTPythonSDK.core.protocol.internal.requests.QueueableRequest object at 0x000002DADC2AFA90>
Tue, 20 Nov 2018 18:16:21 INFO     Performing sync publish...
Tue, 20 Nov 2018 18:16:21 INFO     Offline request detected!
Tue, 20 Nov 2018 18:16:21 DEBUG    append: Add new element: <AWSIoTPythonSDK.core.protocol.internal.requests.QueueableRequest object at 0x000002DADC2AFC18>
Tue, 20 Nov 2018 18:16:21 INFO     Performing sync publish...
Tue, 20 Nov 2018 18:16:21 INFO     Offline request detected!
Tue, 20 Nov 2018 18:16:21 DEBUG    append: Add new element: <AWSIoTPythonSDK.core.protocol.internal.requests.QueueableRequest object at 0x000002DADC2AFCC0>
Tue, 20 Nov 2018 18:16:21 INFO     Performing sync publish...
Tue, 20 Nov 2018 18:16:21 INFO     Offline request detected!
Tue, 20 Nov 2018 18:16:21 DEBUG    append: Add new element: <AWSIoTPythonSDK.core.protocol.internal.requests.QueueableRequest object at 0x000002DADC2AF240>
Tue, 20 Nov 2018 18:16:26 INFO     Performing sync publish...
Tue, 20 Nov 2018 18:16:26 INFO     Offline request detected!
Tue, 20 Nov 2018 18:16:26 DEBUG    append: Add new element: <AWSIoTPythonSDK.core.protocol.internal.requests.QueueableRequest object at 0x000002DADC2AFA58>
Tue, 20 Nov 2018 18:16:26 INFO     Performing sync publish...
Tue, 20 Nov 2018 18:16:26 INFO     Offline request detected!
Tue, 20 Nov 2018 18:16:26 DEBUG    append: Add new element: <AWSIoTPythonSDK.core.protocol.internal.requests.QueueableRequest object at 0x000002DADC2AF5F8>
Tue, 20 Nov 2018 18:16:26 INFO     Performing sync publish...
Tue, 20 Nov 2018 18:16:26 INFO     Offline request detected!
Tue, 20 Nov 2018 18:16:26 DEBUG    append: Add new element: <AWSIoTPythonSDK.core.protocol.internal.requests.QueueableRequest object at 0x000002DADC2AFBE0>
Tue, 20 Nov 2018 18:16:26 INFO     Performing sync publish...
Tue, 20 Nov 2018 18:16:26 INFO     Offline request detected!
Tue, 20 Nov 2018 18:16:26 DEBUG    append: Add new element: <AWSIoTPythonSDK.core.protocol.internal.requests.QueueableRequest object at 0x000002DADC2AFDA0>
Tue, 20 Nov 2018 18:16:26 INFO     Performing sync publish...
Tue, 20 Nov 2018 18:16:26 INFO     Offline request detected!
Tue, 20 Nov 2018 18:16:26 DEBUG    append: Add new element: <AWSIoTPythonSDK.core.protocol.internal.requests.QueueableRequest object at 0x000002DADC2AF9B0>
Tue, 20 Nov 2018 18:16:31 INFO     Performing sync publish...
Tue, 20 Nov 2018 18:16:31 INFO     Offline request detected!
Tue, 20 Nov 2018 18:16:31 DEBUG    append: Add new element: <AWSIoTPythonSDK.core.protocol.internal.requests.QueueableRequest object at 0x000002DADC2AF630>
Tue, 20 Nov 2018 18:16:31 INFO     Performing sync publish...
Tue, 20 Nov 2018 18:16:31 INFO     Offline request detected!
Tue, 20 Nov 2018 18:16:31 DEBUG    append: Add new element: <AWSIoTPythonSDK.core.protocol.internal.requests.QueueableRequest object at 0x000002DADC2AFBA8>
Tue, 20 Nov 2018 18:16:31 INFO     Performing sync publish...
Tue, 20 Nov 2018 18:16:31 INFO     Offline request detected!
Tue, 20 Nov 2018 18:16:31 DEBUG    append: Add new element: <AWSIoTPythonSDK.core.protocol.internal.requests.QueueableRequest object at 0x000002DADC2AFB70>
Tue, 20 Nov 2018 18:16:31 INFO     Performing sync publish...
Tue, 20 Nov 2018 18:16:31 INFO     Offline request detected!
Tue, 20 Nov 2018 18:16:31 DEBUG    append: Add new element: <AWSIoTPythonSDK.core.protocol.internal.requests.QueueableRequest object at 0x000002DADC2AFEB8>
Tue, 20 Nov 2018 18:16:31 INFO     Performing sync publish...
Tue, 20 Nov 2018 18:16:31 INFO     Offline request detected!
Tue, 20 Nov 2018 18:16:31 DEBUG    append: Add new element: <AWSIoTPythonSDK.core.protocol.internal.requests.QueueableRequest object at 0x000002DADC2AFD68>
Tue, 20 Nov 2018 18:16:36 INFO     Performing sync publish...
Tue, 20 Nov 2018 18:16:36 INFO     Offline request detected!
Tue, 20 Nov 2018 18:16:36 DEBUG    append: Add new element: <AWSIoTPythonSDK.core.protocol.internal.requests.QueueableRequest object at 0x000002DADC2AF550>
Tue, 20 Nov 2018 18:16:36 INFO     Performing sync publish...
Tue, 20 Nov 2018 18:16:36 INFO     Offline request detected!
Tue, 20 Nov 2018 18:16:36 DEBUG    append: Add new element: <AWSIoTPythonSDK.core.protocol.internal.requests.QueueableRequest object at 0x000002DADC2AF978>
Tue, 20 Nov 2018 18:16:36 INFO     Performing sync publish...
Tue, 20 Nov 2018 18:16:36 INFO     Offline request detected!
Tue, 20 Nov 2018 18:16:36 DEBUG    append: Add new element: <AWSIoTPythonSDK.core.protocol.internal.requests.QueueableRequest object at 0x000002DADC2AFCF8>
Tue, 20 Nov 2018 18:16:36 INFO     Performing sync publish...
Tue, 20 Nov 2018 18:16:36 INFO     Offline request detected!
Tue, 20 Nov 2018 18:16:36 DEBUG    append: Add new element: <AWSIoTPythonSDK.core.protocol.internal.requests.QueueableRequest object at 0x000002DADC2AFD30>
Tue, 20 Nov 2018 18:16:36 INFO     Performing sync publish...
Tue, 20 Nov 2018 18:16:36 INFO     Offline request detected!
Tue, 20 Nov 2018 18:16:36 DEBUG    append: Add new element: <AWSIoTPythonSDK.core.protocol.internal.requests.QueueableRequest object at 0x000002DADC2AFE80>
Tue, 20 Nov 2018 18:16:41 INFO     Performing sync publish...
Tue, 20 Nov 2018 18:16:41 INFO     Offline request detected!
Tue, 20 Nov 2018 18:16:41 DEBUG    append: Add new element: <AWSIoTPythonSDK.core.protocol.internal.requests.QueueableRequest object at 0x000002DADC2AF940>
Tue, 20 Nov 2018 18:16:41 INFO     Performing sync publish...
Tue, 20 Nov 2018 18:16:41 INFO     Offline request detected!
Tue, 20 Nov 2018 18:16:41 DEBUG    append: Add new element: <AWSIoTPythonSDK.core.protocol.internal.requests.QueueableRequest object at 0x000002DADC2AFB38>
Tue, 20 Nov 2018 18:16:41 INFO     Performing sync publish...
Tue, 20 Nov 2018 18:16:41 INFO     Offline request detected!
Tue, 20 Nov 2018 18:16:41 DEBUG    append: Add new element: <AWSIoTPythonSDK.core.protocol.internal.requests.QueueableRequest object at 0x000002DADC2AFEF0>
Tue, 20 Nov 2018 18:16:41 INFO     Performing sync publish...
Tue, 20 Nov 2018 18:16:41 INFO     Offline request detected!
Tue, 20 Nov 2018 18:16:41 DEBUG    append: Add new element: <AWSIoTPythonSDK.core.protocol.internal.requests.QueueableRequest object at 0x000002DADC2AF7F0>
Tue, 20 Nov 2018 18:16:41 INFO     Performing sync publish...
Tue, 20 Nov 2018 18:16:41 INFO     Offline request detected!
Tue, 20 Nov 2018 18:16:41 DEBUG    append: Add new element: <AWSIoTPythonSDK.core.protocol.internal.requests.QueueableRequest object at 0x000002DADC2AFF60>
Tue, 20 Nov 2018 18:16:46 INFO     Performing sync publish...
Tue, 20 Nov 2018 18:16:46 INFO     Offline request detected!
Tue, 20 Nov 2018 18:16:46 DEBUG    append: Add new element: <AWSIoTPythonSDK.core.protocol.internal.requests.QueueableRequest object at 0x000002DADC2AF828>
Tue, 20 Nov 2018 18:16:46 INFO     Performing sync publish...
Tue, 20 Nov 2018 18:16:46 INFO     Offline request detected!
Tue, 20 Nov 2018 18:16:46 DEBUG    append: Add new element: <AWSIoTPythonSDK.core.protocol.internal.requests.QueueableRequest object at 0x000002DADC2AFFD0>
Tue, 20 Nov 2018 18:16:46 INFO     Performing sync publish...
Tue, 20 Nov 2018 18:16:46 INFO     Offline request detected!
Tue, 20 Nov 2018 18:16:46 DEBUG    append: Add new element: <AWSIoTPythonSDK.core.protocol.internal.requests.QueueableRequest object at 0x000002DADC2AFB00>
Tue, 20 Nov 2018 18:16:46 INFO     Performing sync publish...
Tue, 20 Nov 2018 18:16:46 INFO     Offline request detected!
Tue, 20 Nov 2018 18:16:46 DEBUG    append: Add new element: <AWSIoTPythonSDK.core.protocol.internal.requests.QueueableRequest object at 0x000002DADC2AF898>
Tue, 20 Nov 2018 18:16:46 INFO     Performing sync publish...
Tue, 20 Nov 2018 18:16:46 INFO     Offline request detected!
Tue, 20 Nov 2018 18:16:46 DEBUG    append: Add new element: <AWSIoTPythonSDK.core.protocol.internal.requests.QueueableRequest object at 0x000002DADC2D6048>
Tue, 20 Nov 2018 18:16:51 INFO     Performing sync publish...
Tue, 20 Nov 2018 18:16:51 INFO     Offline request detected!
Tue, 20 Nov 2018 18:16:51 DEBUG    append: Add new element: <AWSIoTPythonSDK.core.protocol.internal.requests.QueueableRequest object at 0x000002DADC2AFF98>
Tue, 20 Nov 2018 18:16:51 INFO     Performing sync publish...
Tue, 20 Nov 2018 18:16:51 INFO     Offline request detected!
Tue, 20 Nov 2018 18:16:51 DEBUG    append: Add new element: <AWSIoTPythonSDK.core.protocol.internal.requests.QueueableRequest object at 0x000002DADC2AFC88>
Tue, 20 Nov 2018 18:16:51 INFO     Performing sync publish...
Tue, 20 Nov 2018 18:16:51 INFO     Offline request detected!
Tue, 20 Nov 2018 18:16:51 DEBUG    append: Add new element: <AWSIoTPythonSDK.core.protocol.internal.requests.QueueableRequest object at 0x000002DADC2AFAC8>
Tue, 20 Nov 2018 18:16:51 INFO     Performing sync publish...
Tue, 20 Nov 2018 18:16:51 INFO     Offline request detected!
Tue, 20 Nov 2018 18:16:51 DEBUG    append: Add new element: <AWSIoTPythonSDK.core.protocol.internal.requests.QueueableRequest object at 0x000002DADC2D6358>
Tue, 20 Nov 2018 18:16:51 INFO     Performing sync publish...
Tue, 20 Nov 2018 18:16:51 INFO     Offline request detected!
Tue, 20 Nov 2018 18:16:51 DEBUG    append: Add new element: <AWSIoTPythonSDK.core.protocol.internal.requests.QueueableRequest object at 0x000002DADC2D6198>
Tue, 20 Nov 2018 18:16:56 INFO     Performing sync publish...
Tue, 20 Nov 2018 18:16:56 INFO     Offline request detected!
Tue, 20 Nov 2018 18:16:56 DEBUG    append: Add new element: <AWSIoTPythonSDK.core.protocol.internal.requests.QueueableRequest object at 0x000002DADC2AFA20>
Tue, 20 Nov 2018 18:16:56 INFO     Performing sync publish...
Tue, 20 Nov 2018 18:16:56 INFO     Offline request detected!
Tue, 20 Nov 2018 18:16:56 DEBUG    append: Add new element: <AWSIoTPythonSDK.core.protocol.internal.requests.QueueableRequest object at 0x000002DADC2AFDD8>
Tue, 20 Nov 2018 18:16:56 INFO     Performing sync publish...
Tue, 20 Nov 2018 18:16:56 INFO     Offline request detected!
Tue, 20 Nov 2018 18:16:56 DEBUG    append: Add new element: <AWSIoTPythonSDK.core.protocol.internal.requests.QueueableRequest object at 0x000002DADC2D60F0>
Tue, 20 Nov 2018 18:16:56 INFO     Performing sync publish...
Tue, 20 Nov 2018 18:16:56 INFO     Offline request detected!
Tue, 20 Nov 2018 18:16:56 DEBUG    append: Add new element: <AWSIoTPythonSDK.core.protocol.internal.requests.QueueableRequest object at 0x000002DADC2D6470>
Tue, 20 Nov 2018 18:16:56 INFO     Performing sync publish...
Tue, 20 Nov 2018 18:16:56 INFO     Offline request detected!
Tue, 20 Nov 2018 18:16:56 DEBUG    append: Add new element: <AWSIoTPythonSDK.core.protocol.internal.requests.QueueableRequest object at 0x000002DADC2D6160>
Tue, 20 Nov 2018 18:17:01 INFO     Performing sync publish...
Tue, 20 Nov 2018 18:17:01 INFO     Offline request detected!
Tue, 20 Nov 2018 18:17:01 DEBUG    append: Add new element: <AWSIoTPythonSDK.core.protocol.internal.requests.QueueableRequest object at 0x000002DADC2AFE10>
Tue, 20 Nov 2018 18:17:01 INFO     Performing sync publish...
Tue, 20 Nov 2018 18:17:01 INFO     Offline request detected!
Tue, 20 Nov 2018 18:17:01 DEBUG    append: Add new element: <AWSIoTPythonSDK.core.protocol.internal.requests.QueueableRequest object at 0x000002DADC2D6320>
Tue, 20 Nov 2018 18:17:01 INFO     Performing sync publish...
Tue, 20 Nov 2018 18:17:01 INFO     Offline request detected!
Tue, 20 Nov 2018 18:17:01 DEBUG    append: Add new element: <AWSIoTPythonSDK.core.protocol.internal.requests.QueueableRequest object at 0x000002DADC2D62B0>
Tue, 20 Nov 2018 18:17:01 INFO     Performing sync publish...
Tue, 20 Nov 2018 18:17:01 INFO     Offline request detected!
Tue, 20 Nov 2018 18:17:01 DEBUG    append: Add new element: <AWSIoTPythonSDK.core.protocol.internal.requests.QueueableRequest object at 0x000002DADC2D6588>
Tue, 20 Nov 2018 18:17:01 INFO     Performing sync publish...
Tue, 20 Nov 2018 18:17:01 INFO     Offline request detected!
Tue, 20 Nov 2018 18:17:01 DEBUG    append: Add new element: <AWSIoTPythonSDK.core.protocol.internal.requests.QueueableRequest object at 0x000002DADC2D6438>
Tue, 20 Nov 2018 18:17:06 INFO     Performing sync publish...
Tue, 20 Nov 2018 18:17:06 INFO     Offline request detected!
Tue, 20 Nov 2018 18:17:06 DEBUG    append: Add new element: <AWSIoTPythonSDK.core.protocol.internal.requests.QueueableRequest object at 0x000002DADC2AF7B8>
Tue, 20 Nov 2018 18:17:06 INFO     Performing sync publish...
Tue, 20 Nov 2018 18:17:06 INFO     Offline request detected!
Tue, 20 Nov 2018 18:17:06 DEBUG    append: Add new element: <AWSIoTPythonSDK.core.protocol.internal.requests.QueueableRequest object at 0x000002DADC2D6550>
Tue, 20 Nov 2018 18:17:06 INFO     Performing sync publish...
Tue, 20 Nov 2018 18:17:06 INFO     Offline request detected!
Tue, 20 Nov 2018 18:17:06 DEBUG    append: Add new element: <AWSIoTPythonSDK.core.protocol.internal.requests.QueueableRequest object at 0x000002DADC2D6080>
Tue, 20 Nov 2018 18:17:06 INFO     Performing sync publish...
Tue, 20 Nov 2018 18:17:06 INFO     Offline request detected!
Tue, 20 Nov 2018 18:17:06 DEBUG    append: Add new element: <AWSIoTPythonSDK.core.protocol.internal.requests.QueueableRequest object at 0x000002DADC2D66A0>
Tue, 20 Nov 2018 18:17:06 INFO     Performing sync publish...
Tue, 20 Nov 2018 18:17:06 INFO     Offline request detected!
Tue, 20 Nov 2018 18:17:06 DEBUG    append: Add new element: <AWSIoTPythonSDK.core.protocol.internal.requests.QueueableRequest object at 0x000002DADC2D6208>
Tue, 20 Nov 2018 18:17:11 INFO     Performing sync publish...
Tue, 20 Nov 2018 18:17:11 INFO     Offline request detected!
Tue, 20 Nov 2018 18:17:11 DEBUG    append: Add new element: <AWSIoTPythonSDK.core.protocol.internal.requests.QueueableRequest object at 0x000002DADC2AF908>
Tue, 20 Nov 2018 18:17:11 INFO     Performing sync publish...
Tue, 20 Nov 2018 18:17:11 INFO     Offline request detected!
Tue, 20 Nov 2018 18:17:11 DEBUG    append: Add new element: <AWSIoTPythonSDK.core.protocol.internal.requests.QueueableRequest object at 0x000002DADC2D65F8>
Tue, 20 Nov 2018 18:17:11 INFO     Performing sync publish...
Tue, 20 Nov 2018 18:17:11 INFO     Offline request detected!
Tue, 20 Nov 2018 18:17:11 DEBUG    append: Add new element: <AWSIoTPythonSDK.core.protocol.internal.requests.QueueableRequest object at 0x000002DADC2D6518>
Tue, 20 Nov 2018 18:17:11 INFO     Performing sync publish...
Tue, 20 Nov 2018 18:17:11 INFO     Offline request detected!
Tue, 20 Nov 2018 18:17:11 DEBUG    append: Add new element: <AWSIoTPythonSDK.core.protocol.internal.requests.QueueableRequest object at 0x000002DADC2D67B8>
Tue, 20 Nov 2018 18:17:11 INFO     Performing sync publish...
Tue, 20 Nov 2018 18:17:11 INFO     Offline request detected!
Tue, 20 Nov 2018 18:17:11 DEBUG    append: Add new element: <AWSIoTPythonSDK.core.protocol.internal.requests.QueueableRequest object at 0x000002DADC2D63C8>
Tue, 20 Nov 2018 18:17:16 INFO     Performing sync publish...
Tue, 20 Nov 2018 18:17:16 INFO     Offline request detected!
Tue, 20 Nov 2018 18:17:16 DEBUG    append: Add new element: <AWSIoTPythonSDK.core.protocol.internal.requests.QueueableRequest object at 0x000002DADC2D66D8>
Tue, 20 Nov 2018 18:17:16 INFO     Performing sync publish...
Tue, 20 Nov 2018 18:17:16 INFO     Offline request detected!
Tue, 20 Nov 2018 18:17:16 DEBUG    append: Add new element: <AWSIoTPythonSDK.core.protocol.internal.requests.QueueableRequest object at 0x000002DADC2D6128>
Tue, 20 Nov 2018 18:17:16 INFO     Performing sync publish...
Tue, 20 Nov 2018 18:17:16 INFO     Offline request detected!
Tue, 20 Nov 2018 18:17:16 DEBUG    append: Add new element: <AWSIoTPythonSDK.core.protocol.internal.requests.QueueableRequest object at 0x000002DADC2D6710>
Tue, 20 Nov 2018 18:17:16 INFO     Performing sync publish...
Tue, 20 Nov 2018 18:17:16 INFO     Offline request detected!
Tue, 20 Nov 2018 18:17:16 DEBUG    append: Add new element: <AWSIoTPythonSDK.core.protocol.internal.requests.QueueableRequest object at 0x000002DADC2D68D0>
Tue, 20 Nov 2018 18:17:16 INFO     Performing sync publish...
Tue, 20 Nov 2018 18:17:16 INFO     Offline request detected!
Tue, 20 Nov 2018 18:17:16 DEBUG    append: Add new element: <AWSIoTPythonSDK.core.protocol.internal.requests.QueueableRequest object at 0x000002DADC2D62E8>
Tue, 20 Nov 2018 18:17:21 INFO     Performing sync publish...
Tue, 20 Nov 2018 18:17:21 INFO     Offline request detected!
Tue, 20 Nov 2018 18:17:21 DEBUG    append: Add new element: <AWSIoTPythonSDK.core.protocol.internal.requests.QueueableRequest object at 0x000002DADC2D6390>
Tue, 20 Nov 2018 18:17:21 INFO     Performing sync publish...
Tue, 20 Nov 2018 18:17:21 INFO     Offline request detected!
Tue, 20 Nov 2018 18:17:21 DEBUG    append: Add new element: <AWSIoTPythonSDK.core.protocol.internal.requests.QueueableRequest object at 0x000002DADC2D61D0>
Tue, 20 Nov 2018 18:17:21 INFO     Performing sync publish...
Tue, 20 Nov 2018 18:17:21 INFO     Offline request detected!
Tue, 20 Nov 2018 18:17:21 DEBUG    append: Add new element: <AWSIoTPythonSDK.core.protocol.internal.requests.QueueableRequest object at 0x000002DADC2D6828>
Tue, 20 Nov 2018 18:17:21 INFO     Performing sync publish...
Tue, 20 Nov 2018 18:17:21 INFO     Offline request detected!
Tue, 20 Nov 2018 18:17:21 DEBUG    append: Add new element: <AWSIoTPythonSDK.core.protocol.internal.requests.QueueableRequest object at 0x000002DADC2D69E8>
Tue, 20 Nov 2018 18:17:21 INFO     Performing sync publish...
Tue, 20 Nov 2018 18:17:21 INFO     Offline request detected!
Tue, 20 Nov 2018 18:17:21 DEBUG    append: Add new element: <AWSIoTPythonSDK.core.protocol.internal.requests.QueueableRequest object at 0x000002DADC2D6278>
Tue, 20 Nov 2018 18:17:26 INFO     Performing sync publish...
Tue, 20 Nov 2018 18:17:26 INFO     Offline request detected!
Tue, 20 Nov 2018 18:17:26 DEBUG    append: Add new element: <AWSIoTPythonSDK.core.protocol.internal.requests.QueueableRequest object at 0x000002DADC2D64A8>
Tue, 20 Nov 2018 18:17:26 INFO     Performing sync publish...
Tue, 20 Nov 2018 18:17:26 INFO     Offline request detected!
Tue, 20 Nov 2018 18:17:26 DEBUG    append: Add new element: <AWSIoTPythonSDK.core.protocol.internal.requests.QueueableRequest object at 0x000002DADC2D6240>
Tue, 20 Nov 2018 18:17:26 INFO     Performing sync publish...
Tue, 20 Nov 2018 18:17:26 INFO     Offline request detected!
Tue, 20 Nov 2018 18:17:26 DEBUG    append: Add new element: <AWSIoTPythonSDK.core.protocol.internal.requests.QueueableRequest object at 0x000002DADC2D6940>
Tue, 20 Nov 2018 18:17:26 INFO     Performing sync publish...
Tue, 20 Nov 2018 18:17:26 INFO     Offline request detected!
Tue, 20 Nov 2018 18:17:26 DEBUG    append: Add new element: <AWSIoTPythonSDK.core.protocol.internal.requests.QueueableRequest object at 0x000002DADC2D6B00>
Tue, 20 Nov 2018 18:17:26 INFO     Performing sync publish...
Tue, 20 Nov 2018 18:17:26 INFO     Offline request detected!
Tue, 20 Nov 2018 18:17:26 DEBUG    append: Add new element: <AWSIoTPythonSDK.core.protocol.internal.requests.QueueableRequest object at 0x000002DADC2D60B8>
Tue, 20 Nov 2018 18:17:31 INFO     Performing sync publish...
Tue, 20 Nov 2018 18:17:31 INFO     Offline request detected!
Tue, 20 Nov 2018 18:17:31 DEBUG    append: Add new element: <AWSIoTPythonSDK.core.protocol.internal.requests.QueueableRequest object at 0x000002DADC2D6898>
Tue, 20 Nov 2018 18:17:31 INFO     Performing sync publish...
Tue, 20 Nov 2018 18:17:31 INFO     Offline request detected!
Tue, 20 Nov 2018 18:17:31 DEBUG    append: Add new element: <AWSIoTPythonSDK.core.protocol.internal.requests.QueueableRequest object at 0x000002DADC2D65C0>
Tue, 20 Nov 2018 18:17:31 INFO     Performing sync publish...
Tue, 20 Nov 2018 18:17:31 INFO     Offline request detected!
Tue, 20 Nov 2018 18:17:31 DEBUG    append: Add new element: <AWSIoTPythonSDK.core.protocol.internal.requests.QueueableRequest object at 0x000002DADC2D6A58>
Tue, 20 Nov 2018 18:17:31 INFO     Performing sync publish...
Tue, 20 Nov 2018 18:17:31 INFO     Offline request detected!
Tue, 20 Nov 2018 18:17:31 DEBUG    append: Add new element: <AWSIoTPythonSDK.core.protocol.internal.requests.QueueableRequest object at 0x000002DADC2D6C18>
Tue, 20 Nov 2018 18:17:31 INFO     Performing sync publish...
Tue, 20 Nov 2018 18:17:31 INFO     Offline request detected!
Tue, 20 Nov 2018 18:17:31 DEBUG    append: Add new element: <AWSIoTPythonSDK.core.protocol.internal.requests.QueueableRequest object at 0x000002DADC2D6630>
Tue, 20 Nov 2018 18:17:36 INFO     Performing sync publish...
Tue, 20 Nov 2018 18:17:36 INFO     Offline request detected!
Tue, 20 Nov 2018 18:17:36 DEBUG    append: Add new element: <AWSIoTPythonSDK.core.protocol.internal.requests.QueueableRequest object at 0x000002DADC2D69B0>
Tue, 20 Nov 2018 18:17:36 INFO     Performing sync publish...
Tue, 20 Nov 2018 18:17:36 INFO     Offline request detected!
Tue, 20 Nov 2018 18:17:36 DEBUG    append: Add new element: <AWSIoTPythonSDK.core.protocol.internal.requests.QueueableRequest object at 0x000002DADC2D67F0>
Tue, 20 Nov 2018 18:17:36 INFO     Performing sync publish...
Tue, 20 Nov 2018 18:17:36 INFO     Offline request detected!
Tue, 20 Nov 2018 18:17:36 DEBUG    append: Add new element: <AWSIoTPythonSDK.core.protocol.internal.requests.QueueableRequest object at 0x000002DADC2D6B70>
Tue, 20 Nov 2018 18:17:36 INFO     Performing sync publish...
Tue, 20 Nov 2018 18:17:36 INFO     Offline request detected!
Tue, 20 Nov 2018 18:17:36 DEBUG    append: Add new element: <AWSIoTPythonSDK.core.protocol.internal.requests.QueueableRequest object at 0x000002DADC2D6D30>
Tue, 20 Nov 2018 18:17:36 INFO     Performing sync publish...
Tue, 20 Nov 2018 18:17:36 INFO     Offline request detected!
Tue, 20 Nov 2018 18:17:36 DEBUG    append: Add new element: <AWSIoTPythonSDK.core.protocol.internal.requests.QueueableRequest object at 0x000002DADC2D64E0>
Tue, 20 Nov 2018 18:17:41 INFO     Performing sync publish...
Tue, 20 Nov 2018 18:17:41 INFO     Offline request detected!
Tue, 20 Nov 2018 18:17:41 DEBUG    append: Add new element: <AWSIoTPythonSDK.core.protocol.internal.requests.QueueableRequest object at 0x000002DADC2D6AC8>
Tue, 20 Nov 2018 18:17:41 INFO     Performing sync publish...
Tue, 20 Nov 2018 18:17:41 INFO     Offline request detected!
Tue, 20 Nov 2018 18:17:41 DEBUG    append: Add new element: <AWSIoTPythonSDK.core.protocol.internal.requests.QueueableRequest object at 0x000002DADC2D6908>
Tue, 20 Nov 2018 18:17:41 INFO     Performing sync publish...
Tue, 20 Nov 2018 18:17:41 INFO     Offline request detected!
Tue, 20 Nov 2018 18:17:41 DEBUG    append: Add new element: <AWSIoTPythonSDK.core.protocol.internal.requests.QueueableRequest object at 0x000002DADC2D6C88>
Tue, 20 Nov 2018 18:17:41 INFO     Performing sync publish...
Tue, 20 Nov 2018 18:17:41 INFO     Offline request detected!
Tue, 20 Nov 2018 18:17:41 DEBUG    append: Add new element: <AWSIoTPythonSDK.core.protocol.internal.requests.QueueableRequest object at 0x000002DADC2D6E48>
Tue, 20 Nov 2018 18:17:41 INFO     Performing sync publish...
Tue, 20 Nov 2018 18:17:41 INFO     Offline request detected!
Tue, 20 Nov 2018 18:17:41 DEBUG    append: Add new element: <AWSIoTPythonSDK.core.protocol.internal.requests.QueueableRequest object at 0x000002DADC2D6400>
Tue, 20 Nov 2018 18:17:46 INFO     Performing sync publish...
Tue, 20 Nov 2018 18:17:46 INFO     Offline request detected!
Tue, 20 Nov 2018 18:17:46 DEBUG    append: Add new element: <AWSIoTPythonSDK.core.protocol.internal.requests.QueueableRequest object at 0x000002DADC2D6BE0>
Tue, 20 Nov 2018 18:17:46 INFO     Performing sync publish...
Tue, 20 Nov 2018 18:17:46 INFO     Offline request detected!
Tue, 20 Nov 2018 18:17:46 DEBUG    append: Add new element: <AWSIoTPythonSDK.core.protocol.internal.requests.QueueableRequest object at 0x000002DADC2D6A20>
Tue, 20 Nov 2018 18:17:47 INFO     Performing sync publish...
Tue, 20 Nov 2018 18:17:47 INFO     Offline request detected!
Tue, 20 Nov 2018 18:17:47 DEBUG    append: Add new element: <AWSIoTPythonSDK.core.protocol.internal.requests.QueueableRequest object at 0x000002DADC2D6DA0>
Tue, 20 Nov 2018 18:17:47 INFO     Performing sync publish...
Tue, 20 Nov 2018 18:17:47 INFO     Offline request detected!
Tue, 20 Nov 2018 18:17:47 DEBUG    append: Add new element: <AWSIoTPythonSDK.core.protocol.internal.requests.QueueableRequest object at 0x000002DADC2D6F60>
Tue, 20 Nov 2018 18:17:47 INFO     Performing sync publish...
Tue, 20 Nov 2018 18:17:47 INFO     Offline request detected!
Tue, 20 Nov 2018 18:17:47 DEBUG    append: Add new element: <AWSIoTPythonSDK.core.protocol.internal.requests.QueueableRequest object at 0x000002DADC2D6780>
Tue, 20 Nov 2018 18:17:52 INFO     Performing sync publish...
Tue, 20 Nov 2018 18:17:52 INFO     Offline request detected!
Tue, 20 Nov 2018 18:17:52 DEBUG    append: Add new element: <AWSIoTPythonSDK.core.protocol.internal.requests.QueueableRequest object at 0x000002DADC2D6F98>
Tue, 20 Nov 2018 18:17:52 INFO     Performing sync publish...
Tue, 20 Nov 2018 18:17:52 INFO     Offline request detected!
Tue, 20 Nov 2018 18:17:52 DEBUG    append: Add new element: <AWSIoTPythonSDK.core.protocol.internal.requests.QueueableRequest object at 0x000002DADC2D6EB8>
Tue, 20 Nov 2018 18:17:52 INFO     Performing sync publish...
Tue, 20 Nov 2018 18:17:52 INFO     Offline request detected!
Tue, 20 Nov 2018 18:17:52 DEBUG    append: Add new element: <AWSIoTPythonSDK.core.protocol.internal.requests.QueueableRequest object at 0x000002DADC2D6668>
Tue, 20 Nov 2018 18:17:52 INFO     Performing sync publish...
Tue, 20 Nov 2018 18:17:52 INFO     Offline request detected!
Tue, 20 Nov 2018 18:17:52 DEBUG    append: Add new element: <AWSIoTPythonSDK.core.protocol.internal.requests.QueueableRequest object at 0x000002DADC2AFC50>
Tue, 20 Nov 2018 18:17:52 INFO     Performing sync publish...
Tue, 20 Nov 2018 18:17:52 INFO     Offline request detected!
Tue, 20 Nov 2018 18:17:52 DEBUG    append: Add new element: <AWSIoTPythonSDK.core.protocol.internal.requests.QueueableRequest object at 0x000002DADC2AFF28>
Tue, 20 Nov 2018 18:17:57 INFO     Performing sync publish...
Tue, 20 Nov 2018 18:17:57 INFO     Offline request detected!
Tue, 20 Nov 2018 18:17:57 DEBUG    append: Add new element: <AWSIoTPythonSDK.core.protocol.internal.requests.QueueableRequest object at 0x000002DADC2D6A90>
Tue, 20 Nov 2018 18:17:57 INFO     Performing sync publish...
Tue, 20 Nov 2018 18:17:57 INFO     Offline request detected!
Tue, 20 Nov 2018 18:17:57 DEBUG    append: Add new element: <AWSIoTPythonSDK.core.protocol.internal.requests.QueueableRequest object at 0x000002DADC2D6EF0>
Tue, 20 Nov 2018 18:17:57 INFO     Performing sync publish...
Tue, 20 Nov 2018 18:17:57 INFO     Offline request detected!
Tue, 20 Nov 2018 18:17:57 DEBUG    append: Add new element: <AWSIoTPythonSDK.core.protocol.internal.requests.QueueableRequest object at 0x000002DADC2D6978>
Tue, 20 Nov 2018 18:17:57 INFO     Performing sync publish...
Tue, 20 Nov 2018 18:17:57 INFO     Offline request detected!
Tue, 20 Nov 2018 18:17:57 DEBUG    append: Add new element: <AWSIoTPythonSDK.core.protocol.internal.requests.QueueableRequest object at 0x000002DADC2D6E80>
Tue, 20 Nov 2018 18:17:57 INFO     Performing sync publish...
Tue, 20 Nov 2018 18:17:57 INFO     Offline request detected!
Tue, 20 Nov 2018 18:17:57 DEBUG    append: Add new element: <AWSIoTPythonSDK.core.protocol.internal.requests.QueueableRequest object at 0x000002DADC2D6CF8>
Tue, 20 Nov 2018 18:18:02 INFO     Performing sync publish...
Tue, 20 Nov 2018 18:18:02 INFO     Offline request detected!
Tue, 20 Nov 2018 18:18:02 DEBUG    append: Add new element: <AWSIoTPythonSDK.core.protocol.internal.requests.QueueableRequest object at 0x000002DADC2D6BA8>
Tue, 20 Nov 2018 18:18:02 INFO     Performing sync publish...
Tue, 20 Nov 2018 18:18:02 INFO     Offline request detected!
Tue, 20 Nov 2018 18:18:02 DEBUG    append: Add new element: <AWSIoTPythonSDK.core.protocol.internal.requests.QueueableRequest object at 0x000002DADC2D6F28>
Tue, 20 Nov 2018 18:18:02 INFO     Performing sync publish...
Tue, 20 Nov 2018 18:18:02 INFO     Offline request detected!
Tue, 20 Nov 2018 18:18:02 DEBUG    append: Add new element: <AWSIoTPythonSDK.core.protocol.internal.requests.QueueableRequest object at 0x000002DADC2D6C50>
Tue, 20 Nov 2018 18:18:02 INFO     Performing sync publish...
Tue, 20 Nov 2018 18:18:02 INFO     Offline request detected!
Tue, 20 Nov 2018 18:18:02 DEBUG    append: Add new element: <AWSIoTPythonSDK.core.protocol.internal.requests.QueueableRequest object at 0x000002DADC2E2320>
Tue, 20 Nov 2018 18:18:02 INFO     Performing sync publish...
Tue, 20 Nov 2018 18:18:02 INFO     Offline request detected!
Tue, 20 Nov 2018 18:18:02 DEBUG    append: Add new element: <AWSIoTPythonSDK.core.protocol.internal.requests.QueueableRequest object at 0x000002DADC2E2080>
Tue, 20 Nov 2018 18:18:07 INFO     Performing sync publish...
Tue, 20 Nov 2018 18:18:07 INFO     Offline request detected!
Tue, 20 Nov 2018 18:18:07 DEBUG    append: Add new element: <AWSIoTPythonSDK.core.protocol.internal.requests.QueueableRequest object at 0x000002DADC2D6FD0>
Tue, 20 Nov 2018 18:18:07 INFO     Performing sync publish...
Tue, 20 Nov 2018 18:18:07 INFO     Offline request detected!
Tue, 20 Nov 2018 18:18:07 DEBUG    append: Add new element: <AWSIoTPythonSDK.core.protocol.internal.requests.QueueableRequest object at 0x000002DADC2D6B38>
Tue, 20 Nov 2018 18:18:07 INFO     Performing sync publish...
Tue, 20 Nov 2018 18:18:07 INFO     Offline request detected!
Tue, 20 Nov 2018 18:18:07 DEBUG    append: Add new element: <AWSIoTPythonSDK.core.protocol.internal.requests.QueueableRequest object at 0x000002DADC2E20B8>
Tue, 20 Nov 2018 18:18:07 INFO     Performing sync publish...
Tue, 20 Nov 2018 18:18:07 INFO     Offline request detected!
Tue, 20 Nov 2018 18:18:07 DEBUG    append: Add new element: <AWSIoTPythonSDK.core.protocol.internal.requests.QueueableRequest object at 0x000002DADC2E2400>
Tue, 20 Nov 2018 18:18:07 INFO     Performing sync publish...
Tue, 20 Nov 2018 18:18:07 INFO     Offline request detected!
Tue, 20 Nov 2018 18:18:07 DEBUG    append: Add new element: <AWSIoTPythonSDK.core.protocol.internal.requests.QueueableRequest object at 0x000002DADC2E2128>
Tue, 20 Nov 2018 18:18:12 INFO     Performing sync publish...
Tue, 20 Nov 2018 18:18:12 INFO     Offline request detected!
Tue, 20 Nov 2018 18:18:12 DEBUG    append: Add new element: <AWSIoTPythonSDK.core.protocol.internal.requests.QueueableRequest object at 0x000002DADC2D6E10>
Tue, 20 Nov 2018 18:18:12 INFO     Performing sync publish...
Tue, 20 Nov 2018 18:18:12 INFO     Offline request detected!
Tue, 20 Nov 2018 18:18:12 DEBUG    append: Add new element: <AWSIoTPythonSDK.core.protocol.internal.requests.QueueableRequest object at 0x000002DADC2E2390>
Tue, 20 Nov 2018 18:18:12 INFO     Performing sync publish...
Tue, 20 Nov 2018 18:18:12 INFO     Offline request detected!
Tue, 20 Nov 2018 18:18:12 DEBUG    append: Add new element: <AWSIoTPythonSDK.core.protocol.internal.requests.QueueableRequest object at 0x000002DADC2E2208>
Tue, 20 Nov 2018 18:18:12 INFO     Performing sync publish...
Tue, 20 Nov 2018 18:18:12 INFO     Offline request detected!
Tue, 20 Nov 2018 18:18:12 DEBUG    append: Add new element: <AWSIoTPythonSDK.core.protocol.internal.requests.QueueableRequest object at 0x000002DADC2E2518>
Tue, 20 Nov 2018 18:18:12 INFO     Performing sync publish...
Tue, 20 Nov 2018 18:18:12 INFO     Offline request detected!
Tue, 20 Nov 2018 18:18:12 DEBUG    append: Add new element: <AWSIoTPythonSDK.core.protocol.internal.requests.QueueableRequest object at 0x000002DADC2E2358>
Tue, 20 Nov 2018 18:18:17 INFO     Performing sync publish...
Tue, 20 Nov 2018 18:18:17 INFO     Offline request detected!
Tue, 20 Nov 2018 18:18:17 DEBUG    append: Add new element: <AWSIoTPythonSDK.core.protocol.internal.requests.QueueableRequest object at 0x000002DADC2D6D68>
Tue, 20 Nov 2018 18:18:17 INFO     Performing sync publish...
Tue, 20 Nov 2018 18:18:17 INFO     Offline request detected!
Tue, 20 Nov 2018 18:18:17 DEBUG    append: Add new element: <AWSIoTPythonSDK.core.protocol.internal.requests.QueueableRequest object at 0x000002DADC2E2198>
Tue, 20 Nov 2018 18:18:17 INFO     Performing sync publish...
Tue, 20 Nov 2018 18:18:17 INFO     Offline request detected!
Tue, 20 Nov 2018 18:18:17 DEBUG    append: Add new element: <AWSIoTPythonSDK.core.protocol.internal.requests.QueueableRequest object at 0x000002DADC2E22B0>
Tue, 20 Nov 2018 18:18:17 INFO     Performing sync publish...
Tue, 20 Nov 2018 18:18:17 INFO     Offline request detected!
Tue, 20 Nov 2018 18:18:17 DEBUG    append: Add new element: <AWSIoTPythonSDK.core.protocol.internal.requests.QueueableRequest object at 0x000002DADC2E2630>
Tue, 20 Nov 2018 18:18:17 INFO     Performing sync publish...
Tue, 20 Nov 2018 18:18:17 INFO     Offline request detected!
Tue, 20 Nov 2018 18:18:17 DEBUG    append: Add new element: <AWSIoTPythonSDK.core.protocol.internal.requests.QueueableRequest object at 0x000002DADC2E24E0>
Tue, 20 Nov 2018 18:18:22 INFO     Performing sync publish...
Tue, 20 Nov 2018 18:18:22 INFO     Offline request detected!
Tue, 20 Nov 2018 18:18:22 DEBUG    append: Add new element: <AWSIoTPythonSDK.core.protocol.internal.requests.QueueableRequest object at 0x000002DADC2D6860>
Tue, 20 Nov 2018 18:18:22 INFO     Performing sync publish...
Tue, 20 Nov 2018 18:18:22 INFO     Offline request detected!
Tue, 20 Nov 2018 18:18:22 DEBUG    append: Add new element: <AWSIoTPythonSDK.core.protocol.internal.requests.QueueableRequest object at 0x000002DADC2E25F8>
Tue, 20 Nov 2018 18:18:22 INFO     Performing sync publish...
Tue, 20 Nov 2018 18:18:22 INFO     Offline request detected!
Tue, 20 Nov 2018 18:18:22 DEBUG    append: Add new element: <AWSIoTPythonSDK.core.protocol.internal.requests.QueueableRequest object at 0x000002DADC2E20F0>
Tue, 20 Nov 2018 18:18:22 INFO     Performing sync publish...
Tue, 20 Nov 2018 18:18:22 INFO     Offline request detected!
Tue, 20 Nov 2018 18:18:22 DEBUG    append: Add new element: <AWSIoTPythonSDK.core.protocol.internal.requests.QueueableRequest object at 0x000002DADC2E2748>
Tue, 20 Nov 2018 18:18:22 INFO     Performing sync publish...
Tue, 20 Nov 2018 18:18:22 INFO     Offline request detected!
Tue, 20 Nov 2018 18:18:22 DEBUG    append: Add new element: <AWSIoTPythonSDK.core.protocol.internal.requests.QueueableRequest object at 0x000002DADC2E21D0>
Tue, 20 Nov 2018 18:18:27 INFO     Performing sync publish...
Tue, 20 Nov 2018 18:18:27 INFO     Offline request detected!
Tue, 20 Nov 2018 18:18:27 DEBUG    append: Add new element: <AWSIoTPythonSDK.core.protocol.internal.requests.QueueableRequest object at 0x000002DADC2D6748>
Tue, 20 Nov 2018 18:18:27 INFO     Performing sync publish...
Tue, 20 Nov 2018 18:18:27 INFO     Offline request detected!
Tue, 20 Nov 2018 18:18:27 DEBUG    append: Add new element: <AWSIoTPythonSDK.core.protocol.internal.requests.QueueableRequest object at 0x000002DADC2E26A0>
Tue, 20 Nov 2018 18:18:27 INFO     Performing sync publish...
Tue, 20 Nov 2018 18:18:27 INFO     Offline request detected!
Tue, 20 Nov 2018 18:18:27 DEBUG    append: Add new element: <AWSIoTPythonSDK.core.protocol.internal.requests.QueueableRequest object at 0x000002DADC2E2668>
