Tue, 20 Nov 2018 18:24:34 DEBUG    Config file loaded : config.py
Tue, 20 Nov 2018 18:24:34 DEBUG    Config file loaded : config.py
Tue, 20 Nov 2018 18:24:34 DEBUG    Initializing MQTT layer...
Tue, 20 Nov 2018 18:24:34 DEBUG    Registering internal event callbacks to MQTT layer...
Tue, 20 Nov 2018 18:24:34 INFO     MqttCore initialized
Tue, 20 Nov 2018 18:24:34 INFO     Client id: SDM120_ENERGY_METER
Tue, 20 Nov 2018 18:24:34 INFO     Protocol version: MQTTv3.1.1
Tue, 20 Nov 2018 18:24:34 INFO     Authentication type: TLSv1.2 certificate based Mutual Auth.
Tue, 20 Nov 2018 18:24:34 INFO     Configuring endpoint...
Tue, 20 Nov 2018 18:24:34 DEBUG    MODBUS Config loadedMODBUS.py
Tue, 20 Nov 2018 18:24:34 INFO     Configuring certificates...
Tue, 20 Nov 2018 18:24:34 INFO     Configuring reconnect back off timing...
Tue, 20 Nov 2018 18:24:34 INFO     Base quiet time: 1.000000 sec
Tue, 20 Nov 2018 18:24:34 INFO     Max quiet time: 32.000000 sec
Tue, 20 Nov 2018 18:24:34 INFO     Stable connection time: 20.000000 sec
Tue, 20 Nov 2018 18:24:34 INFO     Configuring offline requests queueing: max queue size: -1
Tue, 20 Nov 2018 18:24:34 INFO     Configuring offline requests queue draining interval: 0.500000 sec
Tue, 20 Nov 2018 18:24:34 INFO     Configuring connect/disconnect time out: 10.000000 sec
Tue, 20 Nov 2018 18:24:34 INFO     Configuring MQTT operation time out: 5.000000 sec
Tue, 20 Nov 2018 18:24:34 INFO     Performing sync connect...
Tue, 20 Nov 2018 18:24:34 INFO     Performing async connect...
Tue, 20 Nov 2018 18:24:34 INFO     Keep-alive: 600.000000 sec
Tue, 20 Nov 2018 18:24:34 DEBUG    Event consuming thread started
Tue, 20 Nov 2018 18:24:34 DEBUG    Passing in general notification callbacks to internal client...
Tue, 20 Nov 2018 18:24:34 DEBUG    Filling in fixed event callbacks: CONNACK, DISCONNECT, MESSAGE
Tue, 20 Nov 2018 18:24:36 DEBUG    Starting network I/O thread...
Tue, 20 Nov 2018 18:24:37 DEBUG    Produced [connack] event
Tue, 20 Nov 2018 18:24:37 DEBUG    Dispatching [connack] event
Tue, 20 Nov 2018 18:24:37 DEBUG    No need for recovery
Tue, 20 Nov 2018 18:24:37 DEBUG    Invoking custom event callback...
