Tue, 20 Nov 2018 18:36:43 DEBUG    Config file loaded : config.py
Tue, 20 Nov 2018 18:36:43 DEBUG    Config file loaded : config.py
Tue, 20 Nov 2018 18:36:43 DEBUG    Initializing MQTT layer...
Tue, 20 Nov 2018 18:36:43 DEBUG    Registering internal event callbacks to MQTT layer...
Tue, 20 Nov 2018 18:36:43 INFO     MqttCore initialized
Tue, 20 Nov 2018 18:36:43 INFO     Client id: SDM120_ENERGY_METER
Tue, 20 Nov 2018 18:36:43 INFO     Protocol version: MQTTv3.1.1
Tue, 20 Nov 2018 18:36:43 INFO     Authentication type: TLSv1.2 certificate based Mutual Auth.
Tue, 20 Nov 2018 18:36:43 INFO     Configuring endpoint...
Tue, 20 Nov 2018 18:36:43 DEBUG    MODBUS Config loadedMODBUS.py
Tue, 20 Nov 2018 18:36:43 INFO     Configuring certificates...
Tue, 20 Nov 2018 18:36:43 INFO     Configuring reconnect back off timing...
Tue, 20 Nov 2018 18:36:43 INFO     Base quiet time: 1.000000 sec
Tue, 20 Nov 2018 18:36:43 INFO     Max quiet time: 32.000000 sec
Tue, 20 Nov 2018 18:36:43 INFO     Stable connection time: 20.000000 sec
Tue, 20 Nov 2018 18:36:43 INFO     Configuring offline requests queueing: max queue size: -1
Tue, 20 Nov 2018 18:36:43 INFO     Configuring offline requests queue draining interval: 0.500000 sec
Tue, 20 Nov 2018 18:36:43 INFO     Configuring connect/disconnect time out: 10.000000 sec
Tue, 20 Nov 2018 18:36:43 INFO     Configuring MQTT operation time out: 5.000000 sec
Tue, 20 Nov 2018 18:36:43 INFO     Performing sync connect...
Tue, 20 Nov 2018 18:36:43 INFO     Performing async connect...
Tue, 20 Nov 2018 18:36:43 INFO     Keep-alive: 600.000000 sec
Tue, 20 Nov 2018 18:36:43 DEBUG    Event consuming thread started
Tue, 20 Nov 2018 18:36:43 DEBUG    Passing in general notification callbacks to internal client...
Tue, 20 Nov 2018 18:36:43 DEBUG    Filling in fixed event callbacks: CONNACK, DISCONNECT, MESSAGE
Tue, 20 Nov 2018 18:36:46 DEBUG    Starting network I/O thread...
Tue, 20 Nov 2018 18:36:46 DEBUG    Produced [connack] event
Tue, 20 Nov 2018 18:36:46 DEBUG    Dispatching [connack] event
Tue, 20 Nov 2018 18:36:46 DEBUG    No need for recovery
Tue, 20 Nov 2018 18:36:46 DEBUG    Invoking custom event callback...
Tue, 20 Nov 2018 18:36:46 INFO     Performing sync publish...
Tue, 20 Nov 2018 18:36:46 DEBUG    Filling in custom puback (QoS>0) event callback...
Tue, 20 Nov 2018 18:36:47 DEBUG    Produced [puback] event
Tue, 20 Nov 2018 18:36:47 DEBUG    Dispatching [puback] event
Tue, 20 Nov 2018 18:36:47 DEBUG    Invoking custom event callback...
Tue, 20 Nov 2018 18:36:47 DEBUG    This custom event callback is for pub/sub/unsub, removing it after invocation...
Tue, 20 Nov 2018 18:36:47 INFO     Performing sync publish...
Tue, 20 Nov 2018 18:36:47 DEBUG    Filling in custom puback (QoS>0) event callback...
Tue, 20 Nov 2018 18:36:47 DEBUG    Produced [puback] event
Tue, 20 Nov 2018 18:36:47 DEBUG    Dispatching [puback] event
Tue, 20 Nov 2018 18:36:47 DEBUG    Invoking custom event callback...
Tue, 20 Nov 2018 18:36:47 DEBUG    This custom event callback is for pub/sub/unsub, removing it after invocation...
Tue, 20 Nov 2018 18:36:47 INFO     Performing sync publish...
Tue, 20 Nov 2018 18:36:47 DEBUG    Filling in custom puback (QoS>0) event callback...
Tue, 20 Nov 2018 18:36:47 DEBUG    Produced [puback] event
Tue, 20 Nov 2018 18:36:47 DEBUG    Dispatching [puback] event
Tue, 20 Nov 2018 18:36:47 DEBUG    Invoking custom event callback...
Tue, 20 Nov 2018 18:36:47 DEBUG    This custom event callback is for pub/sub/unsub, removing it after invocation...
Tue, 20 Nov 2018 18:36:47 INFO     Performing sync publish...
Tue, 20 Nov 2018 18:36:47 DEBUG    Filling in custom puback (QoS>0) event callback...
Tue, 20 Nov 2018 18:36:48 DEBUG    Produced [puback] event
Tue, 20 Nov 2018 18:36:48 DEBUG    Dispatching [puback] event
Tue, 20 Nov 2018 18:36:48 DEBUG    Invoking custom event callback...
Tue, 20 Nov 2018 18:36:48 DEBUG    This custom event callback is for pub/sub/unsub, removing it after invocation...
Tue, 20 Nov 2018 18:36:48 INFO     Performing sync publish...
Tue, 20 Nov 2018 18:36:48 DEBUG    Filling in custom puback (QoS>0) event callback...
Tue, 20 Nov 2018 18:36:48 DEBUG    Produced [puback] event
Tue, 20 Nov 2018 18:36:48 DEBUG    Dispatching [puback] event
Tue, 20 Nov 2018 18:36:48 DEBUG    Invoking custom event callback...
Tue, 20 Nov 2018 18:36:48 DEBUG    This custom event callback is for pub/sub/unsub, removing it after invocation...
Tue, 20 Nov 2018 18:36:53 INFO     Performing sync publish...
Tue, 20 Nov 2018 18:36:53 DEBUG    Filling in custom puback (QoS>0) event callback...
Tue, 20 Nov 2018 18:36:54 DEBUG    Produced [puback] event
Tue, 20 Nov 2018 18:36:54 DEBUG    Dispatching [puback] event
Tue, 20 Nov 2018 18:36:54 DEBUG    Invoking custom event callback...
Tue, 20 Nov 2018 18:36:54 DEBUG    This custom event callback is for pub/sub/unsub, removing it after invocation...
Tue, 20 Nov 2018 18:36:54 INFO     Performing sync publish...
Tue, 20 Nov 2018 18:36:54 DEBUG    Filling in custom puback (QoS>0) event callback...
Tue, 20 Nov 2018 18:36:54 DEBUG    Produced [puback] event
Tue, 20 Nov 2018 18:36:54 DEBUG    Dispatching [puback] event
Tue, 20 Nov 2018 18:36:54 DEBUG    Invoking custom event callback...
Tue, 20 Nov 2018 18:36:54 DEBUG    This custom event callback is for pub/sub/unsub, removing it after invocation...
Tue, 20 Nov 2018 18:36:54 INFO     Performing sync publish...
Tue, 20 Nov 2018 18:36:54 DEBUG    Filling in custom puback (QoS>0) event callback...
Tue, 20 Nov 2018 18:36:55 DEBUG    Produced [puback] event
Tue, 20 Nov 2018 18:36:55 DEBUG    Dispatching [puback] event
Tue, 20 Nov 2018 18:36:55 DEBUG    Invoking custom event callback...
Tue, 20 Nov 2018 18:36:55 DEBUG    This custom event callback is for pub/sub/unsub, removing it after invocation...
Tue, 20 Nov 2018 18:36:55 INFO     Performing sync publish...
Tue, 20 Nov 2018 18:36:55 DEBUG    Filling in custom puback (QoS>0) event callback...
Tue, 20 Nov 2018 18:36:55 DEBUG    Produced [puback] event
Tue, 20 Nov 2018 18:36:55 DEBUG    Dispatching [puback] event
Tue, 20 Nov 2018 18:36:55 DEBUG    Invoking custom event callback...
Tue, 20 Nov 2018 18:36:55 DEBUG    This custom event callback is for pub/sub/unsub, removing it after invocation...
Tue, 20 Nov 2018 18:36:55 INFO     Performing sync publish...
Tue, 20 Nov 2018 18:36:55 DEBUG    Filling in custom puback (QoS>0) event callback...
Tue, 20 Nov 2018 18:36:55 DEBUG    Produced [puback] event
Tue, 20 Nov 2018 18:36:55 DEBUG    Dispatching [puback] event
Tue, 20 Nov 2018 18:36:55 DEBUG    Invoking custom event callback...
Tue, 20 Nov 2018 18:36:55 DEBUG    This custom event callback is for pub/sub/unsub, removing it after invocation...
Tue, 20 Nov 2018 18:37:00 INFO     Performing sync publish...
Tue, 20 Nov 2018 18:37:00 DEBUG    Filling in custom puback (QoS>0) event callback...
Tue, 20 Nov 2018 18:37:01 DEBUG    Produced [puback] event
Tue, 20 Nov 2018 18:37:01 DEBUG    Dispatching [puback] event
Tue, 20 Nov 2018 18:37:01 DEBUG    Invoking custom event callback...
Tue, 20 Nov 2018 18:37:01 DEBUG    This custom event callback is for pub/sub/unsub, removing it after invocation...
Tue, 20 Nov 2018 18:37:01 INFO     Performing sync publish...
Tue, 20 Nov 2018 18:37:01 DEBUG    Filling in custom puback (QoS>0) event callback...
Tue, 20 Nov 2018 18:37:01 DEBUG    Produced [puback] event
Tue, 20 Nov 2018 18:37:01 DEBUG    Dispatching [puback] event
Tue, 20 Nov 2018 18:37:01 DEBUG    Invoking custom event callback...
Tue, 20 Nov 2018 18:37:01 DEBUG    This custom event callback is for pub/sub/unsub, removing it after invocation...
Tue, 20 Nov 2018 18:37:01 INFO     Performing sync publish...
Tue, 20 Nov 2018 18:37:01 DEBUG    Filling in custom puback (QoS>0) event callback...
Tue, 20 Nov 2018 18:37:01 DEBUG    Produced [puback] event
Tue, 20 Nov 2018 18:37:01 DEBUG    Dispatching [puback] event
Tue, 20 Nov 2018 18:37:01 DEBUG    Invoking custom event callback...
Tue, 20 Nov 2018 18:37:01 DEBUG    This custom event callback is for pub/sub/unsub, removing it after invocation...
Tue, 20 Nov 2018 18:37:01 INFO     Performing sync publish...
Tue, 20 Nov 2018 18:37:01 DEBUG    Filling in custom puback (QoS>0) event callback...
Tue, 20 Nov 2018 18:37:02 DEBUG    Produced [puback] event
Tue, 20 Nov 2018 18:37:02 DEBUG    Dispatching [puback] event
Tue, 20 Nov 2018 18:37:02 DEBUG    Invoking custom event callback...
Tue, 20 Nov 2018 18:37:02 DEBUG    This custom event callback is for pub/sub/unsub, removing it after invocation...
Tue, 20 Nov 2018 18:37:02 INFO     Performing sync publish...
Tue, 20 Nov 2018 18:37:02 DEBUG    Filling in custom puback (QoS>0) event callback...
Tue, 20 Nov 2018 18:37:02 DEBUG    Produced [puback] event
Tue, 20 Nov 2018 18:37:02 DEBUG    Dispatching [puback] event
Tue, 20 Nov 2018 18:37:02 DEBUG    Invoking custom event callback...
Tue, 20 Nov 2018 18:37:02 DEBUG    This custom event callback is for pub/sub/unsub, removing it after invocation...
Tue, 20 Nov 2018 18:37:06 DEBUG    stableConnection: Resetting the backoff time to: 1 sec.
Tue, 20 Nov 2018 18:37:07 INFO     Performing sync publish...
Tue, 20 Nov 2018 18:37:07 DEBUG    Filling in custom puback (QoS>0) event callback...
Tue, 20 Nov 2018 18:37:08 DEBUG    Produced [puback] event
Tue, 20 Nov 2018 18:37:08 DEBUG    Dispatching [puback] event
Tue, 20 Nov 2018 18:37:08 DEBUG    Invoking custom event callback...
Tue, 20 Nov 2018 18:37:08 DEBUG    This custom event callback is for pub/sub/unsub, removing it after invocation...
Tue, 20 Nov 2018 18:37:08 INFO     Performing sync publish...
Tue, 20 Nov 2018 18:37:08 DEBUG    Filling in custom puback (QoS>0) event callback...
Tue, 20 Nov 2018 18:37:08 DEBUG    Produced [puback] event
Tue, 20 Nov 2018 18:37:08 DEBUG    Dispatching [puback] event
Tue, 20 Nov 2018 18:37:08 DEBUG    Invoking custom event callback...
Tue, 20 Nov 2018 18:37:08 DEBUG    This custom event callback is for pub/sub/unsub, removing it after invocation...
Tue, 20 Nov 2018 18:37:08 INFO     Performing sync publish...
Tue, 20 Nov 2018 18:37:08 DEBUG    Filling in custom puback (QoS>0) event callback...
Tue, 20 Nov 2018 18:37:08 DEBUG    Produced [puback] event
Tue, 20 Nov 2018 18:37:08 DEBUG    Dispatching [puback] event
Tue, 20 Nov 2018 18:37:08 DEBUG    Invoking custom event callback...
Tue, 20 Nov 2018 18:37:08 DEBUG    This custom event callback is for pub/sub/unsub, removing it after invocation...
Tue, 20 Nov 2018 18:37:08 INFO     Performing sync publish...
Tue, 20 Nov 2018 18:37:08 DEBUG    Filling in custom puback (QoS>0) event callback...
Tue, 20 Nov 2018 18:37:09 DEBUG    Produced [puback] event
Tue, 20 Nov 2018 18:37:09 DEBUG    Dispatching [puback] event
Tue, 20 Nov 2018 18:37:09 DEBUG    Invoking custom event callback...
Tue, 20 Nov 2018 18:37:09 DEBUG    This custom event callback is for pub/sub/unsub, removing it after invocation...
Tue, 20 Nov 2018 18:37:09 INFO     Performing sync publish...
Tue, 20 Nov 2018 18:37:09 DEBUG    Filling in custom puback (QoS>0) event callback...
Tue, 20 Nov 2018 18:37:09 DEBUG    Produced [puback] event
Tue, 20 Nov 2018 18:37:09 DEBUG    Dispatching [puback] event
Tue, 20 Nov 2018 18:37:09 DEBUG    Invoking custom event callback...
Tue, 20 Nov 2018 18:37:09 DEBUG    This custom event callback is for pub/sub/unsub, removing it after invocation...
Tue, 20 Nov 2018 18:37:14 INFO     Performing sync publish...
Tue, 20 Nov 2018 18:37:14 DEBUG    Filling in custom puback (QoS>0) event callback...
Tue, 20 Nov 2018 18:37:15 DEBUG    Produced [puback] event
Tue, 20 Nov 2018 18:37:15 DEBUG    Dispatching [puback] event
Tue, 20 Nov 2018 18:37:15 DEBUG    Invoking custom event callback...
Tue, 20 Nov 2018 18:37:15 DEBUG    This custom event callback is for pub/sub/unsub, removing it after invocation...
Tue, 20 Nov 2018 18:37:15 INFO     Performing sync publish...
Tue, 20 Nov 2018 18:37:15 DEBUG    Filling in custom puback (QoS>0) event callback...
Tue, 20 Nov 2018 18:37:15 DEBUG    Produced [puback] event
Tue, 20 Nov 2018 18:37:15 DEBUG    Dispatching [puback] event
Tue, 20 Nov 2018 18:37:15 DEBUG    Invoking custom event callback...
Tue, 20 Nov 2018 18:37:15 DEBUG    This custom event callback is for pub/sub/unsub, removing it after invocation...
Tue, 20 Nov 2018 18:37:15 INFO     Performing sync publish...
Tue, 20 Nov 2018 18:37:15 DEBUG    Filling in custom puback (QoS>0) event callback...
Tue, 20 Nov 2018 18:37:16 DEBUG    Produced [puback] event
Tue, 20 Nov 2018 18:37:16 DEBUG    Dispatching [puback] event
Tue, 20 Nov 2018 18:37:16 DEBUG    Invoking custom event callback...
Tue, 20 Nov 2018 18:37:16 DEBUG    This custom event callback is for pub/sub/unsub, removing it after invocation...
Tue, 20 Nov 2018 18:37:16 INFO     Performing sync publish...
Tue, 20 Nov 2018 18:37:16 DEBUG    Filling in custom puback (QoS>0) event callback...
Tue, 20 Nov 2018 18:37:16 DEBUG    Produced [puback] event
Tue, 20 Nov 2018 18:37:16 DEBUG    Dispatching [puback] event
Tue, 20 Nov 2018 18:37:16 DEBUG    Invoking custom event callback...
Tue, 20 Nov 2018 18:37:16 DEBUG    This custom event callback is for pub/sub/unsub, removing it after invocation...
Tue, 20 Nov 2018 18:37:16 INFO     Performing sync publish...
Tue, 20 Nov 2018 18:37:16 DEBUG    Filling in custom puback (QoS>0) event callback...
Tue, 20 Nov 2018 18:37:17 DEBUG    Produced [puback] event
Tue, 20 Nov 2018 18:37:17 DEBUG    Dispatching [puback] event
Tue, 20 Nov 2018 18:37:17 DEBUG    Invoking custom event callback...
Tue, 20 Nov 2018 18:37:17 DEBUG    This custom event callback is for pub/sub/unsub, removing it after invocation...
Tue, 20 Nov 2018 18:37:22 INFO     Performing sync publish...
Tue, 20 Nov 2018 18:37:22 DEBUG    Filling in custom puback (QoS>0) event callback...
Tue, 20 Nov 2018 18:37:23 DEBUG    Produced [puback] event
Tue, 20 Nov 2018 18:37:23 DEBUG    Dispatching [puback] event
Tue, 20 Nov 2018 18:37:23 DEBUG    Invoking custom event callback...
Tue, 20 Nov 2018 18:37:23 DEBUG    This custom event callback is for pub/sub/unsub, removing it after invocation...
Tue, 20 Nov 2018 18:37:23 INFO     Performing sync publish...
Tue, 20 Nov 2018 18:37:23 DEBUG    Filling in custom puback (QoS>0) event callback...
Tue, 20 Nov 2018 18:37:24 DEBUG    Produced [puback] event
Tue, 20 Nov 2018 18:37:24 DEBUG    Dispatching [puback] event
Tue, 20 Nov 2018 18:37:24 DEBUG    Invoking custom event callback...
Tue, 20 Nov 2018 18:37:24 DEBUG    This custom event callback is for pub/sub/unsub, removing it after invocation...
Tue, 20 Nov 2018 18:37:24 INFO     Performing sync publish...
Tue, 20 Nov 2018 18:37:24 DEBUG    Filling in custom puback (QoS>0) event callback...
Tue, 20 Nov 2018 18:37:24 DEBUG    Produced [puback] event
Tue, 20 Nov 2018 18:37:24 DEBUG    Dispatching [puback] event
Tue, 20 Nov 2018 18:37:24 DEBUG    Invoking custom event callback...
Tue, 20 Nov 2018 18:37:24 DEBUG    This custom event callback is for pub/sub/unsub, removing it after invocation...
Tue, 20 Nov 2018 18:37:24 INFO     Performing sync publish...
Tue, 20 Nov 2018 18:37:24 DEBUG    Filling in custom puback (QoS>0) event callback...
Tue, 20 Nov 2018 18:37:24 DEBUG    Produced [puback] event
Tue, 20 Nov 2018 18:37:24 DEBUG    Dispatching [puback] event
Tue, 20 Nov 2018 18:37:24 DEBUG    Invoking custom event callback...
Tue, 20 Nov 2018 18:37:24 DEBUG    This custom event callback is for pub/sub/unsub, removing it after invocation...
Tue, 20 Nov 2018 18:37:24 INFO     Performing sync publish...
Tue, 20 Nov 2018 18:37:24 DEBUG    Filling in custom puback (QoS>0) event callback...
Tue, 20 Nov 2018 18:37:25 DEBUG    Produced [puback] event
Tue, 20 Nov 2018 18:37:25 DEBUG    Dispatching [puback] event
Tue, 20 Nov 2018 18:37:25 DEBUG    Invoking custom event callback...
Tue, 20 Nov 2018 18:37:25 DEBUG    This custom event callback is for pub/sub/unsub, removing it after invocation...
Tue, 20 Nov 2018 18:37:30 INFO     Performing sync publish...
Tue, 20 Nov 2018 18:37:30 DEBUG    Filling in custom puback (QoS>0) event callback...
Tue, 20 Nov 2018 18:37:31 DEBUG    Produced [puback] event
Tue, 20 Nov 2018 18:37:31 DEBUG    Dispatching [puback] event
Tue, 20 Nov 2018 18:37:31 DEBUG    Invoking custom event callback...
Tue, 20 Nov 2018 18:37:31 DEBUG    This custom event callback is for pub/sub/unsub, removing it after invocation...
Tue, 20 Nov 2018 18:37:31 INFO     Performing sync publish...
Tue, 20 Nov 2018 18:37:31 DEBUG    Filling in custom puback (QoS>0) event callback...
Tue, 20 Nov 2018 18:37:32 DEBUG    Produced [puback] event
Tue, 20 Nov 2018 18:37:32 DEBUG    Dispatching [puback] event
Tue, 20 Nov 2018 18:37:32 DEBUG    Invoking custom event callback...
Tue, 20 Nov 2018 18:37:32 DEBUG    This custom event callback is for pub/sub/unsub, removing it after invocation...
Tue, 20 Nov 2018 18:37:32 INFO     Performing sync publish...
Tue, 20 Nov 2018 18:37:32 DEBUG    Filling in custom puback (QoS>0) event callback...
Tue, 20 Nov 2018 18:37:32 DEBUG    Produced [puback] event
Tue, 20 Nov 2018 18:37:32 DEBUG    Dispatching [puback] event
Tue, 20 Nov 2018 18:37:32 DEBUG    Invoking custom event callback...
Tue, 20 Nov 2018 18:37:32 DEBUG    This custom event callback is for pub/sub/unsub, removing it after invocation...
Tue, 20 Nov 2018 18:37:32 INFO     Performing sync publish...
Tue, 20 Nov 2018 18:37:32 DEBUG    Filling in custom puback (QoS>0) event callback...
Tue, 20 Nov 2018 18:37:32 DEBUG    Produced [puback] event
Tue, 20 Nov 2018 18:37:32 DEBUG    Dispatching [puback] event
Tue, 20 Nov 2018 18:37:32 DEBUG    Invoking custom event callback...
Tue, 20 Nov 2018 18:37:32 DEBUG    This custom event callback is for pub/sub/unsub, removing it after invocation...
Tue, 20 Nov 2018 18:37:32 INFO     Performing sync publish...
Tue, 20 Nov 2018 18:37:32 DEBUG    Filling in custom puback (QoS>0) event callback...
Tue, 20 Nov 2018 18:37:33 DEBUG    Produced [puback] event
Tue, 20 Nov 2018 18:37:33 DEBUG    Dispatching [puback] event
Tue, 20 Nov 2018 18:37:33 DEBUG    Invoking custom event callback...
Tue, 20 Nov 2018 18:37:33 DEBUG    This custom event callback is for pub/sub/unsub, removing it after invocation...
Tue, 20 Nov 2018 18:37:38 INFO     Performing sync publish...
Tue, 20 Nov 2018 18:37:38 DEBUG    Filling in custom puback (QoS>0) event callback...
Tue, 20 Nov 2018 18:37:38 DEBUG    Produced [puback] event
Tue, 20 Nov 2018 18:37:38 DEBUG    Dispatching [puback] event
Tue, 20 Nov 2018 18:37:38 DEBUG    Invoking custom event callback...
Tue, 20 Nov 2018 18:37:38 DEBUG    This custom event callback is for pub/sub/unsub, removing it after invocation...
Tue, 20 Nov 2018 18:37:38 INFO     Performing sync publish...
Tue, 20 Nov 2018 18:37:38 DEBUG    Filling in custom puback (QoS>0) event callback...
