Tue, 20 Nov 2018 18:51:09 DEBUG    Config file loaded : config.py
Tue, 20 Nov 2018 18:51:09 DEBUG    Config file loaded : config.py
Tue, 20 Nov 2018 18:51:09 DEBUG    Initializing MQTT layer...
Tue, 20 Nov 2018 18:51:09 DEBUG    Registering internal event callbacks to MQTT layer...
Tue, 20 Nov 2018 18:51:09 INFO     MqttCore initialized
Tue, 20 Nov 2018 18:51:09 INFO     Client id: SDM120_ENERGY_METER
Tue, 20 Nov 2018 18:51:09 INFO     Protocol version: MQTTv3.1.1
Tue, 20 Nov 2018 18:51:09 INFO     Authentication type: TLSv1.2 certificate based Mutual Auth.
Tue, 20 Nov 2018 18:51:09 INFO     Configuring endpoint...
Tue, 20 Nov 2018 18:51:09 DEBUG    MODBUS Config loadedMODBUS.py
Tue, 20 Nov 2018 18:51:09 INFO     Configuring certificates...
Tue, 20 Nov 2018 18:51:09 INFO     Configuring reconnect back off timing...
Tue, 20 Nov 2018 18:51:09 INFO     Base quiet time: 1.000000 sec
Tue, 20 Nov 2018 18:51:09 INFO     Max quiet time: 32.000000 sec
Tue, 20 Nov 2018 18:51:09 INFO     Stable connection time: 20.000000 sec
Tue, 20 Nov 2018 18:51:09 INFO     Configuring offline requests queueing: max queue size: -1
Tue, 20 Nov 2018 18:51:09 INFO     Configuring offline requests queue draining interval: 0.500000 sec
Tue, 20 Nov 2018 18:51:09 INFO     Configuring connect/disconnect time out: 10.000000 sec
Tue, 20 Nov 2018 18:51:09 INFO     Configuring MQTT operation time out: 5.000000 sec
Tue, 20 Nov 2018 18:51:09 INFO     Performing sync connect...
Tue, 20 Nov 2018 18:51:09 INFO     Performing async connect...
Tue, 20 Nov 2018 18:51:09 INFO     Keep-alive: 600.000000 sec
Tue, 20 Nov 2018 18:51:09 DEBUG    Event consuming thread started
Tue, 20 Nov 2018 18:51:09 DEBUG    Passing in general notification callbacks to internal client...
Tue, 20 Nov 2018 18:51:09 DEBUG    Filling in fixed event callbacks: CONNACK, DISCONNECT, MESSAGE
Tue, 20 Nov 2018 18:51:18 DEBUG    Starting network I/O thread...
Tue, 20 Nov 2018 18:51:19 DEBUG    Produced [connack] event
Tue, 20 Nov 2018 18:51:19 DEBUG    Dispatching [connack] event
Tue, 20 Nov 2018 18:51:19 DEBUG    No need for recovery
Tue, 20 Nov 2018 18:51:19 DEBUG    Invoking custom event callback...
Tue, 20 Nov 2018 18:51:19 INFO     Performing sync publish...
Tue, 20 Nov 2018 18:51:19 DEBUG    Produced [puback] event
Tue, 20 Nov 2018 18:51:19 DEBUG    Dispatching [puback] event
Tue, 20 Nov 2018 18:51:19 INFO     Performing sync publish...
Tue, 20 Nov 2018 18:51:19 DEBUG    Produced [puback] event
Tue, 20 Nov 2018 18:51:19 DEBUG    Dispatching [puback] event
Tue, 20 Nov 2018 18:51:19 INFO     Performing sync publish...
Tue, 20 Nov 2018 18:51:19 DEBUG    Produced [puback] event
Tue, 20 Nov 2018 18:51:19 DEBUG    Dispatching [puback] event
Tue, 20 Nov 2018 18:51:19 INFO     Performing sync publish...
Tue, 20 Nov 2018 18:51:19 DEBUG    Produced [puback] event
Tue, 20 Nov 2018 18:51:19 DEBUG    Dispatching [puback] event
Tue, 20 Nov 2018 18:51:19 INFO     Performing sync publish...
Tue, 20 Nov 2018 18:51:19 DEBUG    Produced [puback] event
Tue, 20 Nov 2018 18:51:19 DEBUG    Dispatching [puback] event
Tue, 20 Nov 2018 18:51:24 INFO     Performing sync publish...
Tue, 20 Nov 2018 18:51:24 DEBUG    Produced [puback] event
Tue, 20 Nov 2018 18:51:24 DEBUG    Dispatching [puback] event
Tue, 20 Nov 2018 18:51:24 INFO     Performing sync publish...
Tue, 20 Nov 2018 18:51:24 DEBUG    Produced [puback] event
Tue, 20 Nov 2018 18:51:24 DEBUG    Dispatching [puback] event
Tue, 20 Nov 2018 18:51:24 INFO     Performing sync publish...
Tue, 20 Nov 2018 18:51:24 DEBUG    Produced [puback] event
Tue, 20 Nov 2018 18:51:24 DEBUG    Dispatching [puback] event
Tue, 20 Nov 2018 18:51:24 INFO     Performing sync publish...
Tue, 20 Nov 2018 18:51:24 DEBUG    Produced [puback] event
Tue, 20 Nov 2018 18:51:24 DEBUG    Dispatching [puback] event
Tue, 20 Nov 2018 18:51:24 INFO     Performing sync publish...
Tue, 20 Nov 2018 18:51:24 DEBUG    Produced [puback] event
Tue, 20 Nov 2018 18:51:24 DEBUG    Dispatching [puback] event
Tue, 20 Nov 2018 18:51:29 INFO     Performing sync publish...
Tue, 20 Nov 2018 18:51:29 DEBUG    Produced [puback] event
Tue, 20 Nov 2018 18:51:29 DEBUG    Dispatching [puback] event
Tue, 20 Nov 2018 18:51:29 INFO     Performing sync publish...
Tue, 20 Nov 2018 18:51:29 DEBUG    Produced [puback] event
Tue, 20 Nov 2018 18:51:29 DEBUG    Dispatching [puback] event
Tue, 20 Nov 2018 18:51:29 INFO     Performing sync publish...
Tue, 20 Nov 2018 18:51:29 DEBUG    Produced [puback] event
Tue, 20 Nov 2018 18:51:29 DEBUG    Dispatching [puback] event
Tue, 20 Nov 2018 18:51:29 INFO     Performing sync publish...
Tue, 20 Nov 2018 18:51:29 DEBUG    Produced [puback] event
Tue, 20 Nov 2018 18:51:29 DEBUG    Dispatching [puback] event
Tue, 20 Nov 2018 18:51:29 INFO     Performing sync publish...
Tue, 20 Nov 2018 18:51:29 DEBUG    Produced [puback] event
Tue, 20 Nov 2018 18:51:29 DEBUG    Dispatching [puback] event
Tue, 20 Nov 2018 18:51:34 INFO     Performing sync publish...
Tue, 20 Nov 2018 18:51:34 DEBUG    Produced [puback] event
Tue, 20 Nov 2018 18:51:34 DEBUG    Dispatching [puback] event
Tue, 20 Nov 2018 18:51:34 INFO     Performing sync publish...
Tue, 20 Nov 2018 18:51:34 DEBUG    Produced [puback] event
Tue, 20 Nov 2018 18:51:34 DEBUG    Dispatching [puback] event
Tue, 20 Nov 2018 18:51:34 INFO     Performing sync publish...
Tue, 20 Nov 2018 18:51:34 DEBUG    Produced [puback] event
Tue, 20 Nov 2018 18:51:34 DEBUG    Dispatching [puback] event
Tue, 20 Nov 2018 18:51:34 INFO     Performing sync publish...
Tue, 20 Nov 2018 18:51:34 DEBUG    Produced [puback] event
Tue, 20 Nov 2018 18:51:34 DEBUG    Dispatching [puback] event
Tue, 20 Nov 2018 18:51:34 INFO     Performing sync publish...
Tue, 20 Nov 2018 18:51:34 DEBUG    Produced [puback] event
Tue, 20 Nov 2018 18:51:34 DEBUG    Dispatching [puback] event
Tue, 20 Nov 2018 18:51:39 DEBUG    stableConnection: Resetting the backoff time to: 1 sec.
Tue, 20 Nov 2018 18:51:40 INFO     Performing sync publish...
Tue, 20 Nov 2018 18:51:40 DEBUG    Produced [puback] event
Tue, 20 Nov 2018 18:51:40 DEBUG    Dispatching [puback] event
Tue, 20 Nov 2018 18:51:40 INFO     Performing sync publish...
Tue, 20 Nov 2018 18:51:40 DEBUG    Produced [puback] event
Tue, 20 Nov 2018 18:51:40 DEBUG    Dispatching [puback] event
Tue, 20 Nov 2018 18:51:40 INFO     Performing sync publish...
Tue, 20 Nov 2018 18:51:40 DEBUG    Produced [puback] event
Tue, 20 Nov 2018 18:51:40 DEBUG    Dispatching [puback] event
Tue, 20 Nov 2018 18:51:40 INFO     Performing sync publish...
Tue, 20 Nov 2018 18:51:40 DEBUG    Produced [puback] event
Tue, 20 Nov 2018 18:51:40 DEBUG    Dispatching [puback] event
Tue, 20 Nov 2018 18:51:40 INFO     Performing sync publish...
Tue, 20 Nov 2018 18:51:40 DEBUG    Produced [puback] event
Tue, 20 Nov 2018 18:51:40 DEBUG    Dispatching [puback] event
Tue, 20 Nov 2018 18:51:45 INFO     Performing sync publish...
Tue, 20 Nov 2018 18:51:45 DEBUG    Produced [puback] event
Tue, 20 Nov 2018 18:51:45 DEBUG    Dispatching [puback] event
Tue, 20 Nov 2018 18:51:45 INFO     Performing sync publish...
Tue, 20 Nov 2018 18:51:45 DEBUG    Produced [puback] event
Tue, 20 Nov 2018 18:51:45 DEBUG    Dispatching [puback] event
Tue, 20 Nov 2018 18:51:45 INFO     Performing sync publish...
Tue, 20 Nov 2018 18:51:45 DEBUG    Produced [puback] event
Tue, 20 Nov 2018 18:51:45 DEBUG    Dispatching [puback] event
Tue, 20 Nov 2018 18:51:45 INFO     Performing sync publish...
Tue, 20 Nov 2018 18:51:45 DEBUG    Produced [puback] event
Tue, 20 Nov 2018 18:51:45 DEBUG    Dispatching [puback] event
Tue, 20 Nov 2018 18:51:45 INFO     Performing sync publish...
Tue, 20 Nov 2018 18:51:45 DEBUG    Produced [puback] event
Tue, 20 Nov 2018 18:51:45 DEBUG    Dispatching [puback] event
Tue, 20 Nov 2018 18:51:50 INFO     Performing sync publish...
Tue, 20 Nov 2018 18:51:50 DEBUG    Produced [puback] event
Tue, 20 Nov 2018 18:51:50 DEBUG    Dispatching [puback] event
Tue, 20 Nov 2018 18:51:50 INFO     Performing sync publish...
Tue, 20 Nov 2018 18:51:50 DEBUG    Produced [puback] event
Tue, 20 Nov 2018 18:51:50 DEBUG    Dispatching [puback] event
Tue, 20 Nov 2018 18:51:50 INFO     Performing sync publish...
Tue, 20 Nov 2018 18:51:50 DEBUG    Produced [puback] event
Tue, 20 Nov 2018 18:51:50 DEBUG    Dispatching [puback] event
Tue, 20 Nov 2018 18:51:50 INFO     Performing sync publish...
Tue, 20 Nov 2018 18:51:50 DEBUG    Produced [puback] event
Tue, 20 Nov 2018 18:51:50 DEBUG    Dispatching [puback] event
Tue, 20 Nov 2018 18:51:50 INFO     Performing sync publish...
Tue, 20 Nov 2018 18:51:50 DEBUG    Produced [puback] event
Tue, 20 Nov 2018 18:51:50 DEBUG    Dispatching [puback] event
Tue, 20 Nov 2018 18:51:55 INFO     Performing sync publish...
Tue, 20 Nov 2018 18:51:55 DEBUG    Produced [puback] event
Tue, 20 Nov 2018 18:51:55 DEBUG    Dispatching [puback] event
Tue, 20 Nov 2018 18:51:55 INFO     Performing sync publish...
Tue, 20 Nov 2018 18:51:55 DEBUG    Produced [puback] event
Tue, 20 Nov 2018 18:51:55 DEBUG    Dispatching [puback] event
Tue, 20 Nov 2018 18:51:55 INFO     Performing sync publish...
Tue, 20 Nov 2018 18:51:55 DEBUG    Produced [puback] event
Tue, 20 Nov 2018 18:51:55 DEBUG    Dispatching [puback] event
Tue, 20 Nov 2018 18:51:55 INFO     Performing sync publish...
Tue, 20 Nov 2018 18:51:55 DEBUG    Produced [puback] event
Tue, 20 Nov 2018 18:51:55 DEBUG    Dispatching [puback] event
Tue, 20 Nov 2018 18:51:55 INFO     Performing sync publish...
Tue, 20 Nov 2018 18:51:55 DEBUG    Produced [puback] event
Tue, 20 Nov 2018 18:51:55 DEBUG    Dispatching [puback] event
Tue, 20 Nov 2018 18:52:00 INFO     Performing sync publish...
Tue, 20 Nov 2018 18:52:00 DEBUG    Produced [puback] event
Tue, 20 Nov 2018 18:52:00 DEBUG    Dispatching [puback] event
Tue, 20 Nov 2018 18:52:00 INFO     Performing sync publish...
Tue, 20 Nov 2018 18:52:00 DEBUG    Produced [puback] event
Tue, 20 Nov 2018 18:52:00 DEBUG    Dispatching [puback] event
Tue, 20 Nov 2018 18:52:00 INFO     Performing sync publish...
Tue, 20 Nov 2018 18:52:00 DEBUG    Produced [puback] event
Tue, 20 Nov 2018 18:52:00 DEBUG    Dispatching [puback] event
Tue, 20 Nov 2018 18:52:00 INFO     Performing sync publish...
Tue, 20 Nov 2018 18:52:00 DEBUG    Produced [puback] event
Tue, 20 Nov 2018 18:52:00 DEBUG    Dispatching [puback] event
Tue, 20 Nov 2018 18:52:00 INFO     Performing sync publish...
Tue, 20 Nov 2018 18:52:00 DEBUG    Produced [puback] event
Tue, 20 Nov 2018 18:52:00 DEBUG    Dispatching [puback] event
Tue, 20 Nov 2018 18:52:05 INFO     Performing sync publish...
Tue, 20 Nov 2018 18:52:05 DEBUG    Produced [puback] event
Tue, 20 Nov 2018 18:52:05 DEBUG    Dispatching [puback] event
Tue, 20 Nov 2018 18:52:05 INFO     Performing sync publish...
Tue, 20 Nov 2018 18:52:05 DEBUG    Produced [puback] event
Tue, 20 Nov 2018 18:52:05 DEBUG    Dispatching [puback] event
Tue, 20 Nov 2018 18:52:05 INFO     Performing sync publish...
Tue, 20 Nov 2018 18:52:05 DEBUG    Produced [puback] event
Tue, 20 Nov 2018 18:52:05 DEBUG    Dispatching [puback] event
Tue, 20 Nov 2018 18:52:05 INFO     Performing sync publish...
Tue, 20 Nov 2018 18:52:05 DEBUG    Produced [puback] event
Tue, 20 Nov 2018 18:52:05 DEBUG    Dispatching [puback] event
Tue, 20 Nov 2018 18:52:05 INFO     Performing sync publish...
Tue, 20 Nov 2018 18:52:05 DEBUG    Produced [puback] event
Tue, 20 Nov 2018 18:52:05 DEBUG    Dispatching [puback] event
Tue, 20 Nov 2018 18:52:10 INFO     Performing sync publish...
Tue, 20 Nov 2018 18:52:10 DEBUG    Produced [puback] event
Tue, 20 Nov 2018 18:52:10 DEBUG    Dispatching [puback] event
Tue, 20 Nov 2018 18:52:10 INFO     Performing sync publish...
Tue, 20 Nov 2018 18:52:10 DEBUG    Produced [puback] event
Tue, 20 Nov 2018 18:52:10 DEBUG    Dispatching [puback] event
Tue, 20 Nov 2018 18:52:10 INFO     Performing sync publish...
Tue, 20 Nov 2018 18:52:10 DEBUG    Produced [puback] event
Tue, 20 Nov 2018 18:52:10 DEBUG    Dispatching [puback] event
Tue, 20 Nov 2018 18:52:10 INFO     Performing sync publish...
Tue, 20 Nov 2018 18:52:10 DEBUG    Produced [puback] event
Tue, 20 Nov 2018 18:52:10 DEBUG    Dispatching [puback] event
Tue, 20 Nov 2018 18:52:10 INFO     Performing sync publish...
Tue, 20 Nov 2018 18:52:10 DEBUG    Produced [puback] event
Tue, 20 Nov 2018 18:52:10 DEBUG    Dispatching [puback] event
Tue, 20 Nov 2018 18:52:15 INFO     Performing sync publish...
Tue, 20 Nov 2018 18:52:15 DEBUG    Produced [puback] event
Tue, 20 Nov 2018 18:52:15 DEBUG    Dispatching [puback] event
Tue, 20 Nov 2018 18:52:15 INFO     Performing sync publish...
Tue, 20 Nov 2018 18:52:15 DEBUG    Produced [puback] event
Tue, 20 Nov 2018 18:52:15 DEBUG    Dispatching [puback] event
Tue, 20 Nov 2018 18:52:15 INFO     Performing sync publish...
Tue, 20 Nov 2018 18:52:15 DEBUG    Produced [puback] event
Tue, 20 Nov 2018 18:52:15 DEBUG    Dispatching [puback] event
Tue, 20 Nov 2018 18:52:15 INFO     Performing sync publish...
Tue, 20 Nov 2018 18:52:15 DEBUG    Produced [puback] event
Tue, 20 Nov 2018 18:52:15 DEBUG    Dispatching [puback] event
Tue, 20 Nov 2018 18:52:15 INFO     Performing sync publish...
Tue, 20 Nov 2018 18:52:15 DEBUG    Produced [puback] event
Tue, 20 Nov 2018 18:52:15 DEBUG    Dispatching [puback] event
Tue, 20 Nov 2018 18:52:20 INFO     Performing sync publish...
Tue, 20 Nov 2018 18:52:20 DEBUG    Produced [puback] event
Tue, 20 Nov 2018 18:52:20 DEBUG    Dispatching [puback] event
Tue, 20 Nov 2018 18:52:20 INFO     Performing sync publish...
Tue, 20 Nov 2018 18:52:20 DEBUG    Produced [puback] event
Tue, 20 Nov 2018 18:52:20 DEBUG    Dispatching [puback] event
Tue, 20 Nov 2018 18:52:20 INFO     Performing sync publish...
Tue, 20 Nov 2018 18:52:20 DEBUG    Produced [puback] event
Tue, 20 Nov 2018 18:52:20 DEBUG    Dispatching [puback] event
Tue, 20 Nov 2018 18:52:20 INFO     Performing sync publish...
Tue, 20 Nov 2018 18:52:20 DEBUG    Produced [puback] event
Tue, 20 Nov 2018 18:52:20 DEBUG    Dispatching [puback] event
Tue, 20 Nov 2018 18:52:20 INFO     Performing sync publish...
Tue, 20 Nov 2018 18:52:20 DEBUG    Produced [puback] event
Tue, 20 Nov 2018 18:52:20 DEBUG    Dispatching [puback] event
Tue, 20 Nov 2018 18:52:25 INFO     Performing sync publish...
Tue, 20 Nov 2018 18:52:25 DEBUG    Produced [puback] event
Tue, 20 Nov 2018 18:52:25 DEBUG    Dispatching [puback] event
Tue, 20 Nov 2018 18:52:25 INFO     Performing sync publish...
Tue, 20 Nov 2018 18:52:25 DEBUG    Produced [puback] event
Tue, 20 Nov 2018 18:52:25 DEBUG    Dispatching [puback] event
Tue, 20 Nov 2018 18:52:25 INFO     Performing sync publish...
Tue, 20 Nov 2018 18:52:25 DEBUG    Produced [puback] event
Tue, 20 Nov 2018 18:52:25 DEBUG    Dispatching [puback] event
Tue, 20 Nov 2018 18:52:25 INFO     Performing sync publish...
Tue, 20 Nov 2018 18:52:25 DEBUG    Produced [puback] event
Tue, 20 Nov 2018 18:52:25 DEBUG    Dispatching [puback] event
Tue, 20 Nov 2018 18:52:25 INFO     Performing sync publish...
Tue, 20 Nov 2018 18:52:25 DEBUG    Produced [puback] event
Tue, 20 Nov 2018 18:52:25 DEBUG    Dispatching [puback] event
Tue, 20 Nov 2018 18:52:30 INFO     Performing sync publish...
Tue, 20 Nov 2018 18:52:30 DEBUG    Produced [puback] event
Tue, 20 Nov 2018 18:52:30 DEBUG    Dispatching [puback] event
Tue, 20 Nov 2018 18:52:30 INFO     Performing sync publish...
Tue, 20 Nov 2018 18:52:30 DEBUG    Produced [puback] event
Tue, 20 Nov 2018 18:52:30 DEBUG    Dispatching [puback] event
Tue, 20 Nov 2018 18:52:30 INFO     Performing sync publish...
Tue, 20 Nov 2018 18:52:30 DEBUG    Produced [puback] event
Tue, 20 Nov 2018 18:52:30 DEBUG    Dispatching [puback] event
Tue, 20 Nov 2018 18:52:30 INFO     Performing sync publish...
Tue, 20 Nov 2018 18:52:30 DEBUG    Produced [puback] event
Tue, 20 Nov 2018 18:52:30 DEBUG    Dispatching [puback] event
Tue, 20 Nov 2018 18:52:30 INFO     Performing sync publish...
Tue, 20 Nov 2018 18:52:30 DEBUG    Produced [puback] event
Tue, 20 Nov 2018 18:52:30 DEBUG    Dispatching [puback] event
Tue, 20 Nov 2018 18:52:35 INFO     Performing sync publish...
Tue, 20 Nov 2018 18:52:35 DEBUG    Produced [puback] event
Tue, 20 Nov 2018 18:52:35 DEBUG    Dispatching [puback] event
Tue, 20 Nov 2018 18:52:35 INFO     Performing sync publish...
Tue, 20 Nov 2018 18:52:35 DEBUG    Produced [puback] event
Tue, 20 Nov 2018 18:52:35 DEBUG    Dispatching [puback] event
Tue, 20 Nov 2018 18:52:35 INFO     Performing sync publish...
Tue, 20 Nov 2018 18:52:35 DEBUG    Produced [puback] event
Tue, 20 Nov 2018 18:52:35 DEBUG    Dispatching [puback] event
Tue, 20 Nov 2018 18:52:35 INFO     Performing sync publish...
Tue, 20 Nov 2018 18:52:35 DEBUG    Produced [puback] event
Tue, 20 Nov 2018 18:52:35 DEBUG    Dispatching [puback] event
Tue, 20 Nov 2018 18:52:35 INFO     Performing sync publish...
Tue, 20 Nov 2018 18:52:35 DEBUG    Produced [puback] event
Tue, 20 Nov 2018 18:52:35 DEBUG    Dispatching [puback] event
Tue, 20 Nov 2018 18:52:40 INFO     Performing sync publish...
Tue, 20 Nov 2018 18:52:40 DEBUG    Produced [puback] event
Tue, 20 Nov 2018 18:52:40 DEBUG    Dispatching [puback] event
Tue, 20 Nov 2018 18:52:40 INFO     Performing sync publish...
Tue, 20 Nov 2018 18:52:40 DEBUG    Produced [puback] event
Tue, 20 Nov 2018 18:52:40 DEBUG    Dispatching [puback] event
Tue, 20 Nov 2018 18:52:40 INFO     Performing sync publish...
Tue, 20 Nov 2018 18:52:40 DEBUG    Produced [puback] event
Tue, 20 Nov 2018 18:52:40 DEBUG    Dispatching [puback] event
Tue, 20 Nov 2018 18:52:40 INFO     Performing sync publish...
Tue, 20 Nov 2018 18:52:40 DEBUG    Produced [puback] event
Tue, 20 Nov 2018 18:52:40 DEBUG    Dispatching [puback] event
Tue, 20 Nov 2018 18:52:40 INFO     Performing sync publish...
Tue, 20 Nov 2018 18:52:40 DEBUG    Produced [puback] event
Tue, 20 Nov 2018 18:52:40 DEBUG    Dispatching [puback] event
Tue, 20 Nov 2018 18:52:45 INFO     Performing sync publish...
Tue, 20 Nov 2018 18:52:45 DEBUG    Produced [puback] event
Tue, 20 Nov 2018 18:52:45 DEBUG    Dispatching [puback] event
Tue, 20 Nov 2018 18:52:45 INFO     Performing sync publish...
Tue, 20 Nov 2018 18:52:45 DEBUG    Produced [puback] event
Tue, 20 Nov 2018 18:52:45 DEBUG    Dispatching [puback] event
Tue, 20 Nov 2018 18:52:45 INFO     Performing sync publish...
Tue, 20 Nov 2018 18:52:45 DEBUG    Produced [puback] event
Tue, 20 Nov 2018 18:52:45 DEBUG    Dispatching [puback] event
Tue, 20 Nov 2018 18:52:45 INFO     Performing sync publish...
Tue, 20 Nov 2018 18:52:45 DEBUG    Produced [puback] event
Tue, 20 Nov 2018 18:52:45 DEBUG    Dispatching [puback] event
Tue, 20 Nov 2018 18:52:45 INFO     Performing sync publish...
Tue, 20 Nov 2018 18:52:45 DEBUG    Produced [puback] event
Tue, 20 Nov 2018 18:52:45 DEBUG    Dispatching [puback] event
Tue, 20 Nov 2018 18:52:50 INFO     Performing sync publish...
Tue, 20 Nov 2018 18:52:50 DEBUG    Produced [puback] event
Tue, 20 Nov 2018 18:52:50 DEBUG    Dispatching [puback] event
Tue, 20 Nov 2018 18:52:50 INFO     Performing sync publish...
Tue, 20 Nov 2018 18:52:50 DEBUG    Produced [puback] event
Tue, 20 Nov 2018 18:52:50 DEBUG    Dispatching [puback] event
Tue, 20 Nov 2018 18:52:50 INFO     Performing sync publish...
Tue, 20 Nov 2018 18:52:50 DEBUG    Produced [puback] event
Tue, 20 Nov 2018 18:52:50 DEBUG    Dispatching [puback] event
Tue, 20 Nov 2018 18:52:50 INFO     Performing sync publish...
Tue, 20 Nov 2018 18:52:50 DEBUG    Produced [puback] event
Tue, 20 Nov 2018 18:52:50 DEBUG    Dispatching [puback] event
Tue, 20 Nov 2018 18:52:50 INFO     Performing sync publish...
Tue, 20 Nov 2018 18:52:50 DEBUG    Produced [puback] event
Tue, 20 Nov 2018 18:52:50 DEBUG    Dispatching [puback] event
Tue, 20 Nov 2018 18:52:55 INFO     Performing sync publish...
Tue, 20 Nov 2018 18:52:55 DEBUG    Produced [puback] event
Tue, 20 Nov 2018 18:52:55 DEBUG    Dispatching [puback] event
Tue, 20 Nov 2018 18:52:55 INFO     Performing sync publish...
Tue, 20 Nov 2018 18:52:55 DEBUG    Produced [puback] event
Tue, 20 Nov 2018 18:52:55 DEBUG    Dispatching [puback] event
Tue, 20 Nov 2018 18:52:55 INFO     Performing sync publish...
Tue, 20 Nov 2018 18:52:55 DEBUG    Produced [puback] event
Tue, 20 Nov 2018 18:52:55 DEBUG    Dispatching [puback] event
Tue, 20 Nov 2018 18:52:55 INFO     Performing sync publish...
Tue, 20 Nov 2018 18:52:55 DEBUG    Produced [puback] event
Tue, 20 Nov 2018 18:52:55 DEBUG    Dispatching [puback] event
Tue, 20 Nov 2018 18:52:55 INFO     Performing sync publish...
Tue, 20 Nov 2018 18:52:55 DEBUG    Produced [puback] event
Tue, 20 Nov 2018 18:52:55 DEBUG    Dispatching [puback] event
Tue, 20 Nov 2018 18:53:00 INFO     Performing sync publish...
Tue, 20 Nov 2018 18:53:00 DEBUG    Produced [puback] event
Tue, 20 Nov 2018 18:53:00 DEBUG    Dispatching [puback] event
Tue, 20 Nov 2018 18:53:00 INFO     Performing sync publish...
Tue, 20 Nov 2018 18:53:00 DEBUG    Produced [puback] event
Tue, 20 Nov 2018 18:53:00 DEBUG    Dispatching [puback] event
Tue, 20 Nov 2018 18:53:00 INFO     Performing sync publish...
Tue, 20 Nov 2018 18:53:00 DEBUG    Produced [puback] event
Tue, 20 Nov 2018 18:53:00 DEBUG    Dispatching [puback] event
Tue, 20 Nov 2018 18:53:00 INFO     Performing sync publish...
Tue, 20 Nov 2018 18:53:00 DEBUG    Produced [puback] event
Tue, 20 Nov 2018 18:53:00 DEBUG    Dispatching [puback] event
Tue, 20 Nov 2018 18:53:00 INFO     Performing sync publish...
Tue, 20 Nov 2018 18:53:00 DEBUG    Produced [puback] event
Tue, 20 Nov 2018 18:53:00 DEBUG    Dispatching [puback] event
Tue, 20 Nov 2018 18:53:05 INFO     Performing sync publish...
Tue, 20 Nov 2018 18:53:05 DEBUG    Produced [puback] event
Tue, 20 Nov 2018 18:53:05 DEBUG    Dispatching [puback] event
Tue, 20 Nov 2018 18:53:05 INFO     Performing sync publish...
Tue, 20 Nov 2018 18:53:05 DEBUG    Produced [puback] event
Tue, 20 Nov 2018 18:53:05 DEBUG    Dispatching [puback] event
Tue, 20 Nov 2018 18:53:05 INFO     Performing sync publish...
Tue, 20 Nov 2018 18:53:05 DEBUG    Produced [puback] event
Tue, 20 Nov 2018 18:53:05 DEBUG    Dispatching [puback] event
Tue, 20 Nov 2018 18:53:05 INFO     Performing sync publish...
Tue, 20 Nov 2018 18:53:05 DEBUG    Produced [puback] event
Tue, 20 Nov 2018 18:53:05 DEBUG    Dispatching [puback] event
Tue, 20 Nov 2018 18:53:05 INFO     Performing sync publish...
Tue, 20 Nov 2018 18:53:05 DEBUG    Produced [puback] event
Tue, 20 Nov 2018 18:53:05 DEBUG    Dispatching [puback] event
Tue, 20 Nov 2018 18:53:10 INFO     Performing sync publish...
Tue, 20 Nov 2018 18:53:10 DEBUG    Produced [puback] event
Tue, 20 Nov 2018 18:53:10 DEBUG    Dispatching [puback] event
Tue, 20 Nov 2018 18:53:10 INFO     Performing sync publish...
Tue, 20 Nov 2018 18:53:10 DEBUG    Produced [puback] event
Tue, 20 Nov 2018 18:53:10 DEBUG    Dispatching [puback] event
Tue, 20 Nov 2018 18:53:10 INFO     Performing sync publish...
Tue, 20 Nov 2018 18:53:10 DEBUG    Produced [puback] event
Tue, 20 Nov 2018 18:53:10 DEBUG    Dispatching [puback] event
Tue, 20 Nov 2018 18:53:10 INFO     Performing sync publish...
Tue, 20 Nov 2018 18:53:10 DEBUG    Produced [puback] event
Tue, 20 Nov 2018 18:53:10 DEBUG    Dispatching [puback] event
Tue, 20 Nov 2018 18:53:10 INFO     Performing sync publish...
Tue, 20 Nov 2018 18:53:10 DEBUG    Produced [puback] event
Tue, 20 Nov 2018 18:53:10 DEBUG    Dispatching [puback] event
Tue, 20 Nov 2018 18:53:15 INFO     Performing sync publish...
Tue, 20 Nov 2018 18:53:15 DEBUG    Produced [puback] event
Tue, 20 Nov 2018 18:53:15 DEBUG    Dispatching [puback] event
Tue, 20 Nov 2018 18:53:15 INFO     Performing sync publish...
Tue, 20 Nov 2018 18:53:15 DEBUG    Produced [puback] event
Tue, 20 Nov 2018 18:53:15 DEBUG    Dispatching [puback] event
Tue, 20 Nov 2018 18:53:15 INFO     Performing sync publish...
Tue, 20 Nov 2018 18:53:15 DEBUG    Produced [puback] event
Tue, 20 Nov 2018 18:53:15 DEBUG    Dispatching [puback] event
Tue, 20 Nov 2018 18:53:15 INFO     Performing sync publish...
Tue, 20 Nov 2018 18:53:15 DEBUG    Produced [puback] event
Tue, 20 Nov 2018 18:53:15 DEBUG    Dispatching [puback] event
Tue, 20 Nov 2018 18:53:15 INFO     Performing sync publish...
Tue, 20 Nov 2018 18:53:15 DEBUG    Produced [puback] event
Tue, 20 Nov 2018 18:53:15 DEBUG    Dispatching [puback] event
Tue, 20 Nov 2018 18:53:20 INFO     Performing sync publish...
Tue, 20 Nov 2018 18:53:20 DEBUG    Produced [puback] event
Tue, 20 Nov 2018 18:53:20 DEBUG    Dispatching [puback] event
Tue, 20 Nov 2018 18:53:20 INFO     Performing sync publish...
Tue, 20 Nov 2018 18:53:20 DEBUG    Produced [puback] event
Tue, 20 Nov 2018 18:53:20 DEBUG    Dispatching [puback] event
Tue, 20 Nov 2018 18:53:20 INFO     Performing sync publish...
Tue, 20 Nov 2018 18:53:20 DEBUG    Produced [puback] event
Tue, 20 Nov 2018 18:53:20 DEBUG    Dispatching [puback] event
Tue, 20 Nov 2018 18:53:20 INFO     Performing sync publish...
Tue, 20 Nov 2018 18:53:20 DEBUG    Produced [puback] event
Tue, 20 Nov 2018 18:53:20 DEBUG    Dispatching [puback] event
Tue, 20 Nov 2018 18:53:20 INFO     Performing sync publish...
Tue, 20 Nov 2018 18:53:20 DEBUG    Produced [puback] event
Tue, 20 Nov 2018 18:53:20 DEBUG    Dispatching [puback] event
Tue, 20 Nov 2018 18:53:25 INFO     Performing sync publish...
Tue, 20 Nov 2018 18:53:25 DEBUG    Produced [puback] event
Tue, 20 Nov 2018 18:53:25 DEBUG    Dispatching [puback] event
Tue, 20 Nov 2018 18:53:25 INFO     Performing sync publish...
Tue, 20 Nov 2018 18:53:25 DEBUG    Produced [puback] event
Tue, 20 Nov 2018 18:53:25 DEBUG    Dispatching [puback] event
Tue, 20 Nov 2018 18:53:25 INFO     Performing sync publish...
Tue, 20 Nov 2018 18:53:25 DEBUG    Produced [puback] event
Tue, 20 Nov 2018 18:53:25 DEBUG    Dispatching [puback] event
Tue, 20 Nov 2018 18:53:25 INFO     Performing sync publish...
Tue, 20 Nov 2018 18:53:25 DEBUG    Produced [puback] event
Tue, 20 Nov 2018 18:53:25 DEBUG    Dispatching [puback] event
Tue, 20 Nov 2018 18:53:26 INFO     Performing sync publish...
Tue, 20 Nov 2018 18:53:26 DEBUG    Produced [puback] event
Tue, 20 Nov 2018 18:53:26 DEBUG    Dispatching [puback] event
Tue, 20 Nov 2018 18:53:31 INFO     Performing sync publish...
Tue, 20 Nov 2018 18:53:31 DEBUG    Produced [puback] event
Tue, 20 Nov 2018 18:53:31 DEBUG    Dispatching [puback] event
Tue, 20 Nov 2018 18:53:31 INFO     Performing sync publish...
Tue, 20 Nov 2018 18:53:31 DEBUG    Produced [puback] event
Tue, 20 Nov 2018 18:53:31 DEBUG    Dispatching [puback] event
Tue, 20 Nov 2018 18:53:31 INFO     Performing sync publish...
Tue, 20 Nov 2018 18:53:31 DEBUG    Produced [puback] event
Tue, 20 Nov 2018 18:53:31 DEBUG    Dispatching [puback] event
Tue, 20 Nov 2018 18:53:31 INFO     Performing sync publish...
Tue, 20 Nov 2018 18:53:31 DEBUG    Produced [puback] event
Tue, 20 Nov 2018 18:53:31 DEBUG    Dispatching [puback] event
Tue, 20 Nov 2018 18:53:31 INFO     Performing sync publish...
Tue, 20 Nov 2018 18:53:31 DEBUG    Produced [puback] event
Tue, 20 Nov 2018 18:53:31 DEBUG    Dispatching [puback] event
Tue, 20 Nov 2018 18:53:36 INFO     Performing sync publish...
Tue, 20 Nov 2018 18:53:36 DEBUG    Produced [puback] event
Tue, 20 Nov 2018 18:53:36 DEBUG    Dispatching [puback] event
Tue, 20 Nov 2018 18:53:36 INFO     Performing sync publish...
Tue, 20 Nov 2018 18:53:36 DEBUG    Produced [puback] event
Tue, 20 Nov 2018 18:53:36 DEBUG    Dispatching [puback] event
Tue, 20 Nov 2018 18:53:36 INFO     Performing sync publish...
Tue, 20 Nov 2018 18:53:36 DEBUG    Produced [puback] event
Tue, 20 Nov 2018 18:53:36 DEBUG    Dispatching [puback] event
Tue, 20 Nov 2018 18:53:36 INFO     Performing sync publish...
Tue, 20 Nov 2018 18:53:36 DEBUG    Produced [puback] event
Tue, 20 Nov 2018 18:53:36 DEBUG    Dispatching [puback] event
Tue, 20 Nov 2018 18:53:36 INFO     Performing sync publish...
Tue, 20 Nov 2018 18:53:36 DEBUG    Produced [puback] event
Tue, 20 Nov 2018 18:53:36 DEBUG    Dispatching [puback] event
Tue, 20 Nov 2018 18:53:41 INFO     Performing sync publish...
Tue, 20 Nov 2018 18:53:41 DEBUG    Produced [puback] event
Tue, 20 Nov 2018 18:53:41 DEBUG    Dispatching [puback] event
Tue, 20 Nov 2018 18:53:41 INFO     Performing sync publish...
Tue, 20 Nov 2018 18:53:41 DEBUG    Produced [puback] event
Tue, 20 Nov 2018 18:53:41 DEBUG    Dispatching [puback] event
Tue, 20 Nov 2018 18:53:41 INFO     Performing sync publish...
Tue, 20 Nov 2018 18:53:41 DEBUG    Produced [puback] event
Tue, 20 Nov 2018 18:53:41 DEBUG    Dispatching [puback] event
Tue, 20 Nov 2018 18:53:41 INFO     Performing sync publish...
Tue, 20 Nov 2018 18:53:41 DEBUG    Produced [puback] event
Tue, 20 Nov 2018 18:53:41 DEBUG    Dispatching [puback] event
Tue, 20 Nov 2018 18:53:41 INFO     Performing sync publish...
Tue, 20 Nov 2018 18:53:41 DEBUG    Produced [puback] event
Tue, 20 Nov 2018 18:53:41 DEBUG    Dispatching [puback] event
Tue, 20 Nov 2018 18:53:46 INFO     Performing sync publish...
Tue, 20 Nov 2018 18:53:46 DEBUG    Produced [puback] event
Tue, 20 Nov 2018 18:53:46 DEBUG    Dispatching [puback] event
Tue, 20 Nov 2018 18:53:46 INFO     Performing sync publish...
Tue, 20 Nov 2018 18:53:46 DEBUG    Produced [puback] event
Tue, 20 Nov 2018 18:53:46 DEBUG    Dispatching [puback] event
Tue, 20 Nov 2018 18:53:46 INFO     Performing sync publish...
Tue, 20 Nov 2018 18:53:46 DEBUG    Produced [puback] event
Tue, 20 Nov 2018 18:53:46 DEBUG    Dispatching [puback] event
Tue, 20 Nov 2018 18:53:46 INFO     Performing sync publish...
Tue, 20 Nov 2018 18:53:46 DEBUG    Produced [puback] event
Tue, 20 Nov 2018 18:53:46 DEBUG    Dispatching [puback] event
Tue, 20 Nov 2018 18:53:46 INFO     Performing sync publish...
Tue, 20 Nov 2018 18:53:46 DEBUG    Produced [puback] event
Tue, 20 Nov 2018 18:53:46 DEBUG    Dispatching [puback] event
Tue, 20 Nov 2018 18:53:51 INFO     Performing sync publish...
Tue, 20 Nov 2018 18:53:51 DEBUG    Produced [puback] event
Tue, 20 Nov 2018 18:53:51 DEBUG    Dispatching [puback] event
Tue, 20 Nov 2018 18:53:51 INFO     Performing sync publish...
Tue, 20 Nov 2018 18:53:51 DEBUG    Produced [puback] event
Tue, 20 Nov 2018 18:53:51 DEBUG    Dispatching [puback] event
Tue, 20 Nov 2018 18:53:51 INFO     Performing sync publish...
Tue, 20 Nov 2018 18:53:51 DEBUG    Produced [puback] event
Tue, 20 Nov 2018 18:53:51 DEBUG    Dispatching [puback] event
Tue, 20 Nov 2018 18:53:51 INFO     Performing sync publish...
Tue, 20 Nov 2018 18:53:51 DEBUG    Produced [puback] event
Tue, 20 Nov 2018 18:53:51 DEBUG    Dispatching [puback] event
Tue, 20 Nov 2018 18:53:51 INFO     Performing sync publish...
Tue, 20 Nov 2018 18:53:51 DEBUG    Produced [puback] event
Tue, 20 Nov 2018 18:53:51 DEBUG    Dispatching [puback] event
Tue, 20 Nov 2018 18:53:56 INFO     Performing sync publish...
Tue, 20 Nov 2018 18:53:56 DEBUG    Produced [puback] event
Tue, 20 Nov 2018 18:53:56 DEBUG    Dispatching [puback] event
Tue, 20 Nov 2018 18:53:56 INFO     Performing sync publish...
Tue, 20 Nov 2018 18:53:56 DEBUG    Produced [puback] event
Tue, 20 Nov 2018 18:53:56 DEBUG    Dispatching [puback] event
Tue, 20 Nov 2018 18:53:56 INFO     Performing sync publish...
Tue, 20 Nov 2018 18:53:56 DEBUG    Produced [puback] event
Tue, 20 Nov 2018 18:53:56 DEBUG    Dispatching [puback] event
Tue, 20 Nov 2018 18:53:56 INFO     Performing sync publish...
Tue, 20 Nov 2018 18:53:56 DEBUG    Produced [puback] event
Tue, 20 Nov 2018 18:53:56 DEBUG    Dispatching [puback] event
Tue, 20 Nov 2018 18:53:56 INFO     Performing sync publish...
Tue, 20 Nov 2018 18:53:56 DEBUG    Produced [puback] event
Tue, 20 Nov 2018 18:53:56 DEBUG    Dispatching [puback] event
Tue, 20 Nov 2018 18:54:01 INFO     Performing sync publish...
Tue, 20 Nov 2018 18:54:01 DEBUG    Produced [puback] event
Tue, 20 Nov 2018 18:54:01 DEBUG    Dispatching [puback] event
Tue, 20 Nov 2018 18:54:01 INFO     Performing sync publish...
Tue, 20 Nov 2018 18:54:01 DEBUG    Produced [puback] event
Tue, 20 Nov 2018 18:54:01 DEBUG    Dispatching [puback] event
Tue, 20 Nov 2018 18:54:01 INFO     Performing sync publish...
Tue, 20 Nov 2018 18:54:01 DEBUG    Produced [puback] event
Tue, 20 Nov 2018 18:54:01 DEBUG    Dispatching [puback] event
Tue, 20 Nov 2018 18:54:01 INFO     Performing sync publish...
Tue, 20 Nov 2018 18:54:01 DEBUG    Produced [puback] event
Tue, 20 Nov 2018 18:54:01 DEBUG    Dispatching [puback] event
Tue, 20 Nov 2018 18:54:01 INFO     Performing sync publish...
Tue, 20 Nov 2018 18:54:01 DEBUG    Produced [puback] event
Tue, 20 Nov 2018 18:54:01 DEBUG    Dispatching [puback] event
Tue, 20 Nov 2018 18:54:06 INFO     Performing sync publish...
Tue, 20 Nov 2018 18:54:06 DEBUG    Produced [puback] event
Tue, 20 Nov 2018 18:54:06 DEBUG    Dispatching [puback] event
Tue, 20 Nov 2018 18:54:06 INFO     Performing sync publish...
Tue, 20 Nov 2018 18:54:06 DEBUG    Produced [puback] event
Tue, 20 Nov 2018 18:54:06 DEBUG    Dispatching [puback] event
Tue, 20 Nov 2018 18:54:06 INFO     Performing sync publish...
Tue, 20 Nov 2018 18:54:06 DEBUG    Produced [puback] event
Tue, 20 Nov 2018 18:54:06 DEBUG    Dispatching [puback] event
Tue, 20 Nov 2018 18:54:06 INFO     Performing sync publish...
Tue, 20 Nov 2018 18:54:06 DEBUG    Produced [puback] event
Tue, 20 Nov 2018 18:54:06 DEBUG    Dispatching [puback] event
Tue, 20 Nov 2018 18:54:06 INFO     Performing sync publish...
Tue, 20 Nov 2018 18:54:06 DEBUG    Produced [puback] event
Tue, 20 Nov 2018 18:54:06 DEBUG    Dispatching [puback] event
Tue, 20 Nov 2018 18:54:11 INFO     Performing sync publish...
Tue, 20 Nov 2018 18:54:11 DEBUG    Produced [puback] event
Tue, 20 Nov 2018 18:54:11 DEBUG    Dispatching [puback] event
Tue, 20 Nov 2018 18:54:11 INFO     Performing sync publish...
Tue, 20 Nov 2018 18:54:11 DEBUG    Produced [puback] event
Tue, 20 Nov 2018 18:54:11 DEBUG    Dispatching [puback] event
Tue, 20 Nov 2018 18:54:11 INFO     Performing sync publish...
Tue, 20 Nov 2018 18:54:11 DEBUG    Produced [puback] event
Tue, 20 Nov 2018 18:54:11 DEBUG    Dispatching [puback] event
Tue, 20 Nov 2018 18:54:11 INFO     Performing sync publish...
Tue, 20 Nov 2018 18:54:11 DEBUG    Produced [puback] event
Tue, 20 Nov 2018 18:54:11 DEBUG    Dispatching [puback] event
Tue, 20 Nov 2018 18:54:11 INFO     Performing sync publish...
Tue, 20 Nov 2018 18:54:11 DEBUG    Produced [puback] event
Tue, 20 Nov 2018 18:54:11 DEBUG    Dispatching [puback] event
Tue, 20 Nov 2018 18:54:16 INFO     Performing sync publish...
Tue, 20 Nov 2018 18:54:16 DEBUG    Produced [puback] event
Tue, 20 Nov 2018 18:54:16 DEBUG    Dispatching [puback] event
Tue, 20 Nov 2018 18:54:16 INFO     Performing sync publish...
Tue, 20 Nov 2018 18:54:16 DEBUG    Produced [puback] event
Tue, 20 Nov 2018 18:54:16 DEBUG    Dispatching [puback] event
Tue, 20 Nov 2018 18:54:16 INFO     Performing sync publish...
Tue, 20 Nov 2018 18:54:16 DEBUG    Produced [puback] event
Tue, 20 Nov 2018 18:54:16 DEBUG    Dispatching [puback] event
Tue, 20 Nov 2018 18:54:16 INFO     Performing sync publish...
Tue, 20 Nov 2018 18:54:16 DEBUG    Produced [puback] event
Tue, 20 Nov 2018 18:54:16 DEBUG    Dispatching [puback] event
Tue, 20 Nov 2018 18:54:16 INFO     Performing sync publish...
Tue, 20 Nov 2018 18:54:16 DEBUG    Produced [puback] event
Tue, 20 Nov 2018 18:54:16 DEBUG    Dispatching [puback] event
