Tue, 20 Nov 2018 18:55:19 DEBUG    Config file loaded : config.py
Tue, 20 Nov 2018 18:55:19 DEBUG    Config file loaded : config.py
Tue, 20 Nov 2018 18:55:19 DEBUG    Initializing MQTT layer...
Tue, 20 Nov 2018 18:55:19 DEBUG    Registering internal event callbacks to MQTT layer...
Tue, 20 Nov 2018 18:55:19 INFO     MqttCore initialized
Tue, 20 Nov 2018 18:55:19 INFO     Client id: SDM120_ENERGY_METER
Tue, 20 Nov 2018 18:55:19 INFO     Protocol version: MQTTv3.1.1
Tue, 20 Nov 2018 18:55:19 INFO     Authentication type: TLSv1.2 certificate based Mutual Auth.
Tue, 20 Nov 2018 18:55:19 INFO     Configuring endpoint...
Tue, 20 Nov 2018 18:55:19 DEBUG    MODBUS Config loadedMODBUS.py
Tue, 20 Nov 2018 18:55:19 INFO     Configuring certificates...
Tue, 20 Nov 2018 18:55:19 INFO     Configuring reconnect back off timing...
Tue, 20 Nov 2018 18:55:19 INFO     Base quiet time: 1.000000 sec
Tue, 20 Nov 2018 18:55:19 INFO     Max quiet time: 32.000000 sec
Tue, 20 Nov 2018 18:55:19 INFO     Stable connection time: 20.000000 sec
Tue, 20 Nov 2018 18:55:19 INFO     Configuring offline requests queueing: max queue size: -1
Tue, 20 Nov 2018 18:55:19 INFO     Configuring offline requests queue draining interval: 0.500000 sec
Tue, 20 Nov 2018 18:55:19 INFO     Configuring connect/disconnect time out: 10.000000 sec
Tue, 20 Nov 2018 18:55:19 INFO     Configuring MQTT operation time out: 5.000000 sec
Tue, 20 Nov 2018 18:55:19 INFO     Performing sync connect...
Tue, 20 Nov 2018 18:55:19 INFO     Performing async connect...
Tue, 20 Nov 2018 18:55:19 INFO     Keep-alive: 600.000000 sec
Tue, 20 Nov 2018 18:55:19 DEBUG    Event consuming thread started
Tue, 20 Nov 2018 18:55:19 DEBUG    Passing in general notification callbacks to internal client...
Tue, 20 Nov 2018 18:55:19 DEBUG    Filling in fixed event callbacks: CONNACK, DISCONNECT, MESSAGE
Tue, 20 Nov 2018 18:55:21 DEBUG    Starting network I/O thread...
Tue, 20 Nov 2018 18:55:21 DEBUG    Produced [connack] event
Tue, 20 Nov 2018 18:55:21 DEBUG    Dispatching [connack] event
Tue, 20 Nov 2018 18:55:21 DEBUG    No need for recovery
Tue, 20 Nov 2018 18:55:21 DEBUG    Invoking custom event callback...
Tue, 20 Nov 2018 18:55:21 INFO     Performing sync publish...
Tue, 20 Nov 2018 18:55:21 DEBUG    Produced [puback] event
Tue, 20 Nov 2018 18:55:21 DEBUG    Dispatching [puback] event
Tue, 20 Nov 2018 18:55:21 INFO     Performing sync publish...
Tue, 20 Nov 2018 18:55:21 DEBUG    Produced [puback] event
Tue, 20 Nov 2018 18:55:21 DEBUG    Dispatching [puback] event
Tue, 20 Nov 2018 18:55:21 INFO     Performing sync publish...
Tue, 20 Nov 2018 18:55:21 DEBUG    Produced [puback] event
Tue, 20 Nov 2018 18:55:21 DEBUG    Dispatching [puback] event
Tue, 20 Nov 2018 18:55:21 INFO     Performing sync publish...
Tue, 20 Nov 2018 18:55:21 DEBUG    Produced [puback] event
Tue, 20 Nov 2018 18:55:21 DEBUG    Dispatching [puback] event
Tue, 20 Nov 2018 18:55:21 INFO     Performing sync publish...
Tue, 20 Nov 2018 18:55:21 DEBUG    Produced [puback] event
Tue, 20 Nov 2018 18:55:21 DEBUG    Dispatching [puback] event
Tue, 20 Nov 2018 18:55:21 INFO     Performing sync publish...
Tue, 20 Nov 2018 18:55:21 DEBUG    Produced [puback] event
Tue, 20 Nov 2018 18:55:21 DEBUG    Dispatching [puback] event
Tue, 20 Nov 2018 18:55:21 INFO     Performing sync publish...
Tue, 20 Nov 2018 18:55:21 DEBUG    Produced [puback] event
Tue, 20 Nov 2018 18:55:21 DEBUG    Dispatching [puback] event
Tue, 20 Nov 2018 18:55:21 INFO     Performing sync publish...
Tue, 20 Nov 2018 18:55:21 DEBUG    Produced [puback] event
Tue, 20 Nov 2018 18:55:21 DEBUG    Dispatching [puback] event
Tue, 20 Nov 2018 18:55:21 INFO     Performing sync publish...
Tue, 20 Nov 2018 18:55:21 DEBUG    Produced [puback] event
Tue, 20 Nov 2018 18:55:21 DEBUG    Dispatching [puback] event
Tue, 20 Nov 2018 18:55:21 INFO     Performing sync publish...
Tue, 20 Nov 2018 18:55:21 DEBUG    Produced [puback] event
Tue, 20 Nov 2018 18:55:21 DEBUG    Dispatching [puback] event
Tue, 20 Nov 2018 18:55:26 INFO     Performing sync publish...
Tue, 20 Nov 2018 18:55:26 DEBUG    Produced [puback] event
Tue, 20 Nov 2018 18:55:26 DEBUG    Dispatching [puback] event
Tue, 20 Nov 2018 18:55:26 INFO     Performing sync publish...
Tue, 20 Nov 2018 18:55:26 DEBUG    Produced [puback] event
Tue, 20 Nov 2018 18:55:26 DEBUG    Dispatching [puback] event
Tue, 20 Nov 2018 18:55:26 INFO     Performing sync publish...
Tue, 20 Nov 2018 18:55:26 DEBUG    Produced [puback] event
Tue, 20 Nov 2018 18:55:26 DEBUG    Dispatching [puback] event
Tue, 20 Nov 2018 18:55:26 INFO     Performing sync publish...
Tue, 20 Nov 2018 18:55:26 DEBUG    Produced [puback] event
Tue, 20 Nov 2018 18:55:26 DEBUG    Dispatching [puback] event
Tue, 20 Nov 2018 18:55:26 INFO     Performing sync publish...
Tue, 20 Nov 2018 18:55:26 DEBUG    Produced [puback] event
Tue, 20 Nov 2018 18:55:26 DEBUG    Dispatching [puback] event
Tue, 20 Nov 2018 18:55:26 INFO     Performing sync publish...
Tue, 20 Nov 2018 18:55:26 DEBUG    Produced [puback] event
Tue, 20 Nov 2018 18:55:26 DEBUG    Dispatching [puback] event
Tue, 20 Nov 2018 18:55:26 INFO     Performing sync publish...
Tue, 20 Nov 2018 18:55:26 DEBUG    Produced [puback] event
Tue, 20 Nov 2018 18:55:26 DEBUG    Dispatching [puback] event
Tue, 20 Nov 2018 18:55:26 INFO     Performing sync publish...
Tue, 20 Nov 2018 18:55:26 DEBUG    Produced [puback] event
Tue, 20 Nov 2018 18:55:26 DEBUG    Dispatching [puback] event
Tue, 20 Nov 2018 18:55:26 INFO     Performing sync publish...
Tue, 20 Nov 2018 18:55:26 DEBUG    Produced [puback] event
Tue, 20 Nov 2018 18:55:26 DEBUG    Dispatching [puback] event
Tue, 20 Nov 2018 18:55:26 INFO     Performing sync publish...
Tue, 20 Nov 2018 18:55:26 DEBUG    Produced [puback] event
Tue, 20 Nov 2018 18:55:26 DEBUG    Dispatching [puback] event
Tue, 20 Nov 2018 18:55:31 INFO     Performing sync publish...
Tue, 20 Nov 2018 18:55:31 DEBUG    Produced [puback] event
Tue, 20 Nov 2018 18:55:31 DEBUG    Dispatching [puback] event
Tue, 20 Nov 2018 18:55:31 INFO     Performing sync publish...
Tue, 20 Nov 2018 18:55:31 DEBUG    Produced [puback] event
Tue, 20 Nov 2018 18:55:31 DEBUG    Dispatching [puback] event
Tue, 20 Nov 2018 18:55:31 INFO     Performing sync publish...
Tue, 20 Nov 2018 18:55:31 DEBUG    Produced [puback] event
Tue, 20 Nov 2018 18:55:31 DEBUG    Dispatching [puback] event
Tue, 20 Nov 2018 18:55:31 INFO     Performing sync publish...
Tue, 20 Nov 2018 18:55:31 DEBUG    Produced [puback] event
Tue, 20 Nov 2018 18:55:31 DEBUG    Dispatching [puback] event
Tue, 20 Nov 2018 18:55:31 INFO     Performing sync publish...
Tue, 20 Nov 2018 18:55:31 DEBUG    Produced [puback] event
Tue, 20 Nov 2018 18:55:31 DEBUG    Dispatching [puback] event
Tue, 20 Nov 2018 18:55:31 INFO     Performing sync publish...
Tue, 20 Nov 2018 18:55:31 DEBUG    Produced [puback] event
Tue, 20 Nov 2018 18:55:31 DEBUG    Dispatching [puback] event
Tue, 20 Nov 2018 18:55:31 INFO     Performing sync publish...
Tue, 20 Nov 2018 18:55:31 DEBUG    Produced [puback] event
Tue, 20 Nov 2018 18:55:31 DEBUG    Dispatching [puback] event
Tue, 20 Nov 2018 18:55:31 INFO     Performing sync publish...
Tue, 20 Nov 2018 18:55:31 DEBUG    Produced [puback] event
Tue, 20 Nov 2018 18:55:31 DEBUG    Dispatching [puback] event
Tue, 20 Nov 2018 18:55:31 INFO     Performing sync publish...
Tue, 20 Nov 2018 18:55:31 DEBUG    Produced [puback] event
Tue, 20 Nov 2018 18:55:31 DEBUG    Dispatching [puback] event
Tue, 20 Nov 2018 18:55:31 INFO     Performing sync publish...
Tue, 20 Nov 2018 18:55:31 DEBUG    Produced [puback] event
Tue, 20 Nov 2018 18:55:31 DEBUG    Dispatching [puback] event
Tue, 20 Nov 2018 18:55:36 INFO     Performing sync publish...
Tue, 20 Nov 2018 18:55:36 DEBUG    Produced [puback] event
Tue, 20 Nov 2018 18:55:36 DEBUG    Dispatching [puback] event
Tue, 20 Nov 2018 18:55:36 INFO     Performing sync publish...
Tue, 20 Nov 2018 18:55:36 DEBUG    Produced [puback] event
Tue, 20 Nov 2018 18:55:36 DEBUG    Dispatching [puback] event
Tue, 20 Nov 2018 18:55:36 INFO     Performing sync publish...
Tue, 20 Nov 2018 18:55:36 DEBUG    Produced [puback] event
Tue, 20 Nov 2018 18:55:36 DEBUG    Dispatching [puback] event
Tue, 20 Nov 2018 18:55:36 INFO     Performing sync publish...
Tue, 20 Nov 2018 18:55:36 DEBUG    Produced [puback] event
Tue, 20 Nov 2018 18:55:36 DEBUG    Dispatching [puback] event
Tue, 20 Nov 2018 18:55:36 INFO     Performing sync publish...
Tue, 20 Nov 2018 18:55:36 DEBUG    Produced [puback] event
Tue, 20 Nov 2018 18:55:36 DEBUG    Dispatching [puback] event
Tue, 20 Nov 2018 18:55:36 INFO     Performing sync publish...
Tue, 20 Nov 2018 18:55:36 DEBUG    Produced [puback] event
Tue, 20 Nov 2018 18:55:36 DEBUG    Dispatching [puback] event
Tue, 20 Nov 2018 18:55:36 INFO     Performing sync publish...
Tue, 20 Nov 2018 18:55:36 DEBUG    Produced [puback] event
Tue, 20 Nov 2018 18:55:36 DEBUG    Dispatching [puback] event
Tue, 20 Nov 2018 18:55:36 INFO     Performing sync publish...
Tue, 20 Nov 2018 18:55:36 DEBUG    Produced [puback] event
Tue, 20 Nov 2018 18:55:36 DEBUG    Dispatching [puback] event
Tue, 20 Nov 2018 18:55:37 INFO     Performing sync publish...
Tue, 20 Nov 2018 18:55:37 DEBUG    Produced [puback] event
Tue, 20 Nov 2018 18:55:37 DEBUG    Dispatching [puback] event
Tue, 20 Nov 2018 18:55:37 INFO     Performing sync publish...
Tue, 20 Nov 2018 18:55:37 DEBUG    Produced [puback] event
Tue, 20 Nov 2018 18:55:37 DEBUG    Dispatching [puback] event
Tue, 20 Nov 2018 18:55:41 DEBUG    stableConnection: Resetting the backoff time to: 1 sec.
Tue, 20 Nov 2018 18:55:42 INFO     Performing sync publish...
Tue, 20 Nov 2018 18:55:42 DEBUG    Produced [puback] event
Tue, 20 Nov 2018 18:55:42 DEBUG    Dispatching [puback] event
Tue, 20 Nov 2018 18:55:42 INFO     Performing sync publish...
Tue, 20 Nov 2018 18:55:42 DEBUG    Produced [puback] event
Tue, 20 Nov 2018 18:55:42 DEBUG    Dispatching [puback] event
Tue, 20 Nov 2018 18:55:42 INFO     Performing sync publish...
Tue, 20 Nov 2018 18:55:42 DEBUG    Produced [puback] event
Tue, 20 Nov 2018 18:55:42 DEBUG    Dispatching [puback] event
Tue, 20 Nov 2018 18:55:42 INFO     Performing sync publish...
Tue, 20 Nov 2018 18:55:42 DEBUG    Produced [puback] event
Tue, 20 Nov 2018 18:55:42 DEBUG    Dispatching [puback] event
Tue, 20 Nov 2018 18:55:42 INFO     Performing sync publish...
Tue, 20 Nov 2018 18:55:42 DEBUG    Produced [puback] event
Tue, 20 Nov 2018 18:55:42 DEBUG    Dispatching [puback] event
Tue, 20 Nov 2018 18:55:42 INFO     Performing sync publish...
Tue, 20 Nov 2018 18:55:42 DEBUG    Produced [puback] event
Tue, 20 Nov 2018 18:55:42 DEBUG    Dispatching [puback] event
Tue, 20 Nov 2018 18:55:42 INFO     Performing sync publish...
Tue, 20 Nov 2018 18:55:42 DEBUG    Produced [puback] event
Tue, 20 Nov 2018 18:55:42 DEBUG    Dispatching [puback] event
Tue, 20 Nov 2018 18:55:42 INFO     Performing sync publish...
Tue, 20 Nov 2018 18:55:42 DEBUG    Produced [puback] event
Tue, 20 Nov 2018 18:55:42 DEBUG    Dispatching [puback] event
Tue, 20 Nov 2018 18:55:42 INFO     Performing sync publish...
Tue, 20 Nov 2018 18:55:42 DEBUG    Produced [puback] event
Tue, 20 Nov 2018 18:55:42 DEBUG    Dispatching [puback] event
Tue, 20 Nov 2018 18:55:42 INFO     Performing sync publish...
Tue, 20 Nov 2018 18:55:42 DEBUG    Produced [puback] event
Tue, 20 Nov 2018 18:55:42 DEBUG    Dispatching [puback] event
Tue, 20 Nov 2018 18:55:47 INFO     Performing sync publish...
Tue, 20 Nov 2018 18:55:47 DEBUG    Produced [puback] event
Tue, 20 Nov 2018 18:55:47 DEBUG    Dispatching [puback] event
Tue, 20 Nov 2018 18:55:47 INFO     Performing sync publish...
Tue, 20 Nov 2018 18:55:47 DEBUG    Produced [puback] event
Tue, 20 Nov 2018 18:55:47 DEBUG    Dispatching [puback] event
Tue, 20 Nov 2018 18:55:47 INFO     Performing sync publish...
Tue, 20 Nov 2018 18:55:47 DEBUG    Produced [puback] event
Tue, 20 Nov 2018 18:55:47 DEBUG    Dispatching [puback] event
Tue, 20 Nov 2018 18:55:47 INFO     Performing sync publish...
Tue, 20 Nov 2018 18:55:47 DEBUG    Produced [puback] event
Tue, 20 Nov 2018 18:55:47 DEBUG    Dispatching [puback] event
Tue, 20 Nov 2018 18:55:47 INFO     Performing sync publish...
Tue, 20 Nov 2018 18:55:47 DEBUG    Produced [puback] event
Tue, 20 Nov 2018 18:55:47 DEBUG    Dispatching [puback] event
Tue, 20 Nov 2018 18:55:47 INFO     Performing sync publish...
Tue, 20 Nov 2018 18:55:47 DEBUG    Produced [puback] event
Tue, 20 Nov 2018 18:55:47 DEBUG    Dispatching [puback] event
Tue, 20 Nov 2018 18:55:47 INFO     Performing sync publish...
Tue, 20 Nov 2018 18:55:47 DEBUG    Produced [puback] event
Tue, 20 Nov 2018 18:55:47 DEBUG    Dispatching [puback] event
Tue, 20 Nov 2018 18:55:47 INFO     Performing sync publish...
Tue, 20 Nov 2018 18:55:47 DEBUG    Produced [puback] event
Tue, 20 Nov 2018 18:55:47 DEBUG    Dispatching [puback] event
Tue, 20 Nov 2018 18:55:47 INFO     Performing sync publish...
Tue, 20 Nov 2018 18:55:47 DEBUG    Produced [puback] event
Tue, 20 Nov 2018 18:55:47 DEBUG    Dispatching [puback] event
Tue, 20 Nov 2018 18:55:47 INFO     Performing sync publish...
Tue, 20 Nov 2018 18:55:47 DEBUG    Produced [puback] event
Tue, 20 Nov 2018 18:55:47 DEBUG    Dispatching [puback] event
Tue, 20 Nov 2018 18:55:52 INFO     Performing sync publish...
Tue, 20 Nov 2018 18:55:52 DEBUG    Produced [puback] event
Tue, 20 Nov 2018 18:55:52 DEBUG    Dispatching [puback] event
Tue, 20 Nov 2018 18:55:52 INFO     Performing sync publish...
Tue, 20 Nov 2018 18:55:52 DEBUG    Produced [puback] event
Tue, 20 Nov 2018 18:55:52 DEBUG    Dispatching [puback] event
Tue, 20 Nov 2018 18:55:52 INFO     Performing sync publish...
Tue, 20 Nov 2018 18:55:52 DEBUG    Produced [puback] event
Tue, 20 Nov 2018 18:55:52 DEBUG    Dispatching [puback] event
Tue, 20 Nov 2018 18:55:52 INFO     Performing sync publish...
Tue, 20 Nov 2018 18:55:52 DEBUG    Produced [puback] event
Tue, 20 Nov 2018 18:55:52 DEBUG    Dispatching [puback] event
Tue, 20 Nov 2018 18:55:52 INFO     Performing sync publish...
Tue, 20 Nov 2018 18:55:52 DEBUG    Produced [puback] event
Tue, 20 Nov 2018 18:55:52 DEBUG    Dispatching [puback] event
Tue, 20 Nov 2018 18:55:52 INFO     Performing sync publish...
Tue, 20 Nov 2018 18:55:52 DEBUG    Produced [puback] event
Tue, 20 Nov 2018 18:55:52 DEBUG    Dispatching [puback] event
Tue, 20 Nov 2018 18:55:52 INFO     Performing sync publish...
Tue, 20 Nov 2018 18:55:52 DEBUG    Produced [puback] event
Tue, 20 Nov 2018 18:55:52 DEBUG    Dispatching [puback] event
Tue, 20 Nov 2018 18:55:52 INFO     Performing sync publish...
Tue, 20 Nov 2018 18:55:52 DEBUG    Produced [puback] event
Tue, 20 Nov 2018 18:55:52 DEBUG    Dispatching [puback] event
Tue, 20 Nov 2018 18:55:52 INFO     Performing sync publish...
Tue, 20 Nov 2018 18:55:52 DEBUG    Produced [puback] event
Tue, 20 Nov 2018 18:55:52 DEBUG    Dispatching [puback] event
Tue, 20 Nov 2018 18:55:52 INFO     Performing sync publish...
Tue, 20 Nov 2018 18:55:52 DEBUG    Produced [puback] event
Tue, 20 Nov 2018 18:55:52 DEBUG    Dispatching [puback] event
Tue, 20 Nov 2018 18:55:57 INFO     Performing sync publish...
Tue, 20 Nov 2018 18:55:57 DEBUG    Produced [puback] event
Tue, 20 Nov 2018 18:55:57 DEBUG    Dispatching [puback] event
Tue, 20 Nov 2018 18:55:57 INFO     Performing sync publish...
Tue, 20 Nov 2018 18:55:57 DEBUG    Produced [puback] event
Tue, 20 Nov 2018 18:55:57 DEBUG    Dispatching [puback] event
Tue, 20 Nov 2018 18:55:57 INFO     Performing sync publish...
Tue, 20 Nov 2018 18:55:57 DEBUG    Produced [puback] event
Tue, 20 Nov 2018 18:55:57 DEBUG    Dispatching [puback] event
Tue, 20 Nov 2018 18:55:57 INFO     Performing sync publish...
Tue, 20 Nov 2018 18:55:57 DEBUG    Produced [puback] event
Tue, 20 Nov 2018 18:55:57 DEBUG    Dispatching [puback] event
Tue, 20 Nov 2018 18:55:57 INFO     Performing sync publish...
Tue, 20 Nov 2018 18:55:57 DEBUG    Produced [puback] event
Tue, 20 Nov 2018 18:55:57 DEBUG    Dispatching [puback] event
Tue, 20 Nov 2018 18:55:57 INFO     Performing sync publish...
Tue, 20 Nov 2018 18:55:57 DEBUG    Produced [puback] event
Tue, 20 Nov 2018 18:55:57 DEBUG    Dispatching [puback] event
Tue, 20 Nov 2018 18:55:57 INFO     Performing sync publish...
Tue, 20 Nov 2018 18:55:57 DEBUG    Produced [puback] event
Tue, 20 Nov 2018 18:55:57 DEBUG    Dispatching [puback] event
Tue, 20 Nov 2018 18:55:57 INFO     Performing sync publish...
Tue, 20 Nov 2018 18:55:57 DEBUG    Produced [puback] event
Tue, 20 Nov 2018 18:55:57 DEBUG    Dispatching [puback] event
Tue, 20 Nov 2018 18:55:57 INFO     Performing sync publish...
Tue, 20 Nov 2018 18:55:57 DEBUG    Produced [puback] event
Tue, 20 Nov 2018 18:55:57 DEBUG    Dispatching [puback] event
Tue, 20 Nov 2018 18:55:57 INFO     Performing sync publish...
Tue, 20 Nov 2018 18:55:57 DEBUG    Produced [puback] event
Tue, 20 Nov 2018 18:55:57 DEBUG    Dispatching [puback] event
Tue, 20 Nov 2018 18:56:02 INFO     Performing sync publish...
Tue, 20 Nov 2018 18:56:02 DEBUG    Produced [puback] event
Tue, 20 Nov 2018 18:56:02 DEBUG    Dispatching [puback] event
Tue, 20 Nov 2018 18:56:02 INFO     Performing sync publish...
Tue, 20 Nov 2018 18:56:02 DEBUG    Produced [puback] event
Tue, 20 Nov 2018 18:56:02 DEBUG    Dispatching [puback] event
Tue, 20 Nov 2018 18:56:02 INFO     Performing sync publish...
Tue, 20 Nov 2018 18:56:02 DEBUG    Produced [puback] event
Tue, 20 Nov 2018 18:56:02 DEBUG    Dispatching [puback] event
Tue, 20 Nov 2018 18:56:02 INFO     Performing sync publish...
Tue, 20 Nov 2018 18:56:02 DEBUG    Produced [puback] event
Tue, 20 Nov 2018 18:56:02 DEBUG    Dispatching [puback] event
Tue, 20 Nov 2018 18:56:02 INFO     Performing sync publish...
Tue, 20 Nov 2018 18:56:02 DEBUG    Produced [puback] event
Tue, 20 Nov 2018 18:56:02 DEBUG    Dispatching [puback] event
Tue, 20 Nov 2018 18:56:02 INFO     Performing sync publish...
Tue, 20 Nov 2018 18:56:02 DEBUG    Produced [puback] event
Tue, 20 Nov 2018 18:56:02 DEBUG    Dispatching [puback] event
Tue, 20 Nov 2018 18:56:02 INFO     Performing sync publish...
Tue, 20 Nov 2018 18:56:02 DEBUG    Produced [puback] event
Tue, 20 Nov 2018 18:56:02 DEBUG    Dispatching [puback] event
Tue, 20 Nov 2018 18:56:02 INFO     Performing sync publish...
Tue, 20 Nov 2018 18:56:02 DEBUG    Produced [puback] event
Tue, 20 Nov 2018 18:56:02 DEBUG    Dispatching [puback] event
Tue, 20 Nov 2018 18:56:02 INFO     Performing sync publish...
Tue, 20 Nov 2018 18:56:02 DEBUG    Produced [puback] event
Tue, 20 Nov 2018 18:56:02 DEBUG    Dispatching [puback] event
Tue, 20 Nov 2018 18:56:02 INFO     Performing sync publish...
Tue, 20 Nov 2018 18:56:02 DEBUG    Produced [puback] event
Tue, 20 Nov 2018 18:56:02 DEBUG    Dispatching [puback] event
Tue, 20 Nov 2018 18:56:07 INFO     Performing sync publish...
Tue, 20 Nov 2018 18:56:07 DEBUG    Produced [puback] event
Tue, 20 Nov 2018 18:56:07 DEBUG    Dispatching [puback] event
Tue, 20 Nov 2018 18:56:07 INFO     Performing sync publish...
Tue, 20 Nov 2018 18:56:07 DEBUG    Produced [puback] event
Tue, 20 Nov 2018 18:56:07 DEBUG    Dispatching [puback] event
Tue, 20 Nov 2018 18:56:07 INFO     Performing sync publish...
Tue, 20 Nov 2018 18:56:07 DEBUG    Produced [puback] event
Tue, 20 Nov 2018 18:56:07 DEBUG    Dispatching [puback] event
Tue, 20 Nov 2018 18:56:07 INFO     Performing sync publish...
Tue, 20 Nov 2018 18:56:07 DEBUG    Produced [puback] event
Tue, 20 Nov 2018 18:56:07 DEBUG    Dispatching [puback] event
Tue, 20 Nov 2018 18:56:07 INFO     Performing sync publish...
Tue, 20 Nov 2018 18:56:07 DEBUG    Produced [puback] event
Tue, 20 Nov 2018 18:56:07 DEBUG    Dispatching [puback] event
Tue, 20 Nov 2018 18:56:07 INFO     Performing sync publish...
Tue, 20 Nov 2018 18:56:07 DEBUG    Produced [puback] event
Tue, 20 Nov 2018 18:56:07 DEBUG    Dispatching [puback] event
Tue, 20 Nov 2018 18:56:07 INFO     Performing sync publish...
Tue, 20 Nov 2018 18:56:07 DEBUG    Produced [puback] event
Tue, 20 Nov 2018 18:56:07 DEBUG    Dispatching [puback] event
Tue, 20 Nov 2018 18:56:07 INFO     Performing sync publish...
Tue, 20 Nov 2018 18:56:07 DEBUG    Produced [puback] event
Tue, 20 Nov 2018 18:56:07 DEBUG    Dispatching [puback] event
Tue, 20 Nov 2018 18:56:07 INFO     Performing sync publish...
Tue, 20 Nov 2018 18:56:07 DEBUG    Produced [puback] event
Tue, 20 Nov 2018 18:56:07 DEBUG    Dispatching [puback] event
Tue, 20 Nov 2018 18:56:07 INFO     Performing sync publish...
Tue, 20 Nov 2018 18:56:07 DEBUG    Produced [puback] event
Tue, 20 Nov 2018 18:56:07 DEBUG    Dispatching [puback] event
Tue, 20 Nov 2018 18:56:12 INFO     Performing sync publish...
Tue, 20 Nov 2018 18:56:12 DEBUG    Produced [puback] event
Tue, 20 Nov 2018 18:56:12 DEBUG    Dispatching [puback] event
Tue, 20 Nov 2018 18:56:12 INFO     Performing sync publish...
Tue, 20 Nov 2018 18:56:12 DEBUG    Produced [puback] event
Tue, 20 Nov 2018 18:56:12 DEBUG    Dispatching [puback] event
Tue, 20 Nov 2018 18:56:12 INFO     Performing sync publish...
Tue, 20 Nov 2018 18:56:12 DEBUG    Produced [puback] event
Tue, 20 Nov 2018 18:56:12 DEBUG    Dispatching [puback] event
Tue, 20 Nov 2018 18:56:12 INFO     Performing sync publish...
Tue, 20 Nov 2018 18:56:12 DEBUG    Produced [puback] event
Tue, 20 Nov 2018 18:56:12 DEBUG    Dispatching [puback] event
Tue, 20 Nov 2018 18:56:12 INFO     Performing sync publish...
Tue, 20 Nov 2018 18:56:12 DEBUG    Produced [puback] event
Tue, 20 Nov 2018 18:56:12 DEBUG    Dispatching [puback] event
Tue, 20 Nov 2018 18:56:12 INFO     Performing sync publish...
Tue, 20 Nov 2018 18:56:12 DEBUG    Produced [puback] event
Tue, 20 Nov 2018 18:56:12 DEBUG    Dispatching [puback] event
Tue, 20 Nov 2018 18:56:12 INFO     Performing sync publish...
Tue, 20 Nov 2018 18:56:12 DEBUG    Produced [puback] event
Tue, 20 Nov 2018 18:56:12 DEBUG    Dispatching [puback] event
Tue, 20 Nov 2018 18:56:12 INFO     Performing sync publish...
Tue, 20 Nov 2018 18:56:12 DEBUG    Produced [puback] event
Tue, 20 Nov 2018 18:56:12 DEBUG    Dispatching [puback] event
Tue, 20 Nov 2018 18:56:12 INFO     Performing sync publish...
Tue, 20 Nov 2018 18:56:12 DEBUG    Produced [puback] event
Tue, 20 Nov 2018 18:56:12 DEBUG    Dispatching [puback] event
Tue, 20 Nov 2018 18:56:12 INFO     Performing sync publish...
Tue, 20 Nov 2018 18:56:12 DEBUG    Produced [puback] event
Tue, 20 Nov 2018 18:56:12 DEBUG    Dispatching [puback] event
Tue, 20 Nov 2018 18:56:17 INFO     Performing sync publish...
Tue, 20 Nov 2018 18:56:17 DEBUG    Produced [puback] event
Tue, 20 Nov 2018 18:56:17 DEBUG    Dispatching [puback] event
Tue, 20 Nov 2018 18:56:17 INFO     Performing sync publish...
Tue, 20 Nov 2018 18:56:17 DEBUG    Produced [puback] event
Tue, 20 Nov 2018 18:56:17 DEBUG    Dispatching [puback] event
Tue, 20 Nov 2018 18:56:17 INFO     Performing sync publish...
Tue, 20 Nov 2018 18:56:17 DEBUG    Produced [puback] event
Tue, 20 Nov 2018 18:56:17 DEBUG    Dispatching [puback] event
Tue, 20 Nov 2018 18:56:17 INFO     Performing sync publish...
Tue, 20 Nov 2018 18:56:17 DEBUG    Produced [puback] event
Tue, 20 Nov 2018 18:56:17 DEBUG    Dispatching [puback] event
Tue, 20 Nov 2018 18:56:17 INFO     Performing sync publish...
Tue, 20 Nov 2018 18:56:17 DEBUG    Produced [puback] event
Tue, 20 Nov 2018 18:56:17 DEBUG    Dispatching [puback] event
Tue, 20 Nov 2018 18:56:17 INFO     Performing sync publish...
Tue, 20 Nov 2018 18:56:17 DEBUG    Produced [puback] event
Tue, 20 Nov 2018 18:56:17 DEBUG    Dispatching [puback] event
Tue, 20 Nov 2018 18:56:17 INFO     Performing sync publish...
Tue, 20 Nov 2018 18:56:17 DEBUG    Produced [puback] event
Tue, 20 Nov 2018 18:56:17 DEBUG    Dispatching [puback] event
Tue, 20 Nov 2018 18:56:17 INFO     Performing sync publish...
Tue, 20 Nov 2018 18:56:17 DEBUG    Produced [puback] event
Tue, 20 Nov 2018 18:56:17 DEBUG    Dispatching [puback] event
Tue, 20 Nov 2018 18:56:17 INFO     Performing sync publish...
Tue, 20 Nov 2018 18:56:17 DEBUG    Produced [puback] event
Tue, 20 Nov 2018 18:56:17 DEBUG    Dispatching [puback] event
Tue, 20 Nov 2018 18:56:17 INFO     Performing sync publish...
Tue, 20 Nov 2018 18:56:17 DEBUG    Produced [puback] event
Tue, 20 Nov 2018 18:56:17 DEBUG    Dispatching [puback] event
Tue, 20 Nov 2018 18:56:22 INFO     Performing sync publish...
Tue, 20 Nov 2018 18:56:22 DEBUG    Produced [puback] event
Tue, 20 Nov 2018 18:56:22 DEBUG    Dispatching [puback] event
Tue, 20 Nov 2018 18:56:22 INFO     Performing sync publish...
Tue, 20 Nov 2018 18:56:22 DEBUG    Produced [puback] event
Tue, 20 Nov 2018 18:56:22 DEBUG    Dispatching [puback] event
Tue, 20 Nov 2018 18:56:22 INFO     Performing sync publish...
Tue, 20 Nov 2018 18:56:22 DEBUG    Produced [puback] event
Tue, 20 Nov 2018 18:56:22 DEBUG    Dispatching [puback] event
Tue, 20 Nov 2018 18:56:22 INFO     Performing sync publish...
Tue, 20 Nov 2018 18:56:22 DEBUG    Produced [puback] event
Tue, 20 Nov 2018 18:56:22 DEBUG    Dispatching [puback] event
Tue, 20 Nov 2018 18:56:22 INFO     Performing sync publish...
Tue, 20 Nov 2018 18:56:22 DEBUG    Produced [puback] event
Tue, 20 Nov 2018 18:56:22 DEBUG    Dispatching [puback] event
Tue, 20 Nov 2018 18:56:22 INFO     Performing sync publish...
Tue, 20 Nov 2018 18:56:22 DEBUG    Produced [puback] event
Tue, 20 Nov 2018 18:56:22 DEBUG    Dispatching [puback] event
Tue, 20 Nov 2018 18:56:22 INFO     Performing sync publish...
Tue, 20 Nov 2018 18:56:22 DEBUG    Produced [puback] event
Tue, 20 Nov 2018 18:56:22 DEBUG    Dispatching [puback] event
Tue, 20 Nov 2018 18:56:22 INFO     Performing sync publish...
Tue, 20 Nov 2018 18:56:22 DEBUG    Produced [puback] event
Tue, 20 Nov 2018 18:56:22 DEBUG    Dispatching [puback] event
Tue, 20 Nov 2018 18:56:22 INFO     Performing sync publish...
Tue, 20 Nov 2018 18:56:22 DEBUG    Produced [puback] event
Tue, 20 Nov 2018 18:56:22 DEBUG    Dispatching [puback] event
Tue, 20 Nov 2018 18:56:22 INFO     Performing sync publish...
Tue, 20 Nov 2018 18:56:22 DEBUG    Produced [puback] event
Tue, 20 Nov 2018 18:56:22 DEBUG    Dispatching [puback] event
Tue, 20 Nov 2018 18:56:27 INFO     Performing sync publish...
Tue, 20 Nov 2018 18:56:27 DEBUG    Produced [puback] event
Tue, 20 Nov 2018 18:56:27 DEBUG    Dispatching [puback] event
Tue, 20 Nov 2018 18:56:27 INFO     Performing sync publish...
Tue, 20 Nov 2018 18:56:27 DEBUG    Produced [puback] event
Tue, 20 Nov 2018 18:56:27 DEBUG    Dispatching [puback] event
Tue, 20 Nov 2018 18:56:27 INFO     Performing sync publish...
Tue, 20 Nov 2018 18:56:27 DEBUG    Produced [puback] event
Tue, 20 Nov 2018 18:56:27 DEBUG    Dispatching [puback] event
Tue, 20 Nov 2018 18:56:27 INFO     Performing sync publish...
Tue, 20 Nov 2018 18:56:27 DEBUG    Produced [puback] event
Tue, 20 Nov 2018 18:56:27 DEBUG    Dispatching [puback] event
Tue, 20 Nov 2018 18:56:27 INFO     Performing sync publish...
Tue, 20 Nov 2018 18:56:27 DEBUG    Produced [puback] event
Tue, 20 Nov 2018 18:56:27 DEBUG    Dispatching [puback] event
Tue, 20 Nov 2018 18:56:27 INFO     Performing sync publish...
Tue, 20 Nov 2018 18:56:27 DEBUG    Produced [puback] event
Tue, 20 Nov 2018 18:56:27 DEBUG    Dispatching [puback] event
Tue, 20 Nov 2018 18:56:27 INFO     Performing sync publish...
Tue, 20 Nov 2018 18:56:27 DEBUG    Produced [puback] event
Tue, 20 Nov 2018 18:56:27 DEBUG    Dispatching [puback] event
Tue, 20 Nov 2018 18:56:27 INFO     Performing sync publish...
Tue, 20 Nov 2018 18:56:27 DEBUG    Produced [puback] event
Tue, 20 Nov 2018 18:56:27 DEBUG    Dispatching [puback] event
Tue, 20 Nov 2018 18:56:27 INFO     Performing sync publish...
Tue, 20 Nov 2018 18:56:27 DEBUG    Produced [puback] event
Tue, 20 Nov 2018 18:56:27 DEBUG    Dispatching [puback] event
Tue, 20 Nov 2018 18:56:27 INFO     Performing sync publish...
Tue, 20 Nov 2018 18:56:27 DEBUG    Produced [puback] event
Tue, 20 Nov 2018 18:56:27 DEBUG    Dispatching [puback] event
Tue, 20 Nov 2018 18:56:32 INFO     Performing sync publish...
Tue, 20 Nov 2018 18:56:32 DEBUG    Produced [puback] event
Tue, 20 Nov 2018 18:56:32 DEBUG    Dispatching [puback] event
Tue, 20 Nov 2018 18:56:32 INFO     Performing sync publish...
Tue, 20 Nov 2018 18:56:32 DEBUG    Produced [puback] event
Tue, 20 Nov 2018 18:56:32 DEBUG    Dispatching [puback] event
Tue, 20 Nov 2018 18:56:33 INFO     Performing sync publish...
Tue, 20 Nov 2018 18:56:33 DEBUG    Produced [puback] event
Tue, 20 Nov 2018 18:56:33 DEBUG    Dispatching [puback] event
Tue, 20 Nov 2018 18:56:33 INFO     Performing sync publish...
Tue, 20 Nov 2018 18:56:33 DEBUG    Produced [puback] event
Tue, 20 Nov 2018 18:56:33 DEBUG    Dispatching [puback] event
Tue, 20 Nov 2018 18:56:33 INFO     Performing sync publish...
Tue, 20 Nov 2018 18:56:33 DEBUG    Produced [puback] event
Tue, 20 Nov 2018 18:56:33 DEBUG    Dispatching [puback] event
Tue, 20 Nov 2018 18:56:33 INFO     Performing sync publish...
Tue, 20 Nov 2018 18:56:33 DEBUG    Produced [puback] event
Tue, 20 Nov 2018 18:56:33 DEBUG    Dispatching [puback] event
Tue, 20 Nov 2018 18:56:33 INFO     Performing sync publish...
Tue, 20 Nov 2018 18:56:33 DEBUG    Produced [puback] event
Tue, 20 Nov 2018 18:56:33 DEBUG    Dispatching [puback] event
Tue, 20 Nov 2018 18:56:33 INFO     Performing sync publish...
Tue, 20 Nov 2018 18:56:33 DEBUG    Produced [puback] event
Tue, 20 Nov 2018 18:56:33 DEBUG    Dispatching [puback] event
Tue, 20 Nov 2018 18:56:33 INFO     Performing sync publish...
Tue, 20 Nov 2018 18:56:33 DEBUG    Produced [puback] event
Tue, 20 Nov 2018 18:56:33 DEBUG    Dispatching [puback] event
Tue, 20 Nov 2018 18:56:33 INFO     Performing sync publish...
Tue, 20 Nov 2018 18:56:33 DEBUG    Produced [puback] event
Tue, 20 Nov 2018 18:56:33 DEBUG    Dispatching [puback] event
Tue, 20 Nov 2018 18:56:38 INFO     Performing sync publish...
Tue, 20 Nov 2018 18:56:38 DEBUG    Produced [puback] event
Tue, 20 Nov 2018 18:56:38 DEBUG    Dispatching [puback] event
Tue, 20 Nov 2018 18:56:38 INFO     Performing sync publish...
Tue, 20 Nov 2018 18:56:38 DEBUG    Produced [puback] event
Tue, 20 Nov 2018 18:56:38 DEBUG    Dispatching [puback] event
Tue, 20 Nov 2018 18:56:38 INFO     Performing sync publish...
Tue, 20 Nov 2018 18:56:38 DEBUG    Produced [puback] event
Tue, 20 Nov 2018 18:56:38 DEBUG    Dispatching [puback] event
Tue, 20 Nov 2018 18:56:38 INFO     Performing sync publish...
Tue, 20 Nov 2018 18:56:38 DEBUG    Produced [puback] event
Tue, 20 Nov 2018 18:56:38 DEBUG    Dispatching [puback] event
Tue, 20 Nov 2018 18:56:38 INFO     Performing sync publish...
Tue, 20 Nov 2018 18:56:38 DEBUG    Produced [puback] event
Tue, 20 Nov 2018 18:56:38 DEBUG    Dispatching [puback] event
Tue, 20 Nov 2018 18:56:38 INFO     Performing sync publish...
Tue, 20 Nov 2018 18:56:38 DEBUG    Produced [puback] event
Tue, 20 Nov 2018 18:56:38 DEBUG    Dispatching [puback] event
Tue, 20 Nov 2018 18:56:38 INFO     Performing sync publish...
Tue, 20 Nov 2018 18:56:38 DEBUG    Produced [puback] event
Tue, 20 Nov 2018 18:56:38 DEBUG    Dispatching [puback] event
Tue, 20 Nov 2018 18:56:38 INFO     Performing sync publish...
Tue, 20 Nov 2018 18:56:38 DEBUG    Produced [puback] event
Tue, 20 Nov 2018 18:56:38 DEBUG    Dispatching [puback] event
Tue, 20 Nov 2018 18:56:38 INFO     Performing sync publish...
Tue, 20 Nov 2018 18:56:38 DEBUG    Produced [puback] event
Tue, 20 Nov 2018 18:56:38 DEBUG    Dispatching [puback] event
Tue, 20 Nov 2018 18:56:38 INFO     Performing sync publish...
Tue, 20 Nov 2018 18:56:38 DEBUG    Produced [puback] event
Tue, 20 Nov 2018 18:56:38 DEBUG    Dispatching [puback] event
Tue, 20 Nov 2018 18:56:43 INFO     Performing sync publish...
Tue, 20 Nov 2018 18:56:43 DEBUG    Produced [puback] event
Tue, 20 Nov 2018 18:56:43 DEBUG    Dispatching [puback] event
Tue, 20 Nov 2018 18:56:43 INFO     Performing sync publish...
Tue, 20 Nov 2018 18:56:43 DEBUG    Produced [puback] event
Tue, 20 Nov 2018 18:56:43 DEBUG    Dispatching [puback] event
Tue, 20 Nov 2018 18:56:43 INFO     Performing sync publish...
Tue, 20 Nov 2018 18:56:43 DEBUG    Produced [puback] event
Tue, 20 Nov 2018 18:56:43 DEBUG    Dispatching [puback] event
Tue, 20 Nov 2018 18:56:43 INFO     Performing sync publish...
Tue, 20 Nov 2018 18:56:43 DEBUG    Produced [puback] event
Tue, 20 Nov 2018 18:56:43 DEBUG    Dispatching [puback] event
Tue, 20 Nov 2018 18:56:43 INFO     Performing sync publish...
Tue, 20 Nov 2018 18:56:43 DEBUG    Produced [puback] event
Tue, 20 Nov 2018 18:56:43 DEBUG    Dispatching [puback] event
Tue, 20 Nov 2018 18:56:43 INFO     Performing sync publish...
Tue, 20 Nov 2018 18:56:43 DEBUG    Produced [puback] event
Tue, 20 Nov 2018 18:56:43 DEBUG    Dispatching [puback] event
Tue, 20 Nov 2018 18:56:43 INFO     Performing sync publish...
Tue, 20 Nov 2018 18:56:43 DEBUG    Produced [puback] event
Tue, 20 Nov 2018 18:56:43 DEBUG    Dispatching [puback] event
Tue, 20 Nov 2018 18:56:43 INFO     Performing sync publish...
Tue, 20 Nov 2018 18:56:43 DEBUG    Produced [puback] event
Tue, 20 Nov 2018 18:56:43 DEBUG    Dispatching [puback] event
Tue, 20 Nov 2018 18:56:43 INFO     Performing sync publish...
Tue, 20 Nov 2018 18:56:43 DEBUG    Produced [puback] event
Tue, 20 Nov 2018 18:56:43 DEBUG    Dispatching [puback] event
Tue, 20 Nov 2018 18:56:43 INFO     Performing sync publish...
Tue, 20 Nov 2018 18:56:43 DEBUG    Produced [puback] event
Tue, 20 Nov 2018 18:56:43 DEBUG    Dispatching [puback] event
Tue, 20 Nov 2018 18:56:48 INFO     Performing sync publish...
Tue, 20 Nov 2018 18:56:48 DEBUG    Produced [puback] event
Tue, 20 Nov 2018 18:56:48 DEBUG    Dispatching [puback] event
Tue, 20 Nov 2018 18:56:48 INFO     Performing sync publish...
Tue, 20 Nov 2018 18:56:48 DEBUG    Produced [puback] event
Tue, 20 Nov 2018 18:56:48 DEBUG    Dispatching [puback] event
Tue, 20 Nov 2018 18:56:48 INFO     Performing sync publish...
Tue, 20 Nov 2018 18:56:48 DEBUG    Produced [puback] event
Tue, 20 Nov 2018 18:56:48 DEBUG    Dispatching [puback] event
Tue, 20 Nov 2018 18:56:48 INFO     Performing sync publish...
Tue, 20 Nov 2018 18:56:48 DEBUG    Produced [puback] event
Tue, 20 Nov 2018 18:56:48 DEBUG    Dispatching [puback] event
Tue, 20 Nov 2018 18:56:48 INFO     Performing sync publish...
Tue, 20 Nov 2018 18:56:48 DEBUG    Produced [puback] event
Tue, 20 Nov 2018 18:56:48 DEBUG    Dispatching [puback] event
Tue, 20 Nov 2018 18:56:48 INFO     Performing sync publish...
Tue, 20 Nov 2018 18:56:48 DEBUG    Produced [puback] event
Tue, 20 Nov 2018 18:56:48 DEBUG    Dispatching [puback] event
Tue, 20 Nov 2018 18:56:48 INFO     Performing sync publish...
Tue, 20 Nov 2018 18:56:48 DEBUG    Produced [puback] event
Tue, 20 Nov 2018 18:56:48 DEBUG    Dispatching [puback] event
Tue, 20 Nov 2018 18:56:48 INFO     Performing sync publish...
Tue, 20 Nov 2018 18:56:48 DEBUG    Produced [puback] event
Tue, 20 Nov 2018 18:56:48 DEBUG    Dispatching [puback] event
Tue, 20 Nov 2018 18:56:48 INFO     Performing sync publish...
Tue, 20 Nov 2018 18:56:48 DEBUG    Produced [puback] event
Tue, 20 Nov 2018 18:56:48 DEBUG    Dispatching [puback] event
Tue, 20 Nov 2018 18:56:48 INFO     Performing sync publish...
Tue, 20 Nov 2018 18:56:48 DEBUG    Produced [puback] event
Tue, 20 Nov 2018 18:56:48 DEBUG    Dispatching [puback] event
Tue, 20 Nov 2018 18:56:53 INFO     Performing sync publish...
Tue, 20 Nov 2018 18:56:53 DEBUG    Produced [puback] event
Tue, 20 Nov 2018 18:56:53 DEBUG    Dispatching [puback] event
Tue, 20 Nov 2018 18:56:53 INFO     Performing sync publish...
Tue, 20 Nov 2018 18:56:53 DEBUG    Produced [puback] event
Tue, 20 Nov 2018 18:56:53 DEBUG    Dispatching [puback] event
Tue, 20 Nov 2018 18:56:53 INFO     Performing sync publish...
Tue, 20 Nov 2018 18:56:53 DEBUG    Produced [puback] event
Tue, 20 Nov 2018 18:56:53 DEBUG    Dispatching [puback] event
Tue, 20 Nov 2018 18:56:53 INFO     Performing sync publish...
Tue, 20 Nov 2018 18:56:53 DEBUG    Produced [puback] event
Tue, 20 Nov 2018 18:56:53 DEBUG    Dispatching [puback] event
Tue, 20 Nov 2018 18:56:53 INFO     Performing sync publish...
Tue, 20 Nov 2018 18:56:53 DEBUG    Produced [puback] event
Tue, 20 Nov 2018 18:56:53 DEBUG    Dispatching [puback] event
Tue, 20 Nov 2018 18:56:53 INFO     Performing sync publish...
Tue, 20 Nov 2018 18:56:53 DEBUG    Produced [puback] event
Tue, 20 Nov 2018 18:56:53 DEBUG    Dispatching [puback] event
Tue, 20 Nov 2018 18:56:53 INFO     Performing sync publish...
Tue, 20 Nov 2018 18:56:53 DEBUG    Produced [puback] event
Tue, 20 Nov 2018 18:56:53 DEBUG    Dispatching [puback] event
Tue, 20 Nov 2018 18:56:53 INFO     Performing sync publish...
Tue, 20 Nov 2018 18:56:53 DEBUG    Produced [puback] event
Tue, 20 Nov 2018 18:56:53 DEBUG    Dispatching [puback] event
Tue, 20 Nov 2018 18:56:53 INFO     Performing sync publish...
Tue, 20 Nov 2018 18:56:53 DEBUG    Produced [puback] event
Tue, 20 Nov 2018 18:56:53 DEBUG    Dispatching [puback] event
Tue, 20 Nov 2018 18:56:53 INFO     Performing sync publish...
Tue, 20 Nov 2018 18:56:53 DEBUG    Produced [puback] event
Tue, 20 Nov 2018 18:56:53 DEBUG    Dispatching [puback] event
Tue, 20 Nov 2018 18:56:58 INFO     Performing sync publish...
Tue, 20 Nov 2018 18:56:58 DEBUG    Produced [puback] event
Tue, 20 Nov 2018 18:56:58 DEBUG    Dispatching [puback] event
Tue, 20 Nov 2018 18:56:58 INFO     Performing sync publish...
Tue, 20 Nov 2018 18:56:58 DEBUG    Produced [puback] event
Tue, 20 Nov 2018 18:56:58 DEBUG    Dispatching [puback] event
Tue, 20 Nov 2018 18:56:58 INFO     Performing sync publish...
Tue, 20 Nov 2018 18:56:58 DEBUG    Produced [puback] event
Tue, 20 Nov 2018 18:56:58 DEBUG    Dispatching [puback] event
Tue, 20 Nov 2018 18:56:58 INFO     Performing sync publish...
Tue, 20 Nov 2018 18:56:58 DEBUG    Produced [puback] event
Tue, 20 Nov 2018 18:56:58 DEBUG    Dispatching [puback] event
Tue, 20 Nov 2018 18:56:58 INFO     Performing sync publish...
Tue, 20 Nov 2018 18:56:58 DEBUG    Produced [puback] event
Tue, 20 Nov 2018 18:56:58 DEBUG    Dispatching [puback] event
Tue, 20 Nov 2018 18:56:58 INFO     Performing sync publish...
Tue, 20 Nov 2018 18:56:58 DEBUG    Produced [puback] event
Tue, 20 Nov 2018 18:56:58 DEBUG    Dispatching [puback] event
Tue, 20 Nov 2018 18:56:58 INFO     Performing sync publish...
Tue, 20 Nov 2018 18:56:58 DEBUG    Produced [puback] event
Tue, 20 Nov 2018 18:56:58 DEBUG    Dispatching [puback] event
Tue, 20 Nov 2018 18:56:58 INFO     Performing sync publish...
Tue, 20 Nov 2018 18:56:58 DEBUG    Dispatching [puback] event
Tue, 20 Nov 2018 18:56:58 DEBUG    Produced [puback] event
Tue, 20 Nov 2018 18:56:58 INFO     Performing sync publish...
Tue, 20 Nov 2018 18:56:58 DEBUG    Produced [puback] event
Tue, 20 Nov 2018 18:56:58 DEBUG    Dispatching [puback] event
Tue, 20 Nov 2018 18:56:58 INFO     Performing sync publish...
Tue, 20 Nov 2018 18:56:58 DEBUG    Produced [puback] event
Tue, 20 Nov 2018 18:56:58 DEBUG    Dispatching [puback] event
Tue, 20 Nov 2018 18:57:03 INFO     Performing sync publish...
Tue, 20 Nov 2018 18:57:03 DEBUG    Produced [puback] event
Tue, 20 Nov 2018 18:57:03 DEBUG    Dispatching [puback] event
Tue, 20 Nov 2018 18:57:03 INFO     Performing sync publish...
Tue, 20 Nov 2018 18:57:03 DEBUG    Produced [puback] event
Tue, 20 Nov 2018 18:57:03 DEBUG    Dispatching [puback] event
Tue, 20 Nov 2018 18:57:03 INFO     Performing sync publish...
Tue, 20 Nov 2018 18:57:03 DEBUG    Produced [puback] event
Tue, 20 Nov 2018 18:57:03 DEBUG    Dispatching [puback] event
Tue, 20 Nov 2018 18:57:03 INFO     Performing sync publish...
Tue, 20 Nov 2018 18:57:03 DEBUG    Produced [puback] event
Tue, 20 Nov 2018 18:57:03 DEBUG    Dispatching [puback] event
Tue, 20 Nov 2018 18:57:03 INFO     Performing sync publish...
Tue, 20 Nov 2018 18:57:03 DEBUG    Produced [puback] event
Tue, 20 Nov 2018 18:57:03 DEBUG    Dispatching [puback] event
Tue, 20 Nov 2018 18:57:03 INFO     Performing sync publish...
Tue, 20 Nov 2018 18:57:03 DEBUG    Produced [puback] event
Tue, 20 Nov 2018 18:57:03 DEBUG    Dispatching [puback] event
Tue, 20 Nov 2018 18:57:03 INFO     Performing sync publish...
Tue, 20 Nov 2018 18:57:03 DEBUG    Produced [puback] event
Tue, 20 Nov 2018 18:57:03 DEBUG    Dispatching [puback] event
Tue, 20 Nov 2018 18:57:03 INFO     Performing sync publish...
Tue, 20 Nov 2018 18:57:03 DEBUG    Produced [puback] event
Tue, 20 Nov 2018 18:57:03 DEBUG    Dispatching [puback] event
Tue, 20 Nov 2018 18:57:03 INFO     Performing sync publish...
Tue, 20 Nov 2018 18:57:03 DEBUG    Produced [puback] event
Tue, 20 Nov 2018 18:57:03 DEBUG    Dispatching [puback] event
Tue, 20 Nov 2018 18:57:03 INFO     Performing sync publish...
Tue, 20 Nov 2018 18:57:03 DEBUG    Produced [puback] event
Tue, 20 Nov 2018 18:57:03 DEBUG    Dispatching [puback] event
Tue, 20 Nov 2018 18:57:08 INFO     Performing sync publish...
Tue, 20 Nov 2018 18:57:08 DEBUG    Produced [puback] event
Tue, 20 Nov 2018 18:57:08 DEBUG    Dispatching [puback] event
Tue, 20 Nov 2018 18:57:08 INFO     Performing sync publish...
Tue, 20 Nov 2018 18:57:08 DEBUG    Produced [puback] event
Tue, 20 Nov 2018 18:57:08 DEBUG    Dispatching [puback] event
Tue, 20 Nov 2018 18:57:08 INFO     Performing sync publish...
Tue, 20 Nov 2018 18:57:08 DEBUG    Produced [puback] event
Tue, 20 Nov 2018 18:57:08 DEBUG    Dispatching [puback] event
Tue, 20 Nov 2018 18:57:08 INFO     Performing sync publish...
Tue, 20 Nov 2018 18:57:08 DEBUG    Produced [puback] event
Tue, 20 Nov 2018 18:57:08 DEBUG    Dispatching [puback] event
Tue, 20 Nov 2018 18:57:08 INFO     Performing sync publish...
Tue, 20 Nov 2018 18:57:08 DEBUG    Produced [puback] event
Tue, 20 Nov 2018 18:57:08 DEBUG    Dispatching [puback] event
Tue, 20 Nov 2018 18:57:08 INFO     Performing sync publish...
Tue, 20 Nov 2018 18:57:08 DEBUG    Produced [puback] event
Tue, 20 Nov 2018 18:57:08 DEBUG    Dispatching [puback] event
Tue, 20 Nov 2018 18:57:08 INFO     Performing sync publish...
Tue, 20 Nov 2018 18:57:08 DEBUG    Produced [puback] event
Tue, 20 Nov 2018 18:57:08 DEBUG    Dispatching [puback] event
Tue, 20 Nov 2018 18:57:08 INFO     Performing sync publish...
Tue, 20 Nov 2018 18:57:08 DEBUG    Produced [puback] event
Tue, 20 Nov 2018 18:57:08 DEBUG    Dispatching [puback] event
Tue, 20 Nov 2018 18:57:08 INFO     Performing sync publish...
Tue, 20 Nov 2018 18:57:08 DEBUG    Produced [puback] event
Tue, 20 Nov 2018 18:57:08 DEBUG    Dispatching [puback] event
Tue, 20 Nov 2018 18:57:08 INFO     Performing sync publish...
Tue, 20 Nov 2018 18:57:08 DEBUG    Produced [puback] event
Tue, 20 Nov 2018 18:57:08 DEBUG    Dispatching [puback] event
Tue, 20 Nov 2018 18:57:13 INFO     Performing sync publish...
Tue, 20 Nov 2018 18:57:13 DEBUG    Produced [puback] event
Tue, 20 Nov 2018 18:57:13 DEBUG    Dispatching [puback] event
Tue, 20 Nov 2018 18:57:13 INFO     Performing sync publish...
Tue, 20 Nov 2018 18:57:13 DEBUG    Produced [puback] event
Tue, 20 Nov 2018 18:57:13 DEBUG    Dispatching [puback] event
Tue, 20 Nov 2018 18:57:13 INFO     Performing sync publish...
Tue, 20 Nov 2018 18:57:13 DEBUG    Produced [puback] event
Tue, 20 Nov 2018 18:57:13 DEBUG    Dispatching [puback] event
Tue, 20 Nov 2018 18:57:13 INFO     Performing sync publish...
Tue, 20 Nov 2018 18:57:13 DEBUG    Produced [puback] event
Tue, 20 Nov 2018 18:57:13 DEBUG    Dispatching [puback] event
Tue, 20 Nov 2018 18:57:13 INFO     Performing sync publish...
Tue, 20 Nov 2018 18:57:13 DEBUG    Produced [puback] event
Tue, 20 Nov 2018 18:57:13 DEBUG    Dispatching [puback] event
Tue, 20 Nov 2018 18:57:13 INFO     Performing sync publish...
Tue, 20 Nov 2018 18:57:13 DEBUG    Produced [puback] event
Tue, 20 Nov 2018 18:57:13 DEBUG    Dispatching [puback] event
Tue, 20 Nov 2018 18:57:13 INFO     Performing sync publish...
Tue, 20 Nov 2018 18:57:13 DEBUG    Produced [puback] event
Tue, 20 Nov 2018 18:57:13 DEBUG    Dispatching [puback] event
Tue, 20 Nov 2018 18:57:13 INFO     Performing sync publish...
Tue, 20 Nov 2018 18:57:13 DEBUG    Produced [puback] event
Tue, 20 Nov 2018 18:57:13 DEBUG    Dispatching [puback] event
Tue, 20 Nov 2018 18:57:13 INFO     Performing sync publish...
Tue, 20 Nov 2018 18:57:13 DEBUG    Produced [puback] event
Tue, 20 Nov 2018 18:57:13 DEBUG    Dispatching [puback] event
Tue, 20 Nov 2018 18:57:13 INFO     Performing sync publish...
Tue, 20 Nov 2018 18:57:13 DEBUG    Produced [puback] event
Tue, 20 Nov 2018 18:57:13 DEBUG    Dispatching [puback] event
Tue, 20 Nov 2018 18:57:18 INFO     Performing sync publish...
Tue, 20 Nov 2018 18:57:18 DEBUG    Produced [puback] event
Tue, 20 Nov 2018 18:57:18 DEBUG    Dispatching [puback] event
Tue, 20 Nov 2018 18:57:18 INFO     Performing sync publish...
Tue, 20 Nov 2018 18:57:18 DEBUG    Produced [puback] event
Tue, 20 Nov 2018 18:57:18 DEBUG    Dispatching [puback] event
Tue, 20 Nov 2018 18:57:18 INFO     Performing sync publish...
Tue, 20 Nov 2018 18:57:18 DEBUG    Produced [puback] event
Tue, 20 Nov 2018 18:57:18 DEBUG    Dispatching [puback] event
Tue, 20 Nov 2018 18:57:18 INFO     Performing sync publish...
Tue, 20 Nov 2018 18:57:18 DEBUG    Produced [puback] event
Tue, 20 Nov 2018 18:57:18 DEBUG    Dispatching [puback] event
Tue, 20 Nov 2018 18:57:18 INFO     Performing sync publish...
Tue, 20 Nov 2018 18:57:18 DEBUG    Produced [puback] event
Tue, 20 Nov 2018 18:57:18 DEBUG    Dispatching [puback] event
Tue, 20 Nov 2018 18:57:18 INFO     Performing sync publish...
Tue, 20 Nov 2018 18:57:18 DEBUG    Produced [puback] event
Tue, 20 Nov 2018 18:57:18 DEBUG    Dispatching [puback] event
Tue, 20 Nov 2018 18:57:18 INFO     Performing sync publish...
Tue, 20 Nov 2018 18:57:18 DEBUG    Produced [puback] event
Tue, 20 Nov 2018 18:57:18 DEBUG    Dispatching [puback] event
Tue, 20 Nov 2018 18:57:18 INFO     Performing sync publish...
Tue, 20 Nov 2018 18:57:18 DEBUG    Produced [puback] event
Tue, 20 Nov 2018 18:57:18 DEBUG    Dispatching [puback] event
Tue, 20 Nov 2018 18:57:18 INFO     Performing sync publish...
Tue, 20 Nov 2018 18:57:18 DEBUG    Produced [puback] event
Tue, 20 Nov 2018 18:57:18 DEBUG    Dispatching [puback] event
Tue, 20 Nov 2018 18:57:18 INFO     Performing sync publish...
Tue, 20 Nov 2018 18:57:18 DEBUG    Produced [puback] event
Tue, 20 Nov 2018 18:57:18 DEBUG    Dispatching [puback] event
Tue, 20 Nov 2018 18:57:23 INFO     Performing sync publish...
Tue, 20 Nov 2018 18:57:23 DEBUG    Produced [puback] event
Tue, 20 Nov 2018 18:57:23 DEBUG    Dispatching [puback] event
Tue, 20 Nov 2018 18:57:23 INFO     Performing sync publish...
Tue, 20 Nov 2018 18:57:23 DEBUG    Produced [puback] event
Tue, 20 Nov 2018 18:57:23 DEBUG    Dispatching [puback] event
Tue, 20 Nov 2018 18:57:23 INFO     Performing sync publish...
Tue, 20 Nov 2018 18:57:23 DEBUG    Produced [puback] event
Tue, 20 Nov 2018 18:57:23 DEBUG    Dispatching [puback] event
Tue, 20 Nov 2018 18:57:23 INFO     Performing sync publish...
Tue, 20 Nov 2018 18:57:23 DEBUG    Produced [puback] event
Tue, 20 Nov 2018 18:57:23 DEBUG    Dispatching [puback] event
Tue, 20 Nov 2018 18:57:23 INFO     Performing sync publish...
Tue, 20 Nov 2018 18:57:23 DEBUG    Produced [puback] event
Tue, 20 Nov 2018 18:57:23 DEBUG    Dispatching [puback] event
Tue, 20 Nov 2018 18:57:23 INFO     Performing sync publish...
Tue, 20 Nov 2018 18:57:23 DEBUG    Produced [puback] event
Tue, 20 Nov 2018 18:57:23 DEBUG    Dispatching [puback] event
Tue, 20 Nov 2018 18:57:23 INFO     Performing sync publish...
Tue, 20 Nov 2018 18:57:23 DEBUG    Produced [puback] event
Tue, 20 Nov 2018 18:57:23 DEBUG    Dispatching [puback] event
Tue, 20 Nov 2018 18:57:23 INFO     Performing sync publish...
Tue, 20 Nov 2018 18:57:23 DEBUG    Produced [puback] event
Tue, 20 Nov 2018 18:57:23 DEBUG    Dispatching [puback] event
Tue, 20 Nov 2018 18:57:23 INFO     Performing sync publish...
Tue, 20 Nov 2018 18:57:23 DEBUG    Produced [puback] event
Tue, 20 Nov 2018 18:57:23 DEBUG    Dispatching [puback] event
Tue, 20 Nov 2018 18:57:24 INFO     Performing sync publish...
Tue, 20 Nov 2018 18:57:24 DEBUG    Produced [puback] event
Tue, 20 Nov 2018 18:57:24 DEBUG    Dispatching [puback] event
Tue, 20 Nov 2018 18:57:29 INFO     Performing sync publish...
Tue, 20 Nov 2018 18:57:29 DEBUG    Produced [puback] event
Tue, 20 Nov 2018 18:57:29 DEBUG    Dispatching [puback] event
Tue, 20 Nov 2018 18:57:29 INFO     Performing sync publish...
Tue, 20 Nov 2018 18:57:29 DEBUG    Produced [puback] event
Tue, 20 Nov 2018 18:57:29 DEBUG    Dispatching [puback] event
Tue, 20 Nov 2018 18:57:29 INFO     Performing sync publish...
Tue, 20 Nov 2018 18:57:29 DEBUG    Produced [puback] event
Tue, 20 Nov 2018 18:57:29 DEBUG    Dispatching [puback] event
Tue, 20 Nov 2018 18:57:29 INFO     Performing sync publish...
Tue, 20 Nov 2018 18:57:29 DEBUG    Produced [puback] event
Tue, 20 Nov 2018 18:57:29 DEBUG    Dispatching [puback] event
Tue, 20 Nov 2018 18:57:29 INFO     Performing sync publish...
Tue, 20 Nov 2018 18:57:29 DEBUG    Produced [puback] event
Tue, 20 Nov 2018 18:57:29 DEBUG    Dispatching [puback] event
Tue, 20 Nov 2018 18:57:29 INFO     Performing sync publish...
Tue, 20 Nov 2018 18:57:29 DEBUG    Produced [puback] event
Tue, 20 Nov 2018 18:57:29 DEBUG    Dispatching [puback] event
Tue, 20 Nov 2018 18:57:29 INFO     Performing sync publish...
Tue, 20 Nov 2018 18:57:29 DEBUG    Produced [puback] event
Tue, 20 Nov 2018 18:57:29 DEBUG    Dispatching [puback] event
Tue, 20 Nov 2018 18:57:29 INFO     Performing sync publish...
Tue, 20 Nov 2018 18:57:29 DEBUG    Produced [puback] event
Tue, 20 Nov 2018 18:57:29 DEBUG    Dispatching [puback] event
Tue, 20 Nov 2018 18:57:29 INFO     Performing sync publish...
Tue, 20 Nov 2018 18:57:29 DEBUG    Produced [puback] event
Tue, 20 Nov 2018 18:57:29 DEBUG    Dispatching [puback] event
Tue, 20 Nov 2018 18:57:29 INFO     Performing sync publish...
Tue, 20 Nov 2018 18:57:29 DEBUG    Produced [puback] event
Tue, 20 Nov 2018 18:57:29 DEBUG    Dispatching [puback] event
Tue, 20 Nov 2018 18:57:34 INFO     Performing sync publish...
Tue, 20 Nov 2018 18:57:34 DEBUG    Produced [puback] event
Tue, 20 Nov 2018 18:57:34 DEBUG    Dispatching [puback] event
Tue, 20 Nov 2018 18:57:34 INFO     Performing sync publish...
Tue, 20 Nov 2018 18:57:34 DEBUG    Produced [puback] event
Tue, 20 Nov 2018 18:57:34 DEBUG    Dispatching [puback] event
Tue, 20 Nov 2018 18:57:34 INFO     Performing sync publish...
Tue, 20 Nov 2018 18:57:34 DEBUG    Produced [puback] event
Tue, 20 Nov 2018 18:57:34 DEBUG    Dispatching [puback] event
Tue, 20 Nov 2018 18:57:34 INFO     Performing sync publish...
Tue, 20 Nov 2018 18:57:34 DEBUG    Produced [puback] event
Tue, 20 Nov 2018 18:57:34 DEBUG    Dispatching [puback] event
Tue, 20 Nov 2018 18:57:34 INFO     Performing sync publish...
Tue, 20 Nov 2018 18:57:34 DEBUG    Produced [puback] event
Tue, 20 Nov 2018 18:57:34 DEBUG    Dispatching [puback] event
Tue, 20 Nov 2018 18:57:34 INFO     Performing sync publish...
Tue, 20 Nov 2018 18:57:34 DEBUG    Produced [puback] event
Tue, 20 Nov 2018 18:57:34 DEBUG    Dispatching [puback] event
Tue, 20 Nov 2018 18:57:34 INFO     Performing sync publish...
Tue, 20 Nov 2018 18:57:34 DEBUG    Produced [puback] event
Tue, 20 Nov 2018 18:57:34 DEBUG    Dispatching [puback] event
Tue, 20 Nov 2018 18:57:34 INFO     Performing sync publish...
Tue, 20 Nov 2018 18:57:34 DEBUG    Produced [puback] event
Tue, 20 Nov 2018 18:57:34 DEBUG    Dispatching [puback] event
Tue, 20 Nov 2018 18:57:34 INFO     Performing sync publish...
Tue, 20 Nov 2018 18:57:34 DEBUG    Produced [puback] event
Tue, 20 Nov 2018 18:57:34 DEBUG    Dispatching [puback] event
Tue, 20 Nov 2018 18:57:34 INFO     Performing sync publish...
Tue, 20 Nov 2018 18:57:34 DEBUG    Produced [puback] event
Tue, 20 Nov 2018 18:57:34 DEBUG    Dispatching [puback] event
Tue, 20 Nov 2018 18:57:39 INFO     Performing sync publish...
Tue, 20 Nov 2018 18:57:39 DEBUG    Produced [puback] event
Tue, 20 Nov 2018 18:57:39 DEBUG    Dispatching [puback] event
Tue, 20 Nov 2018 18:57:39 INFO     Performing sync publish...
Tue, 20 Nov 2018 18:57:39 DEBUG    Produced [puback] event
Tue, 20 Nov 2018 18:57:39 DEBUG    Dispatching [puback] event
Tue, 20 Nov 2018 18:57:39 INFO     Performing sync publish...
Tue, 20 Nov 2018 18:57:39 DEBUG    Produced [puback] event
Tue, 20 Nov 2018 18:57:39 DEBUG    Dispatching [puback] event
Tue, 20 Nov 2018 18:57:39 INFO     Performing sync publish...
Tue, 20 Nov 2018 18:57:39 DEBUG    Produced [puback] event
Tue, 20 Nov 2018 18:57:39 DEBUG    Dispatching [puback] event
Tue, 20 Nov 2018 18:57:39 INFO     Performing sync publish...
Tue, 20 Nov 2018 18:57:39 DEBUG    Produced [puback] event
Tue, 20 Nov 2018 18:57:39 DEBUG    Dispatching [puback] event
Tue, 20 Nov 2018 18:57:39 INFO     Performing sync publish...
Tue, 20 Nov 2018 18:57:39 DEBUG    Produced [puback] event
Tue, 20 Nov 2018 18:57:39 DEBUG    Dispatching [puback] event
Tue, 20 Nov 2018 18:57:39 INFO     Performing sync publish...
Tue, 20 Nov 2018 18:57:39 DEBUG    Produced [puback] event
Tue, 20 Nov 2018 18:57:39 DEBUG    Dispatching [puback] event
Tue, 20 Nov 2018 18:57:39 INFO     Performing sync publish...
Tue, 20 Nov 2018 18:57:39 DEBUG    Produced [puback] event
Tue, 20 Nov 2018 18:57:39 DEBUG    Dispatching [puback] event
Tue, 20 Nov 2018 18:57:39 INFO     Performing sync publish...
Tue, 20 Nov 2018 18:57:39 DEBUG    Produced [puback] event
Tue, 20 Nov 2018 18:57:39 DEBUG    Dispatching [puback] event
Tue, 20 Nov 2018 18:57:39 INFO     Performing sync publish...
Tue, 20 Nov 2018 18:57:39 DEBUG    Produced [puback] event
Tue, 20 Nov 2018 18:57:39 DEBUG    Dispatching [puback] event
Tue, 20 Nov 2018 18:57:44 INFO     Performing sync publish...
Tue, 20 Nov 2018 18:57:44 DEBUG    Produced [puback] event
Tue, 20 Nov 2018 18:57:44 DEBUG    Dispatching [puback] event
Tue, 20 Nov 2018 18:57:44 INFO     Performing sync publish...
Tue, 20 Nov 2018 18:57:44 DEBUG    Produced [puback] event
Tue, 20 Nov 2018 18:57:44 DEBUG    Dispatching [puback] event
Tue, 20 Nov 2018 18:57:44 INFO     Performing sync publish...
Tue, 20 Nov 2018 18:57:44 DEBUG    Produced [puback] event
Tue, 20 Nov 2018 18:57:44 DEBUG    Dispatching [puback] event
Tue, 20 Nov 2018 18:57:44 INFO     Performing sync publish...
Tue, 20 Nov 2018 18:57:44 DEBUG    Produced [puback] event
Tue, 20 Nov 2018 18:57:44 DEBUG    Dispatching [puback] event
Tue, 20 Nov 2018 18:57:44 INFO     Performing sync publish...
Tue, 20 Nov 2018 18:57:44 DEBUG    Produced [puback] event
Tue, 20 Nov 2018 18:57:44 DEBUG    Dispatching [puback] event
Tue, 20 Nov 2018 18:57:44 INFO     Performing sync publish...
Tue, 20 Nov 2018 18:57:44 DEBUG    Produced [puback] event
Tue, 20 Nov 2018 18:57:44 DEBUG    Dispatching [puback] event
Tue, 20 Nov 2018 18:57:44 INFO     Performing sync publish...
Tue, 20 Nov 2018 18:57:44 DEBUG    Produced [puback] event
Tue, 20 Nov 2018 18:57:44 DEBUG    Dispatching [puback] event
Tue, 20 Nov 2018 18:57:44 INFO     Performing sync publish...
Tue, 20 Nov 2018 18:57:44 DEBUG    Produced [puback] event
Tue, 20 Nov 2018 18:57:44 DEBUG    Dispatching [puback] event
Tue, 20 Nov 2018 18:57:44 INFO     Performing sync publish...
Tue, 20 Nov 2018 18:57:44 DEBUG    Produced [puback] event
Tue, 20 Nov 2018 18:57:44 DEBUG    Dispatching [puback] event
Tue, 20 Nov 2018 18:57:44 INFO     Performing sync publish...
Tue, 20 Nov 2018 18:57:44 DEBUG    Produced [puback] event
Tue, 20 Nov 2018 18:57:44 DEBUG    Dispatching [puback] event
Tue, 20 Nov 2018 18:57:49 INFO     Performing sync publish...
Tue, 20 Nov 2018 18:57:49 DEBUG    Produced [puback] event
Tue, 20 Nov 2018 18:57:49 DEBUG    Dispatching [puback] event
Tue, 20 Nov 2018 18:57:49 INFO     Performing sync publish...
Tue, 20 Nov 2018 18:57:49 DEBUG    Produced [puback] event
Tue, 20 Nov 2018 18:57:49 DEBUG    Dispatching [puback] event
Tue, 20 Nov 2018 18:57:49 INFO     Performing sync publish...
Tue, 20 Nov 2018 18:57:49 DEBUG    Produced [puback] event
Tue, 20 Nov 2018 18:57:49 DEBUG    Dispatching [puback] event
Tue, 20 Nov 2018 18:57:49 INFO     Performing sync publish...
Tue, 20 Nov 2018 18:57:49 DEBUG    Produced [puback] event
Tue, 20 Nov 2018 18:57:49 DEBUG    Dispatching [puback] event
Tue, 20 Nov 2018 18:57:49 INFO     Performing sync publish...
Tue, 20 Nov 2018 18:57:49 DEBUG    Produced [puback] event
Tue, 20 Nov 2018 18:57:49 DEBUG    Dispatching [puback] event
Tue, 20 Nov 2018 18:57:49 INFO     Performing sync publish...
Tue, 20 Nov 2018 18:57:49 DEBUG    Produced [puback] event
Tue, 20 Nov 2018 18:57:49 DEBUG    Dispatching [puback] event
Tue, 20 Nov 2018 18:57:49 INFO     Performing sync publish...
Tue, 20 Nov 2018 18:57:49 DEBUG    Produced [puback] event
Tue, 20 Nov 2018 18:57:49 DEBUG    Dispatching [puback] event
Tue, 20 Nov 2018 18:57:49 INFO     Performing sync publish...
Tue, 20 Nov 2018 18:57:49 DEBUG    Produced [puback] event
Tue, 20 Nov 2018 18:57:49 DEBUG    Dispatching [puback] event
Tue, 20 Nov 2018 18:57:49 INFO     Performing sync publish...
Tue, 20 Nov 2018 18:57:49 DEBUG    Produced [puback] event
Tue, 20 Nov 2018 18:57:49 DEBUG    Dispatching [puback] event
Tue, 20 Nov 2018 18:57:49 INFO     Performing sync publish...
Tue, 20 Nov 2018 18:57:49 DEBUG    Produced [puback] event
Tue, 20 Nov 2018 18:57:49 DEBUG    Dispatching [puback] event
Tue, 20 Nov 2018 18:57:54 INFO     Performing sync publish...
Tue, 20 Nov 2018 18:57:54 DEBUG    Produced [puback] event
Tue, 20 Nov 2018 18:57:54 DEBUG    Dispatching [puback] event
Tue, 20 Nov 2018 18:57:54 INFO     Performing sync publish...
Tue, 20 Nov 2018 18:57:54 DEBUG    Produced [puback] event
Tue, 20 Nov 2018 18:57:54 DEBUG    Dispatching [puback] event
Tue, 20 Nov 2018 18:57:54 INFO     Performing sync publish...
Tue, 20 Nov 2018 18:57:54 DEBUG    Produced [puback] event
Tue, 20 Nov 2018 18:57:54 DEBUG    Dispatching [puback] event
Tue, 20 Nov 2018 18:57:54 INFO     Performing sync publish...
Tue, 20 Nov 2018 18:57:54 DEBUG    Produced [puback] event
Tue, 20 Nov 2018 18:57:54 DEBUG    Dispatching [puback] event
Tue, 20 Nov 2018 18:57:54 INFO     Performing sync publish...
Tue, 20 Nov 2018 18:57:54 DEBUG    Produced [puback] event
Tue, 20 Nov 2018 18:57:54 DEBUG    Dispatching [puback] event
Tue, 20 Nov 2018 18:57:54 INFO     Performing sync publish...
Tue, 20 Nov 2018 18:57:54 DEBUG    Produced [puback] event
Tue, 20 Nov 2018 18:57:54 DEBUG    Dispatching [puback] event
Tue, 20 Nov 2018 18:57:54 INFO     Performing sync publish...
Tue, 20 Nov 2018 18:57:54 DEBUG    Produced [puback] event
Tue, 20 Nov 2018 18:57:54 DEBUG    Dispatching [puback] event
Tue, 20 Nov 2018 18:57:54 INFO     Performing sync publish...
Tue, 20 Nov 2018 18:57:54 DEBUG    Produced [puback] event
Tue, 20 Nov 2018 18:57:54 DEBUG    Dispatching [puback] event
Tue, 20 Nov 2018 18:57:54 INFO     Performing sync publish...
Tue, 20 Nov 2018 18:57:54 DEBUG    Produced [puback] event
Tue, 20 Nov 2018 18:57:54 DEBUG    Dispatching [puback] event
Tue, 20 Nov 2018 18:57:54 INFO     Performing sync publish...
Tue, 20 Nov 2018 18:57:54 DEBUG    Produced [puback] event
Tue, 20 Nov 2018 18:57:54 DEBUG    Dispatching [puback] event
Tue, 20 Nov 2018 18:57:59 INFO     Performing sync publish...
Tue, 20 Nov 2018 18:57:59 DEBUG    Produced [puback] event
Tue, 20 Nov 2018 18:57:59 DEBUG    Dispatching [puback] event
Tue, 20 Nov 2018 18:57:59 INFO     Performing sync publish...
Tue, 20 Nov 2018 18:57:59 DEBUG    Produced [puback] event
Tue, 20 Nov 2018 18:57:59 DEBUG    Dispatching [puback] event
Tue, 20 Nov 2018 18:57:59 INFO     Performing sync publish...
Tue, 20 Nov 2018 18:57:59 DEBUG    Produced [puback] event
Tue, 20 Nov 2018 18:57:59 DEBUG    Dispatching [puback] event
Tue, 20 Nov 2018 18:57:59 INFO     Performing sync publish...
Tue, 20 Nov 2018 18:57:59 DEBUG    Produced [puback] event
Tue, 20 Nov 2018 18:57:59 DEBUG    Dispatching [puback] event
Tue, 20 Nov 2018 18:57:59 INFO     Performing sync publish...
Tue, 20 Nov 2018 18:57:59 DEBUG    Produced [puback] event
Tue, 20 Nov 2018 18:57:59 DEBUG    Dispatching [puback] event
Tue, 20 Nov 2018 18:57:59 INFO     Performing sync publish...
Tue, 20 Nov 2018 18:57:59 DEBUG    Produced [puback] event
Tue, 20 Nov 2018 18:57:59 DEBUG    Dispatching [puback] event
Tue, 20 Nov 2018 18:57:59 INFO     Performing sync publish...
Tue, 20 Nov 2018 18:57:59 DEBUG    Produced [puback] event
Tue, 20 Nov 2018 18:57:59 DEBUG    Dispatching [puback] event
Tue, 20 Nov 2018 18:57:59 INFO     Performing sync publish...
Tue, 20 Nov 2018 18:57:59 DEBUG    Produced [puback] event
Tue, 20 Nov 2018 18:57:59 DEBUG    Dispatching [puback] event
Tue, 20 Nov 2018 18:57:59 INFO     Performing sync publish...
Tue, 20 Nov 2018 18:57:59 DEBUG    Produced [puback] event
Tue, 20 Nov 2018 18:57:59 DEBUG    Dispatching [puback] event
Tue, 20 Nov 2018 18:57:59 INFO     Performing sync publish...
Tue, 20 Nov 2018 18:57:59 DEBUG    Produced [puback] event
Tue, 20 Nov 2018 18:57:59 DEBUG    Dispatching [puback] event
Tue, 20 Nov 2018 18:58:04 INFO     Performing sync publish...
Tue, 20 Nov 2018 18:58:04 DEBUG    Produced [puback] event
Tue, 20 Nov 2018 18:58:04 DEBUG    Dispatching [puback] event
Tue, 20 Nov 2018 18:58:04 INFO     Performing sync publish...
Tue, 20 Nov 2018 18:58:04 DEBUG    Produced [puback] event
Tue, 20 Nov 2018 18:58:04 DEBUG    Dispatching [puback] event
Tue, 20 Nov 2018 18:58:04 INFO     Performing sync publish...
Tue, 20 Nov 2018 18:58:04 DEBUG    Produced [puback] event
Tue, 20 Nov 2018 18:58:04 DEBUG    Dispatching [puback] event
Tue, 20 Nov 2018 18:58:04 INFO     Performing sync publish...
Tue, 20 Nov 2018 18:58:04 DEBUG    Produced [puback] event
Tue, 20 Nov 2018 18:58:04 DEBUG    Dispatching [puback] event
Tue, 20 Nov 2018 18:58:04 INFO     Performing sync publish...
Tue, 20 Nov 2018 18:58:04 DEBUG    Produced [puback] event
Tue, 20 Nov 2018 18:58:04 DEBUG    Dispatching [puback] event
Tue, 20 Nov 2018 18:58:04 INFO     Performing sync publish...
Tue, 20 Nov 2018 18:58:04 DEBUG    Produced [puback] event
Tue, 20 Nov 2018 18:58:04 DEBUG    Dispatching [puback] event
Tue, 20 Nov 2018 18:58:04 INFO     Performing sync publish...
Tue, 20 Nov 2018 18:58:04 DEBUG    Produced [puback] event
Tue, 20 Nov 2018 18:58:04 DEBUG    Dispatching [puback] event
Tue, 20 Nov 2018 18:58:04 INFO     Performing sync publish...
Tue, 20 Nov 2018 18:58:04 DEBUG    Produced [puback] event
Tue, 20 Nov 2018 18:58:04 DEBUG    Dispatching [puback] event
Tue, 20 Nov 2018 18:58:04 INFO     Performing sync publish...
Tue, 20 Nov 2018 18:58:04 DEBUG    Produced [puback] event
Tue, 20 Nov 2018 18:58:04 DEBUG    Dispatching [puback] event
Tue, 20 Nov 2018 18:58:04 INFO     Performing sync publish...
Tue, 20 Nov 2018 18:58:04 DEBUG    Produced [puback] event
Tue, 20 Nov 2018 18:58:04 DEBUG    Dispatching [puback] event
Tue, 20 Nov 2018 18:58:09 INFO     Performing sync publish...
Tue, 20 Nov 2018 18:58:09 DEBUG    Produced [puback] event
Tue, 20 Nov 2018 18:58:09 DEBUG    Dispatching [puback] event
Tue, 20 Nov 2018 18:58:09 INFO     Performing sync publish...
Tue, 20 Nov 2018 18:58:09 DEBUG    Produced [puback] event
Tue, 20 Nov 2018 18:58:09 DEBUG    Dispatching [puback] event
Tue, 20 Nov 2018 18:58:09 INFO     Performing sync publish...
Tue, 20 Nov 2018 18:58:09 DEBUG    Produced [puback] event
Tue, 20 Nov 2018 18:58:09 DEBUG    Dispatching [puback] event
Tue, 20 Nov 2018 18:58:09 INFO     Performing sync publish...
Tue, 20 Nov 2018 18:58:09 DEBUG    Produced [puback] event
Tue, 20 Nov 2018 18:58:09 DEBUG    Dispatching [puback] event
Tue, 20 Nov 2018 18:58:09 INFO     Performing sync publish...
Tue, 20 Nov 2018 18:58:09 DEBUG    Produced [puback] event
Tue, 20 Nov 2018 18:58:09 DEBUG    Dispatching [puback] event
Tue, 20 Nov 2018 18:58:09 INFO     Performing sync publish...
Tue, 20 Nov 2018 18:58:09 DEBUG    Produced [puback] event
Tue, 20 Nov 2018 18:58:09 DEBUG    Dispatching [puback] event
Tue, 20 Nov 2018 18:58:09 INFO     Performing sync publish...
Tue, 20 Nov 2018 18:58:09 DEBUG    Produced [puback] event
Tue, 20 Nov 2018 18:58:09 DEBUG    Dispatching [puback] event
Tue, 20 Nov 2018 18:58:09 INFO     Performing sync publish...
Tue, 20 Nov 2018 18:58:09 DEBUG    Produced [puback] event
Tue, 20 Nov 2018 18:58:09 DEBUG    Dispatching [puback] event
Tue, 20 Nov 2018 18:58:09 INFO     Performing sync publish...
Tue, 20 Nov 2018 18:58:09 DEBUG    Produced [puback] event
Tue, 20 Nov 2018 18:58:09 DEBUG    Dispatching [puback] event
Tue, 20 Nov 2018 18:58:09 INFO     Performing sync publish...
Tue, 20 Nov 2018 18:58:09 DEBUG    Produced [puback] event
Tue, 20 Nov 2018 18:58:09 DEBUG    Dispatching [puback] event
Tue, 20 Nov 2018 18:58:14 INFO     Performing sync publish...
Tue, 20 Nov 2018 18:58:14 DEBUG    Produced [puback] event
Tue, 20 Nov 2018 18:58:14 DEBUG    Dispatching [puback] event
Tue, 20 Nov 2018 18:58:14 INFO     Performing sync publish...
Tue, 20 Nov 2018 18:58:14 DEBUG    Produced [puback] event
Tue, 20 Nov 2018 18:58:14 DEBUG    Dispatching [puback] event
Tue, 20 Nov 2018 18:58:14 INFO     Performing sync publish...
Tue, 20 Nov 2018 18:58:14 DEBUG    Produced [puback] event
Tue, 20 Nov 2018 18:58:14 DEBUG    Dispatching [puback] event
Tue, 20 Nov 2018 18:58:14 INFO     Performing sync publish...
Tue, 20 Nov 2018 18:58:14 DEBUG    Produced [puback] event
Tue, 20 Nov 2018 18:58:14 DEBUG    Dispatching [puback] event
Tue, 20 Nov 2018 18:58:14 INFO     Performing sync publish...
Tue, 20 Nov 2018 18:58:14 DEBUG    Produced [puback] event
Tue, 20 Nov 2018 18:58:14 DEBUG    Dispatching [puback] event
Tue, 20 Nov 2018 18:58:14 INFO     Performing sync publish...
Tue, 20 Nov 2018 18:58:14 DEBUG    Produced [puback] event
Tue, 20 Nov 2018 18:58:14 DEBUG    Dispatching [puback] event
Tue, 20 Nov 2018 18:58:14 INFO     Performing sync publish...
Tue, 20 Nov 2018 18:58:14 DEBUG    Produced [puback] event
Tue, 20 Nov 2018 18:58:14 DEBUG    Dispatching [puback] event
Tue, 20 Nov 2018 18:58:14 INFO     Performing sync publish...
Tue, 20 Nov 2018 18:58:14 DEBUG    Produced [puback] event
Tue, 20 Nov 2018 18:58:14 DEBUG    Dispatching [puback] event
Tue, 20 Nov 2018 18:58:14 INFO     Performing sync publish...
Tue, 20 Nov 2018 18:58:14 DEBUG    Produced [puback] event
Tue, 20 Nov 2018 18:58:14 DEBUG    Dispatching [puback] event
Tue, 20 Nov 2018 18:58:14 INFO     Performing sync publish...
Tue, 20 Nov 2018 18:58:14 DEBUG    Produced [puback] event
Tue, 20 Nov 2018 18:58:14 DEBUG    Dispatching [puback] event
Tue, 20 Nov 2018 18:58:19 INFO     Performing sync publish...
Tue, 20 Nov 2018 18:58:19 DEBUG    Produced [puback] event
Tue, 20 Nov 2018 18:58:19 DEBUG    Dispatching [puback] event
Tue, 20 Nov 2018 18:58:19 INFO     Performing sync publish...
Tue, 20 Nov 2018 18:58:19 DEBUG    Produced [puback] event
Tue, 20 Nov 2018 18:58:19 DEBUG    Dispatching [puback] event
Tue, 20 Nov 2018 18:58:19 INFO     Performing sync publish...
Tue, 20 Nov 2018 18:58:19 DEBUG    Produced [puback] event
Tue, 20 Nov 2018 18:58:19 DEBUG    Dispatching [puback] event
Tue, 20 Nov 2018 18:58:19 INFO     Performing sync publish...
Tue, 20 Nov 2018 18:58:19 DEBUG    Produced [puback] event
Tue, 20 Nov 2018 18:58:19 DEBUG    Dispatching [puback] event
Tue, 20 Nov 2018 18:58:19 INFO     Performing sync publish...
Tue, 20 Nov 2018 18:58:19 DEBUG    Produced [puback] event
Tue, 20 Nov 2018 18:58:19 DEBUG    Dispatching [puback] event
Tue, 20 Nov 2018 18:58:20 INFO     Performing sync publish...
Tue, 20 Nov 2018 18:58:20 DEBUG    Produced [puback] event
Tue, 20 Nov 2018 18:58:20 DEBUG    Dispatching [puback] event
Tue, 20 Nov 2018 18:58:20 INFO     Performing sync publish...
Tue, 20 Nov 2018 18:58:20 DEBUG    Produced [puback] event
Tue, 20 Nov 2018 18:58:20 DEBUG    Dispatching [puback] event
Tue, 20 Nov 2018 18:58:20 INFO     Performing sync publish...
Tue, 20 Nov 2018 18:58:20 DEBUG    Produced [puback] event
Tue, 20 Nov 2018 18:58:20 DEBUG    Dispatching [puback] event
Tue, 20 Nov 2018 18:58:20 INFO     Performing sync publish...
Tue, 20 Nov 2018 18:58:20 DEBUG    Produced [puback] event
Tue, 20 Nov 2018 18:58:20 DEBUG    Dispatching [puback] event
Tue, 20 Nov 2018 18:58:20 INFO     Performing sync publish...
Tue, 20 Nov 2018 18:58:20 DEBUG    Produced [puback] event
Tue, 20 Nov 2018 18:58:20 DEBUG    Dispatching [puback] event
