Tue, 20 Nov 2018 18:44:48 DEBUG    Config file loaded : config.py
Tue, 20 Nov 2018 18:44:48 DEBUG    Config file loaded : config.py
Tue, 20 Nov 2018 18:44:48 DEBUG    Initializing MQTT layer...
Tue, 20 Nov 2018 18:44:48 DEBUG    Registering internal event callbacks to MQTT layer...
Tue, 20 Nov 2018 18:44:48 INFO     MqttCore initialized
Tue, 20 Nov 2018 18:44:48 INFO     Client id: SDM120_ENERGY_METER
Tue, 20 Nov 2018 18:44:48 INFO     Protocol version: MQTTv3.1.1
Tue, 20 Nov 2018 18:44:48 INFO     Authentication type: TLSv1.2 certificate based Mutual Auth.
Tue, 20 Nov 2018 18:44:48 INFO     Configuring endpoint...
Tue, 20 Nov 2018 18:44:48 DEBUG    MODBUS Config loadedMODBUS.py
Tue, 20 Nov 2018 18:44:48 INFO     Configuring certificates...
Tue, 20 Nov 2018 18:44:48 INFO     Configuring reconnect back off timing...
Tue, 20 Nov 2018 18:44:48 INFO     Base quiet time: 1.000000 sec
Tue, 20 Nov 2018 18:44:48 INFO     Max quiet time: 32.000000 sec
Tue, 20 Nov 2018 18:44:48 INFO     Stable connection time: 20.000000 sec
Tue, 20 Nov 2018 18:44:48 INFO     Configuring offline requests queueing: max queue size: -1
Tue, 20 Nov 2018 18:44:48 INFO     Configuring offline requests queue draining interval: 0.500000 sec
Tue, 20 Nov 2018 18:44:48 INFO     Configuring connect/disconnect time out: 10.000000 sec
Tue, 20 Nov 2018 18:44:48 INFO     Configuring MQTT operation time out: 5.000000 sec
Tue, 20 Nov 2018 18:44:48 INFO     Performing sync connect...
Tue, 20 Nov 2018 18:44:48 INFO     Performing async connect...
Tue, 20 Nov 2018 18:44:48 INFO     Keep-alive: 600.000000 sec
Tue, 20 Nov 2018 18:44:48 DEBUG    Event consuming thread started
Tue, 20 Nov 2018 18:44:48 DEBUG    Passing in general notification callbacks to internal client...
Tue, 20 Nov 2018 18:44:48 DEBUG    Filling in fixed event callbacks: CONNACK, DISCONNECT, MESSAGE
Tue, 20 Nov 2018 18:44:51 DEBUG    Starting network I/O thread...
Tue, 20 Nov 2018 18:44:51 DEBUG    Produced [connack] event
Tue, 20 Nov 2018 18:44:51 DEBUG    Dispatching [connack] event
Tue, 20 Nov 2018 18:44:51 DEBUG    No need for recovery
Tue, 20 Nov 2018 18:44:51 DEBUG    Invoking custom event callback...
Tue, 20 Nov 2018 18:44:51 INFO     Performing sync publish...
Tue, 20 Nov 2018 18:44:51 DEBUG    Filling in custom puback (QoS>0) event callback...
Tue, 20 Nov 2018 18:44:51 DEBUG    Produced [puback] event
Tue, 20 Nov 2018 18:44:51 DEBUG    Dispatching [puback] event
Tue, 20 Nov 2018 18:44:51 DEBUG    Invoking custom event callback...
Tue, 20 Nov 2018 18:44:51 DEBUG    This custom event callback is for pub/sub/unsub, removing it after invocation...
Tue, 20 Nov 2018 18:44:51 INFO     Performing sync publish...
Tue, 20 Nov 2018 18:44:51 DEBUG    Filling in custom puback (QoS>0) event callback...
Tue, 20 Nov 2018 18:44:52 DEBUG    Produced [puback] event
Tue, 20 Nov 2018 18:44:52 DEBUG    Dispatching [puback] event
Tue, 20 Nov 2018 18:44:52 DEBUG    Invoking custom event callback...
Tue, 20 Nov 2018 18:44:52 DEBUG    This custom event callback is for pub/sub/unsub, removing it after invocation...
Tue, 20 Nov 2018 18:44:52 INFO     Performing sync publish...
Tue, 20 Nov 2018 18:44:52 DEBUG    Filling in custom puback (QoS>0) event callback...
Tue, 20 Nov 2018 18:44:52 DEBUG    Produced [puback] event
Tue, 20 Nov 2018 18:44:52 DEBUG    Dispatching [puback] event
Tue, 20 Nov 2018 18:44:52 DEBUG    Invoking custom event callback...
Tue, 20 Nov 2018 18:44:52 DEBUG    This custom event callback is for pub/sub/unsub, removing it after invocation...
Tue, 20 Nov 2018 18:44:52 INFO     Performing sync publish...
Tue, 20 Nov 2018 18:44:52 DEBUG    Filling in custom puback (QoS>0) event callback...
Tue, 20 Nov 2018 18:44:53 DEBUG    Produced [puback] event
Tue, 20 Nov 2018 18:44:53 DEBUG    Dispatching [puback] event
Tue, 20 Nov 2018 18:44:53 DEBUG    Invoking custom event callback...
Tue, 20 Nov 2018 18:44:53 DEBUG    This custom event callback is for pub/sub/unsub, removing it after invocation...
Tue, 20 Nov 2018 18:44:53 INFO     Performing sync publish...
Tue, 20 Nov 2018 18:44:53 DEBUG    Filling in custom puback (QoS>0) event callback...
Tue, 20 Nov 2018 18:44:53 DEBUG    Produced [puback] event
Tue, 20 Nov 2018 18:44:53 DEBUG    Dispatching [puback] event
Tue, 20 Nov 2018 18:44:53 DEBUG    Invoking custom event callback...
Tue, 20 Nov 2018 18:44:53 DEBUG    This custom event callback is for pub/sub/unsub, removing it after invocation...
Tue, 20 Nov 2018 18:44:58 INFO     Performing sync publish...
Tue, 20 Nov 2018 18:44:58 DEBUG    Filling in custom puback (QoS>0) event callback...
Tue, 20 Nov 2018 18:44:59 DEBUG    Produced [puback] event
Tue, 20 Nov 2018 18:44:59 DEBUG    Dispatching [puback] event
Tue, 20 Nov 2018 18:44:59 DEBUG    Invoking custom event callback...
Tue, 20 Nov 2018 18:44:59 DEBUG    This custom event callback is for pub/sub/unsub, removing it after invocation...
Tue, 20 Nov 2018 18:44:59 INFO     Performing sync publish...
Tue, 20 Nov 2018 18:44:59 DEBUG    Filling in custom puback (QoS>0) event callback...
Tue, 20 Nov 2018 18:44:59 DEBUG    Produced [puback] event
Tue, 20 Nov 2018 18:44:59 DEBUG    Dispatching [puback] event
Tue, 20 Nov 2018 18:44:59 DEBUG    Invoking custom event callback...
Tue, 20 Nov 2018 18:44:59 DEBUG    This custom event callback is for pub/sub/unsub, removing it after invocation...
Tue, 20 Nov 2018 18:45:00 INFO     Performing sync publish...
Tue, 20 Nov 2018 18:45:00 DEBUG    Filling in custom puback (QoS>0) event callback...
Tue, 20 Nov 2018 18:45:00 DEBUG    Produced [puback] event
Tue, 20 Nov 2018 18:45:00 DEBUG    Dispatching [puback] event
Tue, 20 Nov 2018 18:45:00 DEBUG    Invoking custom event callback...
Tue, 20 Nov 2018 18:45:00 DEBUG    This custom event callback is for pub/sub/unsub, removing it after invocation...
Tue, 20 Nov 2018 18:45:00 INFO     Performing sync publish...
Tue, 20 Nov 2018 18:45:00 DEBUG    Filling in custom puback (QoS>0) event callback...
Tue, 20 Nov 2018 18:45:00 DEBUG    Produced [puback] event
Tue, 20 Nov 2018 18:45:00 DEBUG    Dispatching [puback] event
Tue, 20 Nov 2018 18:45:00 DEBUG    Invoking custom event callback...
Tue, 20 Nov 2018 18:45:00 DEBUG    This custom event callback is for pub/sub/unsub, removing it after invocation...
Tue, 20 Nov 2018 18:45:00 INFO     Performing sync publish...
Tue, 20 Nov 2018 18:45:00 DEBUG    Filling in custom puback (QoS>0) event callback...
Tue, 20 Nov 2018 18:45:01 DEBUG    Produced [puback] event
Tue, 20 Nov 2018 18:45:01 DEBUG    Dispatching [puback] event
Tue, 20 Nov 2018 18:45:01 DEBUG    Invoking custom event callback...
Tue, 20 Nov 2018 18:45:01 DEBUG    This custom event callback is for pub/sub/unsub, removing it after invocation...
Tue, 20 Nov 2018 18:45:06 INFO     Performing sync publish...
Tue, 20 Nov 2018 18:45:06 DEBUG    Filling in custom puback (QoS>0) event callback...
Tue, 20 Nov 2018 18:45:06 DEBUG    Produced [puback] event
Tue, 20 Nov 2018 18:45:06 DEBUG    Dispatching [puback] event
Tue, 20 Nov 2018 18:45:06 DEBUG    Invoking custom event callback...
Tue, 20 Nov 2018 18:45:06 DEBUG    This custom event callback is for pub/sub/unsub, removing it after invocation...
Tue, 20 Nov 2018 18:45:07 INFO     Performing sync publish...
Tue, 20 Nov 2018 18:45:07 DEBUG    Filling in custom puback (QoS>0) event callback...
Tue, 20 Nov 2018 18:45:07 DEBUG    Produced [puback] event
Tue, 20 Nov 2018 18:45:07 DEBUG    Dispatching [puback] event
Tue, 20 Nov 2018 18:45:07 DEBUG    Invoking custom event callback...
Tue, 20 Nov 2018 18:45:07 DEBUG    This custom event callback is for pub/sub/unsub, removing it after invocation...
Tue, 20 Nov 2018 18:45:07 INFO     Performing sync publish...
Tue, 20 Nov 2018 18:45:07 DEBUG    Filling in custom puback (QoS>0) event callback...
Tue, 20 Nov 2018 18:45:07 DEBUG    Produced [puback] event
Tue, 20 Nov 2018 18:45:07 DEBUG    Dispatching [puback] event
Tue, 20 Nov 2018 18:45:07 DEBUG    Invoking custom event callback...
Tue, 20 Nov 2018 18:45:07 DEBUG    This custom event callback is for pub/sub/unsub, removing it after invocation...
Tue, 20 Nov 2018 18:45:07 INFO     Performing sync publish...
Tue, 20 Nov 2018 18:45:07 DEBUG    Filling in custom puback (QoS>0) event callback...
Tue, 20 Nov 2018 18:45:08 DEBUG    Produced [puback] event
Tue, 20 Nov 2018 18:45:08 DEBUG    Dispatching [puback] event
Tue, 20 Nov 2018 18:45:08 DEBUG    Invoking custom event callback...
Tue, 20 Nov 2018 18:45:08 DEBUG    This custom event callback is for pub/sub/unsub, removing it after invocation...
Tue, 20 Nov 2018 18:45:08 INFO     Performing sync publish...
Tue, 20 Nov 2018 18:45:08 DEBUG    Filling in custom puback (QoS>0) event callback...
Tue, 20 Nov 2018 18:45:08 DEBUG    Produced [puback] event
Tue, 20 Nov 2018 18:45:08 DEBUG    Dispatching [puback] event
Tue, 20 Nov 2018 18:45:08 DEBUG    Invoking custom event callback...
Tue, 20 Nov 2018 18:45:08 DEBUG    This custom event callback is for pub/sub/unsub, removing it after invocation...
Tue, 20 Nov 2018 18:45:11 DEBUG    stableConnection: Resetting the backoff time to: 1 sec.
Tue, 20 Nov 2018 18:45:13 INFO     Performing sync publish...
Tue, 20 Nov 2018 18:45:13 DEBUG    Filling in custom puback (QoS>0) event callback...
Tue, 20 Nov 2018 18:45:14 DEBUG    Produced [puback] event
Tue, 20 Nov 2018 18:45:14 DEBUG    Dispatching [puback] event
Tue, 20 Nov 2018 18:45:14 DEBUG    Invoking custom event callback...
Tue, 20 Nov 2018 18:45:14 DEBUG    This custom event callback is for pub/sub/unsub, removing it after invocation...
Tue, 20 Nov 2018 18:45:14 INFO     Performing sync publish...
Tue, 20 Nov 2018 18:45:14 DEBUG    Filling in custom puback (QoS>0) event callback...
Tue, 20 Nov 2018 18:45:14 DEBUG    Produced [puback] event
Tue, 20 Nov 2018 18:45:14 DEBUG    Dispatching [puback] event
Tue, 20 Nov 2018 18:45:14 DEBUG    Invoking custom event callback...
Tue, 20 Nov 2018 18:45:14 DEBUG    This custom event callback is for pub/sub/unsub, removing it after invocation...
Tue, 20 Nov 2018 18:45:14 INFO     Performing sync publish...
Tue, 20 Nov 2018 18:45:14 DEBUG    Filling in custom puback (QoS>0) event callback...
Tue, 20 Nov 2018 18:45:15 DEBUG    Produced [puback] event
Tue, 20 Nov 2018 18:45:15 DEBUG    Dispatching [puback] event
Tue, 20 Nov 2018 18:45:15 DEBUG    Invoking custom event callback...
Tue, 20 Nov 2018 18:45:15 DEBUG    This custom event callback is for pub/sub/unsub, removing it after invocation...
Tue, 20 Nov 2018 18:45:15 INFO     Performing sync publish...
Tue, 20 Nov 2018 18:45:15 DEBUG    Filling in custom puback (QoS>0) event callback...
Tue, 20 Nov 2018 18:45:15 DEBUG    Produced [puback] event
Tue, 20 Nov 2018 18:45:15 DEBUG    Dispatching [puback] event
Tue, 20 Nov 2018 18:45:15 DEBUG    Invoking custom event callback...
Tue, 20 Nov 2018 18:45:15 DEBUG    This custom event callback is for pub/sub/unsub, removing it after invocation...
Tue, 20 Nov 2018 18:45:15 INFO     Performing sync publish...
Tue, 20 Nov 2018 18:45:15 DEBUG    Filling in custom puback (QoS>0) event callback...
Tue, 20 Nov 2018 18:45:15 DEBUG    Produced [puback] event
Tue, 20 Nov 2018 18:45:15 DEBUG    Dispatching [puback] event
Tue, 20 Nov 2018 18:45:15 DEBUG    Invoking custom event callback...
Tue, 20 Nov 2018 18:45:15 DEBUG    This custom event callback is for pub/sub/unsub, removing it after invocation...
Tue, 20 Nov 2018 18:45:20 INFO     Performing sync publish...
Tue, 20 Nov 2018 18:45:20 DEBUG    Filling in custom puback (QoS>0) event callback...
Tue, 20 Nov 2018 18:45:21 DEBUG    Produced [puback] event
Tue, 20 Nov 2018 18:45:21 DEBUG    Dispatching [puback] event
Tue, 20 Nov 2018 18:45:21 DEBUG    Invoking custom event callback...
Tue, 20 Nov 2018 18:45:21 DEBUG    This custom event callback is for pub/sub/unsub, removing it after invocation...
Tue, 20 Nov 2018 18:45:21 INFO     Performing sync publish...
Tue, 20 Nov 2018 18:45:21 DEBUG    Filling in custom puback (QoS>0) event callback...
Tue, 20 Nov 2018 18:45:22 DEBUG    Produced [puback] event
Tue, 20 Nov 2018 18:45:22 DEBUG    Dispatching [puback] event
Tue, 20 Nov 2018 18:45:22 DEBUG    Invoking custom event callback...
Tue, 20 Nov 2018 18:45:22 DEBUG    This custom event callback is for pub/sub/unsub, removing it after invocation...
Tue, 20 Nov 2018 18:45:22 INFO     Performing sync publish...
Tue, 20 Nov 2018 18:45:22 DEBUG    Filling in custom puback (QoS>0) event callback...
Tue, 20 Nov 2018 18:45:22 DEBUG    Produced [puback] event
Tue, 20 Nov 2018 18:45:22 DEBUG    Dispatching [puback] event
Tue, 20 Nov 2018 18:45:22 DEBUG    Invoking custom event callback...
Tue, 20 Nov 2018 18:45:22 DEBUG    This custom event callback is for pub/sub/unsub, removing it after invocation...
Tue, 20 Nov 2018 18:45:22 INFO     Performing sync publish...
Tue, 20 Nov 2018 18:45:22 DEBUG    Filling in custom puback (QoS>0) event callback...
Tue, 20 Nov 2018 18:45:22 DEBUG    Produced [puback] event
Tue, 20 Nov 2018 18:45:22 DEBUG    Dispatching [puback] event
Tue, 20 Nov 2018 18:45:22 DEBUG    Invoking custom event callback...
Tue, 20 Nov 2018 18:45:22 DEBUG    This custom event callback is for pub/sub/unsub, removing it after invocation...
Tue, 20 Nov 2018 18:45:22 INFO     Performing sync publish...
Tue, 20 Nov 2018 18:45:22 DEBUG    Filling in custom puback (QoS>0) event callback...
Tue, 20 Nov 2018 18:45:23 DEBUG    Produced [puback] event
Tue, 20 Nov 2018 18:45:23 DEBUG    Dispatching [puback] event
Tue, 20 Nov 2018 18:45:23 DEBUG    Invoking custom event callback...
Tue, 20 Nov 2018 18:45:23 DEBUG    This custom event callback is for pub/sub/unsub, removing it after invocation...
