Mon, 19 Nov 2018 20:57:59 DEBUG    Config file loaded : config.py
Mon, 19 Nov 2018 20:57:59 DEBUG    Config file loaded : config.py
Mon, 19 Nov 2018 20:58:00 DEBUG    Initializing MQTT layer...
Mon, 19 Nov 2018 20:58:00 DEBUG    Registering internal event callbacks to MQTT layer...
Mon, 19 Nov 2018 20:58:00 INFO     MqttCore initialized
Mon, 19 Nov 2018 20:58:00 INFO     Client id: SDM120_ENERGY_METER
Mon, 19 Nov 2018 20:58:00 INFO     Protocol version: MQTTv3.1.1
Mon, 19 Nov 2018 20:58:00 INFO     Authentication type: TLSv1.2 certificate based Mutual Auth.
Mon, 19 Nov 2018 20:58:00 INFO     Configuring endpoint...
Mon, 19 Nov 2018 20:58:00 DEBUG    MODBUS Config loadedMODBUS.py
Mon, 19 Nov 2018 20:58:00 INFO     Configuring certificates...
Mon, 19 Nov 2018 20:58:00 INFO     Configuring reconnect back off timing...
Mon, 19 Nov 2018 20:58:00 INFO     Base quiet time: 1.000000 sec
Mon, 19 Nov 2018 20:58:00 INFO     Max quiet time: 32.000000 sec
Mon, 19 Nov 2018 20:58:00 INFO     Stable connection time: 20.000000 sec
Mon, 19 Nov 2018 20:58:00 INFO     Configuring offline requests queueing: max queue size: -1
Mon, 19 Nov 2018 20:58:00 INFO     Configuring offline requests queue draining interval: 0.500000 sec
Mon, 19 Nov 2018 20:58:00 INFO     Configuring connect/disconnect time out: 10.000000 sec
Mon, 19 Nov 2018 20:58:00 INFO     Configuring MQTT operation time out: 5.000000 sec
Mon, 19 Nov 2018 20:58:00 INFO     Performing sync connect...
Mon, 19 Nov 2018 20:58:00 INFO     Performing async connect...
Mon, 19 Nov 2018 20:58:00 INFO     Keep-alive: 600.000000 sec
Mon, 19 Nov 2018 20:58:00 DEBUG    Event consuming thread started
Mon, 19 Nov 2018 20:58:00 DEBUG    Passing in general notification callbacks to internal client...
Mon, 19 Nov 2018 20:58:00 DEBUG    Filling in fixed event callbacks: CONNACK, DISCONNECT, MESSAGE
Mon, 19 Nov 2018 20:58:01 DEBUG    Starting network I/O thread...
Mon, 19 Nov 2018 20:58:01 DEBUG    Produced [connack] event
Mon, 19 Nov 2018 20:58:01 DEBUG    Dispatching [connack] event
Mon, 19 Nov 2018 20:58:01 DEBUG    No need for recovery
Mon, 19 Nov 2018 20:58:01 DEBUG    Invoking custom event callback...
Mon, 19 Nov 2018 20:58:01 INFO     Performing async publish...
Mon, 19 Nov 2018 20:58:01 INFO     Performing async publish...
Mon, 19 Nov 2018 20:58:01 INFO     Performing async publish...
Mon, 19 Nov 2018 20:58:01 INFO     Performing async publish...
Mon, 19 Nov 2018 20:58:01 INFO     Performing async publish...
Mon, 19 Nov 2018 20:58:02 DEBUG    Produced [puback] event
Mon, 19 Nov 2018 20:58:02 DEBUG    Dispatching [puback] event
Mon, 19 Nov 2018 20:58:02 DEBUG    Produced [puback] event
Mon, 19 Nov 2018 20:58:02 DEBUG    Dispatching [puback] event
Mon, 19 Nov 2018 20:58:02 DEBUG    Produced [puback] event
Mon, 19 Nov 2018 20:58:02 DEBUG    Produced [puback] event
Mon, 19 Nov 2018 20:58:02 DEBUG    Dispatching [puback] event
Mon, 19 Nov 2018 20:58:02 DEBUG    Dispatching [puback] event
Mon, 19 Nov 2018 20:58:02 DEBUG    Produced [puback] event
Mon, 19 Nov 2018 20:58:02 DEBUG    Dispatching [puback] event
Mon, 19 Nov 2018 20:58:06 INFO     Performing async publish...
Mon, 19 Nov 2018 20:58:06 INFO     Performing async publish...
Mon, 19 Nov 2018 20:58:06 INFO     Performing async publish...
Mon, 19 Nov 2018 20:58:06 INFO     Performing async publish...
Mon, 19 Nov 2018 20:58:06 INFO     Performing async publish...
Mon, 19 Nov 2018 20:58:08 DEBUG    Produced [puback] event
Mon, 19 Nov 2018 20:58:08 DEBUG    Dispatching [puback] event
Mon, 19 Nov 2018 20:58:08 DEBUG    Produced [puback] event
Mon, 19 Nov 2018 20:58:08 DEBUG    Dispatching [puback] event
Mon, 19 Nov 2018 20:58:08 DEBUG    Produced [puback] event
Mon, 19 Nov 2018 20:58:08 DEBUG    Dispatching [puback] event
Mon, 19 Nov 2018 20:58:08 DEBUG    Produced [puback] event
Mon, 19 Nov 2018 20:58:08 DEBUG    Dispatching [puback] event
Mon, 19 Nov 2018 20:58:08 DEBUG    Produced [puback] event
Mon, 19 Nov 2018 20:58:08 DEBUG    Dispatching [puback] event
Mon, 19 Nov 2018 20:58:11 INFO     Performing async publish...
Mon, 19 Nov 2018 20:58:11 INFO     Performing async publish...
Mon, 19 Nov 2018 20:58:11 INFO     Performing async publish...
Mon, 19 Nov 2018 20:58:11 INFO     Performing async publish...
Mon, 19 Nov 2018 20:58:11 INFO     Performing async publish...
Mon, 19 Nov 2018 20:58:12 DEBUG    Produced [puback] event
Mon, 19 Nov 2018 20:58:12 DEBUG    Dispatching [puback] event
Mon, 19 Nov 2018 20:58:12 DEBUG    Produced [puback] event
Mon, 19 Nov 2018 20:58:12 DEBUG    Dispatching [puback] event
Mon, 19 Nov 2018 20:58:12 DEBUG    Produced [puback] event
Mon, 19 Nov 2018 20:58:12 DEBUG    Dispatching [puback] event
Mon, 19 Nov 2018 20:58:12 DEBUG    Produced [puback] event
Mon, 19 Nov 2018 20:58:12 DEBUG    Produced [puback] event
Mon, 19 Nov 2018 20:58:12 DEBUG    Dispatching [puback] event
Mon, 19 Nov 2018 20:58:12 DEBUG    Dispatching [puback] event
Mon, 19 Nov 2018 20:58:16 INFO     Performing async publish...
Mon, 19 Nov 2018 20:58:16 INFO     Performing async publish...
Mon, 19 Nov 2018 20:58:16 INFO     Performing async publish...
Mon, 19 Nov 2018 20:58:16 INFO     Performing async publish...
Mon, 19 Nov 2018 20:58:16 INFO     Performing async publish...
Mon, 19 Nov 2018 20:58:21 DEBUG    stableConnection: Resetting the backoff time to: 1 sec.
Mon, 19 Nov 2018 20:58:21 INFO     Performing async publish...
Mon, 19 Nov 2018 20:58:21 INFO     Performing async publish...
Mon, 19 Nov 2018 20:58:22 INFO     Performing async publish...
Mon, 19 Nov 2018 20:58:22 INFO     Performing async publish...
Mon, 19 Nov 2018 20:58:22 INFO     Performing async publish...
Mon, 19 Nov 2018 20:58:27 INFO     Performing async publish...
Mon, 19 Nov 2018 20:58:27 INFO     Performing async publish...
Mon, 19 Nov 2018 20:58:27 INFO     Performing async publish...
Mon, 19 Nov 2018 20:58:27 INFO     Performing async publish...
Mon, 19 Nov 2018 20:58:27 INFO     Performing async publish...
Mon, 19 Nov 2018 20:58:32 INFO     Performing async publish...
Mon, 19 Nov 2018 20:58:32 INFO     Performing async publish...
Mon, 19 Nov 2018 20:58:32 INFO     Performing async publish...
Mon, 19 Nov 2018 20:58:32 INFO     Performing async publish...
Mon, 19 Nov 2018 20:58:32 INFO     Performing async publish...
