Mon, 19 Nov 2018 21:02:03 DEBUG    Config file loaded : config.py
Mon, 19 Nov 2018 21:02:03 DEBUG    Config file loaded : config.py
Mon, 19 Nov 2018 21:02:03 DEBUG    Initializing MQTT layer...
Mon, 19 Nov 2018 21:02:03 DEBUG    Registering internal event callbacks to MQTT layer...
Mon, 19 Nov 2018 21:02:03 INFO     MqttCore initialized
Mon, 19 Nov 2018 21:02:03 INFO     Client id: SDM120_ENERGY_METER
Mon, 19 Nov 2018 21:02:03 INFO     Protocol version: MQTTv3.1.1
Mon, 19 Nov 2018 21:02:03 INFO     Authentication type: TLSv1.2 certificate based Mutual Auth.
Mon, 19 Nov 2018 21:02:03 INFO     Configuring endpoint...
Mon, 19 Nov 2018 21:02:03 DEBUG    MODBUS Config loadedMODBUS.py
Mon, 19 Nov 2018 21:02:03 INFO     Configuring certificates...
Mon, 19 Nov 2018 21:02:03 INFO     Configuring reconnect back off timing...
Mon, 19 Nov 2018 21:02:03 INFO     Base quiet time: 1.000000 sec
Mon, 19 Nov 2018 21:02:03 INFO     Max quiet time: 32.000000 sec
Mon, 19 Nov 2018 21:02:03 INFO     Stable connection time: 20.000000 sec
Mon, 19 Nov 2018 21:02:03 INFO     Configuring offline requests queueing: max queue size: -1
Mon, 19 Nov 2018 21:02:03 INFO     Configuring offline requests queue draining interval: 0.500000 sec
Mon, 19 Nov 2018 21:02:03 INFO     Configuring connect/disconnect time out: 10.000000 sec
Mon, 19 Nov 2018 21:02:03 INFO     Configuring MQTT operation time out: 5.000000 sec
Mon, 19 Nov 2018 21:02:03 INFO     Performing sync connect...
Mon, 19 Nov 2018 21:02:03 INFO     Performing async connect...
Mon, 19 Nov 2018 21:02:03 INFO     Keep-alive: 600.000000 sec
Mon, 19 Nov 2018 21:02:03 DEBUG    Event consuming thread started
Mon, 19 Nov 2018 21:02:03 DEBUG    Passing in general notification callbacks to internal client...
Mon, 19 Nov 2018 21:02:03 DEBUG    Filling in fixed event callbacks: CONNACK, DISCONNECT, MESSAGE
Mon, 19 Nov 2018 21:02:05 DEBUG    Starting network I/O thread...
Mon, 19 Nov 2018 21:02:05 DEBUG    Produced [connack] event
Mon, 19 Nov 2018 21:02:05 DEBUG    Dispatching [connack] event
Mon, 19 Nov 2018 21:02:05 DEBUG    No need for recovery
Mon, 19 Nov 2018 21:02:05 DEBUG    Invoking custom event callback...
Mon, 19 Nov 2018 21:02:05 INFO     Performing sync publish...
Mon, 19 Nov 2018 21:02:05 DEBUG    Filling in custom puback (QoS>0) event callback...
Mon, 19 Nov 2018 21:02:05 DEBUG    Produced [puback] event
Mon, 19 Nov 2018 21:02:05 DEBUG    Dispatching [puback] event
Mon, 19 Nov 2018 21:02:05 DEBUG    Invoking custom event callback...
Mon, 19 Nov 2018 21:02:05 DEBUG    This custom event callback is for pub/sub/unsub, removing it after invocation...
Mon, 19 Nov 2018 21:02:05 INFO     Performing sync publish...
Mon, 19 Nov 2018 21:02:05 DEBUG    Filling in custom puback (QoS>0) event callback...
Mon, 19 Nov 2018 21:02:06 DEBUG    Produced [puback] event
Mon, 19 Nov 2018 21:02:06 DEBUG    Dispatching [puback] event
Mon, 19 Nov 2018 21:02:06 DEBUG    Invoking custom event callback...
Mon, 19 Nov 2018 21:02:06 DEBUG    This custom event callback is for pub/sub/unsub, removing it after invocation...
Mon, 19 Nov 2018 21:02:06 INFO     Performing sync publish...
Mon, 19 Nov 2018 21:02:06 DEBUG    Filling in custom puback (QoS>0) event callback...
Mon, 19 Nov 2018 21:02:06 DEBUG    Produced [puback] event
Mon, 19 Nov 2018 21:02:06 DEBUG    Dispatching [puback] event
Mon, 19 Nov 2018 21:02:06 DEBUG    Invoking custom event callback...
Mon, 19 Nov 2018 21:02:06 DEBUG    This custom event callback is for pub/sub/unsub, removing it after invocation...
Mon, 19 Nov 2018 21:02:06 INFO     Performing sync publish...
Mon, 19 Nov 2018 21:02:06 DEBUG    Filling in custom puback (QoS>0) event callback...
Mon, 19 Nov 2018 21:02:06 DEBUG    Produced [puback] event
Mon, 19 Nov 2018 21:02:06 DEBUG    Dispatching [puback] event
Mon, 19 Nov 2018 21:02:06 DEBUG    Invoking custom event callback...
Mon, 19 Nov 2018 21:02:06 DEBUG    This custom event callback is for pub/sub/unsub, removing it after invocation...
Mon, 19 Nov 2018 21:02:06 INFO     Performing sync publish...
Mon, 19 Nov 2018 21:02:06 DEBUG    Filling in custom puback (QoS>0) event callback...
Mon, 19 Nov 2018 21:02:07 DEBUG    Produced [puback] event
Mon, 19 Nov 2018 21:02:07 DEBUG    Dispatching [puback] event
Mon, 19 Nov 2018 21:02:07 DEBUG    Invoking custom event callback...
Mon, 19 Nov 2018 21:02:07 DEBUG    This custom event callback is for pub/sub/unsub, removing it after invocation...
Mon, 19 Nov 2018 21:02:12 INFO     Performing sync publish...
Mon, 19 Nov 2018 21:02:12 DEBUG    Filling in custom puback (QoS>0) event callback...
Mon, 19 Nov 2018 21:02:12 DEBUG    Produced [puback] event
Mon, 19 Nov 2018 21:02:12 DEBUG    Dispatching [puback] event
Mon, 19 Nov 2018 21:02:12 DEBUG    Invoking custom event callback...
Mon, 19 Nov 2018 21:02:12 DEBUG    This custom event callback is for pub/sub/unsub, removing it after invocation...
Mon, 19 Nov 2018 21:02:12 INFO     Performing sync publish...
Mon, 19 Nov 2018 21:02:12 DEBUG    Filling in custom puback (QoS>0) event callback...
Mon, 19 Nov 2018 21:02:12 DEBUG    Produced [puback] event
Mon, 19 Nov 2018 21:02:12 DEBUG    Dispatching [puback] event
Mon, 19 Nov 2018 21:02:12 DEBUG    Invoking custom event callback...
Mon, 19 Nov 2018 21:02:12 DEBUG    This custom event callback is for pub/sub/unsub, removing it after invocation...
Mon, 19 Nov 2018 21:02:12 INFO     Performing sync publish...
Mon, 19 Nov 2018 21:02:12 DEBUG    Filling in custom puback (QoS>0) event callback...
Mon, 19 Nov 2018 21:02:13 DEBUG    Produced [puback] event
Mon, 19 Nov 2018 21:02:13 DEBUG    Dispatching [puback] event
Mon, 19 Nov 2018 21:02:13 DEBUG    Invoking custom event callback...
Mon, 19 Nov 2018 21:02:13 DEBUG    This custom event callback is for pub/sub/unsub, removing it after invocation...
Mon, 19 Nov 2018 21:02:13 INFO     Performing sync publish...
Mon, 19 Nov 2018 21:02:13 DEBUG    Filling in custom puback (QoS>0) event callback...
Mon, 19 Nov 2018 21:02:13 DEBUG    Produced [puback] event
Mon, 19 Nov 2018 21:02:13 DEBUG    Dispatching [puback] event
Mon, 19 Nov 2018 21:02:13 DEBUG    Invoking custom event callback...
Mon, 19 Nov 2018 21:02:13 DEBUG    This custom event callback is for pub/sub/unsub, removing it after invocation...
Mon, 19 Nov 2018 21:02:13 INFO     Performing sync publish...
Mon, 19 Nov 2018 21:02:13 DEBUG    Filling in custom puback (QoS>0) event callback...
Mon, 19 Nov 2018 21:02:13 DEBUG    Produced [puback] event
Mon, 19 Nov 2018 21:02:13 DEBUG    Dispatching [puback] event
Mon, 19 Nov 2018 21:02:13 DEBUG    Invoking custom event callback...
Mon, 19 Nov 2018 21:02:13 DEBUG    This custom event callback is for pub/sub/unsub, removing it after invocation...
Mon, 19 Nov 2018 21:02:18 INFO     Performing sync publish...
Mon, 19 Nov 2018 21:02:18 DEBUG    Filling in custom puback (QoS>0) event callback...
Mon, 19 Nov 2018 21:02:23 DEBUG    Produced [puback] event
Mon, 19 Nov 2018 21:02:23 DEBUG    Dispatching [puback] event
Mon, 19 Nov 2018 21:02:23 DEBUG    Invoking custom event callback...
Mon, 19 Nov 2018 21:02:23 DEBUG    This custom event callback is for pub/sub/unsub, removing it after invocation...
Mon, 19 Nov 2018 21:02:23 INFO     Performing sync publish...
Mon, 19 Nov 2018 21:02:23 DEBUG    Filling in custom puback (QoS>0) event callback...
Mon, 19 Nov 2018 21:02:23 DEBUG    Produced [puback] event
Mon, 19 Nov 2018 21:02:23 DEBUG    Dispatching [puback] event
Mon, 19 Nov 2018 21:02:23 DEBUG    Invoking custom event callback...
Mon, 19 Nov 2018 21:02:23 DEBUG    This custom event callback is for pub/sub/unsub, removing it after invocation...
Mon, 19 Nov 2018 21:02:23 INFO     Performing sync publish...
Mon, 19 Nov 2018 21:02:23 DEBUG    Filling in custom puback (QoS>0) event callback...
Mon, 19 Nov 2018 21:02:24 DEBUG    Produced [puback] event
Mon, 19 Nov 2018 21:02:24 DEBUG    Dispatching [puback] event
Mon, 19 Nov 2018 21:02:24 DEBUG    Invoking custom event callback...
Mon, 19 Nov 2018 21:02:24 DEBUG    This custom event callback is for pub/sub/unsub, removing it after invocation...
Mon, 19 Nov 2018 21:02:24 INFO     Performing sync publish...
Mon, 19 Nov 2018 21:02:24 DEBUG    Filling in custom puback (QoS>0) event callback...
Mon, 19 Nov 2018 21:02:24 DEBUG    Produced [puback] event
Mon, 19 Nov 2018 21:02:24 DEBUG    Dispatching [puback] event
Mon, 19 Nov 2018 21:02:24 DEBUG    Invoking custom event callback...
Mon, 19 Nov 2018 21:02:24 DEBUG    This custom event callback is for pub/sub/unsub, removing it after invocation...
Mon, 19 Nov 2018 21:02:24 INFO     Performing sync publish...
Mon, 19 Nov 2018 21:02:24 DEBUG    Filling in custom puback (QoS>0) event callback...
Mon, 19 Nov 2018 21:02:25 DEBUG    stableConnection: Resetting the backoff time to: 1 sec.
Mon, 19 Nov 2018 21:02:26 DEBUG    Produced [puback] event
Mon, 19 Nov 2018 21:02:26 DEBUG    Dispatching [puback] event
Mon, 19 Nov 2018 21:02:26 DEBUG    Invoking custom event callback...
Mon, 19 Nov 2018 21:02:26 DEBUG    This custom event callback is for pub/sub/unsub, removing it after invocation...
