Mon, 19 Nov 2018 20:50:53 DEBUG    Config file loaded : config.py
Mon, 19 Nov 2018 20:50:53 DEBUG    Config file loaded : config.py
Mon, 19 Nov 2018 20:50:53 DEBUG    Initializing MQTT layer...
Mon, 19 Nov 2018 20:50:53 DEBUG    Registering internal event callbacks to MQTT layer...
Mon, 19 Nov 2018 20:50:53 INFO     MqttCore initialized
Mon, 19 Nov 2018 20:50:53 INFO     Client id: SDM120_ENERGY_METER
Mon, 19 Nov 2018 20:50:53 INFO     Protocol version: MQTTv3.1.1
Mon, 19 Nov 2018 20:50:53 INFO     Authentication type: TLSv1.2 certificate based Mutual Auth.
Mon, 19 Nov 2018 20:50:53 INFO     Configuring endpoint...
Mon, 19 Nov 2018 20:50:53 DEBUG    MODBUS Config loadedMODBUS.py
Mon, 19 Nov 2018 20:50:53 INFO     Configuring certificates...
Mon, 19 Nov 2018 20:50:53 INFO     Configuring reconnect back off timing...
Mon, 19 Nov 2018 20:50:53 INFO     Base quiet time: 1.000000 sec
Mon, 19 Nov 2018 20:50:53 INFO     Max quiet time: 32.000000 sec
Mon, 19 Nov 2018 20:50:53 INFO     Stable connection time: 20.000000 sec
Mon, 19 Nov 2018 20:50:53 INFO     Configuring offline requests queueing: max queue size: -1
Mon, 19 Nov 2018 20:50:53 INFO     Configuring offline requests queue draining interval: 0.500000 sec
Mon, 19 Nov 2018 20:50:53 INFO     Configuring connect/disconnect time out: 10.000000 sec
Mon, 19 Nov 2018 20:50:53 INFO     Configuring MQTT operation time out: 5.000000 sec
Mon, 19 Nov 2018 20:50:53 INFO     Performing sync connect...
Mon, 19 Nov 2018 20:50:53 INFO     Performing async connect...
Mon, 19 Nov 2018 20:50:53 INFO     Keep-alive: 600.000000 sec
Mon, 19 Nov 2018 20:50:53 DEBUG    Event consuming thread started
Mon, 19 Nov 2018 20:50:53 DEBUG    Passing in general notification callbacks to internal client...
Mon, 19 Nov 2018 20:50:53 DEBUG    Filling in fixed event callbacks: CONNACK, DISCONNECT, MESSAGE
Mon, 19 Nov 2018 20:50:55 DEBUG    Starting network I/O thread...
Mon, 19 Nov 2018 20:50:55 DEBUG    Produced [connack] event
Mon, 19 Nov 2018 20:50:55 DEBUG    Dispatching [connack] event
Mon, 19 Nov 2018 20:50:55 DEBUG    No need for recovery
Mon, 19 Nov 2018 20:50:55 DEBUG    Invoking custom event callback...
Mon, 19 Nov 2018 20:50:55 INFO     Performing sync publish...
Mon, 19 Nov 2018 20:50:55 DEBUG    Produced [puback] event
Mon, 19 Nov 2018 20:50:55 DEBUG    Dispatching [puback] event
Mon, 19 Nov 2018 20:50:55 INFO     Performing sync publish...
Mon, 19 Nov 2018 20:50:55 DEBUG    Produced [puback] event
Mon, 19 Nov 2018 20:50:55 DEBUG    Dispatching [puback] event
Mon, 19 Nov 2018 20:50:55 INFO     Performing sync publish...
Mon, 19 Nov 2018 20:50:55 DEBUG    Produced [puback] event
Mon, 19 Nov 2018 20:50:55 DEBUG    Dispatching [puback] event
Mon, 19 Nov 2018 20:50:55 INFO     Performing sync publish...
Mon, 19 Nov 2018 20:50:55 DEBUG    Produced [puback] event
Mon, 19 Nov 2018 20:50:55 DEBUG    Dispatching [puback] event
Mon, 19 Nov 2018 20:50:55 INFO     Performing sync publish...
Mon, 19 Nov 2018 20:50:55 DEBUG    Produced [puback] event
Mon, 19 Nov 2018 20:50:55 DEBUG    Dispatching [puback] event
Mon, 19 Nov 2018 20:50:57 DEBUG    Produced [disconnect] event
Mon, 19 Nov 2018 20:50:57 DEBUG    Dispatching [disconnect] event
Mon, 19 Nov 2018 20:50:57 DEBUG    backOff: current backoff time is: 1 sec.
Mon, 19 Nov 2018 20:50:57 DEBUG    Invoking custom event callback...
