Mon, 19 Nov 2018 20:52:03 DEBUG    Config file loaded : config.py
Mon, 19 Nov 2018 20:52:03 DEBUG    Config file loaded : config.py
Mon, 19 Nov 2018 20:52:03 DEBUG    Initializing MQTT layer...
Mon, 19 Nov 2018 20:52:03 DEBUG    Registering internal event callbacks to MQTT layer...
Mon, 19 Nov 2018 20:52:03 INFO     MqttCore initialized
Mon, 19 Nov 2018 20:52:03 INFO     Client id: SDM120_ENERGY_METER
Mon, 19 Nov 2018 20:52:03 INFO     Protocol version: MQTTv3.1.1
Mon, 19 Nov 2018 20:52:03 INFO     Authentication type: TLSv1.2 certificate based Mutual Auth.
Mon, 19 Nov 2018 20:52:03 INFO     Configuring endpoint...
Mon, 19 Nov 2018 20:52:03 DEBUG    MODBUS Config loadedMODBUS.py
Mon, 19 Nov 2018 20:52:03 INFO     Configuring certificates...
Mon, 19 Nov 2018 20:52:03 INFO     Configuring reconnect back off timing...
Mon, 19 Nov 2018 20:52:03 INFO     Base quiet time: 1.000000 sec
Mon, 19 Nov 2018 20:52:03 INFO     Max quiet time: 32.000000 sec
Mon, 19 Nov 2018 20:52:03 INFO     Stable connection time: 20.000000 sec
Mon, 19 Nov 2018 20:52:03 INFO     Configuring offline requests queueing: max queue size: -1
Mon, 19 Nov 2018 20:52:03 INFO     Configuring offline requests queue draining interval: 0.500000 sec
Mon, 19 Nov 2018 20:52:03 INFO     Configuring connect/disconnect time out: 10.000000 sec
Mon, 19 Nov 2018 20:52:03 INFO     Configuring MQTT operation time out: 5.000000 sec
Mon, 19 Nov 2018 20:52:03 INFO     Performing sync connect...
Mon, 19 Nov 2018 20:52:03 INFO     Performing async connect...
Mon, 19 Nov 2018 20:52:03 INFO     Keep-alive: 600.000000 sec
Mon, 19 Nov 2018 20:52:03 DEBUG    Event consuming thread started
Mon, 19 Nov 2018 20:52:03 DEBUG    Passing in general notification callbacks to internal client...
Mon, 19 Nov 2018 20:52:03 DEBUG    Filling in fixed event callbacks: CONNACK, DISCONNECT, MESSAGE
Mon, 19 Nov 2018 20:52:03 DEBUG    Cleaning up before stopping event consuming
Mon, 19 Nov 2018 20:52:03 DEBUG    Event queue cleared
Mon, 19 Nov 2018 20:52:03 DEBUG    Stopping network I/O thread...
Mon, 19 Nov 2018 20:52:03 DEBUG    Network thread stopped
Mon, 19 Nov 2018 20:52:03 DEBUG    Event callbacks cleared
Mon, 19 Nov 2018 20:52:03 DEBUG    Event consuming thread stopped
Mon, 19 Nov 2018 20:52:03 DEBUG    Waiting for event consumer to completely stop
Mon, 19 Nov 2018 20:52:03 DEBUG    Exiting dispatching loop...
Mon, 19 Nov 2018 20:52:03 DEBUG    Event consumer stopped
