Mon, 19 Nov 2018 21:06:15 DEBUG    Config file loaded : config.py
Mon, 19 Nov 2018 21:06:15 DEBUG    Config file loaded : config.py
Mon, 19 Nov 2018 21:06:15 DEBUG    Initializing MQTT layer...
Mon, 19 Nov 2018 21:06:15 DEBUG    Registering internal event callbacks to MQTT layer...
Mon, 19 Nov 2018 21:06:15 INFO     MqttCore initialized
Mon, 19 Nov 2018 21:06:15 INFO     Client id: SDM120_ENERGY_METER
Mon, 19 Nov 2018 21:06:15 INFO     Protocol version: MQTTv3.1.1
Mon, 19 Nov 2018 21:06:15 INFO     Authentication type: TLSv1.2 certificate based Mutual Auth.
Mon, 19 Nov 2018 21:06:15 INFO     Configuring endpoint...
Mon, 19 Nov 2018 21:06:15 DEBUG    MODBUS Config loadedMODBUS.py
Mon, 19 Nov 2018 21:06:15 INFO     Configuring certificates...
Mon, 19 Nov 2018 21:06:15 INFO     Configuring reconnect back off timing...
Mon, 19 Nov 2018 21:06:15 INFO     Base quiet time: 1.000000 sec
Mon, 19 Nov 2018 21:06:15 INFO     Max quiet time: 32.000000 sec
Mon, 19 Nov 2018 21:06:15 INFO     Stable connection time: 20.000000 sec
Mon, 19 Nov 2018 21:06:15 INFO     Configuring offline requests queueing: max queue size: -1
Mon, 19 Nov 2018 21:06:15 INFO     Configuring offline requests queue draining interval: 0.500000 sec
Mon, 19 Nov 2018 21:06:15 INFO     Configuring connect/disconnect time out: 10.000000 sec
Mon, 19 Nov 2018 21:06:15 INFO     Configuring MQTT operation time out: 5.000000 sec
Mon, 19 Nov 2018 21:06:15 INFO     Performing sync connect...
Mon, 19 Nov 2018 21:06:15 INFO     Performing async connect...
Mon, 19 Nov 2018 21:06:15 INFO     Keep-alive: 600.000000 sec
Mon, 19 Nov 2018 21:06:15 DEBUG    Event consuming thread started
Mon, 19 Nov 2018 21:06:15 DEBUG    Passing in general notification callbacks to internal client...
Mon, 19 Nov 2018 21:06:15 DEBUG    Filling in fixed event callbacks: CONNACK, DISCONNECT, MESSAGE
Mon, 19 Nov 2018 21:06:21 DEBUG    Starting network I/O thread...
Mon, 19 Nov 2018 21:06:21 DEBUG    Produced [connack] event
Mon, 19 Nov 2018 21:06:21 DEBUG    Dispatching [connack] event
Mon, 19 Nov 2018 21:06:21 DEBUG    No need for recovery
Mon, 19 Nov 2018 21:06:21 DEBUG    Invoking custom event callback...
Mon, 19 Nov 2018 21:06:21 INFO     Performing sync publish...
Mon, 19 Nov 2018 21:06:21 DEBUG    Filling in custom puback (QoS>0) event callback...
Mon, 19 Nov 2018 21:06:21 DEBUG    Produced [puback] event
Mon, 19 Nov 2018 21:06:21 DEBUG    Dispatching [puback] event
Mon, 19 Nov 2018 21:06:21 DEBUG    Invoking custom event callback...
Mon, 19 Nov 2018 21:06:21 DEBUG    This custom event callback is for pub/sub/unsub, removing it after invocation...
Mon, 19 Nov 2018 21:06:22 INFO     Performing sync publish...
Mon, 19 Nov 2018 21:06:22 DEBUG    Filling in custom puback (QoS>0) event callback...
Mon, 19 Nov 2018 21:06:22 DEBUG    Produced [puback] event
Mon, 19 Nov 2018 21:06:22 DEBUG    Dispatching [puback] event
Mon, 19 Nov 2018 21:06:22 DEBUG    Invoking custom event callback...
Mon, 19 Nov 2018 21:06:22 DEBUG    This custom event callback is for pub/sub/unsub, removing it after invocation...
Mon, 19 Nov 2018 21:06:22 INFO     Performing sync publish...
Mon, 19 Nov 2018 21:06:22 DEBUG    Filling in custom puback (QoS>0) event callback...
Mon, 19 Nov 2018 21:06:22 DEBUG    Produced [puback] event
Mon, 19 Nov 2018 21:06:22 DEBUG    Dispatching [puback] event
Mon, 19 Nov 2018 21:06:22 DEBUG    Invoking custom event callback...
Mon, 19 Nov 2018 21:06:22 DEBUG    This custom event callback is for pub/sub/unsub, removing it after invocation...
Mon, 19 Nov 2018 21:06:22 INFO     Performing sync publish...
Mon, 19 Nov 2018 21:06:22 DEBUG    Filling in custom puback (QoS>0) event callback...
Mon, 19 Nov 2018 21:06:22 DEBUG    Produced [puback] event
Mon, 19 Nov 2018 21:06:22 DEBUG    Dispatching [puback] event
Mon, 19 Nov 2018 21:06:22 DEBUG    Invoking custom event callback...
Mon, 19 Nov 2018 21:06:22 DEBUG    This custom event callback is for pub/sub/unsub, removing it after invocation...
Mon, 19 Nov 2018 21:06:22 INFO     Performing sync publish...
Mon, 19 Nov 2018 21:06:22 DEBUG    Filling in custom puback (QoS>0) event callback...
Mon, 19 Nov 2018 21:06:23 DEBUG    Produced [puback] event
Mon, 19 Nov 2018 21:06:23 DEBUG    Dispatching [puback] event
Mon, 19 Nov 2018 21:06:23 DEBUG    Invoking custom event callback...
Mon, 19 Nov 2018 21:06:23 DEBUG    This custom event callback is for pub/sub/unsub, removing it after invocation...
Mon, 19 Nov 2018 21:06:28 INFO     Performing sync publish...
Mon, 19 Nov 2018 21:06:28 DEBUG    Filling in custom puback (QoS>0) event callback...
Mon, 19 Nov 2018 21:06:28 DEBUG    Produced [puback] event
Mon, 19 Nov 2018 21:06:28 DEBUG    Dispatching [puback] event
Mon, 19 Nov 2018 21:06:28 DEBUG    Invoking custom event callback...
Mon, 19 Nov 2018 21:06:28 DEBUG    This custom event callback is for pub/sub/unsub, removing it after invocation...
Mon, 19 Nov 2018 21:06:28 INFO     Performing sync publish...
Mon, 19 Nov 2018 21:06:28 DEBUG    Filling in custom puback (QoS>0) event callback...
Mon, 19 Nov 2018 21:06:28 DEBUG    Produced [puback] event
Mon, 19 Nov 2018 21:06:28 DEBUG    Dispatching [puback] event
Mon, 19 Nov 2018 21:06:28 DEBUG    Invoking custom event callback...
Mon, 19 Nov 2018 21:06:28 DEBUG    This custom event callback is for pub/sub/unsub, removing it after invocation...
Mon, 19 Nov 2018 21:06:28 INFO     Performing sync publish...
Mon, 19 Nov 2018 21:06:28 DEBUG    Filling in custom puback (QoS>0) event callback...
Mon, 19 Nov 2018 21:06:29 DEBUG    Produced [puback] event
Mon, 19 Nov 2018 21:06:29 DEBUG    Dispatching [puback] event
Mon, 19 Nov 2018 21:06:29 DEBUG    Invoking custom event callback...
Mon, 19 Nov 2018 21:06:29 DEBUG    This custom event callback is for pub/sub/unsub, removing it after invocation...
Mon, 19 Nov 2018 21:06:29 INFO     Performing sync publish...
Mon, 19 Nov 2018 21:06:29 DEBUG    Filling in custom puback (QoS>0) event callback...
Mon, 19 Nov 2018 21:06:29 DEBUG    Produced [puback] event
Mon, 19 Nov 2018 21:06:29 DEBUG    Dispatching [puback] event
Mon, 19 Nov 2018 21:06:29 DEBUG    Invoking custom event callback...
Mon, 19 Nov 2018 21:06:29 DEBUG    This custom event callback is for pub/sub/unsub, removing it after invocation...
Mon, 19 Nov 2018 21:06:29 INFO     Performing sync publish...
Mon, 19 Nov 2018 21:06:29 DEBUG    Filling in custom puback (QoS>0) event callback...
Mon, 19 Nov 2018 21:06:29 DEBUG    Produced [puback] event
Mon, 19 Nov 2018 21:06:29 DEBUG    Dispatching [puback] event
Mon, 19 Nov 2018 21:06:29 DEBUG    Invoking custom event callback...
Mon, 19 Nov 2018 21:06:29 DEBUG    This custom event callback is for pub/sub/unsub, removing it after invocation...
Mon, 19 Nov 2018 21:06:34 INFO     Performing sync publish...
Mon, 19 Nov 2018 21:06:34 DEBUG    Filling in custom puback (QoS>0) event callback...
Mon, 19 Nov 2018 21:06:39 DEBUG    Removing custom event callback...
Mon, 19 Nov 2018 21:06:39 ERROR    Publish timed out
