Mon, 19 Nov 2018 21:14:31 DEBUG    Config file loaded : config.py
Mon, 19 Nov 2018 21:14:31 DEBUG    Config file loaded : config.py
Mon, 19 Nov 2018 21:14:31 DEBUG    Initializing MQTT layer...
Mon, 19 Nov 2018 21:14:31 DEBUG    Registering internal event callbacks to MQTT layer...
Mon, 19 Nov 2018 21:14:31 INFO     MqttCore initialized
Mon, 19 Nov 2018 21:14:31 INFO     Client id: SDM120_ENERGY_METER
Mon, 19 Nov 2018 21:14:31 INFO     Protocol version: MQTTv3.1.1
Mon, 19 Nov 2018 21:14:31 INFO     Authentication type: TLSv1.2 certificate based Mutual Auth.
Mon, 19 Nov 2018 21:14:31 INFO     Configuring endpoint...
Mon, 19 Nov 2018 21:14:31 DEBUG    MODBUS Config loadedMODBUS.py
Mon, 19 Nov 2018 21:14:31 INFO     Configuring certificates...
Mon, 19 Nov 2018 21:14:31 INFO     Configuring reconnect back off timing...
Mon, 19 Nov 2018 21:14:31 INFO     Base quiet time: 1.000000 sec
Mon, 19 Nov 2018 21:14:31 INFO     Max quiet time: 32.000000 sec
Mon, 19 Nov 2018 21:14:31 INFO     Stable connection time: 20.000000 sec
Mon, 19 Nov 2018 21:14:31 INFO     Configuring offline requests queueing: max queue size: -1
Mon, 19 Nov 2018 21:14:31 INFO     Configuring offline requests queue draining interval: 0.500000 sec
Mon, 19 Nov 2018 21:14:31 INFO     Configuring connect/disconnect time out: 10.000000 sec
Mon, 19 Nov 2018 21:14:31 INFO     Configuring MQTT operation time out: 5.000000 sec
Mon, 19 Nov 2018 21:14:31 INFO     Performing sync connect...
Mon, 19 Nov 2018 21:14:31 INFO     Performing async connect...
Mon, 19 Nov 2018 21:14:31 INFO     Keep-alive: 600.000000 sec
Mon, 19 Nov 2018 21:14:31 DEBUG    Event consuming thread started
Mon, 19 Nov 2018 21:14:31 DEBUG    Passing in general notification callbacks to internal client...
Mon, 19 Nov 2018 21:14:31 DEBUG    Filling in fixed event callbacks: CONNACK, DISCONNECT, MESSAGE
Mon, 19 Nov 2018 21:14:32 DEBUG    Starting network I/O thread...
Mon, 19 Nov 2018 21:14:32 DEBUG    Produced [connack] event
Mon, 19 Nov 2018 21:14:32 DEBUG    Dispatching [connack] event
Mon, 19 Nov 2018 21:14:32 DEBUG    No need for recovery
Mon, 19 Nov 2018 21:14:32 DEBUG    Invoking custom event callback...
Mon, 19 Nov 2018 21:14:32 INFO     Performing sync publish...
Mon, 19 Nov 2018 21:14:32 DEBUG    Filling in custom puback (QoS>0) event callback...
Mon, 19 Nov 2018 21:14:33 DEBUG    Produced [puback] event
Mon, 19 Nov 2018 21:14:33 DEBUG    Dispatching [puback] event
Mon, 19 Nov 2018 21:14:33 DEBUG    Invoking custom event callback...
Mon, 19 Nov 2018 21:14:33 DEBUG    This custom event callback is for pub/sub/unsub, removing it after invocation...
Mon, 19 Nov 2018 21:14:33 INFO     Performing sync publish...
Mon, 19 Nov 2018 21:14:33 DEBUG    Filling in custom puback (QoS>0) event callback...
Mon, 19 Nov 2018 21:14:33 DEBUG    Produced [puback] event
Mon, 19 Nov 2018 21:14:33 DEBUG    Dispatching [puback] event
Mon, 19 Nov 2018 21:14:33 DEBUG    Invoking custom event callback...
Mon, 19 Nov 2018 21:14:33 DEBUG    This custom event callback is for pub/sub/unsub, removing it after invocation...
Mon, 19 Nov 2018 21:14:33 INFO     Performing sync publish...
Mon, 19 Nov 2018 21:14:33 DEBUG    Filling in custom puback (QoS>0) event callback...
Mon, 19 Nov 2018 21:14:33 DEBUG    Produced [puback] event
Mon, 19 Nov 2018 21:14:33 DEBUG    Dispatching [puback] event
Mon, 19 Nov 2018 21:14:33 DEBUG    Invoking custom event callback...
Mon, 19 Nov 2018 21:14:33 DEBUG    This custom event callback is for pub/sub/unsub, removing it after invocation...
Mon, 19 Nov 2018 21:14:33 INFO     Performing sync publish...
Mon, 19 Nov 2018 21:14:33 DEBUG    Filling in custom puback (QoS>0) event callback...
Mon, 19 Nov 2018 21:14:33 DEBUG    Produced [puback] event
Mon, 19 Nov 2018 21:14:33 DEBUG    Dispatching [puback] event
Mon, 19 Nov 2018 21:14:33 DEBUG    Invoking custom event callback...
Mon, 19 Nov 2018 21:14:33 DEBUG    This custom event callback is for pub/sub/unsub, removing it after invocation...
Mon, 19 Nov 2018 21:14:34 INFO     Performing sync publish...
Mon, 19 Nov 2018 21:14:34 DEBUG    Filling in custom puback (QoS>0) event callback...
Mon, 19 Nov 2018 21:14:34 DEBUG    Produced [puback] event
Mon, 19 Nov 2018 21:14:34 DEBUG    Dispatching [puback] event
Mon, 19 Nov 2018 21:14:34 DEBUG    Invoking custom event callback...
Mon, 19 Nov 2018 21:14:34 DEBUG    This custom event callback is for pub/sub/unsub, removing it after invocation...
Mon, 19 Nov 2018 21:14:39 INFO     Performing sync publish...
Mon, 19 Nov 2018 21:14:39 DEBUG    Filling in custom puback (QoS>0) event callback...
Mon, 19 Nov 2018 21:14:39 DEBUG    Produced [puback] event
Mon, 19 Nov 2018 21:14:39 DEBUG    Dispatching [puback] event
Mon, 19 Nov 2018 21:14:39 DEBUG    Invoking custom event callback...
Mon, 19 Nov 2018 21:14:39 DEBUG    This custom event callback is for pub/sub/unsub, removing it after invocation...
Mon, 19 Nov 2018 21:14:39 INFO     Performing sync publish...
Mon, 19 Nov 2018 21:14:39 DEBUG    Filling in custom puback (QoS>0) event callback...
Mon, 19 Nov 2018 21:14:40 DEBUG    Produced [puback] event
Mon, 19 Nov 2018 21:14:40 DEBUG    Dispatching [puback] event
Mon, 19 Nov 2018 21:14:40 DEBUG    Invoking custom event callback...
Mon, 19 Nov 2018 21:14:40 DEBUG    This custom event callback is for pub/sub/unsub, removing it after invocation...
Mon, 19 Nov 2018 21:14:40 INFO     Performing sync publish...
Mon, 19 Nov 2018 21:14:40 DEBUG    Filling in custom puback (QoS>0) event callback...
Mon, 19 Nov 2018 21:14:40 DEBUG    Produced [puback] event
Mon, 19 Nov 2018 21:14:40 DEBUG    Dispatching [puback] event
Mon, 19 Nov 2018 21:14:40 DEBUG    Invoking custom event callback...
Mon, 19 Nov 2018 21:14:40 DEBUG    This custom event callback is for pub/sub/unsub, removing it after invocation...
Mon, 19 Nov 2018 21:14:40 INFO     Performing sync publish...
Mon, 19 Nov 2018 21:14:40 DEBUG    Filling in custom puback (QoS>0) event callback...
Mon, 19 Nov 2018 21:14:41 DEBUG    Produced [puback] event
Mon, 19 Nov 2018 21:14:41 DEBUG    Dispatching [puback] event
Mon, 19 Nov 2018 21:14:41 DEBUG    Invoking custom event callback...
Mon, 19 Nov 2018 21:14:41 DEBUG    This custom event callback is for pub/sub/unsub, removing it after invocation...
Mon, 19 Nov 2018 21:14:41 INFO     Performing sync publish...
Mon, 19 Nov 2018 21:14:41 DEBUG    Filling in custom puback (QoS>0) event callback...
Mon, 19 Nov 2018 21:14:41 DEBUG    Produced [puback] event
Mon, 19 Nov 2018 21:14:41 DEBUG    Dispatching [puback] event
Mon, 19 Nov 2018 21:14:41 DEBUG    Invoking custom event callback...
Mon, 19 Nov 2018 21:14:41 DEBUG    This custom event callback is for pub/sub/unsub, removing it after invocation...
Mon, 19 Nov 2018 21:14:46 INFO     Performing sync publish...
Mon, 19 Nov 2018 21:14:46 DEBUG    Filling in custom puback (QoS>0) event callback...
Mon, 19 Nov 2018 21:14:51 DEBUG    Removing custom event callback...
Mon, 19 Nov 2018 21:14:51 ERROR    Publish timed out
Mon, 19 Nov 2018 21:14:51 ERROR    Failled to send data to AWS IOThandler.py<class 'AWSIoTPythonSDK.exception.AWSIoTExceptions.publishTimeoutException'>
Mon, 19 Nov 2018 21:14:52 DEBUG    stableConnection: Resetting the backoff time to: 1 sec.
Mon, 19 Nov 2018 21:14:56 INFO     Performing sync publish...
Mon, 19 Nov 2018 21:14:56 DEBUG    Filling in custom puback (QoS>0) event callback...
Mon, 19 Nov 2018 21:15:01 DEBUG    Removing custom event callback...
Mon, 19 Nov 2018 21:15:01 ERROR    Publish timed out
Mon, 19 Nov 2018 21:15:01 ERROR    Failled to send data to AWS IOThandler.py<class 'AWSIoTPythonSDK.exception.AWSIoTExceptions.publishTimeoutException'>
Mon, 19 Nov 2018 21:15:06 INFO     Performing sync publish...
Mon, 19 Nov 2018 21:15:06 DEBUG    Filling in custom puback (QoS>0) event callback...
Mon, 19 Nov 2018 21:15:11 DEBUG    Produced [disconnect] event
Mon, 19 Nov 2018 21:15:11 DEBUG    backOff: current backoff time is: 1 sec.
Mon, 19 Nov 2018 21:15:11 DEBUG    Dispatching [disconnect] event
Mon, 19 Nov 2018 21:15:11 DEBUG    Invoking custom event callback...
Mon, 19 Nov 2018 21:15:11 DEBUG    Removing custom event callback...
Mon, 19 Nov 2018 21:15:11 ERROR    Publish timed out
Mon, 19 Nov 2018 21:15:11 ERROR    Failled to send data to AWS IOThandler.py<class 'AWSIoTPythonSDK.exception.AWSIoTExceptions.publishTimeoutException'>
Mon, 19 Nov 2018 21:15:16 DEBUG    Produced [connack] event
Mon, 19 Nov 2018 21:15:16 DEBUG    Dispatching [connack] event
Mon, 19 Nov 2018 21:15:16 DEBUG    No need for recovery
Mon, 19 Nov 2018 21:15:16 DEBUG    Invoking custom event callback...
Mon, 19 Nov 2018 21:15:16 DEBUG    Produced [puback] event
Mon, 19 Nov 2018 21:15:16 DEBUG    Dispatching [puback] event
Mon, 19 Nov 2018 21:15:16 INFO     Performing sync publish...
Mon, 19 Nov 2018 21:15:16 DEBUG    Filling in custom puback (QoS>0) event callback...
Mon, 19 Nov 2018 21:15:17 DEBUG    Produced [puback] event
Mon, 19 Nov 2018 21:15:17 DEBUG    Produced [puback] event
Mon, 19 Nov 2018 21:15:17 DEBUG    Dispatching [puback] event
Mon, 19 Nov 2018 21:15:17 DEBUG    Dispatching [puback] event
Mon, 19 Nov 2018 21:15:17 DEBUG    Produced [puback] event
Mon, 19 Nov 2018 21:15:17 DEBUG    Dispatching [puback] event
Mon, 19 Nov 2018 21:15:17 DEBUG    Invoking custom event callback...
Mon, 19 Nov 2018 21:15:17 DEBUG    This custom event callback is for pub/sub/unsub, removing it after invocation...
Mon, 19 Nov 2018 21:15:17 INFO     Performing sync publish...
Mon, 19 Nov 2018 21:15:17 DEBUG    Filling in custom puback (QoS>0) event callback...
Mon, 19 Nov 2018 21:15:17 DEBUG    Produced [puback] event
Mon, 19 Nov 2018 21:15:17 DEBUG    Dispatching [puback] event
Mon, 19 Nov 2018 21:15:17 DEBUG    Invoking custom event callback...
Mon, 19 Nov 2018 21:15:17 DEBUG    This custom event callback is for pub/sub/unsub, removing it after invocation...
Mon, 19 Nov 2018 21:15:17 INFO     Performing sync publish...
Mon, 19 Nov 2018 21:15:17 DEBUG    Filling in custom puback (QoS>0) event callback...
Mon, 19 Nov 2018 21:15:17 DEBUG    Produced [puback] event
Mon, 19 Nov 2018 21:15:17 DEBUG    Dispatching [puback] event
Mon, 19 Nov 2018 21:15:17 DEBUG    Invoking custom event callback...
Mon, 19 Nov 2018 21:15:17 DEBUG    This custom event callback is for pub/sub/unsub, removing it after invocation...
Mon, 19 Nov 2018 21:15:17 INFO     Performing sync publish...
Mon, 19 Nov 2018 21:15:17 DEBUG    Filling in custom puback (QoS>0) event callback...
Mon, 19 Nov 2018 21:15:18 DEBUG    Produced [puback] event
Mon, 19 Nov 2018 21:15:18 DEBUG    Dispatching [puback] event
Mon, 19 Nov 2018 21:15:18 DEBUG    Invoking custom event callback...
Mon, 19 Nov 2018 21:15:18 DEBUG    This custom event callback is for pub/sub/unsub, removing it after invocation...
Mon, 19 Nov 2018 21:15:18 INFO     Performing sync publish...
Mon, 19 Nov 2018 21:15:18 DEBUG    Filling in custom puback (QoS>0) event callback...
Mon, 19 Nov 2018 21:15:18 DEBUG    Produced [puback] event
Mon, 19 Nov 2018 21:15:18 DEBUG    Dispatching [puback] event
Mon, 19 Nov 2018 21:15:18 DEBUG    Invoking custom event callback...
Mon, 19 Nov 2018 21:15:18 DEBUG    This custom event callback is for pub/sub/unsub, removing it after invocation...
Mon, 19 Nov 2018 21:15:23 INFO     Performing sync publish...
Mon, 19 Nov 2018 21:15:23 DEBUG    Filling in custom puback (QoS>0) event callback...
Mon, 19 Nov 2018 21:15:23 DEBUG    Produced [puback] event
Mon, 19 Nov 2018 21:15:23 DEBUG    Dispatching [puback] event
Mon, 19 Nov 2018 21:15:23 DEBUG    Invoking custom event callback...
Mon, 19 Nov 2018 21:15:23 DEBUG    This custom event callback is for pub/sub/unsub, removing it after invocation...
Mon, 19 Nov 2018 21:15:23 INFO     Performing sync publish...
Mon, 19 Nov 2018 21:15:23 DEBUG    Filling in custom puback (QoS>0) event callback...
Mon, 19 Nov 2018 21:15:25 DEBUG    Produced [puback] event
Mon, 19 Nov 2018 21:15:25 DEBUG    Dispatching [puback] event
Mon, 19 Nov 2018 21:15:25 DEBUG    Invoking custom event callback...
Mon, 19 Nov 2018 21:15:25 DEBUG    This custom event callback is for pub/sub/unsub, removing it after invocation...
Mon, 19 Nov 2018 21:15:25 INFO     Performing sync publish...
Mon, 19 Nov 2018 21:15:25 DEBUG    Filling in custom puback (QoS>0) event callback...
Mon, 19 Nov 2018 21:15:25 DEBUG    Produced [puback] event
Mon, 19 Nov 2018 21:15:25 DEBUG    Dispatching [puback] event
Mon, 19 Nov 2018 21:15:25 DEBUG    Invoking custom event callback...
Mon, 19 Nov 2018 21:15:25 DEBUG    This custom event callback is for pub/sub/unsub, removing it after invocation...
Mon, 19 Nov 2018 21:15:25 INFO     Performing sync publish...
Mon, 19 Nov 2018 21:15:25 DEBUG    Filling in custom puback (QoS>0) event callback...
Mon, 19 Nov 2018 21:15:26 DEBUG    Produced [puback] event
Mon, 19 Nov 2018 21:15:26 DEBUG    Dispatching [puback] event
Mon, 19 Nov 2018 21:15:26 DEBUG    Invoking custom event callback...
Mon, 19 Nov 2018 21:15:26 DEBUG    This custom event callback is for pub/sub/unsub, removing it after invocation...
Mon, 19 Nov 2018 21:15:26 INFO     Performing sync publish...
Mon, 19 Nov 2018 21:15:26 DEBUG    Filling in custom puback (QoS>0) event callback...
Mon, 19 Nov 2018 21:15:26 DEBUG    Produced [puback] event
Mon, 19 Nov 2018 21:15:26 DEBUG    Dispatching [puback] event
Mon, 19 Nov 2018 21:15:26 DEBUG    Invoking custom event callback...
Mon, 19 Nov 2018 21:15:26 DEBUG    This custom event callback is for pub/sub/unsub, removing it after invocation...
