Wed, 21 Nov 2018 10:46:32 DEBUG    Config file loaded : config.py
Wed, 21 Nov 2018 10:46:32 DEBUG    Config file loaded : config.py
Wed, 21 Nov 2018 10:46:32 DEBUG    Initializing MQTT layer...
Wed, 21 Nov 2018 10:46:32 DEBUG    Registering internal event callbacks to MQTT layer...
Wed, 21 Nov 2018 10:46:32 INFO     MqttCore initialized
Wed, 21 Nov 2018 10:46:32 INFO     Client id: SDM120_ENERGY_METER
Wed, 21 Nov 2018 10:46:32 INFO     Protocol version: MQTTv3.1.1
Wed, 21 Nov 2018 10:46:32 INFO     Authentication type: TLSv1.2 certificate based Mutual Auth.
Wed, 21 Nov 2018 10:46:32 INFO     Configuring endpoint...
Wed, 21 Nov 2018 10:46:32 DEBUG    MODBUS Config loadedMODBUS.py
Wed, 21 Nov 2018 10:46:32 INFO     Configuring certificates...
Wed, 21 Nov 2018 10:46:32 INFO     Configuring reconnect back off timing...
Wed, 21 Nov 2018 10:46:32 INFO     Base quiet time: 1.000000 sec
Wed, 21 Nov 2018 10:46:32 INFO     Max quiet time: 32.000000 sec
Wed, 21 Nov 2018 10:46:32 INFO     Stable connection time: 20.000000 sec
Wed, 21 Nov 2018 10:46:32 INFO     Configuring offline requests queueing: max queue size: -1
Wed, 21 Nov 2018 10:46:32 INFO     Configuring offline requests queue draining interval: 0.500000 sec
Wed, 21 Nov 2018 10:46:32 INFO     Configuring connect/disconnect time out: 10.000000 sec
Wed, 21 Nov 2018 10:46:32 INFO     Configuring MQTT operation time out: 5.000000 sec
Wed, 21 Nov 2018 10:46:32 INFO     Performing sync connect...
Wed, 21 Nov 2018 10:46:32 INFO     Performing async connect...
Wed, 21 Nov 2018 10:46:32 INFO     Keep-alive: 600.000000 sec
Wed, 21 Nov 2018 10:46:32 DEBUG    Event consuming thread started
Wed, 21 Nov 2018 10:46:32 DEBUG    Passing in general notification callbacks to internal client...
Wed, 21 Nov 2018 10:46:32 DEBUG    Filling in fixed event callbacks: CONNACK, DISCONNECT, MESSAGE
Wed, 21 Nov 2018 10:46:33 DEBUG    Starting network I/O thread...
Wed, 21 Nov 2018 10:46:34 DEBUG    Produced [connack] event
Wed, 21 Nov 2018 10:46:34 DEBUG    Dispatching [connack] event
Wed, 21 Nov 2018 10:46:34 DEBUG    No need for recovery
Wed, 21 Nov 2018 10:46:34 DEBUG    Invoking custom event callback...
Wed, 21 Nov 2018 10:46:34 INFO     Performing sync publish...
Wed, 21 Nov 2018 10:46:34 DEBUG    Produced [puback] event
Wed, 21 Nov 2018 10:46:34 DEBUG    Dispatching [puback] event
Wed, 21 Nov 2018 10:46:34 INFO     Performing sync publish...
Wed, 21 Nov 2018 10:46:34 DEBUG    Produced [puback] event
Wed, 21 Nov 2018 10:46:34 DEBUG    Dispatching [puback] event
Wed, 21 Nov 2018 10:46:34 INFO     Performing sync publish...
Wed, 21 Nov 2018 10:46:34 DEBUG    Produced [puback] event
Wed, 21 Nov 2018 10:46:34 DEBUG    Dispatching [puback] event
Wed, 21 Nov 2018 10:46:34 INFO     Performing sync publish...
Wed, 21 Nov 2018 10:46:34 DEBUG    Produced [puback] event
Wed, 21 Nov 2018 10:46:34 DEBUG    Dispatching [puback] event
Wed, 21 Nov 2018 10:46:34 INFO     Performing sync publish...
Wed, 21 Nov 2018 10:46:34 DEBUG    Produced [puback] event
Wed, 21 Nov 2018 10:46:34 DEBUG    Dispatching [puback] event
Wed, 21 Nov 2018 10:46:34 INFO     Performing sync publish...
Wed, 21 Nov 2018 10:46:34 DEBUG    Produced [puback] event
Wed, 21 Nov 2018 10:46:34 DEBUG    Dispatching [puback] event
Wed, 21 Nov 2018 10:46:34 INFO     Performing sync publish...
Wed, 21 Nov 2018 10:46:34 DEBUG    Produced [puback] event
Wed, 21 Nov 2018 10:46:34 DEBUG    Dispatching [puback] event
Wed, 21 Nov 2018 10:46:34 INFO     Performing sync publish...
Wed, 21 Nov 2018 10:46:34 DEBUG    Produced [puback] event
Wed, 21 Nov 2018 10:46:34 DEBUG    Dispatching [puback] event
Wed, 21 Nov 2018 10:46:34 INFO     Performing sync publish...
Wed, 21 Nov 2018 10:46:34 DEBUG    Produced [puback] event
Wed, 21 Nov 2018 10:46:34 DEBUG    Dispatching [puback] event
Wed, 21 Nov 2018 10:46:34 INFO     Performing sync publish...
Wed, 21 Nov 2018 10:46:34 DEBUG    Produced [puback] event
Wed, 21 Nov 2018 10:46:34 DEBUG    Dispatching [puback] event
Wed, 21 Nov 2018 10:46:39 INFO     Performing sync publish...
Wed, 21 Nov 2018 10:46:39 DEBUG    Produced [puback] event
Wed, 21 Nov 2018 10:46:39 DEBUG    Dispatching [puback] event
Wed, 21 Nov 2018 10:46:39 INFO     Performing sync publish...
Wed, 21 Nov 2018 10:46:39 DEBUG    Produced [puback] event
Wed, 21 Nov 2018 10:46:39 DEBUG    Dispatching [puback] event
Wed, 21 Nov 2018 10:46:39 INFO     Performing sync publish...
Wed, 21 Nov 2018 10:46:39 DEBUG    Produced [puback] event
Wed, 21 Nov 2018 10:46:39 DEBUG    Dispatching [puback] event
Wed, 21 Nov 2018 10:46:39 INFO     Performing sync publish...
Wed, 21 Nov 2018 10:46:39 DEBUG    Produced [puback] event
Wed, 21 Nov 2018 10:46:39 DEBUG    Dispatching [puback] event
Wed, 21 Nov 2018 10:46:39 INFO     Performing sync publish...
Wed, 21 Nov 2018 10:46:39 DEBUG    Produced [puback] event
Wed, 21 Nov 2018 10:46:39 DEBUG    Dispatching [puback] event
Wed, 21 Nov 2018 10:46:39 INFO     Performing sync publish...
Wed, 21 Nov 2018 10:46:39 DEBUG    Produced [puback] event
Wed, 21 Nov 2018 10:46:39 DEBUG    Dispatching [puback] event
Wed, 21 Nov 2018 10:46:39 INFO     Performing sync publish...
Wed, 21 Nov 2018 10:46:39 DEBUG    Produced [puback] event
Wed, 21 Nov 2018 10:46:39 DEBUG    Dispatching [puback] event
Wed, 21 Nov 2018 10:46:39 INFO     Performing sync publish...
Wed, 21 Nov 2018 10:46:39 DEBUG    Produced [puback] event
Wed, 21 Nov 2018 10:46:39 DEBUG    Dispatching [puback] event
Wed, 21 Nov 2018 10:46:39 INFO     Performing sync publish...
Wed, 21 Nov 2018 10:46:39 DEBUG    Produced [puback] event
Wed, 21 Nov 2018 10:46:39 DEBUG    Dispatching [puback] event
Wed, 21 Nov 2018 10:46:39 INFO     Performing sync publish...
Wed, 21 Nov 2018 10:46:39 DEBUG    Produced [puback] event
Wed, 21 Nov 2018 10:46:39 DEBUG    Dispatching [puback] event
Wed, 21 Nov 2018 10:46:44 INFO     Performing sync publish...
Wed, 21 Nov 2018 10:46:44 DEBUG    Produced [puback] event
Wed, 21 Nov 2018 10:46:44 DEBUG    Dispatching [puback] event
Wed, 21 Nov 2018 10:46:44 INFO     Performing sync publish...
Wed, 21 Nov 2018 10:46:44 DEBUG    Produced [puback] event
Wed, 21 Nov 2018 10:46:44 DEBUG    Dispatching [puback] event
Wed, 21 Nov 2018 10:46:44 INFO     Performing sync publish...
Wed, 21 Nov 2018 10:46:44 DEBUG    Produced [puback] event
Wed, 21 Nov 2018 10:46:44 DEBUG    Dispatching [puback] event
Wed, 21 Nov 2018 10:46:44 INFO     Performing sync publish...
Wed, 21 Nov 2018 10:46:44 DEBUG    Produced [puback] event
Wed, 21 Nov 2018 10:46:44 DEBUG    Dispatching [puback] event
Wed, 21 Nov 2018 10:46:44 INFO     Performing sync publish...
Wed, 21 Nov 2018 10:46:44 DEBUG    Produced [puback] event
Wed, 21 Nov 2018 10:46:44 DEBUG    Dispatching [puback] event
Wed, 21 Nov 2018 10:46:44 INFO     Performing sync publish...
Wed, 21 Nov 2018 10:46:44 DEBUG    Produced [puback] event
Wed, 21 Nov 2018 10:46:44 DEBUG    Dispatching [puback] event
Wed, 21 Nov 2018 10:46:44 INFO     Performing sync publish...
Wed, 21 Nov 2018 10:46:44 DEBUG    Produced [puback] event
Wed, 21 Nov 2018 10:46:44 DEBUG    Dispatching [puback] event
Wed, 21 Nov 2018 10:46:44 INFO     Performing sync publish...
Wed, 21 Nov 2018 10:46:44 DEBUG    Produced [puback] event
Wed, 21 Nov 2018 10:46:44 DEBUG    Dispatching [puback] event
Wed, 21 Nov 2018 10:46:44 INFO     Performing sync publish...
Wed, 21 Nov 2018 10:46:44 DEBUG    Produced [puback] event
Wed, 21 Nov 2018 10:46:44 DEBUG    Dispatching [puback] event
Wed, 21 Nov 2018 10:46:44 INFO     Performing sync publish...
Wed, 21 Nov 2018 10:46:44 DEBUG    Produced [puback] event
Wed, 21 Nov 2018 10:46:44 DEBUG    Dispatching [puback] event
Wed, 21 Nov 2018 10:46:49 INFO     Performing sync publish...
Wed, 21 Nov 2018 10:46:49 DEBUG    Produced [puback] event
Wed, 21 Nov 2018 10:46:49 DEBUG    Dispatching [puback] event
Wed, 21 Nov 2018 10:46:49 INFO     Performing sync publish...
Wed, 21 Nov 2018 10:46:49 DEBUG    Produced [puback] event
Wed, 21 Nov 2018 10:46:49 DEBUG    Dispatching [puback] event
Wed, 21 Nov 2018 10:46:49 INFO     Performing sync publish...
Wed, 21 Nov 2018 10:46:49 DEBUG    Produced [puback] event
Wed, 21 Nov 2018 10:46:49 DEBUG    Dispatching [puback] event
Wed, 21 Nov 2018 10:46:49 INFO     Performing sync publish...
Wed, 21 Nov 2018 10:46:49 DEBUG    Produced [puback] event
Wed, 21 Nov 2018 10:46:49 DEBUG    Dispatching [puback] event
Wed, 21 Nov 2018 10:46:49 INFO     Performing sync publish...
Wed, 21 Nov 2018 10:46:49 DEBUG    Produced [puback] event
Wed, 21 Nov 2018 10:46:49 DEBUG    Dispatching [puback] event
Wed, 21 Nov 2018 10:46:49 INFO     Performing sync publish...
Wed, 21 Nov 2018 10:46:49 DEBUG    Produced [puback] event
Wed, 21 Nov 2018 10:46:49 DEBUG    Dispatching [puback] event
Wed, 21 Nov 2018 10:46:49 INFO     Performing sync publish...
Wed, 21 Nov 2018 10:46:49 DEBUG    Produced [puback] event
Wed, 21 Nov 2018 10:46:49 DEBUG    Dispatching [puback] event
Wed, 21 Nov 2018 10:46:49 INFO     Performing sync publish...
Wed, 21 Nov 2018 10:46:49 DEBUG    Produced [puback] event
Wed, 21 Nov 2018 10:46:49 DEBUG    Dispatching [puback] event
Wed, 21 Nov 2018 10:46:49 INFO     Performing sync publish...
Wed, 21 Nov 2018 10:46:49 DEBUG    Produced [puback] event
Wed, 21 Nov 2018 10:46:49 DEBUG    Dispatching [puback] event
Wed, 21 Nov 2018 10:46:49 INFO     Performing sync publish...
Wed, 21 Nov 2018 10:46:49 DEBUG    Produced [puback] event
Wed, 21 Nov 2018 10:46:49 DEBUG    Dispatching [puback] event
Wed, 21 Nov 2018 10:46:54 DEBUG    stableConnection: Resetting the backoff time to: 1 sec.
Wed, 21 Nov 2018 10:46:54 INFO     Performing sync publish...
Wed, 21 Nov 2018 10:46:54 DEBUG    Produced [puback] event
Wed, 21 Nov 2018 10:46:54 DEBUG    Dispatching [puback] event
Wed, 21 Nov 2018 10:46:54 INFO     Performing sync publish...
Wed, 21 Nov 2018 10:46:54 DEBUG    Produced [puback] event
Wed, 21 Nov 2018 10:46:54 DEBUG    Dispatching [puback] event
Wed, 21 Nov 2018 10:46:54 INFO     Performing sync publish...
Wed, 21 Nov 2018 10:46:54 DEBUG    Produced [puback] event
Wed, 21 Nov 2018 10:46:54 DEBUG    Dispatching [puback] event
Wed, 21 Nov 2018 10:46:54 INFO     Performing sync publish...
Wed, 21 Nov 2018 10:46:54 DEBUG    Produced [puback] event
Wed, 21 Nov 2018 10:46:54 DEBUG    Dispatching [puback] event
Wed, 21 Nov 2018 10:46:54 INFO     Performing sync publish...
Wed, 21 Nov 2018 10:46:54 DEBUG    Produced [puback] event
Wed, 21 Nov 2018 10:46:54 DEBUG    Dispatching [puback] event
Wed, 21 Nov 2018 10:46:54 INFO     Performing sync publish...
Wed, 21 Nov 2018 10:46:54 DEBUG    Produced [puback] event
Wed, 21 Nov 2018 10:46:54 DEBUG    Dispatching [puback] event
Wed, 21 Nov 2018 10:46:54 INFO     Performing sync publish...
Wed, 21 Nov 2018 10:46:54 DEBUG    Produced [puback] event
Wed, 21 Nov 2018 10:46:54 DEBUG    Dispatching [puback] event
Wed, 21 Nov 2018 10:46:54 INFO     Performing sync publish...
Wed, 21 Nov 2018 10:46:54 DEBUG    Produced [puback] event
Wed, 21 Nov 2018 10:46:54 DEBUG    Dispatching [puback] event
Wed, 21 Nov 2018 10:46:54 INFO     Performing sync publish...
Wed, 21 Nov 2018 10:46:54 DEBUG    Produced [puback] event
Wed, 21 Nov 2018 10:46:54 DEBUG    Dispatching [puback] event
Wed, 21 Nov 2018 10:46:54 INFO     Performing sync publish...
Wed, 21 Nov 2018 10:46:54 DEBUG    Produced [puback] event
Wed, 21 Nov 2018 10:46:54 DEBUG    Dispatching [puback] event
Wed, 21 Nov 2018 10:46:59 INFO     Performing sync publish...
Wed, 21 Nov 2018 10:46:59 DEBUG    Produced [puback] event
Wed, 21 Nov 2018 10:46:59 DEBUG    Dispatching [puback] event
Wed, 21 Nov 2018 10:46:59 INFO     Performing sync publish...
Wed, 21 Nov 2018 10:46:59 DEBUG    Produced [puback] event
Wed, 21 Nov 2018 10:46:59 DEBUG    Dispatching [puback] event
Wed, 21 Nov 2018 10:46:59 INFO     Performing sync publish...
Wed, 21 Nov 2018 10:46:59 DEBUG    Produced [puback] event
Wed, 21 Nov 2018 10:46:59 DEBUG    Dispatching [puback] event
Wed, 21 Nov 2018 10:46:59 INFO     Performing sync publish...
Wed, 21 Nov 2018 10:46:59 DEBUG    Produced [puback] event
Wed, 21 Nov 2018 10:46:59 DEBUG    Dispatching [puback] event
Wed, 21 Nov 2018 10:46:59 INFO     Performing sync publish...
Wed, 21 Nov 2018 10:46:59 DEBUG    Produced [puback] event
Wed, 21 Nov 2018 10:46:59 DEBUG    Dispatching [puback] event
Wed, 21 Nov 2018 10:46:59 INFO     Performing sync publish...
Wed, 21 Nov 2018 10:46:59 DEBUG    Produced [puback] event
Wed, 21 Nov 2018 10:46:59 DEBUG    Dispatching [puback] event
Wed, 21 Nov 2018 10:46:59 INFO     Performing sync publish...
Wed, 21 Nov 2018 10:46:59 DEBUG    Produced [puback] event
Wed, 21 Nov 2018 10:46:59 DEBUG    Dispatching [puback] event
Wed, 21 Nov 2018 10:46:59 INFO     Performing sync publish...
Wed, 21 Nov 2018 10:46:59 DEBUG    Produced [puback] event
Wed, 21 Nov 2018 10:46:59 DEBUG    Dispatching [puback] event
Wed, 21 Nov 2018 10:46:59 INFO     Performing sync publish...
Wed, 21 Nov 2018 10:46:59 DEBUG    Produced [puback] event
Wed, 21 Nov 2018 10:46:59 DEBUG    Dispatching [puback] event
Wed, 21 Nov 2018 10:46:59 INFO     Performing sync publish...
Wed, 21 Nov 2018 10:46:59 DEBUG    Produced [puback] event
Wed, 21 Nov 2018 10:46:59 DEBUG    Dispatching [puback] event
Wed, 21 Nov 2018 10:47:04 INFO     Performing sync publish...
Wed, 21 Nov 2018 10:47:04 DEBUG    Produced [puback] event
Wed, 21 Nov 2018 10:47:04 DEBUG    Dispatching [puback] event
Wed, 21 Nov 2018 10:47:04 INFO     Performing sync publish...
Wed, 21 Nov 2018 10:47:04 DEBUG    Produced [puback] event
Wed, 21 Nov 2018 10:47:04 DEBUG    Dispatching [puback] event
Wed, 21 Nov 2018 10:47:04 INFO     Performing sync publish...
Wed, 21 Nov 2018 10:47:04 DEBUG    Produced [puback] event
Wed, 21 Nov 2018 10:47:04 DEBUG    Dispatching [puback] event
Wed, 21 Nov 2018 10:47:04 INFO     Performing sync publish...
Wed, 21 Nov 2018 10:47:04 DEBUG    Produced [puback] event
Wed, 21 Nov 2018 10:47:04 DEBUG    Dispatching [puback] event
Wed, 21 Nov 2018 10:47:04 INFO     Performing sync publish...
Wed, 21 Nov 2018 10:47:04 DEBUG    Produced [puback] event
Wed, 21 Nov 2018 10:47:04 DEBUG    Dispatching [puback] event
Wed, 21 Nov 2018 10:47:04 INFO     Performing sync publish...
Wed, 21 Nov 2018 10:47:04 DEBUG    Produced [puback] event
Wed, 21 Nov 2018 10:47:04 DEBUG    Dispatching [puback] event
Wed, 21 Nov 2018 10:47:04 INFO     Performing sync publish...
Wed, 21 Nov 2018 10:47:04 DEBUG    Produced [puback] event
Wed, 21 Nov 2018 10:47:04 DEBUG    Dispatching [puback] event
Wed, 21 Nov 2018 10:47:04 INFO     Performing sync publish...
Wed, 21 Nov 2018 10:47:04 DEBUG    Produced [puback] event
Wed, 21 Nov 2018 10:47:04 DEBUG    Dispatching [puback] event
Wed, 21 Nov 2018 10:47:04 INFO     Performing sync publish...
Wed, 21 Nov 2018 10:47:04 DEBUG    Produced [puback] event
Wed, 21 Nov 2018 10:47:04 DEBUG    Dispatching [puback] event
Wed, 21 Nov 2018 10:47:04 INFO     Performing sync publish...
Wed, 21 Nov 2018 10:47:04 DEBUG    Produced [puback] event
Wed, 21 Nov 2018 10:47:04 DEBUG    Dispatching [puback] event
Wed, 21 Nov 2018 10:47:09 INFO     Performing sync publish...
Wed, 21 Nov 2018 10:47:09 DEBUG    Produced [puback] event
Wed, 21 Nov 2018 10:47:09 DEBUG    Dispatching [puback] event
Wed, 21 Nov 2018 10:47:09 INFO     Performing sync publish...
Wed, 21 Nov 2018 10:47:09 DEBUG    Produced [puback] event
Wed, 21 Nov 2018 10:47:09 DEBUG    Dispatching [puback] event
Wed, 21 Nov 2018 10:47:09 INFO     Performing sync publish...
Wed, 21 Nov 2018 10:47:09 DEBUG    Produced [puback] event
Wed, 21 Nov 2018 10:47:09 DEBUG    Dispatching [puback] event
Wed, 21 Nov 2018 10:47:09 INFO     Performing sync publish...
Wed, 21 Nov 2018 10:47:09 DEBUG    Produced [puback] event
Wed, 21 Nov 2018 10:47:09 DEBUG    Dispatching [puback] event
Wed, 21 Nov 2018 10:47:09 INFO     Performing sync publish...
Wed, 21 Nov 2018 10:47:09 DEBUG    Produced [puback] event
Wed, 21 Nov 2018 10:47:09 DEBUG    Dispatching [puback] event
Wed, 21 Nov 2018 10:47:09 INFO     Performing sync publish...
Wed, 21 Nov 2018 10:47:09 DEBUG    Produced [puback] event
Wed, 21 Nov 2018 10:47:09 DEBUG    Dispatching [puback] event
Wed, 21 Nov 2018 10:47:09 INFO     Performing sync publish...
Wed, 21 Nov 2018 10:47:09 DEBUG    Produced [puback] event
Wed, 21 Nov 2018 10:47:09 DEBUG    Dispatching [puback] event
Wed, 21 Nov 2018 10:47:09 INFO     Performing sync publish...
Wed, 21 Nov 2018 10:47:09 DEBUG    Produced [puback] event
Wed, 21 Nov 2018 10:47:09 DEBUG    Dispatching [puback] event
Wed, 21 Nov 2018 10:47:09 INFO     Performing sync publish...
Wed, 21 Nov 2018 10:47:09 DEBUG    Produced [puback] event
Wed, 21 Nov 2018 10:47:09 DEBUG    Dispatching [puback] event
Wed, 21 Nov 2018 10:47:09 INFO     Performing sync publish...
Wed, 21 Nov 2018 10:47:09 DEBUG    Produced [puback] event
Wed, 21 Nov 2018 10:47:09 DEBUG    Dispatching [puback] event
Wed, 21 Nov 2018 10:47:14 INFO     Performing sync publish...
Wed, 21 Nov 2018 10:47:14 DEBUG    Produced [puback] event
Wed, 21 Nov 2018 10:47:14 DEBUG    Dispatching [puback] event
Wed, 21 Nov 2018 10:47:14 INFO     Performing sync publish...
Wed, 21 Nov 2018 10:47:14 DEBUG    Produced [puback] event
Wed, 21 Nov 2018 10:47:14 DEBUG    Dispatching [puback] event
Wed, 21 Nov 2018 10:47:14 INFO     Performing sync publish...
Wed, 21 Nov 2018 10:47:14 DEBUG    Produced [puback] event
Wed, 21 Nov 2018 10:47:14 DEBUG    Dispatching [puback] event
Wed, 21 Nov 2018 10:47:14 INFO     Performing sync publish...
Wed, 21 Nov 2018 10:47:14 DEBUG    Produced [puback] event
Wed, 21 Nov 2018 10:47:14 DEBUG    Dispatching [puback] event
Wed, 21 Nov 2018 10:47:14 INFO     Performing sync publish...
Wed, 21 Nov 2018 10:47:14 DEBUG    Produced [puback] event
Wed, 21 Nov 2018 10:47:14 DEBUG    Dispatching [puback] event
Wed, 21 Nov 2018 10:47:14 INFO     Performing sync publish...
Wed, 21 Nov 2018 10:47:14 DEBUG    Produced [puback] event
Wed, 21 Nov 2018 10:47:14 DEBUG    Dispatching [puback] event
Wed, 21 Nov 2018 10:47:14 INFO     Performing sync publish...
Wed, 21 Nov 2018 10:47:14 DEBUG    Produced [puback] event
Wed, 21 Nov 2018 10:47:14 DEBUG    Dispatching [puback] event
Wed, 21 Nov 2018 10:47:14 INFO     Performing sync publish...
Wed, 21 Nov 2018 10:47:14 DEBUG    Produced [puback] event
Wed, 21 Nov 2018 10:47:14 DEBUG    Dispatching [puback] event
Wed, 21 Nov 2018 10:47:14 INFO     Performing sync publish...
Wed, 21 Nov 2018 10:47:14 DEBUG    Produced [puback] event
Wed, 21 Nov 2018 10:47:14 DEBUG    Dispatching [puback] event
Wed, 21 Nov 2018 10:47:14 INFO     Performing sync publish...
Wed, 21 Nov 2018 10:47:14 DEBUG    Produced [puback] event
Wed, 21 Nov 2018 10:47:14 DEBUG    Dispatching [puback] event
Wed, 21 Nov 2018 10:47:19 INFO     Performing sync publish...
Wed, 21 Nov 2018 10:47:19 DEBUG    Produced [puback] event
Wed, 21 Nov 2018 10:47:19 DEBUG    Dispatching [puback] event
Wed, 21 Nov 2018 10:47:19 INFO     Performing sync publish...
Wed, 21 Nov 2018 10:47:19 DEBUG    Produced [puback] event
Wed, 21 Nov 2018 10:47:19 DEBUG    Dispatching [puback] event
Wed, 21 Nov 2018 10:47:19 INFO     Performing sync publish...
Wed, 21 Nov 2018 10:47:19 DEBUG    Produced [puback] event
Wed, 21 Nov 2018 10:47:19 DEBUG    Dispatching [puback] event
Wed, 21 Nov 2018 10:47:19 INFO     Performing sync publish...
Wed, 21 Nov 2018 10:47:19 DEBUG    Produced [puback] event
Wed, 21 Nov 2018 10:47:19 DEBUG    Dispatching [puback] event
Wed, 21 Nov 2018 10:47:19 INFO     Performing sync publish...
Wed, 21 Nov 2018 10:47:19 DEBUG    Produced [puback] event
Wed, 21 Nov 2018 10:47:19 DEBUG    Dispatching [puback] event
Wed, 21 Nov 2018 10:47:19 INFO     Performing sync publish...
Wed, 21 Nov 2018 10:47:19 DEBUG    Produced [puback] event
Wed, 21 Nov 2018 10:47:19 DEBUG    Dispatching [puback] event
Wed, 21 Nov 2018 10:47:19 INFO     Performing sync publish...
Wed, 21 Nov 2018 10:47:19 DEBUG    Produced [puback] event
Wed, 21 Nov 2018 10:47:19 DEBUG    Dispatching [puback] event
Wed, 21 Nov 2018 10:47:19 INFO     Performing sync publish...
Wed, 21 Nov 2018 10:47:19 DEBUG    Produced [puback] event
Wed, 21 Nov 2018 10:47:19 DEBUG    Dispatching [puback] event
Wed, 21 Nov 2018 10:47:20 INFO     Performing sync publish...
Wed, 21 Nov 2018 10:47:20 DEBUG    Produced [puback] event
Wed, 21 Nov 2018 10:47:20 DEBUG    Dispatching [puback] event
Wed, 21 Nov 2018 10:47:20 INFO     Performing sync publish...
Wed, 21 Nov 2018 10:47:20 DEBUG    Produced [puback] event
Wed, 21 Nov 2018 10:47:20 DEBUG    Dispatching [puback] event
Wed, 21 Nov 2018 10:47:25 INFO     Performing sync publish...
Wed, 21 Nov 2018 10:47:25 DEBUG    Produced [puback] event
Wed, 21 Nov 2018 10:47:25 DEBUG    Dispatching [puback] event
Wed, 21 Nov 2018 10:47:25 INFO     Performing sync publish...
Wed, 21 Nov 2018 10:47:25 DEBUG    Produced [puback] event
Wed, 21 Nov 2018 10:47:25 DEBUG    Dispatching [puback] event
Wed, 21 Nov 2018 10:47:25 INFO     Performing sync publish...
Wed, 21 Nov 2018 10:47:25 DEBUG    Produced [puback] event
Wed, 21 Nov 2018 10:47:25 DEBUG    Dispatching [puback] event
Wed, 21 Nov 2018 10:47:25 INFO     Performing sync publish...
Wed, 21 Nov 2018 10:47:25 DEBUG    Produced [puback] event
Wed, 21 Nov 2018 10:47:25 DEBUG    Dispatching [puback] event
Wed, 21 Nov 2018 10:47:25 INFO     Performing sync publish...
Wed, 21 Nov 2018 10:47:25 DEBUG    Produced [puback] event
Wed, 21 Nov 2018 10:47:25 DEBUG    Dispatching [puback] event
Wed, 21 Nov 2018 10:47:25 INFO     Performing sync publish...
Wed, 21 Nov 2018 10:47:25 DEBUG    Produced [puback] event
Wed, 21 Nov 2018 10:47:25 DEBUG    Dispatching [puback] event
Wed, 21 Nov 2018 10:47:25 INFO     Performing sync publish...
Wed, 21 Nov 2018 10:47:25 DEBUG    Produced [puback] event
Wed, 21 Nov 2018 10:47:25 DEBUG    Dispatching [puback] event
Wed, 21 Nov 2018 10:47:25 INFO     Performing sync publish...
Wed, 21 Nov 2018 10:47:25 DEBUG    Produced [puback] event
Wed, 21 Nov 2018 10:47:25 DEBUG    Dispatching [puback] event
Wed, 21 Nov 2018 10:47:25 INFO     Performing sync publish...
Wed, 21 Nov 2018 10:47:25 DEBUG    Produced [puback] event
Wed, 21 Nov 2018 10:47:25 DEBUG    Dispatching [puback] event
Wed, 21 Nov 2018 10:47:25 INFO     Performing sync publish...
Wed, 21 Nov 2018 10:47:25 DEBUG    Produced [puback] event
Wed, 21 Nov 2018 10:47:25 DEBUG    Dispatching [puback] event
Wed, 21 Nov 2018 10:47:30 INFO     Performing sync publish...
Wed, 21 Nov 2018 10:47:30 DEBUG    Produced [puback] event
Wed, 21 Nov 2018 10:47:30 DEBUG    Dispatching [puback] event
Wed, 21 Nov 2018 10:47:30 INFO     Performing sync publish...
Wed, 21 Nov 2018 10:47:30 DEBUG    Produced [puback] event
Wed, 21 Nov 2018 10:47:30 DEBUG    Dispatching [puback] event
Wed, 21 Nov 2018 10:47:30 INFO     Performing sync publish...
Wed, 21 Nov 2018 10:47:30 DEBUG    Produced [puback] event
Wed, 21 Nov 2018 10:47:30 DEBUG    Dispatching [puback] event
Wed, 21 Nov 2018 10:47:30 INFO     Performing sync publish...
Wed, 21 Nov 2018 10:47:30 DEBUG    Produced [puback] event
Wed, 21 Nov 2018 10:47:30 DEBUG    Dispatching [puback] event
Wed, 21 Nov 2018 10:47:30 INFO     Performing sync publish...
Wed, 21 Nov 2018 10:47:30 DEBUG    Produced [puback] event
Wed, 21 Nov 2018 10:47:30 DEBUG    Dispatching [puback] event
Wed, 21 Nov 2018 10:47:30 INFO     Performing sync publish...
Wed, 21 Nov 2018 10:47:30 DEBUG    Produced [puback] event
Wed, 21 Nov 2018 10:47:30 DEBUG    Dispatching [puback] event
Wed, 21 Nov 2018 10:47:30 INFO     Performing sync publish...
Wed, 21 Nov 2018 10:47:30 DEBUG    Produced [puback] event
Wed, 21 Nov 2018 10:47:30 DEBUG    Dispatching [puback] event
Wed, 21 Nov 2018 10:47:30 INFO     Performing sync publish...
Wed, 21 Nov 2018 10:47:30 DEBUG    Produced [puback] event
Wed, 21 Nov 2018 10:47:30 DEBUG    Dispatching [puback] event
Wed, 21 Nov 2018 10:47:30 INFO     Performing sync publish...
Wed, 21 Nov 2018 10:47:30 DEBUG    Produced [puback] event
Wed, 21 Nov 2018 10:47:30 DEBUG    Dispatching [puback] event
Wed, 21 Nov 2018 10:47:30 INFO     Performing sync publish...
Wed, 21 Nov 2018 10:47:30 DEBUG    Produced [puback] event
Wed, 21 Nov 2018 10:47:30 DEBUG    Dispatching [puback] event
Wed, 21 Nov 2018 10:47:35 INFO     Performing sync publish...
Wed, 21 Nov 2018 10:47:35 DEBUG    Produced [puback] event
Wed, 21 Nov 2018 10:47:35 DEBUG    Dispatching [puback] event
Wed, 21 Nov 2018 10:47:35 INFO     Performing sync publish...
Wed, 21 Nov 2018 10:47:35 DEBUG    Produced [puback] event
Wed, 21 Nov 2018 10:47:35 DEBUG    Dispatching [puback] event
Wed, 21 Nov 2018 10:47:35 INFO     Performing sync publish...
Wed, 21 Nov 2018 10:47:35 DEBUG    Produced [puback] event
Wed, 21 Nov 2018 10:47:35 DEBUG    Dispatching [puback] event
Wed, 21 Nov 2018 10:47:35 INFO     Performing sync publish...
Wed, 21 Nov 2018 10:47:35 DEBUG    Produced [puback] event
Wed, 21 Nov 2018 10:47:35 DEBUG    Dispatching [puback] event
Wed, 21 Nov 2018 10:47:35 INFO     Performing sync publish...
Wed, 21 Nov 2018 10:47:35 DEBUG    Produced [puback] event
Wed, 21 Nov 2018 10:47:35 DEBUG    Dispatching [puback] event
Wed, 21 Nov 2018 10:47:35 INFO     Performing sync publish...
Wed, 21 Nov 2018 10:47:35 DEBUG    Produced [puback] event
Wed, 21 Nov 2018 10:47:35 DEBUG    Dispatching [puback] event
Wed, 21 Nov 2018 10:47:35 INFO     Performing sync publish...
Wed, 21 Nov 2018 10:47:35 DEBUG    Produced [puback] event
Wed, 21 Nov 2018 10:47:35 DEBUG    Dispatching [puback] event
Wed, 21 Nov 2018 10:47:35 INFO     Performing sync publish...
Wed, 21 Nov 2018 10:47:35 DEBUG    Produced [puback] event
Wed, 21 Nov 2018 10:47:35 DEBUG    Dispatching [puback] event
Wed, 21 Nov 2018 10:47:35 INFO     Performing sync publish...
Wed, 21 Nov 2018 10:47:35 DEBUG    Produced [puback] event
Wed, 21 Nov 2018 10:47:35 DEBUG    Dispatching [puback] event
Wed, 21 Nov 2018 10:47:35 INFO     Performing sync publish...
Wed, 21 Nov 2018 10:47:35 DEBUG    Produced [puback] event
Wed, 21 Nov 2018 10:47:35 DEBUG    Dispatching [puback] event
Wed, 21 Nov 2018 10:47:40 INFO     Performing sync publish...
Wed, 21 Nov 2018 10:47:40 DEBUG    Produced [puback] event
Wed, 21 Nov 2018 10:47:40 DEBUG    Dispatching [puback] event
Wed, 21 Nov 2018 10:47:40 INFO     Performing sync publish...
Wed, 21 Nov 2018 10:47:40 DEBUG    Produced [puback] event
Wed, 21 Nov 2018 10:47:40 DEBUG    Dispatching [puback] event
Wed, 21 Nov 2018 10:47:40 INFO     Performing sync publish...
Wed, 21 Nov 2018 10:47:40 DEBUG    Produced [puback] event
Wed, 21 Nov 2018 10:47:40 DEBUG    Dispatching [puback] event
Wed, 21 Nov 2018 10:47:40 INFO     Performing sync publish...
Wed, 21 Nov 2018 10:47:40 DEBUG    Produced [puback] event
Wed, 21 Nov 2018 10:47:40 DEBUG    Dispatching [puback] event
Wed, 21 Nov 2018 10:47:40 INFO     Performing sync publish...
Wed, 21 Nov 2018 10:47:40 DEBUG    Produced [puback] event
Wed, 21 Nov 2018 10:47:40 DEBUG    Dispatching [puback] event
Wed, 21 Nov 2018 10:47:40 INFO     Performing sync publish...
Wed, 21 Nov 2018 10:47:40 DEBUG    Produced [puback] event
Wed, 21 Nov 2018 10:47:40 DEBUG    Dispatching [puback] event
Wed, 21 Nov 2018 10:47:40 INFO     Performing sync publish...
Wed, 21 Nov 2018 10:47:40 DEBUG    Produced [puback] event
Wed, 21 Nov 2018 10:47:40 DEBUG    Dispatching [puback] event
Wed, 21 Nov 2018 10:47:40 INFO     Performing sync publish...
Wed, 21 Nov 2018 10:47:40 DEBUG    Produced [puback] event
Wed, 21 Nov 2018 10:47:40 DEBUG    Dispatching [puback] event
Wed, 21 Nov 2018 10:47:40 INFO     Performing sync publish...
Wed, 21 Nov 2018 10:47:40 DEBUG    Produced [puback] event
Wed, 21 Nov 2018 10:47:40 DEBUG    Dispatching [puback] event
Wed, 21 Nov 2018 10:47:40 INFO     Performing sync publish...
Wed, 21 Nov 2018 10:47:40 DEBUG    Produced [puback] event
Wed, 21 Nov 2018 10:47:40 DEBUG    Dispatching [puback] event
Wed, 21 Nov 2018 10:47:45 INFO     Performing sync publish...
Wed, 21 Nov 2018 10:47:45 DEBUG    Produced [puback] event
Wed, 21 Nov 2018 10:47:45 DEBUG    Dispatching [puback] event
Wed, 21 Nov 2018 10:47:45 INFO     Performing sync publish...
Wed, 21 Nov 2018 10:47:45 DEBUG    Produced [puback] event
Wed, 21 Nov 2018 10:47:45 DEBUG    Dispatching [puback] event
Wed, 21 Nov 2018 10:47:45 INFO     Performing sync publish...
Wed, 21 Nov 2018 10:47:45 DEBUG    Produced [puback] event
Wed, 21 Nov 2018 10:47:45 DEBUG    Dispatching [puback] event
Wed, 21 Nov 2018 10:47:45 INFO     Performing sync publish...
Wed, 21 Nov 2018 10:47:45 DEBUG    Produced [puback] event
Wed, 21 Nov 2018 10:47:45 DEBUG    Dispatching [puback] event
Wed, 21 Nov 2018 10:47:45 INFO     Performing sync publish...
Wed, 21 Nov 2018 10:47:45 DEBUG    Produced [puback] event
Wed, 21 Nov 2018 10:47:45 DEBUG    Dispatching [puback] event
Wed, 21 Nov 2018 10:47:45 INFO     Performing sync publish...
Wed, 21 Nov 2018 10:47:45 DEBUG    Produced [puback] event
Wed, 21 Nov 2018 10:47:45 DEBUG    Dispatching [puback] event
Wed, 21 Nov 2018 10:47:45 INFO     Performing sync publish...
Wed, 21 Nov 2018 10:47:45 DEBUG    Produced [puback] event
Wed, 21 Nov 2018 10:47:45 DEBUG    Dispatching [puback] event
Wed, 21 Nov 2018 10:47:45 INFO     Performing sync publish...
Wed, 21 Nov 2018 10:47:45 DEBUG    Produced [puback] event
Wed, 21 Nov 2018 10:47:45 DEBUG    Dispatching [puback] event
Wed, 21 Nov 2018 10:47:45 INFO     Performing sync publish...
Wed, 21 Nov 2018 10:47:45 DEBUG    Produced [puback] event
Wed, 21 Nov 2018 10:47:45 DEBUG    Dispatching [puback] event
Wed, 21 Nov 2018 10:47:45 INFO     Performing sync publish...
Wed, 21 Nov 2018 10:47:45 DEBUG    Produced [puback] event
Wed, 21 Nov 2018 10:47:45 DEBUG    Dispatching [puback] event
Wed, 21 Nov 2018 10:47:50 INFO     Performing sync publish...
Wed, 21 Nov 2018 10:47:50 DEBUG    Produced [puback] event
Wed, 21 Nov 2018 10:47:50 DEBUG    Dispatching [puback] event
Wed, 21 Nov 2018 10:47:50 INFO     Performing sync publish...
Wed, 21 Nov 2018 10:47:50 DEBUG    Produced [puback] event
Wed, 21 Nov 2018 10:47:50 DEBUG    Dispatching [puback] event
Wed, 21 Nov 2018 10:47:50 INFO     Performing sync publish...
Wed, 21 Nov 2018 10:47:50 DEBUG    Produced [puback] event
Wed, 21 Nov 2018 10:47:50 DEBUG    Dispatching [puback] event
Wed, 21 Nov 2018 10:47:50 INFO     Performing sync publish...
Wed, 21 Nov 2018 10:47:50 DEBUG    Produced [puback] event
Wed, 21 Nov 2018 10:47:50 DEBUG    Dispatching [puback] event
Wed, 21 Nov 2018 10:47:50 INFO     Performing sync publish...
Wed, 21 Nov 2018 10:47:50 DEBUG    Produced [puback] event
Wed, 21 Nov 2018 10:47:50 DEBUG    Dispatching [puback] event
Wed, 21 Nov 2018 10:47:50 INFO     Performing sync publish...
Wed, 21 Nov 2018 10:47:50 DEBUG    Produced [puback] event
Wed, 21 Nov 2018 10:47:50 DEBUG    Dispatching [puback] event
Wed, 21 Nov 2018 10:47:50 INFO     Performing sync publish...
Wed, 21 Nov 2018 10:47:50 DEBUG    Produced [puback] event
Wed, 21 Nov 2018 10:47:50 DEBUG    Dispatching [puback] event
Wed, 21 Nov 2018 10:47:50 INFO     Performing sync publish...
Wed, 21 Nov 2018 10:47:50 DEBUG    Produced [puback] event
Wed, 21 Nov 2018 10:47:50 DEBUG    Dispatching [puback] event
Wed, 21 Nov 2018 10:47:50 INFO     Performing sync publish...
Wed, 21 Nov 2018 10:47:50 DEBUG    Produced [puback] event
Wed, 21 Nov 2018 10:47:50 DEBUG    Dispatching [puback] event
Wed, 21 Nov 2018 10:47:50 INFO     Performing sync publish...
Wed, 21 Nov 2018 10:47:50 DEBUG    Produced [puback] event
Wed, 21 Nov 2018 10:47:50 DEBUG    Dispatching [puback] event
Wed, 21 Nov 2018 10:47:55 INFO     Performing sync publish...
Wed, 21 Nov 2018 10:47:55 DEBUG    Produced [puback] event
Wed, 21 Nov 2018 10:47:55 DEBUG    Dispatching [puback] event
Wed, 21 Nov 2018 10:47:55 INFO     Performing sync publish...
Wed, 21 Nov 2018 10:47:55 DEBUG    Produced [puback] event
Wed, 21 Nov 2018 10:47:55 DEBUG    Dispatching [puback] event
Wed, 21 Nov 2018 10:47:55 INFO     Performing sync publish...
Wed, 21 Nov 2018 10:47:55 DEBUG    Produced [puback] event
Wed, 21 Nov 2018 10:47:55 DEBUG    Dispatching [puback] event
Wed, 21 Nov 2018 10:47:55 INFO     Performing sync publish...
Wed, 21 Nov 2018 10:47:55 DEBUG    Produced [puback] event
Wed, 21 Nov 2018 10:47:55 DEBUG    Dispatching [puback] event
Wed, 21 Nov 2018 10:47:55 INFO     Performing sync publish...
Wed, 21 Nov 2018 10:47:55 DEBUG    Produced [puback] event
Wed, 21 Nov 2018 10:47:55 DEBUG    Dispatching [puback] event
Wed, 21 Nov 2018 10:47:55 INFO     Performing sync publish...
Wed, 21 Nov 2018 10:47:55 DEBUG    Produced [puback] event
Wed, 21 Nov 2018 10:47:55 DEBUG    Dispatching [puback] event
Wed, 21 Nov 2018 10:47:55 INFO     Performing sync publish...
Wed, 21 Nov 2018 10:47:55 DEBUG    Produced [puback] event
Wed, 21 Nov 2018 10:47:55 DEBUG    Dispatching [puback] event
Wed, 21 Nov 2018 10:47:55 INFO     Performing sync publish...
Wed, 21 Nov 2018 10:47:55 DEBUG    Produced [puback] event
Wed, 21 Nov 2018 10:47:55 DEBUG    Dispatching [puback] event
Wed, 21 Nov 2018 10:47:55 INFO     Performing sync publish...
Wed, 21 Nov 2018 10:47:55 DEBUG    Produced [puback] event
Wed, 21 Nov 2018 10:47:55 DEBUG    Dispatching [puback] event
Wed, 21 Nov 2018 10:47:55 INFO     Performing sync publish...
Wed, 21 Nov 2018 10:47:55 DEBUG    Produced [puback] event
Wed, 21 Nov 2018 10:47:55 DEBUG    Dispatching [puback] event
Wed, 21 Nov 2018 10:48:00 INFO     Performing sync publish...
Wed, 21 Nov 2018 10:48:00 DEBUG    Produced [puback] event
Wed, 21 Nov 2018 10:48:00 DEBUG    Dispatching [puback] event
Wed, 21 Nov 2018 10:48:00 INFO     Performing sync publish...
Wed, 21 Nov 2018 10:48:00 DEBUG    Produced [puback] event
Wed, 21 Nov 2018 10:48:00 DEBUG    Dispatching [puback] event
Wed, 21 Nov 2018 10:48:00 INFO     Performing sync publish...
Wed, 21 Nov 2018 10:48:00 DEBUG    Produced [puback] event
Wed, 21 Nov 2018 10:48:00 DEBUG    Dispatching [puback] event
Wed, 21 Nov 2018 10:48:00 INFO     Performing sync publish...
Wed, 21 Nov 2018 10:48:00 DEBUG    Produced [puback] event
Wed, 21 Nov 2018 10:48:00 DEBUG    Dispatching [puback] event
Wed, 21 Nov 2018 10:48:00 INFO     Performing sync publish...
Wed, 21 Nov 2018 10:48:00 DEBUG    Produced [puback] event
Wed, 21 Nov 2018 10:48:00 DEBUG    Dispatching [puback] event
Wed, 21 Nov 2018 10:48:00 INFO     Performing sync publish...
Wed, 21 Nov 2018 10:48:00 DEBUG    Produced [puback] event
Wed, 21 Nov 2018 10:48:00 DEBUG    Dispatching [puback] event
Wed, 21 Nov 2018 10:48:00 INFO     Performing sync publish...
Wed, 21 Nov 2018 10:48:00 DEBUG    Produced [puback] event
Wed, 21 Nov 2018 10:48:00 DEBUG    Dispatching [puback] event
Wed, 21 Nov 2018 10:48:00 INFO     Performing sync publish...
Wed, 21 Nov 2018 10:48:00 DEBUG    Produced [puback] event
Wed, 21 Nov 2018 10:48:00 DEBUG    Dispatching [puback] event
Wed, 21 Nov 2018 10:48:00 INFO     Performing sync publish...
Wed, 21 Nov 2018 10:48:00 DEBUG    Produced [puback] event
Wed, 21 Nov 2018 10:48:00 DEBUG    Dispatching [puback] event
Wed, 21 Nov 2018 10:48:00 INFO     Performing sync publish...
Wed, 21 Nov 2018 10:48:00 DEBUG    Produced [puback] event
Wed, 21 Nov 2018 10:48:00 DEBUG    Dispatching [puback] event
Wed, 21 Nov 2018 10:48:05 INFO     Performing sync publish...
Wed, 21 Nov 2018 10:48:05 DEBUG    Produced [puback] event
Wed, 21 Nov 2018 10:48:05 DEBUG    Dispatching [puback] event
Wed, 21 Nov 2018 10:48:05 INFO     Performing sync publish...
Wed, 21 Nov 2018 10:48:05 DEBUG    Produced [puback] event
Wed, 21 Nov 2018 10:48:05 DEBUG    Dispatching [puback] event
Wed, 21 Nov 2018 10:48:05 INFO     Performing sync publish...
Wed, 21 Nov 2018 10:48:05 DEBUG    Produced [puback] event
Wed, 21 Nov 2018 10:48:05 DEBUG    Dispatching [puback] event
Wed, 21 Nov 2018 10:48:05 INFO     Performing sync publish...
Wed, 21 Nov 2018 10:48:05 DEBUG    Produced [puback] event
Wed, 21 Nov 2018 10:48:05 DEBUG    Dispatching [puback] event
Wed, 21 Nov 2018 10:48:05 INFO     Performing sync publish...
Wed, 21 Nov 2018 10:48:05 DEBUG    Produced [puback] event
Wed, 21 Nov 2018 10:48:05 DEBUG    Dispatching [puback] event
Wed, 21 Nov 2018 10:48:05 INFO     Performing sync publish...
Wed, 21 Nov 2018 10:48:05 DEBUG    Produced [puback] event
Wed, 21 Nov 2018 10:48:05 DEBUG    Dispatching [puback] event
Wed, 21 Nov 2018 10:48:05 INFO     Performing sync publish...
Wed, 21 Nov 2018 10:48:05 DEBUG    Produced [puback] event
Wed, 21 Nov 2018 10:48:05 DEBUG    Dispatching [puback] event
Wed, 21 Nov 2018 10:48:05 INFO     Performing sync publish...
Wed, 21 Nov 2018 10:48:05 DEBUG    Produced [puback] event
Wed, 21 Nov 2018 10:48:05 DEBUG    Dispatching [puback] event
Wed, 21 Nov 2018 10:48:05 INFO     Performing sync publish...
Wed, 21 Nov 2018 10:48:05 DEBUG    Produced [puback] event
Wed, 21 Nov 2018 10:48:05 DEBUG    Dispatching [puback] event
Wed, 21 Nov 2018 10:48:05 INFO     Performing sync publish...
Wed, 21 Nov 2018 10:48:05 DEBUG    Produced [puback] event
Wed, 21 Nov 2018 10:48:05 DEBUG    Dispatching [puback] event
Wed, 21 Nov 2018 10:48:10 INFO     Performing sync publish...
Wed, 21 Nov 2018 10:48:10 DEBUG    Produced [puback] event
Wed, 21 Nov 2018 10:48:10 DEBUG    Dispatching [puback] event
Wed, 21 Nov 2018 10:48:10 INFO     Performing sync publish...
Wed, 21 Nov 2018 10:48:10 DEBUG    Produced [puback] event
Wed, 21 Nov 2018 10:48:10 DEBUG    Dispatching [puback] event
Wed, 21 Nov 2018 10:48:10 INFO     Performing sync publish...
Wed, 21 Nov 2018 10:48:10 DEBUG    Produced [puback] event
Wed, 21 Nov 2018 10:48:10 DEBUG    Dispatching [puback] event
Wed, 21 Nov 2018 10:48:10 INFO     Performing sync publish...
Wed, 21 Nov 2018 10:48:10 DEBUG    Produced [puback] event
Wed, 21 Nov 2018 10:48:10 DEBUG    Dispatching [puback] event
Wed, 21 Nov 2018 10:48:10 INFO     Performing sync publish...
Wed, 21 Nov 2018 10:48:10 DEBUG    Produced [puback] event
Wed, 21 Nov 2018 10:48:10 DEBUG    Dispatching [puback] event
Wed, 21 Nov 2018 10:48:10 INFO     Performing sync publish...
Wed, 21 Nov 2018 10:48:10 DEBUG    Produced [puback] event
Wed, 21 Nov 2018 10:48:10 DEBUG    Dispatching [puback] event
Wed, 21 Nov 2018 10:48:10 INFO     Performing sync publish...
Wed, 21 Nov 2018 10:48:10 DEBUG    Produced [puback] event
Wed, 21 Nov 2018 10:48:10 DEBUG    Dispatching [puback] event
Wed, 21 Nov 2018 10:48:10 INFO     Performing sync publish...
Wed, 21 Nov 2018 10:48:10 DEBUG    Produced [puback] event
Wed, 21 Nov 2018 10:48:10 DEBUG    Dispatching [puback] event
Wed, 21 Nov 2018 10:48:10 INFO     Performing sync publish...
Wed, 21 Nov 2018 10:48:10 DEBUG    Produced [puback] event
Wed, 21 Nov 2018 10:48:10 DEBUG    Dispatching [puback] event
Wed, 21 Nov 2018 10:48:10 INFO     Performing sync publish...
Wed, 21 Nov 2018 10:48:10 DEBUG    Produced [puback] event
Wed, 21 Nov 2018 10:48:10 DEBUG    Dispatching [puback] event
Wed, 21 Nov 2018 10:48:15 INFO     Performing sync publish...
Wed, 21 Nov 2018 10:48:15 DEBUG    Produced [puback] event
Wed, 21 Nov 2018 10:48:15 DEBUG    Dispatching [puback] event
Wed, 21 Nov 2018 10:48:15 INFO     Performing sync publish...
Wed, 21 Nov 2018 10:48:15 DEBUG    Produced [puback] event
Wed, 21 Nov 2018 10:48:15 DEBUG    Dispatching [puback] event
Wed, 21 Nov 2018 10:48:15 INFO     Performing sync publish...
Wed, 21 Nov 2018 10:48:15 DEBUG    Produced [puback] event
Wed, 21 Nov 2018 10:48:15 DEBUG    Dispatching [puback] event
Wed, 21 Nov 2018 10:48:15 INFO     Performing sync publish...
Wed, 21 Nov 2018 10:48:15 DEBUG    Produced [puback] event
Wed, 21 Nov 2018 10:48:15 DEBUG    Dispatching [puback] event
Wed, 21 Nov 2018 10:48:15 INFO     Performing sync publish...
Wed, 21 Nov 2018 10:48:15 DEBUG    Produced [puback] event
Wed, 21 Nov 2018 10:48:15 DEBUG    Dispatching [puback] event
Wed, 21 Nov 2018 10:48:15 INFO     Performing sync publish...
Wed, 21 Nov 2018 10:48:15 DEBUG    Produced [puback] event
Wed, 21 Nov 2018 10:48:15 DEBUG    Dispatching [puback] event
Wed, 21 Nov 2018 10:48:15 INFO     Performing sync publish...
Wed, 21 Nov 2018 10:48:15 DEBUG    Produced [puback] event
Wed, 21 Nov 2018 10:48:15 DEBUG    Dispatching [puback] event
Wed, 21 Nov 2018 10:48:15 INFO     Performing sync publish...
Wed, 21 Nov 2018 10:48:15 DEBUG    Produced [puback] event
Wed, 21 Nov 2018 10:48:15 DEBUG    Dispatching [puback] event
Wed, 21 Nov 2018 10:48:15 INFO     Performing sync publish...
Wed, 21 Nov 2018 10:48:15 DEBUG    Produced [puback] event
Wed, 21 Nov 2018 10:48:15 DEBUG    Dispatching [puback] event
Wed, 21 Nov 2018 10:48:15 INFO     Performing sync publish...
Wed, 21 Nov 2018 10:48:15 DEBUG    Produced [puback] event
Wed, 21 Nov 2018 10:48:15 DEBUG    Dispatching [puback] event
Wed, 21 Nov 2018 10:48:20 INFO     Performing sync publish...
Wed, 21 Nov 2018 10:48:20 DEBUG    Produced [puback] event
Wed, 21 Nov 2018 10:48:20 DEBUG    Dispatching [puback] event
Wed, 21 Nov 2018 10:48:20 INFO     Performing sync publish...
Wed, 21 Nov 2018 10:48:20 DEBUG    Produced [puback] event
Wed, 21 Nov 2018 10:48:20 DEBUG    Dispatching [puback] event
Wed, 21 Nov 2018 10:48:20 INFO     Performing sync publish...
Wed, 21 Nov 2018 10:48:20 DEBUG    Produced [puback] event
Wed, 21 Nov 2018 10:48:20 DEBUG    Dispatching [puback] event
Wed, 21 Nov 2018 10:48:20 INFO     Performing sync publish...
Wed, 21 Nov 2018 10:48:20 DEBUG    Produced [puback] event
Wed, 21 Nov 2018 10:48:20 DEBUG    Dispatching [puback] event
Wed, 21 Nov 2018 10:48:20 INFO     Performing sync publish...
Wed, 21 Nov 2018 10:48:20 DEBUG    Produced [puback] event
Wed, 21 Nov 2018 10:48:20 DEBUG    Dispatching [puback] event
Wed, 21 Nov 2018 10:48:20 INFO     Performing sync publish...
Wed, 21 Nov 2018 10:48:20 DEBUG    Produced [puback] event
Wed, 21 Nov 2018 10:48:20 DEBUG    Dispatching [puback] event
Wed, 21 Nov 2018 10:48:20 INFO     Performing sync publish...
Wed, 21 Nov 2018 10:48:20 DEBUG    Produced [puback] event
Wed, 21 Nov 2018 10:48:20 DEBUG    Dispatching [puback] event
Wed, 21 Nov 2018 10:48:20 INFO     Performing sync publish...
Wed, 21 Nov 2018 10:48:20 DEBUG    Produced [puback] event
Wed, 21 Nov 2018 10:48:20 DEBUG    Dispatching [puback] event
Wed, 21 Nov 2018 10:48:20 INFO     Performing sync publish...
Wed, 21 Nov 2018 10:48:21 DEBUG    Produced [puback] event
Wed, 21 Nov 2018 10:48:21 DEBUG    Dispatching [puback] event
Wed, 21 Nov 2018 10:48:21 INFO     Performing sync publish...
Wed, 21 Nov 2018 10:48:21 DEBUG    Produced [puback] event
Wed, 21 Nov 2018 10:48:21 DEBUG    Dispatching [puback] event
Wed, 21 Nov 2018 10:48:26 INFO     Performing sync publish...
Wed, 21 Nov 2018 10:48:26 DEBUG    Produced [puback] event
Wed, 21 Nov 2018 10:48:26 DEBUG    Dispatching [puback] event
Wed, 21 Nov 2018 10:48:26 INFO     Performing sync publish...
Wed, 21 Nov 2018 10:48:26 DEBUG    Produced [puback] event
Wed, 21 Nov 2018 10:48:26 DEBUG    Dispatching [puback] event
Wed, 21 Nov 2018 10:48:26 INFO     Performing sync publish...
Wed, 21 Nov 2018 10:48:26 DEBUG    Produced [puback] event
Wed, 21 Nov 2018 10:48:26 DEBUG    Dispatching [puback] event
Wed, 21 Nov 2018 10:48:26 INFO     Performing sync publish...
Wed, 21 Nov 2018 10:48:26 DEBUG    Produced [puback] event
Wed, 21 Nov 2018 10:48:26 DEBUG    Dispatching [puback] event
Wed, 21 Nov 2018 10:48:26 INFO     Performing sync publish...
Wed, 21 Nov 2018 10:48:26 DEBUG    Produced [puback] event
Wed, 21 Nov 2018 10:48:26 DEBUG    Dispatching [puback] event
Wed, 21 Nov 2018 10:48:26 INFO     Performing sync publish...
Wed, 21 Nov 2018 10:48:26 DEBUG    Produced [puback] event
Wed, 21 Nov 2018 10:48:26 DEBUG    Dispatching [puback] event
Wed, 21 Nov 2018 10:48:26 INFO     Performing sync publish...
Wed, 21 Nov 2018 10:48:26 DEBUG    Produced [puback] event
Wed, 21 Nov 2018 10:48:26 DEBUG    Dispatching [puback] event
Wed, 21 Nov 2018 10:48:26 INFO     Performing sync publish...
Wed, 21 Nov 2018 10:48:26 DEBUG    Produced [puback] event
Wed, 21 Nov 2018 10:48:26 DEBUG    Dispatching [puback] event
Wed, 21 Nov 2018 10:48:26 INFO     Performing sync publish...
Wed, 21 Nov 2018 10:48:26 DEBUG    Produced [puback] event
Wed, 21 Nov 2018 10:48:26 DEBUG    Dispatching [puback] event
Wed, 21 Nov 2018 10:48:26 INFO     Performing sync publish...
Wed, 21 Nov 2018 10:48:26 DEBUG    Produced [puback] event
Wed, 21 Nov 2018 10:48:26 DEBUG    Dispatching [puback] event
Wed, 21 Nov 2018 10:48:31 INFO     Performing sync publish...
Wed, 21 Nov 2018 10:48:31 DEBUG    Produced [puback] event
Wed, 21 Nov 2018 10:48:31 DEBUG    Dispatching [puback] event
Wed, 21 Nov 2018 10:48:31 INFO     Performing sync publish...
Wed, 21 Nov 2018 10:48:31 DEBUG    Produced [puback] event
Wed, 21 Nov 2018 10:48:31 DEBUG    Dispatching [puback] event
Wed, 21 Nov 2018 10:48:31 INFO     Performing sync publish...
Wed, 21 Nov 2018 10:48:31 DEBUG    Produced [puback] event
Wed, 21 Nov 2018 10:48:31 DEBUG    Dispatching [puback] event
Wed, 21 Nov 2018 10:48:31 INFO     Performing sync publish...
Wed, 21 Nov 2018 10:48:31 DEBUG    Produced [puback] event
Wed, 21 Nov 2018 10:48:31 DEBUG    Dispatching [puback] event
Wed, 21 Nov 2018 10:48:31 INFO     Performing sync publish...
Wed, 21 Nov 2018 10:48:31 DEBUG    Produced [puback] event
Wed, 21 Nov 2018 10:48:31 DEBUG    Dispatching [puback] event
Wed, 21 Nov 2018 10:48:31 INFO     Performing sync publish...
Wed, 21 Nov 2018 10:48:31 DEBUG    Produced [puback] event
Wed, 21 Nov 2018 10:48:31 DEBUG    Dispatching [puback] event
Wed, 21 Nov 2018 10:48:31 INFO     Performing sync publish...
Wed, 21 Nov 2018 10:48:31 DEBUG    Produced [puback] event
Wed, 21 Nov 2018 10:48:31 DEBUG    Dispatching [puback] event
Wed, 21 Nov 2018 10:48:31 INFO     Performing sync publish...
Wed, 21 Nov 2018 10:48:31 DEBUG    Produced [puback] event
Wed, 21 Nov 2018 10:48:31 DEBUG    Dispatching [puback] event
Wed, 21 Nov 2018 10:48:31 INFO     Performing sync publish...
Wed, 21 Nov 2018 10:48:31 DEBUG    Produced [puback] event
Wed, 21 Nov 2018 10:48:31 DEBUG    Dispatching [puback] event
Wed, 21 Nov 2018 10:48:31 INFO     Performing sync publish...
Wed, 21 Nov 2018 10:48:31 DEBUG    Produced [puback] event
Wed, 21 Nov 2018 10:48:31 DEBUG    Dispatching [puback] event
Wed, 21 Nov 2018 10:48:36 INFO     Performing sync publish...
Wed, 21 Nov 2018 10:48:36 DEBUG    Produced [puback] event
Wed, 21 Nov 2018 10:48:36 DEBUG    Dispatching [puback] event
Wed, 21 Nov 2018 10:48:36 INFO     Performing sync publish...
Wed, 21 Nov 2018 10:48:36 DEBUG    Produced [puback] event
Wed, 21 Nov 2018 10:48:36 DEBUG    Dispatching [puback] event
Wed, 21 Nov 2018 10:48:36 INFO     Performing sync publish...
Wed, 21 Nov 2018 10:48:36 DEBUG    Produced [puback] event
Wed, 21 Nov 2018 10:48:36 DEBUG    Dispatching [puback] event
Wed, 21 Nov 2018 10:48:36 INFO     Performing sync publish...
Wed, 21 Nov 2018 10:48:36 DEBUG    Produced [puback] event
Wed, 21 Nov 2018 10:48:36 DEBUG    Dispatching [puback] event
Wed, 21 Nov 2018 10:48:36 INFO     Performing sync publish...
Wed, 21 Nov 2018 10:48:36 DEBUG    Produced [puback] event
Wed, 21 Nov 2018 10:48:36 DEBUG    Dispatching [puback] event
Wed, 21 Nov 2018 10:48:36 INFO     Performing sync publish...
Wed, 21 Nov 2018 10:48:36 DEBUG    Produced [puback] event
Wed, 21 Nov 2018 10:48:36 DEBUG    Dispatching [puback] event
Wed, 21 Nov 2018 10:48:36 INFO     Performing sync publish...
Wed, 21 Nov 2018 10:48:36 DEBUG    Produced [puback] event
Wed, 21 Nov 2018 10:48:36 DEBUG    Dispatching [puback] event
Wed, 21 Nov 2018 10:48:36 INFO     Performing sync publish...
Wed, 21 Nov 2018 10:48:36 DEBUG    Produced [puback] event
Wed, 21 Nov 2018 10:48:36 DEBUG    Dispatching [puback] event
Wed, 21 Nov 2018 10:48:36 INFO     Performing sync publish...
Wed, 21 Nov 2018 10:48:36 DEBUG    Produced [puback] event
Wed, 21 Nov 2018 10:48:36 DEBUG    Dispatching [puback] event
Wed, 21 Nov 2018 10:48:36 INFO     Performing sync publish...
Wed, 21 Nov 2018 10:48:36 DEBUG    Produced [puback] event
Wed, 21 Nov 2018 10:48:36 DEBUG    Dispatching [puback] event
Wed, 21 Nov 2018 10:48:41 INFO     Performing sync publish...
Wed, 21 Nov 2018 10:48:41 DEBUG    Produced [puback] event
Wed, 21 Nov 2018 10:48:41 DEBUG    Dispatching [puback] event
Wed, 21 Nov 2018 10:48:41 INFO     Performing sync publish...
Wed, 21 Nov 2018 10:48:41 DEBUG    Produced [puback] event
Wed, 21 Nov 2018 10:48:41 DEBUG    Dispatching [puback] event
Wed, 21 Nov 2018 10:48:41 INFO     Performing sync publish...
Wed, 21 Nov 2018 10:48:41 DEBUG    Produced [puback] event
Wed, 21 Nov 2018 10:48:41 DEBUG    Dispatching [puback] event
Wed, 21 Nov 2018 10:48:41 INFO     Performing sync publish...
Wed, 21 Nov 2018 10:48:41 DEBUG    Produced [puback] event
Wed, 21 Nov 2018 10:48:41 DEBUG    Dispatching [puback] event
Wed, 21 Nov 2018 10:48:41 INFO     Performing sync publish...
Wed, 21 Nov 2018 10:48:41 DEBUG    Produced [puback] event
Wed, 21 Nov 2018 10:48:41 DEBUG    Dispatching [puback] event
Wed, 21 Nov 2018 10:48:41 INFO     Performing sync publish...
Wed, 21 Nov 2018 10:48:41 DEBUG    Produced [puback] event
Wed, 21 Nov 2018 10:48:41 DEBUG    Dispatching [puback] event
Wed, 21 Nov 2018 10:48:41 INFO     Performing sync publish...
Wed, 21 Nov 2018 10:48:41 DEBUG    Produced [puback] event
Wed, 21 Nov 2018 10:48:41 DEBUG    Dispatching [puback] event
Wed, 21 Nov 2018 10:48:41 INFO     Performing sync publish...
Wed, 21 Nov 2018 10:48:41 DEBUG    Produced [puback] event
Wed, 21 Nov 2018 10:48:41 DEBUG    Dispatching [puback] event
Wed, 21 Nov 2018 10:48:41 INFO     Performing sync publish...
Wed, 21 Nov 2018 10:48:41 DEBUG    Produced [puback] event
Wed, 21 Nov 2018 10:48:41 DEBUG    Dispatching [puback] event
Wed, 21 Nov 2018 10:48:41 INFO     Performing sync publish...
Wed, 21 Nov 2018 10:48:41 DEBUG    Produced [puback] event
Wed, 21 Nov 2018 10:48:41 DEBUG    Dispatching [puback] event
Wed, 21 Nov 2018 10:48:46 INFO     Performing sync publish...
Wed, 21 Nov 2018 10:48:46 DEBUG    Produced [puback] event
Wed, 21 Nov 2018 10:48:46 DEBUG    Dispatching [puback] event
Wed, 21 Nov 2018 10:48:46 INFO     Performing sync publish...
Wed, 21 Nov 2018 10:48:46 DEBUG    Produced [puback] event
Wed, 21 Nov 2018 10:48:46 DEBUG    Dispatching [puback] event
Wed, 21 Nov 2018 10:48:46 INFO     Performing sync publish...
Wed, 21 Nov 2018 10:48:46 DEBUG    Produced [puback] event
Wed, 21 Nov 2018 10:48:46 DEBUG    Dispatching [puback] event
Wed, 21 Nov 2018 10:48:46 INFO     Performing sync publish...
Wed, 21 Nov 2018 10:48:46 DEBUG    Produced [puback] event
Wed, 21 Nov 2018 10:48:46 DEBUG    Dispatching [puback] event
Wed, 21 Nov 2018 10:48:46 INFO     Performing sync publish...
Wed, 21 Nov 2018 10:48:46 DEBUG    Produced [puback] event
Wed, 21 Nov 2018 10:48:46 DEBUG    Dispatching [puback] event
Wed, 21 Nov 2018 10:48:46 INFO     Performing sync publish...
Wed, 21 Nov 2018 10:48:46 DEBUG    Produced [puback] event
Wed, 21 Nov 2018 10:48:46 DEBUG    Dispatching [puback] event
Wed, 21 Nov 2018 10:48:46 INFO     Performing sync publish...
Wed, 21 Nov 2018 10:48:46 DEBUG    Produced [puback] event
Wed, 21 Nov 2018 10:48:46 DEBUG    Dispatching [puback] event
Wed, 21 Nov 2018 10:48:46 INFO     Performing sync publish...
Wed, 21 Nov 2018 10:48:46 DEBUG    Produced [puback] event
Wed, 21 Nov 2018 10:48:46 DEBUG    Dispatching [puback] event
Wed, 21 Nov 2018 10:48:46 INFO     Performing sync publish...
Wed, 21 Nov 2018 10:48:46 DEBUG    Produced [puback] event
Wed, 21 Nov 2018 10:48:46 DEBUG    Dispatching [puback] event
Wed, 21 Nov 2018 10:48:46 INFO     Performing sync publish...
Wed, 21 Nov 2018 10:48:46 DEBUG    Produced [puback] event
Wed, 21 Nov 2018 10:48:46 DEBUG    Dispatching [puback] event
Wed, 21 Nov 2018 10:48:51 INFO     Performing sync publish...
Wed, 21 Nov 2018 10:48:51 DEBUG    Produced [puback] event
Wed, 21 Nov 2018 10:48:51 DEBUG    Dispatching [puback] event
Wed, 21 Nov 2018 10:48:51 INFO     Performing sync publish...
Wed, 21 Nov 2018 10:48:51 DEBUG    Produced [puback] event
Wed, 21 Nov 2018 10:48:51 DEBUG    Dispatching [puback] event
Wed, 21 Nov 2018 10:48:51 INFO     Performing sync publish...
Wed, 21 Nov 2018 10:48:51 DEBUG    Produced [puback] event
Wed, 21 Nov 2018 10:48:51 DEBUG    Dispatching [puback] event
Wed, 21 Nov 2018 10:48:51 INFO     Performing sync publish...
Wed, 21 Nov 2018 10:48:51 DEBUG    Produced [puback] event
Wed, 21 Nov 2018 10:48:51 DEBUG    Dispatching [puback] event
Wed, 21 Nov 2018 10:48:51 INFO     Performing sync publish...
Wed, 21 Nov 2018 10:48:51 DEBUG    Produced [puback] event
Wed, 21 Nov 2018 10:48:51 DEBUG    Dispatching [puback] event
Wed, 21 Nov 2018 10:48:51 INFO     Performing sync publish...
Wed, 21 Nov 2018 10:48:51 DEBUG    Produced [puback] event
Wed, 21 Nov 2018 10:48:51 DEBUG    Dispatching [puback] event
Wed, 21 Nov 2018 10:48:51 INFO     Performing sync publish...
Wed, 21 Nov 2018 10:48:51 DEBUG    Produced [puback] event
Wed, 21 Nov 2018 10:48:51 DEBUG    Dispatching [puback] event
Wed, 21 Nov 2018 10:48:51 INFO     Performing sync publish...
Wed, 21 Nov 2018 10:48:51 DEBUG    Produced [puback] event
Wed, 21 Nov 2018 10:48:51 DEBUG    Dispatching [puback] event
Wed, 21 Nov 2018 10:48:51 INFO     Performing sync publish...
Wed, 21 Nov 2018 10:48:51 DEBUG    Produced [puback] event
Wed, 21 Nov 2018 10:48:51 DEBUG    Dispatching [puback] event
Wed, 21 Nov 2018 10:48:51 INFO     Performing sync publish...
Wed, 21 Nov 2018 10:48:51 DEBUG    Produced [puback] event
Wed, 21 Nov 2018 10:48:51 DEBUG    Dispatching [puback] event
Wed, 21 Nov 2018 10:48:56 INFO     Performing sync publish...
Wed, 21 Nov 2018 10:48:56 DEBUG    Produced [puback] event
Wed, 21 Nov 2018 10:48:56 DEBUG    Dispatching [puback] event
Wed, 21 Nov 2018 10:48:56 INFO     Performing sync publish...
Wed, 21 Nov 2018 10:48:56 DEBUG    Produced [puback] event
Wed, 21 Nov 2018 10:48:56 DEBUG    Dispatching [puback] event
Wed, 21 Nov 2018 10:48:56 INFO     Performing sync publish...
Wed, 21 Nov 2018 10:48:56 DEBUG    Produced [puback] event
Wed, 21 Nov 2018 10:48:56 DEBUG    Dispatching [puback] event
Wed, 21 Nov 2018 10:48:56 INFO     Performing sync publish...
Wed, 21 Nov 2018 10:48:56 DEBUG    Produced [puback] event
Wed, 21 Nov 2018 10:48:56 DEBUG    Dispatching [puback] event
Wed, 21 Nov 2018 10:48:56 INFO     Performing sync publish...
Wed, 21 Nov 2018 10:48:56 DEBUG    Produced [puback] event
Wed, 21 Nov 2018 10:48:56 DEBUG    Dispatching [puback] event
Wed, 21 Nov 2018 10:48:56 INFO     Performing sync publish...
Wed, 21 Nov 2018 10:48:56 DEBUG    Produced [puback] event
Wed, 21 Nov 2018 10:48:56 DEBUG    Dispatching [puback] event
Wed, 21 Nov 2018 10:48:56 INFO     Performing sync publish...
Wed, 21 Nov 2018 10:48:56 DEBUG    Produced [puback] event
Wed, 21 Nov 2018 10:48:56 DEBUG    Dispatching [puback] event
Wed, 21 Nov 2018 10:48:56 INFO     Performing sync publish...
Wed, 21 Nov 2018 10:48:56 DEBUG    Produced [puback] event
Wed, 21 Nov 2018 10:48:56 DEBUG    Dispatching [puback] event
Wed, 21 Nov 2018 10:48:56 INFO     Performing sync publish...
Wed, 21 Nov 2018 10:48:56 DEBUG    Produced [puback] event
Wed, 21 Nov 2018 10:48:56 DEBUG    Dispatching [puback] event
Wed, 21 Nov 2018 10:48:56 INFO     Performing sync publish...
Wed, 21 Nov 2018 10:48:56 DEBUG    Produced [puback] event
Wed, 21 Nov 2018 10:48:56 DEBUG    Dispatching [puback] event
Wed, 21 Nov 2018 10:49:01 INFO     Performing sync publish...
Wed, 21 Nov 2018 10:49:01 DEBUG    Produced [puback] event
Wed, 21 Nov 2018 10:49:01 DEBUG    Dispatching [puback] event
Wed, 21 Nov 2018 10:49:01 INFO     Performing sync publish...
Wed, 21 Nov 2018 10:49:01 DEBUG    Produced [puback] event
Wed, 21 Nov 2018 10:49:01 DEBUG    Dispatching [puback] event
Wed, 21 Nov 2018 10:49:01 INFO     Performing sync publish...
Wed, 21 Nov 2018 10:49:01 DEBUG    Produced [puback] event
Wed, 21 Nov 2018 10:49:01 DEBUG    Dispatching [puback] event
Wed, 21 Nov 2018 10:49:01 INFO     Performing sync publish...
Wed, 21 Nov 2018 10:49:01 DEBUG    Produced [puback] event
Wed, 21 Nov 2018 10:49:01 DEBUG    Dispatching [puback] event
Wed, 21 Nov 2018 10:49:01 INFO     Performing sync publish...
Wed, 21 Nov 2018 10:49:01 DEBUG    Produced [puback] event
Wed, 21 Nov 2018 10:49:01 DEBUG    Dispatching [puback] event
Wed, 21 Nov 2018 10:49:01 INFO     Performing sync publish...
Wed, 21 Nov 2018 10:49:01 DEBUG    Produced [puback] event
Wed, 21 Nov 2018 10:49:01 DEBUG    Dispatching [puback] event
Wed, 21 Nov 2018 10:49:01 INFO     Performing sync publish...
Wed, 21 Nov 2018 10:49:01 DEBUG    Produced [puback] event
Wed, 21 Nov 2018 10:49:01 DEBUG    Dispatching [puback] event
Wed, 21 Nov 2018 10:49:01 INFO     Performing sync publish...
Wed, 21 Nov 2018 10:49:01 DEBUG    Produced [puback] event
Wed, 21 Nov 2018 10:49:01 DEBUG    Dispatching [puback] event
Wed, 21 Nov 2018 10:49:01 INFO     Performing sync publish...
Wed, 21 Nov 2018 10:49:01 DEBUG    Produced [puback] event
Wed, 21 Nov 2018 10:49:01 DEBUG    Dispatching [puback] event
Wed, 21 Nov 2018 10:49:01 INFO     Performing sync publish...
Wed, 21 Nov 2018 10:49:01 DEBUG    Produced [puback] event
Wed, 21 Nov 2018 10:49:01 DEBUG    Dispatching [puback] event
Wed, 21 Nov 2018 10:49:06 INFO     Performing sync publish...
Wed, 21 Nov 2018 10:49:06 DEBUG    Produced [puback] event
Wed, 21 Nov 2018 10:49:06 DEBUG    Dispatching [puback] event
Wed, 21 Nov 2018 10:49:06 INFO     Performing sync publish...
Wed, 21 Nov 2018 10:49:06 DEBUG    Produced [puback] event
Wed, 21 Nov 2018 10:49:06 DEBUG    Dispatching [puback] event
Wed, 21 Nov 2018 10:49:06 INFO     Performing sync publish...
Wed, 21 Nov 2018 10:49:06 DEBUG    Produced [puback] event
Wed, 21 Nov 2018 10:49:06 DEBUG    Dispatching [puback] event
Wed, 21 Nov 2018 10:49:06 INFO     Performing sync publish...
Wed, 21 Nov 2018 10:49:06 DEBUG    Produced [puback] event
Wed, 21 Nov 2018 10:49:06 DEBUG    Dispatching [puback] event
Wed, 21 Nov 2018 10:49:06 INFO     Performing sync publish...
Wed, 21 Nov 2018 10:49:06 DEBUG    Produced [puback] event
Wed, 21 Nov 2018 10:49:06 DEBUG    Dispatching [puback] event
Wed, 21 Nov 2018 10:49:06 INFO     Performing sync publish...
Wed, 21 Nov 2018 10:49:06 DEBUG    Produced [puback] event
Wed, 21 Nov 2018 10:49:06 DEBUG    Dispatching [puback] event
Wed, 21 Nov 2018 10:49:06 INFO     Performing sync publish...
Wed, 21 Nov 2018 10:49:06 DEBUG    Produced [puback] event
Wed, 21 Nov 2018 10:49:06 DEBUG    Dispatching [puback] event
Wed, 21 Nov 2018 10:49:06 INFO     Performing sync publish...
Wed, 21 Nov 2018 10:49:06 DEBUG    Produced [puback] event
Wed, 21 Nov 2018 10:49:06 DEBUG    Dispatching [puback] event
Wed, 21 Nov 2018 10:49:06 INFO     Performing sync publish...
Wed, 21 Nov 2018 10:49:06 DEBUG    Produced [puback] event
Wed, 21 Nov 2018 10:49:06 DEBUG    Dispatching [puback] event
Wed, 21 Nov 2018 10:49:06 INFO     Performing sync publish...
Wed, 21 Nov 2018 10:49:06 DEBUG    Produced [puback] event
Wed, 21 Nov 2018 10:49:06 DEBUG    Dispatching [puback] event
Wed, 21 Nov 2018 10:49:11 INFO     Performing sync publish...
Wed, 21 Nov 2018 10:49:11 DEBUG    Produced [puback] event
Wed, 21 Nov 2018 10:49:11 DEBUG    Dispatching [puback] event
Wed, 21 Nov 2018 10:49:11 INFO     Performing sync publish...
Wed, 21 Nov 2018 10:49:11 DEBUG    Produced [puback] event
Wed, 21 Nov 2018 10:49:11 DEBUG    Dispatching [puback] event
Wed, 21 Nov 2018 10:49:11 INFO     Performing sync publish...
Wed, 21 Nov 2018 10:49:11 DEBUG    Produced [puback] event
Wed, 21 Nov 2018 10:49:11 DEBUG    Dispatching [puback] event
Wed, 21 Nov 2018 10:49:11 INFO     Performing sync publish...
Wed, 21 Nov 2018 10:49:11 DEBUG    Produced [puback] event
Wed, 21 Nov 2018 10:49:11 DEBUG    Dispatching [puback] event
Wed, 21 Nov 2018 10:49:11 INFO     Performing sync publish...
Wed, 21 Nov 2018 10:49:11 DEBUG    Produced [puback] event
Wed, 21 Nov 2018 10:49:11 DEBUG    Dispatching [puback] event
Wed, 21 Nov 2018 10:49:11 INFO     Performing sync publish...
Wed, 21 Nov 2018 10:49:11 DEBUG    Produced [puback] event
Wed, 21 Nov 2018 10:49:11 DEBUG    Dispatching [puback] event
Wed, 21 Nov 2018 10:49:11 INFO     Performing sync publish...
Wed, 21 Nov 2018 10:49:11 DEBUG    Produced [puback] event
Wed, 21 Nov 2018 10:49:11 DEBUG    Dispatching [puback] event
Wed, 21 Nov 2018 10:49:11 INFO     Performing sync publish...
Wed, 21 Nov 2018 10:49:11 DEBUG    Produced [puback] event
Wed, 21 Nov 2018 10:49:11 DEBUG    Dispatching [puback] event
Wed, 21 Nov 2018 10:49:11 INFO     Performing sync publish...
Wed, 21 Nov 2018 10:49:11 DEBUG    Produced [puback] event
Wed, 21 Nov 2018 10:49:11 DEBUG    Dispatching [puback] event
Wed, 21 Nov 2018 10:49:11 INFO     Performing sync publish...
Wed, 21 Nov 2018 10:49:11 DEBUG    Produced [puback] event
Wed, 21 Nov 2018 10:49:11 DEBUG    Dispatching [puback] event
