Wed, 21 Nov 2018 20:55:18 DEBUG    Config file loaded : config.py
Wed, 21 Nov 2018 20:55:18 DEBUG    Config file loaded : config.py
Wed, 21 Nov 2018 20:55:18 DEBUG    Initializing MQTT layer...
Wed, 21 Nov 2018 20:55:18 DEBUG    Registering internal event callbacks to MQTT layer...
Wed, 21 Nov 2018 20:55:18 INFO     MqttCore initialized
Wed, 21 Nov 2018 20:55:18 INFO     Client id: SDM120_ENERGY_METER
Wed, 21 Nov 2018 20:55:18 INFO     Protocol version: MQTTv3.1.1
Wed, 21 Nov 2018 20:55:18 INFO     Authentication type: TLSv1.2 certificate based Mutual Auth.
Wed, 21 Nov 2018 20:55:18 INFO     Configuring endpoint...
Wed, 21 Nov 2018 20:55:18 DEBUG    Config file loaded : config.py
Wed, 21 Nov 2018 20:55:18 DEBUG    MODBUS Config loadedMODBUS.py
Wed, 21 Nov 2018 20:55:18 INFO     Configuring certificates...
Wed, 21 Nov 2018 20:55:18 INFO     Configuring reconnect back off timing...
Wed, 21 Nov 2018 20:55:18 INFO     Base quiet time: 1.000000 sec
Wed, 21 Nov 2018 20:55:18 INFO     Max quiet time: 32.000000 sec
Wed, 21 Nov 2018 20:55:18 INFO     Stable connection time: 20.000000 sec
Wed, 21 Nov 2018 20:55:18 INFO     Configuring offline requests queueing: max queue size: -1
Wed, 21 Nov 2018 20:55:18 INFO     Configuring offline requests queue draining interval: 0.500000 sec
Wed, 21 Nov 2018 20:55:18 INFO     Configuring connect/disconnect time out: 10.000000 sec
Wed, 21 Nov 2018 20:55:18 INFO     Configuring MQTT operation time out: 5.000000 sec
Wed, 21 Nov 2018 20:55:18 INFO     Performing sync connect...
Wed, 21 Nov 2018 20:55:18 INFO     Performing async connect...
Wed, 21 Nov 2018 20:55:18 INFO     Keep-alive: 600.000000 sec
Wed, 21 Nov 2018 20:55:18 DEBUG    Event consuming thread started
Wed, 21 Nov 2018 20:55:18 DEBUG    Passing in general notification callbacks to internal client...
Wed, 21 Nov 2018 20:55:18 DEBUG    Filling in fixed event callbacks: CONNACK, DISCONNECT, MESSAGE
Wed, 21 Nov 2018 20:55:22 DEBUG    Starting network I/O thread...
Wed, 21 Nov 2018 20:55:23 DEBUG    Produced [connack] event
Wed, 21 Nov 2018 20:55:23 DEBUG    Dispatching [connack] event
Wed, 21 Nov 2018 20:55:23 DEBUG    No need for recovery
Wed, 21 Nov 2018 20:55:23 DEBUG    Invoking custom event callback...
Wed, 21 Nov 2018 20:55:23 INFO     Performing sync publish...
Wed, 21 Nov 2018 20:55:23 DEBUG    Produced [puback] event
Wed, 21 Nov 2018 20:55:23 DEBUG    Dispatching [puback] event
Wed, 21 Nov 2018 20:55:23 INFO     Performing sync publish...
Wed, 21 Nov 2018 20:55:23 DEBUG    Produced [puback] event
Wed, 21 Nov 2018 20:55:23 DEBUG    Dispatching [puback] event
Wed, 21 Nov 2018 20:55:23 INFO     Performing sync publish...
Wed, 21 Nov 2018 20:55:23 DEBUG    Produced [puback] event
Wed, 21 Nov 2018 20:55:23 DEBUG    Dispatching [puback] event
Wed, 21 Nov 2018 20:55:23 INFO     Performing sync publish...
Wed, 21 Nov 2018 20:55:23 DEBUG    Produced [puback] event
Wed, 21 Nov 2018 20:55:23 DEBUG    Dispatching [puback] event
Wed, 21 Nov 2018 20:55:23 INFO     Performing sync publish...
Wed, 21 Nov 2018 20:55:23 DEBUG    Produced [puback] event
Wed, 21 Nov 2018 20:55:23 DEBUG    Dispatching [puback] event
Wed, 21 Nov 2018 20:55:23 INFO     Performing sync publish...
Wed, 21 Nov 2018 20:55:23 DEBUG    Produced [puback] event
Wed, 21 Nov 2018 20:55:23 DEBUG    Dispatching [puback] event
Wed, 21 Nov 2018 20:55:23 INFO     Performing sync publish...
Wed, 21 Nov 2018 20:55:23 DEBUG    Produced [puback] event
Wed, 21 Nov 2018 20:55:23 DEBUG    Dispatching [puback] event
Wed, 21 Nov 2018 20:55:23 INFO     Performing sync publish...
Wed, 21 Nov 2018 20:55:23 DEBUG    Produced [puback] event
Wed, 21 Nov 2018 20:55:23 DEBUG    Dispatching [puback] event
Wed, 21 Nov 2018 20:55:23 INFO     Performing sync publish...
Wed, 21 Nov 2018 20:55:23 DEBUG    Produced [puback] event
Wed, 21 Nov 2018 20:55:23 DEBUG    Dispatching [puback] event
Wed, 21 Nov 2018 20:55:23 INFO     Performing sync publish...
Wed, 21 Nov 2018 20:55:23 DEBUG    Produced [puback] event
Wed, 21 Nov 2018 20:55:23 DEBUG    Dispatching [puback] event
Wed, 21 Nov 2018 20:55:28 INFO     Performing sync publish...
Wed, 21 Nov 2018 20:55:28 DEBUG    Produced [puback] event
Wed, 21 Nov 2018 20:55:28 DEBUG    Dispatching [puback] event
Wed, 21 Nov 2018 20:55:28 INFO     Performing sync publish...
Wed, 21 Nov 2018 20:55:28 DEBUG    Produced [puback] event
Wed, 21 Nov 2018 20:55:28 DEBUG    Dispatching [puback] event
Wed, 21 Nov 2018 20:55:28 INFO     Performing sync publish...
Wed, 21 Nov 2018 20:55:28 DEBUG    Produced [puback] event
Wed, 21 Nov 2018 20:55:28 DEBUG    Dispatching [puback] event
Wed, 21 Nov 2018 20:55:28 INFO     Performing sync publish...
Wed, 21 Nov 2018 20:55:28 DEBUG    Produced [puback] event
Wed, 21 Nov 2018 20:55:28 DEBUG    Dispatching [puback] event
Wed, 21 Nov 2018 20:55:28 INFO     Performing sync publish...
Wed, 21 Nov 2018 20:55:28 DEBUG    Produced [puback] event
Wed, 21 Nov 2018 20:55:28 DEBUG    Dispatching [puback] event
Wed, 21 Nov 2018 20:55:28 INFO     Performing sync publish...
Wed, 21 Nov 2018 20:55:28 DEBUG    Produced [puback] event
Wed, 21 Nov 2018 20:55:28 DEBUG    Dispatching [puback] event
Wed, 21 Nov 2018 20:55:28 INFO     Performing sync publish...
Wed, 21 Nov 2018 20:55:28 DEBUG    Produced [puback] event
Wed, 21 Nov 2018 20:55:28 DEBUG    Dispatching [puback] event
Wed, 21 Nov 2018 20:55:28 INFO     Performing sync publish...
Wed, 21 Nov 2018 20:55:28 DEBUG    Produced [puback] event
Wed, 21 Nov 2018 20:55:28 DEBUG    Dispatching [puback] event
Wed, 21 Nov 2018 20:55:28 INFO     Performing sync publish...
Wed, 21 Nov 2018 20:55:28 DEBUG    Produced [puback] event
Wed, 21 Nov 2018 20:55:28 DEBUG    Dispatching [puback] event
Wed, 21 Nov 2018 20:55:28 INFO     Performing sync publish...
Wed, 21 Nov 2018 20:55:28 DEBUG    Produced [puback] event
Wed, 21 Nov 2018 20:55:28 DEBUG    Dispatching [puback] event
Wed, 21 Nov 2018 20:55:33 INFO     Performing sync publish...
Wed, 21 Nov 2018 20:55:33 DEBUG    Produced [puback] event
Wed, 21 Nov 2018 20:55:33 DEBUG    Dispatching [puback] event
Wed, 21 Nov 2018 20:55:33 INFO     Performing sync publish...
Wed, 21 Nov 2018 20:55:33 DEBUG    Produced [puback] event
Wed, 21 Nov 2018 20:55:33 DEBUG    Dispatching [puback] event
Wed, 21 Nov 2018 20:55:33 INFO     Performing sync publish...
Wed, 21 Nov 2018 20:55:33 DEBUG    Produced [puback] event
Wed, 21 Nov 2018 20:55:33 DEBUG    Dispatching [puback] event
Wed, 21 Nov 2018 20:55:33 INFO     Performing sync publish...
Wed, 21 Nov 2018 20:55:33 DEBUG    Produced [puback] event
Wed, 21 Nov 2018 20:55:33 DEBUG    Dispatching [puback] event
Wed, 21 Nov 2018 20:55:33 INFO     Performing sync publish...
Wed, 21 Nov 2018 20:55:33 DEBUG    Produced [puback] event
Wed, 21 Nov 2018 20:55:33 DEBUG    Dispatching [puback] event
Wed, 21 Nov 2018 20:55:33 INFO     Performing sync publish...
Wed, 21 Nov 2018 20:55:33 DEBUG    Produced [puback] event
Wed, 21 Nov 2018 20:55:33 DEBUG    Dispatching [puback] event
Wed, 21 Nov 2018 20:55:33 INFO     Performing sync publish...
Wed, 21 Nov 2018 20:55:33 DEBUG    Produced [puback] event
Wed, 21 Nov 2018 20:55:33 DEBUG    Dispatching [puback] event
Wed, 21 Nov 2018 20:55:33 INFO     Performing sync publish...
Wed, 21 Nov 2018 20:55:33 DEBUG    Produced [puback] event
Wed, 21 Nov 2018 20:55:33 DEBUG    Dispatching [puback] event
Wed, 21 Nov 2018 20:55:33 INFO     Performing sync publish...
Wed, 21 Nov 2018 20:55:33 DEBUG    Produced [puback] event
Wed, 21 Nov 2018 20:55:33 DEBUG    Dispatching [puback] event
Wed, 21 Nov 2018 20:55:33 INFO     Performing sync publish...
Wed, 21 Nov 2018 20:55:33 DEBUG    Produced [puback] event
Wed, 21 Nov 2018 20:55:33 DEBUG    Dispatching [puback] event
Wed, 21 Nov 2018 20:55:38 INFO     Performing sync publish...
Wed, 21 Nov 2018 20:55:38 DEBUG    Produced [puback] event
Wed, 21 Nov 2018 20:55:38 DEBUG    Dispatching [puback] event
Wed, 21 Nov 2018 20:55:38 INFO     Performing sync publish...
Wed, 21 Nov 2018 20:55:38 DEBUG    Produced [puback] event
Wed, 21 Nov 2018 20:55:38 DEBUG    Dispatching [puback] event
Wed, 21 Nov 2018 20:55:38 INFO     Performing sync publish...
Wed, 21 Nov 2018 20:55:38 DEBUG    Produced [puback] event
Wed, 21 Nov 2018 20:55:38 DEBUG    Dispatching [puback] event
Wed, 21 Nov 2018 20:55:38 INFO     Performing sync publish...
Wed, 21 Nov 2018 20:55:38 DEBUG    Produced [puback] event
Wed, 21 Nov 2018 20:55:38 DEBUG    Dispatching [puback] event
Wed, 21 Nov 2018 20:55:38 INFO     Performing sync publish...
Wed, 21 Nov 2018 20:55:38 DEBUG    Produced [puback] event
Wed, 21 Nov 2018 20:55:38 DEBUG    Dispatching [puback] event
Wed, 21 Nov 2018 20:55:38 INFO     Performing sync publish...
Wed, 21 Nov 2018 20:55:38 DEBUG    Produced [puback] event
Wed, 21 Nov 2018 20:55:38 DEBUG    Dispatching [puback] event
Wed, 21 Nov 2018 20:55:38 INFO     Performing sync publish...
Wed, 21 Nov 2018 20:55:38 DEBUG    Produced [puback] event
Wed, 21 Nov 2018 20:55:38 DEBUG    Dispatching [puback] event
Wed, 21 Nov 2018 20:55:38 INFO     Performing sync publish...
Wed, 21 Nov 2018 20:55:38 DEBUG    Produced [puback] event
Wed, 21 Nov 2018 20:55:38 DEBUG    Dispatching [puback] event
Wed, 21 Nov 2018 20:55:38 INFO     Performing sync publish...
Wed, 21 Nov 2018 20:55:38 DEBUG    Produced [puback] event
Wed, 21 Nov 2018 20:55:38 DEBUG    Dispatching [puback] event
Wed, 21 Nov 2018 20:55:38 INFO     Performing sync publish...
Wed, 21 Nov 2018 20:55:38 DEBUG    Produced [puback] event
Wed, 21 Nov 2018 20:55:38 DEBUG    Dispatching [puback] event
Wed, 21 Nov 2018 20:55:43 DEBUG    stableConnection: Resetting the backoff time to: 1 sec.
Wed, 21 Nov 2018 20:55:43 INFO     Performing sync publish...
Wed, 21 Nov 2018 20:55:43 DEBUG    Produced [puback] event
Wed, 21 Nov 2018 20:55:43 DEBUG    Dispatching [puback] event
Wed, 21 Nov 2018 20:55:43 INFO     Performing sync publish...
Wed, 21 Nov 2018 20:55:43 DEBUG    Produced [puback] event
Wed, 21 Nov 2018 20:55:43 DEBUG    Dispatching [puback] event
Wed, 21 Nov 2018 20:55:43 INFO     Performing sync publish...
Wed, 21 Nov 2018 20:55:43 DEBUG    Produced [puback] event
Wed, 21 Nov 2018 20:55:43 DEBUG    Dispatching [puback] event
Wed, 21 Nov 2018 20:55:43 INFO     Performing sync publish...
Wed, 21 Nov 2018 20:55:43 DEBUG    Produced [puback] event
Wed, 21 Nov 2018 20:55:43 DEBUG    Dispatching [puback] event
Wed, 21 Nov 2018 20:55:43 INFO     Performing sync publish...
Wed, 21 Nov 2018 20:55:43 DEBUG    Produced [puback] event
Wed, 21 Nov 2018 20:55:43 DEBUG    Dispatching [puback] event
Wed, 21 Nov 2018 20:55:43 INFO     Performing sync publish...
Wed, 21 Nov 2018 20:55:43 DEBUG    Produced [puback] event
Wed, 21 Nov 2018 20:55:43 DEBUG    Dispatching [puback] event
Wed, 21 Nov 2018 20:55:43 INFO     Performing sync publish...
Wed, 21 Nov 2018 20:55:43 DEBUG    Produced [puback] event
Wed, 21 Nov 2018 20:55:43 DEBUG    Dispatching [puback] event
Wed, 21 Nov 2018 20:55:43 INFO     Performing sync publish...
Wed, 21 Nov 2018 20:55:43 DEBUG    Produced [puback] event
Wed, 21 Nov 2018 20:55:43 DEBUG    Dispatching [puback] event
Wed, 21 Nov 2018 20:55:43 INFO     Performing sync publish...
Wed, 21 Nov 2018 20:55:43 DEBUG    Produced [puback] event
Wed, 21 Nov 2018 20:55:43 DEBUG    Dispatching [puback] event
Wed, 21 Nov 2018 20:55:43 INFO     Performing sync publish...
Wed, 21 Nov 2018 20:55:43 DEBUG    Produced [puback] event
Wed, 21 Nov 2018 20:55:43 DEBUG    Dispatching [puback] event
Wed, 21 Nov 2018 20:55:48 INFO     Performing sync publish...
Wed, 21 Nov 2018 20:55:48 DEBUG    Produced [puback] event
Wed, 21 Nov 2018 20:55:48 DEBUG    Dispatching [puback] event
Wed, 21 Nov 2018 20:55:48 INFO     Performing sync publish...
Wed, 21 Nov 2018 20:55:48 DEBUG    Produced [puback] event
Wed, 21 Nov 2018 20:55:48 DEBUG    Dispatching [puback] event
Wed, 21 Nov 2018 20:55:48 INFO     Performing sync publish...
Wed, 21 Nov 2018 20:55:48 DEBUG    Produced [puback] event
Wed, 21 Nov 2018 20:55:48 DEBUG    Dispatching [puback] event
Wed, 21 Nov 2018 20:55:48 INFO     Performing sync publish...
Wed, 21 Nov 2018 20:55:48 DEBUG    Produced [puback] event
Wed, 21 Nov 2018 20:55:48 DEBUG    Dispatching [puback] event
Wed, 21 Nov 2018 20:55:48 INFO     Performing sync publish...
Wed, 21 Nov 2018 20:55:48 DEBUG    Produced [puback] event
Wed, 21 Nov 2018 20:55:48 DEBUG    Dispatching [puback] event
Wed, 21 Nov 2018 20:55:48 INFO     Performing sync publish...
Wed, 21 Nov 2018 20:55:48 DEBUG    Produced [puback] event
Wed, 21 Nov 2018 20:55:48 DEBUG    Dispatching [puback] event
Wed, 21 Nov 2018 20:55:48 INFO     Performing sync publish...
Wed, 21 Nov 2018 20:55:48 DEBUG    Produced [puback] event
Wed, 21 Nov 2018 20:55:48 DEBUG    Dispatching [puback] event
Wed, 21 Nov 2018 20:55:48 INFO     Performing sync publish...
Wed, 21 Nov 2018 20:55:48 DEBUG    Produced [puback] event
Wed, 21 Nov 2018 20:55:48 DEBUG    Dispatching [puback] event
Wed, 21 Nov 2018 20:55:48 INFO     Performing sync publish...
Wed, 21 Nov 2018 20:55:48 DEBUG    Produced [puback] event
Wed, 21 Nov 2018 20:55:48 DEBUG    Dispatching [puback] event
Wed, 21 Nov 2018 20:55:48 INFO     Performing sync publish...
Wed, 21 Nov 2018 20:55:48 DEBUG    Produced [puback] event
Wed, 21 Nov 2018 20:55:48 DEBUG    Dispatching [puback] event
Wed, 21 Nov 2018 20:55:53 INFO     Performing sync publish...
Wed, 21 Nov 2018 20:55:53 DEBUG    Produced [puback] event
Wed, 21 Nov 2018 20:55:53 DEBUG    Dispatching [puback] event
Wed, 21 Nov 2018 20:55:53 INFO     Performing sync publish...
Wed, 21 Nov 2018 20:55:53 DEBUG    Produced [puback] event
Wed, 21 Nov 2018 20:55:53 DEBUG    Dispatching [puback] event
Wed, 21 Nov 2018 20:55:53 INFO     Performing sync publish...
Wed, 21 Nov 2018 20:55:53 DEBUG    Produced [puback] event
Wed, 21 Nov 2018 20:55:53 DEBUG    Dispatching [puback] event
Wed, 21 Nov 2018 20:55:53 INFO     Performing sync publish...
Wed, 21 Nov 2018 20:55:53 DEBUG    Produced [puback] event
Wed, 21 Nov 2018 20:55:53 DEBUG    Dispatching [puback] event
Wed, 21 Nov 2018 20:55:53 INFO     Performing sync publish...
Wed, 21 Nov 2018 20:55:53 DEBUG    Produced [puback] event
Wed, 21 Nov 2018 20:55:53 DEBUG    Dispatching [puback] event
Wed, 21 Nov 2018 20:55:53 INFO     Performing sync publish...
Wed, 21 Nov 2018 20:55:53 DEBUG    Produced [puback] event
Wed, 21 Nov 2018 20:55:53 DEBUG    Dispatching [puback] event
Wed, 21 Nov 2018 20:55:53 INFO     Performing sync publish...
Wed, 21 Nov 2018 20:55:53 DEBUG    Produced [puback] event
Wed, 21 Nov 2018 20:55:53 DEBUG    Dispatching [puback] event
Wed, 21 Nov 2018 20:55:53 INFO     Performing sync publish...
Wed, 21 Nov 2018 20:55:53 DEBUG    Produced [puback] event
Wed, 21 Nov 2018 20:55:53 DEBUG    Dispatching [puback] event
