Wed, 21 Nov 2018 23:13:11 DEBUG    Config file loaded : config.py
Wed, 21 Nov 2018 23:13:11 DEBUG    Config file loaded : config.py
Wed, 21 Nov 2018 23:13:11 DEBUG    Initializing MQTT layer...
Wed, 21 Nov 2018 23:13:11 DEBUG    Registering internal event callbacks to MQTT layer...
Wed, 21 Nov 2018 23:13:11 INFO     MqttCore initialized
Wed, 21 Nov 2018 23:13:11 INFO     Client id: SDM120_ENERGY_METER
Wed, 21 Nov 2018 23:13:11 INFO     Protocol version: MQTTv3.1.1
Wed, 21 Nov 2018 23:13:11 INFO     Authentication type: TLSv1.2 certificate based Mutual Auth.
Wed, 21 Nov 2018 23:13:11 INFO     Configuring endpoint...
Wed, 21 Nov 2018 23:13:11 DEBUG    Config file loaded : config.py
Wed, 21 Nov 2018 23:13:11 DEBUG    MODBUS Config loadedMODBUS.py
Wed, 21 Nov 2018 23:13:11 DEBUG    FEEDING data to databse started-: main.py
18 23:13:11 INFO     Configuring reconnect back off timing...
Wed, 21 Nov 2018 23:13:11 INFO     Base quiet time: 1.000000 sec
Wed, 21 Nov 2018 23:13:11 INFO     Max quiet time: 32.000000 sec
Wed, 21 Nov 2018 23:13:11 INFO     Stable connection time: 20.000000 sec
Wed, 21 Nov 2018 23:13:11 INFO     Configuring offline requests queueing: max queue size: -1
Wed, 21 Nov 2018 23:13:11 INFO     Configuring offline requests queue draining interval: 0.500000 sec
Wed, 21 Nov 2018 23:13:11 INFO     Configuring connect/disconnect time out: 10.000000 sec
Wed, 21 Nov 2018 23:13:11 INFO     Configuring MQTT operation time out: 5.000000 sec
Wed, 21 Nov 2018 23:13:11 INFO     Performing sync connect...
Wed, 21 Nov 2018 23:13:11 INFO     Performing async connect...
Wed, 21 Nov 2018 23:13:11 INFO     Keep-alive: 600.000000 sec
Wed, 21 Nov 2018 23:13:11 DEBUG    Event consuming thread started
Wed, 21 Nov 2018 23:13:11 DEBUG    Passing in general notification callbacks to internal client...
Wed, 21 Nov 2018 23:13:11 DEBUG    Filling in fixed event callbacks: CONNACK, DISCONNECT, MESSAGE
Wed, 21 Nov 2018 23:13:14 DEBUG    Starting network I/O thread...
Wed, 21 Nov 2018 23:13:15 DEBUG    Produced [connack] event
Wed, 21 Nov 2018 23:13:15 DEBUG    Dispatching [connack] event
Wed, 21 Nov 2018 23:13:15 DEBUG    No need for recovery
Wed, 21 Nov 2018 23:13:15 DEBUG    Invoking custom event callback...
Wed, 21 Nov 2018 23:13:15 INFO     Performing sync publish...
Wed, 21 Nov 2018 23:13:15 DEBUG    Produced [puback] event
Wed, 21 Nov 2018 23:13:15 DEBUG    Dispatching [puback] event
Wed, 21 Nov 2018 23:13:15 INFO     Performing sync publish...
Wed, 21 Nov 2018 23:13:15 DEBUG    Produced [puback] event
Wed, 21 Nov 2018 23:13:15 DEBUG    Dispatching [puback] event
Wed, 21 Nov 2018 23:13:15 INFO     Performing sync publish...
Wed, 21 Nov 2018 23:13:15 DEBUG    Produced [puback] event
Wed, 21 Nov 2018 23:13:15 DEBUG    Dispatching [puback] event
Wed, 21 Nov 2018 23:13:15 INFO     Performing sync publish...
Wed, 21 Nov 2018 23:13:15 DEBUG    Produced [puback] event
Wed, 21 Nov 2018 23:13:15 DEBUG    Dispatching [puback] event
Wed, 21 Nov 2018 23:13:15 INFO     Performing sync publish...
Wed, 21 Nov 2018 23:13:15 DEBUG    Produced [puback] event
Wed, 21 Nov 2018 23:13:15 DEBUG    Dispatching [puback] event
Wed, 21 Nov 2018 23:13:15 INFO     Performing sync publish...
Wed, 21 Nov 2018 23:13:15 DEBUG    Produced [puback] event
Wed, 21 Nov 2018 23:13:15 DEBUG    Dispatching [puback] event
Wed, 21 Nov 2018 23:13:15 INFO     Performing sync publish...
Wed, 21 Nov 2018 23:13:15 DEBUG    Produced [puback] event
Wed, 21 Nov 2018 23:13:15 DEBUG    Dispatching [puback] event
Wed, 21 Nov 2018 23:13:15 INFO     Performing sync publish...
Wed, 21 Nov 2018 23:13:15 DEBUG    Produced [puback] event
Wed, 21 Nov 2018 23:13:15 DEBUG    Dispatching [puback] event
Wed, 21 Nov 2018 23:13:15 INFO     Performing sync publish...
Wed, 21 Nov 2018 23:13:15 DEBUG    Produced [puback] event
Wed, 21 Nov 2018 23:13:15 DEBUG    Dispatching [puback] event
Wed, 21 Nov 2018 23:13:16 INFO     Performing sync publish...
Wed, 21 Nov 2018 23:13:16 DEBUG    Produced [puback] event
Wed, 21 Nov 2018 23:13:16 DEBUG    Dispatching [puback] event
Wed, 21 Nov 2018 23:13:17 INFO     Performing sync publish...
Wed, 21 Nov 2018 23:13:17 DEBUG    Produced [puback] event
Wed, 21 Nov 2018 23:13:17 DEBUG    Dispatching [puback] event
Wed, 21 Nov 2018 23:13:18 INFO     Performing sync publish...
Wed, 21 Nov 2018 23:13:18 DEBUG    Produced [puback] event
Wed, 21 Nov 2018 23:13:18 DEBUG    Dispatching [puback] event
Wed, 21 Nov 2018 23:13:19 INFO     Performing sync publish...
Wed, 21 Nov 2018 23:13:19 DEBUG    Produced [puback] event
Wed, 21 Nov 2018 23:13:19 DEBUG    Dispatching [puback] event
Wed, 21 Nov 2018 23:13:20 INFO     Performing sync publish...
Wed, 21 Nov 2018 23:13:20 DEBUG    Produced [puback] event
Wed, 21 Nov 2018 23:13:20 DEBUG    Dispatching [puback] event
Wed, 21 Nov 2018 23:13:21 INFO     Performing sync publish...
Wed, 21 Nov 2018 23:13:21 DEBUG    Produced [puback] event
Wed, 21 Nov 2018 23:13:21 DEBUG    Dispatching [puback] event
Wed, 21 Nov 2018 23:13:22 INFO     Performing sync publish...
Wed, 21 Nov 2018 23:13:22 DEBUG    Produced [puback] event
Wed, 21 Nov 2018 23:13:22 DEBUG    Dispatching [puback] event
Wed, 21 Nov 2018 23:13:23 INFO     Performing sync publish...
Wed, 21 Nov 2018 23:13:23 DEBUG    Produced [puback] event
Wed, 21 Nov 2018 23:13:23 DEBUG    Dispatching [puback] event
Wed, 21 Nov 2018 23:13:24 INFO     Performing sync publish...
Wed, 21 Nov 2018 23:13:24 DEBUG    Produced [puback] event
Wed, 21 Nov 2018 23:13:24 DEBUG    Dispatching [puback] event
Wed, 21 Nov 2018 23:13:25 INFO     Performing sync publish...
Wed, 21 Nov 2018 23:13:25 DEBUG    Produced [puback] event
Wed, 21 Nov 2018 23:13:25 DEBUG    Dispatching [puback] event
Wed, 21 Nov 2018 23:13:26 INFO     Performing sync publish...
Wed, 21 Nov 2018 23:13:26 DEBUG    Produced [puback] event
Wed, 21 Nov 2018 23:13:26 DEBUG    Dispatching [puback] event
Wed, 21 Nov 2018 23:13:27 INFO     Performing sync publish...
Wed, 21 Nov 2018 23:13:27 DEBUG    Produced [puback] event
Wed, 21 Nov 2018 23:13:27 DEBUG    Dispatching [puback] event
Wed, 21 Nov 2018 23:13:28 INFO     Performing sync publish...
Wed, 21 Nov 2018 23:13:28 DEBUG    Produced [puback] event
Wed, 21 Nov 2018 23:13:28 DEBUG    Dispatching [puback] event
Wed, 21 Nov 2018 23:13:29 INFO     Performing sync publish...
Wed, 21 Nov 2018 23:13:29 DEBUG    Produced [puback] event
Wed, 21 Nov 2018 23:13:29 DEBUG    Dispatching [puback] event
Wed, 21 Nov 2018 23:13:30 INFO     Performing sync publish...
Wed, 21 Nov 2018 23:13:30 DEBUG    Produced [puback] event
Wed, 21 Nov 2018 23:13:30 DEBUG    Dispatching [puback] event
Wed, 21 Nov 2018 23:13:31 INFO     Performing sync publish...
Wed, 21 Nov 2018 23:13:31 DEBUG    Produced [puback] event
Wed, 21 Nov 2018 23:13:31 DEBUG    Dispatching [puback] event
Wed, 21 Nov 2018 23:13:32 INFO     Performing sync publish...
Wed, 21 Nov 2018 23:13:32 DEBUG    Produced [puback] event
Wed, 21 Nov 2018 23:13:32 DEBUG    Dispatching [puback] event
Wed, 21 Nov 2018 23:13:33 INFO     Performing sync publish...
Wed, 21 Nov 2018 23:13:33 DEBUG    Produced [puback] event
Wed, 21 Nov 2018 23:13:33 DEBUG    Dispatching [puback] event
Wed, 21 Nov 2018 23:13:34 INFO     Performing sync publish...
Wed, 21 Nov 2018 23:13:34 DEBUG    Produced [puback] event
Wed, 21 Nov 2018 23:13:34 DEBUG    Dispatching [puback] event
Wed, 21 Nov 2018 23:13:35 DEBUG    stableConnection: Resetting the backoff time to: 1 sec.
Wed, 21 Nov 2018 23:13:35 INFO     Performing sync publish...
Wed, 21 Nov 2018 23:13:35 DEBUG    Produced [puback] event
Wed, 21 Nov 2018 23:13:35 DEBUG    Dispatching [puback] event
Wed, 21 Nov 2018 23:13:36 INFO     Performing sync publish...
Wed, 21 Nov 2018 23:13:36 DEBUG    Produced [puback] event
Wed, 21 Nov 2018 23:13:36 DEBUG    Dispatching [puback] event
Wed, 21 Nov 2018 23:13:37 INFO     Performing sync publish...
Wed, 21 Nov 2018 23:13:37 DEBUG    Produced [puback] event
Wed, 21 Nov 2018 23:13:37 DEBUG    Dispatching [puback] event
Wed, 21 Nov 2018 23:13:38 INFO     Performing sync publish...
Wed, 21 Nov 2018 23:13:38 DEBUG    Produced [puback] event
Wed, 21 Nov 2018 23:13:38 DEBUG    Dispatching [puback] event
Wed, 21 Nov 2018 23:13:39 INFO     Performing sync publish...
Wed, 21 Nov 2018 23:13:39 DEBUG    Produced [puback] event
Wed, 21 Nov 2018 23:13:39 DEBUG    Dispatching [puback] event
Wed, 21 Nov 2018 23:13:40 INFO     Performing sync publish...
Wed, 21 Nov 2018 23:13:40 DEBUG    Produced [puback] event
Wed, 21 Nov 2018 23:13:40 DEBUG    Dispatching [puback] event
Wed, 21 Nov 2018 23:13:41 INFO     Performing sync publish...
Wed, 21 Nov 2018 23:13:41 DEBUG    Produced [puback] event
Wed, 21 Nov 2018 23:13:41 DEBUG    Dispatching [puback] event
Wed, 21 Nov 2018 23:13:42 INFO     Performing sync publish...
Wed, 21 Nov 2018 23:13:42 DEBUG    Produced [puback] event
Wed, 21 Nov 2018 23:13:42 DEBUG    Dispatching [puback] event
Wed, 21 Nov 2018 23:13:43 INFO     Performing sync publish...
Wed, 21 Nov 2018 23:13:43 DEBUG    Produced [puback] event
Wed, 21 Nov 2018 23:13:43 DEBUG    Dispatching [puback] event
Wed, 21 Nov 2018 23:13:44 INFO     Performing sync publish...
Wed, 21 Nov 2018 23:13:44 DEBUG    Produced [puback] event
Wed, 21 Nov 2018 23:13:44 DEBUG    Dispatching [puback] event
Wed, 21 Nov 2018 23:13:45 INFO     Performing sync publish...
Wed, 21 Nov 2018 23:13:45 DEBUG    Produced [puback] event
Wed, 21 Nov 2018 23:13:45 DEBUG    Dispatching [puback] event
Wed, 21 Nov 2018 23:13:46 INFO     Performing sync publish...
Wed, 21 Nov 2018 23:13:46 DEBUG    Produced [puback] event
Wed, 21 Nov 2018 23:13:46 DEBUG    Dispatching [puback] event
Wed, 21 Nov 2018 23:13:47 INFO     Performing sync publish...
Wed, 21 Nov 2018 23:13:47 DEBUG    Produced [puback] event
Wed, 21 Nov 2018 23:13:47 DEBUG    Dispatching [puback] event
Wed, 21 Nov 2018 23:13:49 INFO     Performing sync publish...
Wed, 21 Nov 2018 23:13:49 DEBUG    Produced [puback] event
Wed, 21 Nov 2018 23:13:49 DEBUG    Dispatching [puback] event
Wed, 21 Nov 2018 23:13:50 INFO     Performing sync publish...
Wed, 21 Nov 2018 23:13:50 DEBUG    Produced [puback] event
Wed, 21 Nov 2018 23:13:50 DEBUG    Dispatching [puback] event
Wed, 21 Nov 2018 23:13:51 INFO     Performing sync publish...
Wed, 21 Nov 2018 23:13:51 DEBUG    Produced [puback] event
Wed, 21 Nov 2018 23:13:51 DEBUG    Dispatching [puback] event
Wed, 21 Nov 2018 23:13:52 INFO     Performing sync publish...
Wed, 21 Nov 2018 23:13:52 DEBUG    Produced [puback] event
Wed, 21 Nov 2018 23:13:52 DEBUG    Dispatching [puback] event
Wed, 21 Nov 2018 23:13:53 INFO     Performing sync publish...
Wed, 21 Nov 2018 23:13:53 DEBUG    Produced [puback] event
Wed, 21 Nov 2018 23:13:53 DEBUG    Dispatching [puback] event
Wed, 21 Nov 2018 23:13:54 INFO     Performing sync publish...
Wed, 21 Nov 2018 23:13:54 DEBUG    Produced [puback] event
Wed, 21 Nov 2018 23:13:54 DEBUG    Dispatching [puback] event
Wed, 21 Nov 2018 23:13:55 INFO     Performing sync publish...
Wed, 21 Nov 2018 23:13:55 DEBUG    Produced [puback] event
Wed, 21 Nov 2018 23:13:55 DEBUG    Dispatching [puback] event
Wed, 21 Nov 2018 23:13:55 INFO     Performing sync publish...
Wed, 21 Nov 2018 23:13:55 DEBUG    Produced [puback] event
Wed, 21 Nov 2018 23:13:55 DEBUG    Dispatching [puback] event
Wed, 21 Nov 2018 23:13:56 INFO     Performing sync publish...
Wed, 21 Nov 2018 23:13:56 DEBUG    Produced [puback] event
Wed, 21 Nov 2018 23:13:56 DEBUG    Dispatching [puback] event
Wed, 21 Nov 2018 23:13:57 INFO     Performing sync publish...
Wed, 21 Nov 2018 23:13:57 DEBUG    Produced [puback] event
Wed, 21 Nov 2018 23:13:57 DEBUG    Dispatching [puback] event
Wed, 21 Nov 2018 23:13:58 INFO     Performing sync publish...
Wed, 21 Nov 2018 23:13:58 DEBUG    Produced [puback] event
Wed, 21 Nov 2018 23:13:58 DEBUG    Dispatching [puback] event
Wed, 21 Nov 2018 23:13:59 INFO     Performing sync publish...
Wed, 21 Nov 2018 23:13:59 DEBUG    Produced [puback] event
Wed, 21 Nov 2018 23:13:59 DEBUG    Dispatching [puback] event
Wed, 21 Nov 2018 23:14:00 INFO     Performing sync publish...
Wed, 21 Nov 2018 23:14:00 DEBUG    Produced [puback] event
Wed, 21 Nov 2018 23:14:00 DEBUG    Dispatching [puback] event
Wed, 21 Nov 2018 23:14:01 INFO     Performing sync publish...
Wed, 21 Nov 2018 23:14:01 DEBUG    Produced [puback] event
Wed, 21 Nov 2018 23:14:01 DEBUG    Dispatching [puback] event
Wed, 21 Nov 2018 23:14:02 INFO     Performing sync publish...
Wed, 21 Nov 2018 23:14:02 DEBUG    Produced [puback] event
Wed, 21 Nov 2018 23:14:02 DEBUG    Dispatching [puback] event
Wed, 21 Nov 2018 23:14:03 INFO     Performing sync publish...
Wed, 21 Nov 2018 23:14:03 DEBUG    Produced [puback] event
Wed, 21 Nov 2018 23:14:03 DEBUG    Dispatching [puback] event
Wed, 21 Nov 2018 23:14:04 INFO     Performing sync publish...
Wed, 21 Nov 2018 23:14:04 DEBUG    Produced [puback] event
Wed, 21 Nov 2018 23:14:04 DEBUG    Dispatching [puback] event
Wed, 21 Nov 2018 23:14:05 INFO     Performing sync publish...
Wed, 21 Nov 2018 23:14:05 DEBUG    Produced [puback] event
Wed, 21 Nov 2018 23:14:05 DEBUG    Dispatching [puback] event
Wed, 21 Nov 2018 23:14:06 INFO     Performing sync publish...
Wed, 21 Nov 2018 23:14:06 DEBUG    Produced [puback] event
Wed, 21 Nov 2018 23:14:06 DEBUG    Dispatching [puback] event
Wed, 21 Nov 2018 23:14:07 INFO     Performing sync publish...
Wed, 21 Nov 2018 23:14:07 DEBUG    Produced [puback] event
Wed, 21 Nov 2018 23:14:07 DEBUG    Dispatching [puback] event
Wed, 21 Nov 2018 23:14:08 INFO     Performing sync publish...
Wed, 21 Nov 2018 23:14:08 DEBUG    Produced [puback] event
Wed, 21 Nov 2018 23:14:08 DEBUG    Dispatching [puback] event
Wed, 21 Nov 2018 23:14:09 INFO     Performing sync publish...
Wed, 21 Nov 2018 23:14:09 DEBUG    Produced [puback] event
Wed, 21 Nov 2018 23:14:09 DEBUG    Dispatching [puback] event
Wed, 21 Nov 2018 23:14:10 INFO     Performing sync publish...
Wed, 21 Nov 2018 23:14:10 DEBUG    Produced [puback] event
Wed, 21 Nov 2018 23:14:10 DEBUG    Dispatching [puback] event
Wed, 21 Nov 2018 23:14:11 INFO     Performing sync publish...
Wed, 21 Nov 2018 23:14:11 DEBUG    Produced [puback] event
Wed, 21 Nov 2018 23:14:11 DEBUG    Dispatching [puback] event
Wed, 21 Nov 2018 23:14:12 INFO     Performing sync publish...
Wed, 21 Nov 2018 23:14:12 DEBUG    Produced [puback] event
Wed, 21 Nov 2018 23:14:12 DEBUG    Dispatching [puback] event
Wed, 21 Nov 2018 23:14:13 INFO     Performing sync publish...
Wed, 21 Nov 2018 23:14:13 DEBUG    Produced [puback] event
Wed, 21 Nov 2018 23:14:13 DEBUG    Dispatching [puback] event
Wed, 21 Nov 2018 23:14:14 INFO     Performing sync publish...
Wed, 21 Nov 2018 23:14:14 DEBUG    Produced [puback] event
Wed, 21 Nov 2018 23:14:14 DEBUG    Dispatching [puback] event
Wed, 21 Nov 2018 23:14:15 INFO     Performing sync publish...
Wed, 21 Nov 2018 23:14:15 DEBUG    Produced [puback] event
Wed, 21 Nov 2018 23:14:15 DEBUG    Dispatching [puback] event
Wed, 21 Nov 2018 23:14:16 INFO     Performing sync publish...
Wed, 21 Nov 2018 23:14:16 DEBUG    Produced [puback] event
Wed, 21 Nov 2018 23:14:16 DEBUG    Dispatching [puback] event
Wed, 21 Nov 2018 23:14:17 INFO     Performing sync publish...
Wed, 21 Nov 2018 23:14:17 DEBUG    Produced [puback] event
Wed, 21 Nov 2018 23:14:17 DEBUG    Dispatching [puback] event
Wed, 21 Nov 2018 23:14:18 INFO     Performing sync publish...
Wed, 21 Nov 2018 23:14:18 DEBUG    Produced [puback] event
Wed, 21 Nov 2018 23:14:18 DEBUG    Dispatching [puback] event
Wed, 21 Nov 2018 23:14:19 INFO     Performing sync publish...
Wed, 21 Nov 2018 23:14:19 DEBUG    Produced [puback] event
Wed, 21 Nov 2018 23:14:19 DEBUG    Dispatching [puback] event
Wed, 21 Nov 2018 23:14:20 INFO     Performing sync publish...
Wed, 21 Nov 2018 23:14:20 DEBUG    Produced [puback] event
Wed, 21 Nov 2018 23:14:20 DEBUG    Dispatching [puback] event
Wed, 21 Nov 2018 23:14:21 INFO     Performing sync publish...
Wed, 21 Nov 2018 23:14:21 DEBUG    Produced [puback] event
Wed, 21 Nov 2018 23:14:21 DEBUG    Dispatching [puback] event
Wed, 21 Nov 2018 23:14:22 INFO     Performing sync publish...
Wed, 21 Nov 2018 23:14:22 DEBUG    Produced [puback] event
Wed, 21 Nov 2018 23:14:22 DEBUG    Dispatching [puback] event
Wed, 21 Nov 2018 23:14:23 INFO     Performing sync publish...
Wed, 21 Nov 2018 23:14:23 DEBUG    Produced [puback] event
Wed, 21 Nov 2018 23:14:23 DEBUG    Dispatching [puback] event
Wed, 21 Nov 2018 23:14:24 INFO     Performing sync publish...
Wed, 21 Nov 2018 23:14:24 DEBUG    Produced [puback] event
Wed, 21 Nov 2018 23:14:24 DEBUG    Dispatching [puback] event
Wed, 21 Nov 2018 23:14:26 INFO     Performing sync publish...
Wed, 21 Nov 2018 23:14:26 DEBUG    Produced [puback] event
Wed, 21 Nov 2018 23:14:26 DEBUG    Dispatching [puback] event
Wed, 21 Nov 2018 23:14:27 INFO     Performing sync publish...
Wed, 21 Nov 2018 23:14:27 DEBUG    Produced [puback] event
Wed, 21 Nov 2018 23:14:27 DEBUG    Dispatching [puback] event
Wed, 21 Nov 2018 23:14:27 INFO     Performing sync publish...
Wed, 21 Nov 2018 23:14:27 DEBUG    Produced [puback] event
Wed, 21 Nov 2018 23:14:27 DEBUG    Dispatching [puback] event
Wed, 21 Nov 2018 23:14:28 INFO     Performing sync publish...
Wed, 21 Nov 2018 23:14:28 DEBUG    Produced [puback] event
Wed, 21 Nov 2018 23:14:28 DEBUG    Dispatching [puback] event
Wed, 21 Nov 2018 23:14:29 INFO     Performing sync publish...
Wed, 21 Nov 2018 23:14:29 DEBUG    Produced [puback] event
Wed, 21 Nov 2018 23:14:29 DEBUG    Dispatching [puback] event
Wed, 21 Nov 2018 23:14:30 INFO     Performing sync publish...
Wed, 21 Nov 2018 23:14:30 DEBUG    Produced [puback] event
Wed, 21 Nov 2018 23:14:30 DEBUG    Dispatching [puback] event
Wed, 21 Nov 2018 23:14:31 INFO     Performing sync publish...
Wed, 21 Nov 2018 23:14:31 DEBUG    Produced [puback] event
Wed, 21 Nov 2018 23:14:31 DEBUG    Dispatching [puback] event
Wed, 21 Nov 2018 23:14:32 INFO     Performing sync publish...
Wed, 21 Nov 2018 23:14:32 DEBUG    Produced [puback] event
Wed, 21 Nov 2018 23:14:32 DEBUG    Dispatching [puback] event
Wed, 21 Nov 2018 23:14:33 INFO     Performing sync publish...
Wed, 21 Nov 2018 23:14:33 DEBUG    Produced [puback] event
Wed, 21 Nov 2018 23:14:33 DEBUG    Dispatching [puback] event
Wed, 21 Nov 2018 23:14:34 INFO     Performing sync publish...
Wed, 21 Nov 2018 23:14:34 DEBUG    Produced [puback] event
Wed, 21 Nov 2018 23:14:34 DEBUG    Dispatching [puback] event
Wed, 21 Nov 2018 23:14:35 INFO     Performing sync publish...
Wed, 21 Nov 2018 23:14:35 DEBUG    Produced [puback] event
Wed, 21 Nov 2018 23:14:35 DEBUG    Dispatching [puback] event
Wed, 21 Nov 2018 23:14:36 INFO     Performing sync publish...
Wed, 21 Nov 2018 23:14:36 DEBUG    Produced [puback] event
Wed, 21 Nov 2018 23:14:36 DEBUG    Dispatching [puback] event
Wed, 21 Nov 2018 23:14:37 INFO     Performing sync publish...
Wed, 21 Nov 2018 23:14:37 DEBUG    Produced [puback] event
Wed, 21 Nov 2018 23:14:37 DEBUG    Dispatching [puback] event
Wed, 21 Nov 2018 23:14:38 INFO     Performing sync publish...
Wed, 21 Nov 2018 23:14:38 DEBUG    Produced [puback] event
Wed, 21 Nov 2018 23:14:38 DEBUG    Dispatching [puback] event
Wed, 21 Nov 2018 23:14:39 INFO     Performing sync publish...
Wed, 21 Nov 2018 23:14:39 DEBUG    Produced [puback] event
Wed, 21 Nov 2018 23:14:39 DEBUG    Dispatching [puback] event
Wed, 21 Nov 2018 23:14:40 INFO     Performing sync publish...
Wed, 21 Nov 2018 23:14:40 DEBUG    Produced [puback] event
Wed, 21 Nov 2018 23:14:40 DEBUG    Dispatching [puback] event
Wed, 21 Nov 2018 23:14:41 INFO     Performing sync publish...
Wed, 21 Nov 2018 23:14:41 DEBUG    Produced [puback] event
Wed, 21 Nov 2018 23:14:41 DEBUG    Dispatching [puback] event
Wed, 21 Nov 2018 23:14:42 INFO     Performing sync publish...
Wed, 21 Nov 2018 23:14:42 DEBUG    Produced [puback] event
Wed, 21 Nov 2018 23:14:42 DEBUG    Dispatching [puback] event
Wed, 21 Nov 2018 23:14:43 INFO     Performing sync publish...
Wed, 21 Nov 2018 23:14:43 DEBUG    Produced [puback] event
Wed, 21 Nov 2018 23:14:43 DEBUG    Dispatching [puback] event
Wed, 21 Nov 2018 23:14:44 INFO     Performing sync publish...
Wed, 21 Nov 2018 23:14:44 DEBUG    Produced [puback] event
Wed, 21 Nov 2018 23:14:44 DEBUG    Dispatching [puback] event
Wed, 21 Nov 2018 23:14:46 INFO     Performing sync publish...
Wed, 21 Nov 2018 23:14:46 DEBUG    Produced [puback] event
Wed, 21 Nov 2018 23:14:46 DEBUG    Dispatching [puback] event
Wed, 21 Nov 2018 23:14:47 INFO     Performing sync publish...
Wed, 21 Nov 2018 23:14:47 DEBUG    Produced [puback] event
Wed, 21 Nov 2018 23:14:47 DEBUG    Dispatching [puback] event
Wed, 21 Nov 2018 23:14:48 INFO     Performing sync publish...
Wed, 21 Nov 2018 23:14:48 DEBUG    Produced [puback] event
Wed, 21 Nov 2018 23:14:48 DEBUG    Dispatching [puback] event
Wed, 21 Nov 2018 23:14:49 INFO     Performing sync publish...
Wed, 21 Nov 2018 23:14:49 DEBUG    Produced [puback] event
Wed, 21 Nov 2018 23:14:49 DEBUG    Dispatching [puback] event
Wed, 21 Nov 2018 23:14:50 INFO     Performing sync publish...
Wed, 21 Nov 2018 23:14:50 DEBUG    Produced [puback] event
Wed, 21 Nov 2018 23:14:50 DEBUG    Dispatching [puback] event
Wed, 21 Nov 2018 23:14:51 INFO     Performing sync publish...
Wed, 21 Nov 2018 23:14:51 DEBUG    Produced [puback] event
Wed, 21 Nov 2018 23:14:51 DEBUG    Dispatching [puback] event
Wed, 21 Nov 2018 23:14:52 INFO     Performing sync publish...
Wed, 21 Nov 2018 23:14:52 DEBUG    Produced [puback] event
Wed, 21 Nov 2018 23:14:52 DEBUG    Dispatching [puback] event
Wed, 21 Nov 2018 23:14:53 INFO     Performing sync publish...
Wed, 21 Nov 2018 23:14:53 DEBUG    Produced [puback] event
Wed, 21 Nov 2018 23:14:53 DEBUG    Dispatching [puback] event
Wed, 21 Nov 2018 23:14:54 INFO     Performing sync publish...
Wed, 21 Nov 2018 23:14:54 DEBUG    Produced [puback] event
Wed, 21 Nov 2018 23:14:54 DEBUG    Dispatching [puback] event
Wed, 21 Nov 2018 23:14:55 INFO     Performing sync publish...
Wed, 21 Nov 2018 23:14:55 DEBUG    Produced [puback] event
Wed, 21 Nov 2018 23:14:55 DEBUG    Dispatching [puback] event
Wed, 21 Nov 2018 23:14:56 INFO     Performing sync publish...
Wed, 21 Nov 2018 23:14:56 DEBUG    Produced [puback] event
Wed, 21 Nov 2018 23:14:56 DEBUG    Dispatching [puback] event
Wed, 21 Nov 2018 23:14:57 INFO     Performing sync publish...
Wed, 21 Nov 2018 23:14:57 DEBUG    Produced [puback] event
Wed, 21 Nov 2018 23:14:57 DEBUG    Dispatching [puback] event
Wed, 21 Nov 2018 23:14:59 INFO     Performing sync publish...
Wed, 21 Nov 2018 23:14:59 DEBUG    Produced [puback] event
Wed, 21 Nov 2018 23:14:59 DEBUG    Dispatching [puback] event
Wed, 21 Nov 2018 23:15:00 INFO     Performing sync publish...
Wed, 21 Nov 2018 23:15:00 DEBUG    Produced [puback] event
Wed, 21 Nov 2018 23:15:00 DEBUG    Dispatching [puback] event
Wed, 21 Nov 2018 23:15:01 INFO     Performing sync publish...
Wed, 21 Nov 2018 23:15:01 DEBUG    Produced [puback] event
Wed, 21 Nov 2018 23:15:01 DEBUG    Dispatching [puback] event
Wed, 21 Nov 2018 23:15:02 INFO     Performing sync publish...
Wed, 21 Nov 2018 23:15:02 DEBUG    Produced [puback] event
Wed, 21 Nov 2018 23:15:02 DEBUG    Dispatching [puback] event
Wed, 21 Nov 2018 23:15:03 INFO     Performing sync publish...
Wed, 21 Nov 2018 23:15:03 DEBUG    Produced [puback] event
Wed, 21 Nov 2018 23:15:03 DEBUG    Dispatching [puback] event
Wed, 21 Nov 2018 23:15:04 INFO     Performing sync publish...
Wed, 21 Nov 2018 23:15:04 DEBUG    Produced [puback] event
Wed, 21 Nov 2018 23:15:04 DEBUG    Dispatching [puback] event
Wed, 21 Nov 2018 23:15:05 INFO     Performing sync publish...
Wed, 21 Nov 2018 23:15:05 DEBUG    Produced [puback] event
Wed, 21 Nov 2018 23:15:05 DEBUG    Dispatching [puback] event
Wed, 21 Nov 2018 23:15:06 INFO     Performing sync publish...
Wed, 21 Nov 2018 23:15:06 DEBUG    Produced [puback] event
Wed, 21 Nov 2018 23:15:06 DEBUG    Dispatching [puback] event
Wed, 21 Nov 2018 23:15:07 INFO     Performing sync publish...
Wed, 21 Nov 2018 23:15:07 DEBUG    Produced [puback] event
Wed, 21 Nov 2018 23:15:07 DEBUG    Dispatching [puback] event
Wed, 21 Nov 2018 23:15:08 INFO     Performing sync publish...
Wed, 21 Nov 2018 23:15:08 DEBUG    Produced [puback] event
Wed, 21 Nov 2018 23:15:08 DEBUG    Dispatching [puback] event
Wed, 21 Nov 2018 23:15:09 INFO     Performing sync publish...
Wed, 21 Nov 2018 23:15:09 DEBUG    Produced [puback] event
Wed, 21 Nov 2018 23:15:09 DEBUG    Dispatching [puback] event
Wed, 21 Nov 2018 23:15:10 INFO     Performing sync publish...
Wed, 21 Nov 2018 23:15:10 DEBUG    Produced [puback] event
Wed, 21 Nov 2018 23:15:10 DEBUG    Dispatching [puback] event
Wed, 21 Nov 2018 23:15:11 INFO     Performing sync publish...
Wed, 21 Nov 2018 23:15:11 DEBUG    Produced [puback] event
Wed, 21 Nov 2018 23:15:11 DEBUG    Dispatching [puback] event
Wed, 21 Nov 2018 23:15:12 INFO     Performing sync publish...
Wed, 21 Nov 2018 23:15:12 DEBUG    Produced [puback] event
Wed, 21 Nov 2018 23:15:12 DEBUG    Dispatching [puback] event
Wed, 21 Nov 2018 23:15:13 INFO     Performing sync publish...
Wed, 21 Nov 2018 23:15:13 DEBUG    Produced [puback] event
Wed, 21 Nov 2018 23:15:13 DEBUG    Dispatching [puback] event
Wed, 21 Nov 2018 23:15:14 INFO     Performing sync publish...
Wed, 21 Nov 2018 23:15:14 DEBUG    Produced [puback] event
Wed, 21 Nov 2018 23:15:14 DEBUG    Dispatching [puback] event
Wed, 21 Nov 2018 23:15:15 INFO     Performing sync publish...
Wed, 21 Nov 2018 23:15:15 DEBUG    Produced [puback] event
Wed, 21 Nov 2018 23:15:15 DEBUG    Dispatching [puback] event
Wed, 21 Nov 2018 23:15:16 INFO     Performing sync publish...
Wed, 21 Nov 2018 23:15:16 DEBUG    Produced [puback] event
Wed, 21 Nov 2018 23:15:16 DEBUG    Dispatching [puback] event
Wed, 21 Nov 2018 23:15:17 INFO     Performing sync publish...
Wed, 21 Nov 2018 23:15:17 DEBUG    Produced [puback] event
Wed, 21 Nov 2018 23:15:17 DEBUG    Dispatching [puback] event
Wed, 21 Nov 2018 23:15:18 INFO     Performing sync publish...
Wed, 21 Nov 2018 23:15:18 DEBUG    Produced [puback] event
Wed, 21 Nov 2018 23:15:18 DEBUG    Dispatching [puback] event
Wed, 21 Nov 2018 23:15:19 INFO     Performing sync publish...
Wed, 21 Nov 2018 23:15:19 DEBUG    Produced [puback] event
Wed, 21 Nov 2018 23:15:19 DEBUG    Dispatching [puback] event
Wed, 21 Nov 2018 23:15:20 INFO     Performing sync publish...
Wed, 21 Nov 2018 23:15:20 DEBUG    Produced [puback] event
Wed, 21 Nov 2018 23:15:20 DEBUG    Dispatching [puback] event
Wed, 21 Nov 2018 23:15:21 INFO     Performing sync publish...
Wed, 21 Nov 2018 23:15:21 DEBUG    Produced [puback] event
Wed, 21 Nov 2018 23:15:21 DEBUG    Dispatching [puback] event
Wed, 21 Nov 2018 23:15:22 INFO     Performing sync publish...
Wed, 21 Nov 2018 23:15:22 DEBUG    Produced [puback] event
Wed, 21 Nov 2018 23:15:22 DEBUG    Dispatching [puback] event
Wed, 21 Nov 2018 23:15:23 INFO     Performing sync publish...
Wed, 21 Nov 2018 23:15:23 DEBUG    Produced [puback] event
Wed, 21 Nov 2018 23:15:23 DEBUG    Dispatching [puback] event
Wed, 21 Nov 2018 23:15:24 INFO     Performing sync publish...
Wed, 21 Nov 2018 23:15:24 DEBUG    Produced [puback] event
Wed, 21 Nov 2018 23:15:24 DEBUG    Dispatching [puback] event
Wed, 21 Nov 2018 23:15:25 INFO     Performing sync publish...
Wed, 21 Nov 2018 23:15:25 DEBUG    Produced [puback] event
Wed, 21 Nov 2018 23:15:25 DEBUG    Dispatching [puback] event
Wed, 21 Nov 2018 23:15:26 INFO     Performing sync publish...
Wed, 21 Nov 2018 23:15:26 DEBUG    Produced [puback] event
Wed, 21 Nov 2018 23:15:26 DEBUG    Dispatching [puback] event
Wed, 21 Nov 2018 23:15:27 INFO     Performing sync publish...
Wed, 21 Nov 2018 23:15:27 DEBUG    Produced [puback] event
Wed, 21 Nov 2018 23:15:27 DEBUG    Dispatching [puback] event
Wed, 21 Nov 2018 23:15:28 INFO     Performing sync publish...
Wed, 21 Nov 2018 23:15:28 DEBUG    Produced [puback] event
Wed, 21 Nov 2018 23:15:28 DEBUG    Dispatching [puback] event
Wed, 21 Nov 2018 23:15:29 INFO     Performing sync publish...
Wed, 21 Nov 2018 23:15:29 DEBUG    Produced [puback] event
Wed, 21 Nov 2018 23:15:29 DEBUG    Dispatching [puback] event
Wed, 21 Nov 2018 23:15:30 INFO     Performing sync publish...
Wed, 21 Nov 2018 23:15:30 DEBUG    Produced [puback] event
Wed, 21 Nov 2018 23:15:30 DEBUG    Dispatching [puback] event
Wed, 21 Nov 2018 23:15:31 INFO     Performing sync publish...
Wed, 21 Nov 2018 23:15:31 DEBUG    Produced [puback] event
Wed, 21 Nov 2018 23:15:31 DEBUG    Dispatching [puback] event
Wed, 21 Nov 2018 23:15:32 INFO     Performing sync publish...
Wed, 21 Nov 2018 23:15:32 DEBUG    Produced [puback] event
Wed, 21 Nov 2018 23:15:32 DEBUG    Dispatching [puback] event
Wed, 21 Nov 2018 23:15:33 INFO     Performing sync publish...
Wed, 21 Nov 2018 23:15:33 DEBUG    Produced [puback] event
Wed, 21 Nov 2018 23:15:33 DEBUG    Dispatching [puback] event
Wed, 21 Nov 2018 23:15:34 INFO     Performing sync publish...
Wed, 21 Nov 2018 23:15:34 DEBUG    Produced [puback] event
Wed, 21 Nov 2018 23:15:34 DEBUG    Dispatching [puback] event
Wed, 21 Nov 2018 23:15:36 INFO     Performing sync publish...
Wed, 21 Nov 2018 23:15:36 DEBUG    Produced [puback] event
Wed, 21 Nov 2018 23:15:36 DEBUG    Dispatching [puback] event
Wed, 21 Nov 2018 23:15:37 INFO     Performing sync publish...
Wed, 21 Nov 2018 23:15:37 DEBUG    Produced [puback] event
Wed, 21 Nov 2018 23:15:37 DEBUG    Dispatching [puback] event
Wed, 21 Nov 2018 23:15:37 INFO     Performing sync publish...
Wed, 21 Nov 2018 23:15:37 DEBUG    Produced [puback] event
Wed, 21 Nov 2018 23:15:37 DEBUG    Dispatching [puback] event
