Wed, 21 Nov 2018 23:10:39 DEBUG    Config file loaded : config.py
Wed, 21 Nov 2018 23:10:39 DEBUG    Config file loaded : config.py
Wed, 21 Nov 2018 23:10:39 DEBUG    Initializing MQTT layer...
Wed, 21 Nov 2018 23:10:39 DEBUG    Registering internal event callbacks to MQTT layer...
Wed, 21 Nov 2018 23:10:39 INFO     MqttCore initialized
Wed, 21 Nov 2018 23:10:39 INFO     Client id: SDM120_ENERGY_METER
Wed, 21 Nov 2018 23:10:39 INFO     Protocol version: MQTTv3.1.1
Wed, 21 Nov 2018 23:10:39 INFO     Authentication type: TLSv1.2 certificate based Mutual Auth.
Wed, 21 Nov 2018 23:10:39 INFO     Configuring endpoint...
Wed, 21 Nov 2018 23:10:39 DEBUG    Config file loaded : config.py
Wed, 21 Nov 2018 23:10:39 DEBUG    MODBUS Config loadedMODBUS.py
Wed, 21 Nov 2018 23:10:39 DEBUG    FEEDING data to databse started-: main.py
18 23:10:39 INFO     Configuring reconnect back off timing...
Wed, 21 Nov 2018 23:10:39 INFO     Base quiet time: 1.000000 sec
Wed, 21 Nov 2018 23:10:39 INFO     Max quiet time: 32.000000 sec
Wed, 21 Nov 2018 23:10:39 INFO     Stable connection time: 20.000000 sec
Wed, 21 Nov 2018 23:10:39 INFO     Configuring offline requests queueing: max queue size: -1
Wed, 21 Nov 2018 23:10:39 INFO     Configuring offline requests queue draining interval: 0.500000 sec
Wed, 21 Nov 2018 23:10:39 INFO     Configuring connect/disconnect time out: 10.000000 sec
Wed, 21 Nov 2018 23:10:39 INFO     Configuring MQTT operation time out: 5.000000 sec
Wed, 21 Nov 2018 23:10:39 INFO     Performing sync connect...
Wed, 21 Nov 2018 23:10:39 INFO     Performing async connect...
Wed, 21 Nov 2018 23:10:39 INFO     Keep-alive: 600.000000 sec
Wed, 21 Nov 2018 23:10:39 DEBUG    Event consuming thread started
Wed, 21 Nov 2018 23:10:39 DEBUG    Passing in general notification callbacks to internal client...
Wed, 21 Nov 2018 23:10:39 DEBUG    Filling in fixed event callbacks: CONNACK, DISCONNECT, MESSAGE
Wed, 21 Nov 2018 23:10:41 DEBUG    Starting network I/O thread...
Wed, 21 Nov 2018 23:10:41 DEBUG    Produced [connack] event
Wed, 21 Nov 2018 23:10:41 DEBUG    Dispatching [connack] event
Wed, 21 Nov 2018 23:10:41 DEBUG    No need for recovery
Wed, 21 Nov 2018 23:10:41 DEBUG    Invoking custom event callback...
Wed, 21 Nov 2018 23:10:41 INFO     Performing sync publish...
Wed, 21 Nov 2018 23:10:41 DEBUG    Produced [puback] event
Wed, 21 Nov 2018 23:10:41 DEBUG    Dispatching [puback] event
Wed, 21 Nov 2018 23:10:41 INFO     Performing sync publish...
Wed, 21 Nov 2018 23:10:41 DEBUG    Produced [puback] event
Wed, 21 Nov 2018 23:10:41 DEBUG    Dispatching [puback] event
Wed, 21 Nov 2018 23:10:41 INFO     Performing sync publish...
Wed, 21 Nov 2018 23:10:41 DEBUG    Produced [puback] event
Wed, 21 Nov 2018 23:10:41 DEBUG    Dispatching [puback] event
