Mon, 19 Nov 2018 20:53:04 DEBUG    Config file loaded : config.py
Mon, 19 Nov 2018 20:53:04 DEBUG    Config file loaded : config.py
Mon, 19 Nov 2018 20:53:04 DEBUG    Initializing MQTT layer...
Mon, 19 Nov 2018 20:53:04 DEBUG    Registering internal event callbacks to MQTT layer...
Mon, 19 Nov 2018 20:53:04 INFO     MqttCore initialized
Mon, 19 Nov 2018 20:53:04 INFO     Client id: SDM120_ENERGY_METER
Mon, 19 Nov 2018 20:53:04 INFO     Protocol version: MQTTv3.1.1
Mon, 19 Nov 2018 20:53:04 INFO     Authentication type: TLSv1.2 certificate based Mutual Auth.
Mon, 19 Nov 2018 20:53:04 INFO     Configuring endpoint...
Mon, 19 Nov 2018 20:53:04 DEBUG    MODBUS Config loadedMODBUS.py
Mon, 19 Nov 2018 20:53:04 INFO     Configuring certificates...
Mon, 19 Nov 2018 20:53:04 INFO     Configuring reconnect back off timing...
Mon, 19 Nov 2018 20:53:04 INFO     Base quiet time: 1.000000 sec
Mon, 19 Nov 2018 20:53:04 INFO     Max quiet time: 32.000000 sec
Mon, 19 Nov 2018 20:53:04 INFO     Stable connection time: 20.000000 sec
Mon, 19 Nov 2018 20:53:04 INFO     Configuring offline requests queueing: max queue size: -1
Mon, 19 Nov 2018 20:53:04 INFO     Configuring offline requests queue draining interval: 0.500000 sec
Mon, 19 Nov 2018 20:53:04 INFO     Configuring connect/disconnect time out: 10.000000 sec
Mon, 19 Nov 2018 20:53:04 INFO     Configuring MQTT operation time out: 5.000000 sec
Mon, 19 Nov 2018 20:53:04 INFO     Performing sync connect...
Mon, 19 Nov 2018 20:53:04 INFO     Performing async connect...
Mon, 19 Nov 2018 20:53:04 INFO     Keep-alive: 600.000000 sec
Mon, 19 Nov 2018 20:53:04 DEBUG    Event consuming thread started
Mon, 19 Nov 2018 20:53:04 DEBUG    Passing in general notification callbacks to internal client...
Mon, 19 Nov 2018 20:53:04 DEBUG    Filling in fixed event callbacks: CONNACK, DISCONNECT, MESSAGE
Mon, 19 Nov 2018 20:53:06 DEBUG    Starting network I/O thread...
Mon, 19 Nov 2018 20:53:06 DEBUG    Produced [connack] event
Mon, 19 Nov 2018 20:53:06 DEBUG    Dispatching [connack] event
Mon, 19 Nov 2018 20:53:06 DEBUG    No need for recovery
Mon, 19 Nov 2018 20:53:06 DEBUG    Invoking custom event callback...
Mon, 19 Nov 2018 20:53:06 INFO     Performing sync publish...
Mon, 19 Nov 2018 20:53:06 DEBUG    Filling in custom puback (QoS>0) event callback...
Mon, 19 Nov 2018 20:53:06 DEBUG    Produced [disconnect] event
Mon, 19 Nov 2018 20:53:06 DEBUG    backOff: current backoff time is: 1 sec.
Mon, 19 Nov 2018 20:53:06 DEBUG    Dispatching [disconnect] event
Mon, 19 Nov 2018 20:53:06 DEBUG    Invoking custom event callback...
Mon, 19 Nov 2018 20:53:08 DEBUG    Produced [connack] event
Mon, 19 Nov 2018 20:53:08 DEBUG    Dispatching [connack] event
Mon, 19 Nov 2018 20:53:08 DEBUG    No need for recovery
Mon, 19 Nov 2018 20:53:08 DEBUG    Invoking custom event callback...
Mon, 19 Nov 2018 20:53:09 DEBUG    Produced [disconnect] event
Mon, 19 Nov 2018 20:53:09 DEBUG    Dispatching [disconnect] event
Mon, 19 Nov 2018 20:53:09 DEBUG    backOff: current backoff time is: 2 sec.
Mon, 19 Nov 2018 20:53:09 DEBUG    Invoking custom event callback...
Mon, 19 Nov 2018 20:53:11 DEBUG    Removing custom event callback...
Mon, 19 Nov 2018 20:53:11 ERROR    Publish timed out
