Mon, 19 Nov 2018 20:52:37 DEBUG    Config file loaded : config.py
Mon, 19 Nov 2018 20:52:37 DEBUG    Config file loaded : config.py
Mon, 19 Nov 2018 20:52:37 DEBUG    Initializing MQTT layer...
Mon, 19 Nov 2018 20:52:37 DEBUG    Registering internal event callbacks to MQTT layer...
Mon, 19 Nov 2018 20:52:37 INFO     MqttCore initialized
Mon, 19 Nov 2018 20:52:37 INFO     Client id: SDM120_ENERGY_METER
Mon, 19 Nov 2018 20:52:37 INFO     Protocol version: MQTTv3.1.1
Mon, 19 Nov 2018 20:52:37 INFO     Authentication type: TLSv1.2 certificate based Mutual Auth.
Mon, 19 Nov 2018 20:52:37 INFO     Configuring endpoint...
Mon, 19 Nov 2018 20:52:37 DEBUG    MODBUS Config loadedMODBUS.py
Mon, 19 Nov 2018 20:52:37 INFO     Configuring certificates...
Mon, 19 Nov 2018 20:52:37 INFO     Configuring reconnect back off timing...
Mon, 19 Nov 2018 20:52:37 INFO     Base quiet time: 1.000000 sec
Mon, 19 Nov 2018 20:52:37 INFO     Max quiet time: 32.000000 sec
Mon, 19 Nov 2018 20:52:37 INFO     Stable connection time: 20.000000 sec
Mon, 19 Nov 2018 20:52:37 INFO     Configuring offline requests queueing: max queue size: -1
Mon, 19 Nov 2018 20:52:37 INFO     Configuring offline requests queue draining interval: 0.500000 sec
Mon, 19 Nov 2018 20:52:37 INFO     Configuring connect/disconnect time out: 10.000000 sec
Mon, 19 Nov 2018 20:52:37 INFO     Configuring MQTT operation time out: 5.000000 sec
Mon, 19 Nov 2018 20:52:37 INFO     Performing sync connect...
Mon, 19 Nov 2018 20:52:37 INFO     Performing async connect...
Mon, 19 Nov 2018 20:52:37 INFO     Keep-alive: 600.000000 sec
Mon, 19 Nov 2018 20:52:37 DEBUG    Event consuming thread started
Mon, 19 Nov 2018 20:52:37 DEBUG    Passing in general notification callbacks to internal client...
Mon, 19 Nov 2018 20:52:37 DEBUG    Filling in fixed event callbacks: CONNACK, DISCONNECT, MESSAGE
Mon, 19 Nov 2018 20:52:39 DEBUG    Starting network I/O thread...
Mon, 19 Nov 2018 20:52:39 DEBUG    Produced [connack] event
Mon, 19 Nov 2018 20:52:39 DEBUG    Dispatching [connack] event
Mon, 19 Nov 2018 20:52:39 DEBUG    No need for recovery
Mon, 19 Nov 2018 20:52:39 DEBUG    Invoking custom event callback...
Mon, 19 Nov 2018 20:52:39 INFO     Performing sync publish...
Mon, 19 Nov 2018 20:52:39 DEBUG    Filling in custom puback (QoS>0) event callback...
Mon, 19 Nov 2018 20:52:39 DEBUG    Produced [disconnect] event
Mon, 19 Nov 2018 20:52:39 DEBUG    Dispatching [disconnect] event
Mon, 19 Nov 2018 20:52:39 DEBUG    backOff: current backoff time is: 1 sec.
Mon, 19 Nov 2018 20:52:39 DEBUG    Invoking custom event callback...
Mon, 19 Nov 2018 20:52:41 DEBUG    Produced [connack] event
Mon, 19 Nov 2018 20:52:41 DEBUG    Dispatching [connack] event
Mon, 19 Nov 2018 20:52:41 DEBUG    No need for recovery
Mon, 19 Nov 2018 20:52:41 DEBUG    Invoking custom event callback...
Mon, 19 Nov 2018 20:52:42 DEBUG    Produced [disconnect] event
Mon, 19 Nov 2018 20:52:42 DEBUG    backOff: current backoff time is: 2 sec.
Mon, 19 Nov 2018 20:52:42 DEBUG    Dispatching [disconnect] event
Mon, 19 Nov 2018 20:52:42 DEBUG    Invoking custom event callback...
Mon, 19 Nov 2018 20:52:44 DEBUG    Removing custom event callback...
Mon, 19 Nov 2018 20:52:44 ERROR    Publish timed out
