Mon, 19 Nov 2018 20:51:02 DEBUG    Config file loaded : config.py
Mon, 19 Nov 2018 20:51:02 DEBUG    Config file loaded : config.py
Mon, 19 Nov 2018 20:51:02 DEBUG    Initializing MQTT layer...
Mon, 19 Nov 2018 20:51:02 DEBUG    Registering internal event callbacks to MQTT layer...
Mon, 19 Nov 2018 20:51:02 INFO     MqttCore initialized
Mon, 19 Nov 2018 20:51:02 INFO     Client id: SDM120_ENERGY_METER
Mon, 19 Nov 2018 20:51:02 INFO     Protocol version: MQTTv3.1.1
Mon, 19 Nov 2018 20:51:02 INFO     Authentication type: TLSv1.2 certificate based Mutual Auth.
Mon, 19 Nov 2018 20:51:02 INFO     Configuring endpoint...
Mon, 19 Nov 2018 20:51:02 DEBUG    MODBUS Config loadedMODBUS.py
Mon, 19 Nov 2018 20:51:02 INFO     Configuring certificates...
Mon, 19 Nov 2018 20:51:02 INFO     Configuring reconnect back off timing...
Mon, 19 Nov 2018 20:51:02 INFO     Base quiet time: 1.000000 sec
Mon, 19 Nov 2018 20:51:02 INFO     Max quiet time: 32.000000 sec
Mon, 19 Nov 2018 20:51:02 INFO     Stable connection time: 20.000000 sec
Mon, 19 Nov 2018 20:51:02 INFO     Configuring offline requests queueing: max queue size: -1
Mon, 19 Nov 2018 20:51:02 INFO     Configuring offline requests queue draining interval: 0.500000 sec
Mon, 19 Nov 2018 20:51:02 INFO     Configuring connect/disconnect time out: 10.000000 sec
Mon, 19 Nov 2018 20:51:02 INFO     Configuring MQTT operation time out: 5.000000 sec
Mon, 19 Nov 2018 20:51:02 INFO     Performing sync connect...
Mon, 19 Nov 2018 20:51:02 INFO     Performing async connect...
Mon, 19 Nov 2018 20:51:02 INFO     Keep-alive: 600.000000 sec
Mon, 19 Nov 2018 20:51:02 DEBUG    Event consuming thread started
Mon, 19 Nov 2018 20:51:02 DEBUG    Passing in general notification callbacks to internal client...
Mon, 19 Nov 2018 20:51:02 DEBUG    Filling in fixed event callbacks: CONNACK, DISCONNECT, MESSAGE
Mon, 19 Nov 2018 20:51:04 DEBUG    Starting network I/O thread...
Mon, 19 Nov 2018 20:51:04 DEBUG    Produced [connack] event
Mon, 19 Nov 2018 20:51:04 DEBUG    Dispatching [connack] event
Mon, 19 Nov 2018 20:51:04 DEBUG    No need for recovery
Mon, 19 Nov 2018 20:51:04 DEBUG    Invoking custom event callback...
Mon, 19 Nov 2018 20:51:04 INFO     Performing sync publish...
Mon, 19 Nov 2018 20:51:04 DEBUG    Produced [puback] event
Mon, 19 Nov 2018 20:51:04 DEBUG    Dispatching [puback] event
Mon, 19 Nov 2018 20:51:04 INFO     Performing sync publish...
Mon, 19 Nov 2018 20:51:04 DEBUG    Produced [puback] event
Mon, 19 Nov 2018 20:51:04 DEBUG    Dispatching [puback] event
Mon, 19 Nov 2018 20:51:04 INFO     Performing sync publish...
Mon, 19 Nov 2018 20:51:04 DEBUG    Produced [puback] event
Mon, 19 Nov 2018 20:51:04 DEBUG    Dispatching [puback] event
Mon, 19 Nov 2018 20:51:04 INFO     Performing sync publish...
Mon, 19 Nov 2018 20:51:04 DEBUG    Produced [puback] event
Mon, 19 Nov 2018 20:51:04 DEBUG    Dispatching [puback] event
Mon, 19 Nov 2018 20:51:04 INFO     Performing sync publish...
Mon, 19 Nov 2018 20:51:04 DEBUG    Produced [puback] event
Mon, 19 Nov 2018 20:51:04 DEBUG    Dispatching [puback] event
Mon, 19 Nov 2018 20:51:09 INFO     Performing sync publish...
Mon, 19 Nov 2018 20:51:09 DEBUG    Produced [puback] event
Mon, 19 Nov 2018 20:51:09 DEBUG    Dispatching [puback] event
Mon, 19 Nov 2018 20:51:09 INFO     Performing sync publish...
Mon, 19 Nov 2018 20:51:09 DEBUG    Produced [puback] event
Mon, 19 Nov 2018 20:51:09 DEBUG    Dispatching [puback] event
Mon, 19 Nov 2018 20:51:10 INFO     Performing sync publish...
Mon, 19 Nov 2018 20:51:10 DEBUG    Produced [puback] event
Mon, 19 Nov 2018 20:51:10 DEBUG    Dispatching [puback] event
Mon, 19 Nov 2018 20:51:10 INFO     Performing sync publish...
Mon, 19 Nov 2018 20:51:10 DEBUG    Produced [puback] event
Mon, 19 Nov 2018 20:51:10 DEBUG    Dispatching [puback] event
Mon, 19 Nov 2018 20:51:10 INFO     Performing sync publish...
Mon, 19 Nov 2018 20:51:10 DEBUG    Produced [puback] event
Mon, 19 Nov 2018 20:51:10 DEBUG    Dispatching [puback] event
Mon, 19 Nov 2018 20:51:15 INFO     Performing sync publish...
Mon, 19 Nov 2018 20:51:15 DEBUG    Produced [puback] event
Mon, 19 Nov 2018 20:51:15 DEBUG    Dispatching [puback] event
Mon, 19 Nov 2018 20:51:15 INFO     Performing sync publish...
Mon, 19 Nov 2018 20:51:15 DEBUG    Produced [puback] event
Mon, 19 Nov 2018 20:51:15 DEBUG    Dispatching [puback] event
Mon, 19 Nov 2018 20:51:15 INFO     Performing sync publish...
Mon, 19 Nov 2018 20:51:15 DEBUG    Produced [puback] event
Mon, 19 Nov 2018 20:51:15 DEBUG    Dispatching [puback] event
Mon, 19 Nov 2018 20:51:15 INFO     Performing sync publish...
Mon, 19 Nov 2018 20:51:15 DEBUG    Produced [puback] event
Mon, 19 Nov 2018 20:51:15 DEBUG    Dispatching [puback] event
Mon, 19 Nov 2018 20:51:15 INFO     Performing sync publish...
Mon, 19 Nov 2018 20:51:15 DEBUG    Produced [puback] event
Mon, 19 Nov 2018 20:51:15 DEBUG    Dispatching [puback] event
Mon, 19 Nov 2018 20:51:20 INFO     Performing sync publish...
Mon, 19 Nov 2018 20:51:20 DEBUG    Produced [puback] event
Mon, 19 Nov 2018 20:51:20 DEBUG    Dispatching [puback] event
Mon, 19 Nov 2018 20:51:20 INFO     Performing sync publish...
Mon, 19 Nov 2018 20:51:20 DEBUG    Produced [puback] event
Mon, 19 Nov 2018 20:51:20 DEBUG    Dispatching [puback] event
Mon, 19 Nov 2018 20:51:20 INFO     Performing sync publish...
Mon, 19 Nov 2018 20:51:20 DEBUG    Produced [puback] event
Mon, 19 Nov 2018 20:51:20 DEBUG    Dispatching [puback] event
Mon, 19 Nov 2018 20:51:20 INFO     Performing sync publish...
Mon, 19 Nov 2018 20:51:20 DEBUG    Produced [puback] event
Mon, 19 Nov 2018 20:51:20 DEBUG    Dispatching [puback] event
Mon, 19 Nov 2018 20:51:20 INFO     Performing sync publish...
Mon, 19 Nov 2018 20:51:20 DEBUG    Produced [puback] event
Mon, 19 Nov 2018 20:51:20 DEBUG    Dispatching [puback] event
Mon, 19 Nov 2018 20:51:24 DEBUG    stableConnection: Resetting the backoff time to: 1 sec.
Mon, 19 Nov 2018 20:51:25 INFO     Performing sync publish...
Mon, 19 Nov 2018 20:51:25 DEBUG    Produced [puback] event
Mon, 19 Nov 2018 20:51:25 DEBUG    Dispatching [puback] event
Mon, 19 Nov 2018 20:51:25 INFO     Performing sync publish...
Mon, 19 Nov 2018 20:51:25 DEBUG    Produced [puback] event
Mon, 19 Nov 2018 20:51:25 DEBUG    Dispatching [puback] event
Mon, 19 Nov 2018 20:51:25 INFO     Performing sync publish...
Mon, 19 Nov 2018 20:51:25 DEBUG    Produced [puback] event
Mon, 19 Nov 2018 20:51:25 DEBUG    Dispatching [puback] event
Mon, 19 Nov 2018 20:51:25 INFO     Performing sync publish...
Mon, 19 Nov 2018 20:51:25 DEBUG    Produced [puback] event
Mon, 19 Nov 2018 20:51:25 DEBUG    Dispatching [puback] event
Mon, 19 Nov 2018 20:51:25 INFO     Performing sync publish...
Mon, 19 Nov 2018 20:51:25 DEBUG    Produced [puback] event
Mon, 19 Nov 2018 20:51:25 DEBUG    Dispatching [puback] event
Mon, 19 Nov 2018 20:51:30 INFO     Performing sync publish...
Mon, 19 Nov 2018 20:51:30 DEBUG    Produced [puback] event
Mon, 19 Nov 2018 20:51:30 DEBUG    Dispatching [puback] event
Mon, 19 Nov 2018 20:51:30 INFO     Performing sync publish...
Mon, 19 Nov 2018 20:51:30 DEBUG    Produced [puback] event
Mon, 19 Nov 2018 20:51:30 DEBUG    Dispatching [puback] event
Mon, 19 Nov 2018 20:51:30 INFO     Performing sync publish...
Mon, 19 Nov 2018 20:51:30 DEBUG    Produced [puback] event
Mon, 19 Nov 2018 20:51:30 DEBUG    Dispatching [puback] event
Mon, 19 Nov 2018 20:51:30 INFO     Performing sync publish...
Mon, 19 Nov 2018 20:51:30 DEBUG    Produced [puback] event
Mon, 19 Nov 2018 20:51:30 DEBUG    Dispatching [puback] event
Mon, 19 Nov 2018 20:51:30 INFO     Performing sync publish...
Mon, 19 Nov 2018 20:51:30 DEBUG    Produced [puback] event
Mon, 19 Nov 2018 20:51:30 DEBUG    Dispatching [puback] event
Mon, 19 Nov 2018 20:51:35 INFO     Performing sync publish...
Mon, 19 Nov 2018 20:51:35 DEBUG    Produced [puback] event
Mon, 19 Nov 2018 20:51:35 DEBUG    Dispatching [puback] event
Mon, 19 Nov 2018 20:51:35 INFO     Performing sync publish...
Mon, 19 Nov 2018 20:51:35 DEBUG    Produced [puback] event
Mon, 19 Nov 2018 20:51:35 DEBUG    Dispatching [puback] event
Mon, 19 Nov 2018 20:51:35 INFO     Performing sync publish...
Mon, 19 Nov 2018 20:51:35 DEBUG    Produced [puback] event
Mon, 19 Nov 2018 20:51:35 DEBUG    Dispatching [puback] event
Mon, 19 Nov 2018 20:51:35 INFO     Performing sync publish...
Mon, 19 Nov 2018 20:51:35 DEBUG    Produced [puback] event
Mon, 19 Nov 2018 20:51:35 DEBUG    Dispatching [puback] event
Mon, 19 Nov 2018 20:51:35 INFO     Performing sync publish...
Mon, 19 Nov 2018 20:51:35 DEBUG    Produced [puback] event
Mon, 19 Nov 2018 20:51:35 DEBUG    Dispatching [puback] event
Mon, 19 Nov 2018 20:51:40 INFO     Performing sync publish...
Mon, 19 Nov 2018 20:51:40 DEBUG    Produced [puback] event
Mon, 19 Nov 2018 20:51:40 DEBUG    Dispatching [puback] event
Mon, 19 Nov 2018 20:51:40 INFO     Performing sync publish...
Mon, 19 Nov 2018 20:51:40 DEBUG    Produced [puback] event
Mon, 19 Nov 2018 20:51:40 DEBUG    Dispatching [puback] event
Mon, 19 Nov 2018 20:51:40 INFO     Performing sync publish...
Mon, 19 Nov 2018 20:51:40 DEBUG    Produced [puback] event
Mon, 19 Nov 2018 20:51:40 DEBUG    Dispatching [puback] event
Mon, 19 Nov 2018 20:51:40 INFO     Performing sync publish...
Mon, 19 Nov 2018 20:51:40 DEBUG    Produced [puback] event
Mon, 19 Nov 2018 20:51:40 DEBUG    Dispatching [puback] event
Mon, 19 Nov 2018 20:51:40 INFO     Performing sync publish...
Mon, 19 Nov 2018 20:51:40 DEBUG    Produced [puback] event
Mon, 19 Nov 2018 20:51:40 DEBUG    Dispatching [puback] event
Mon, 19 Nov 2018 20:51:45 INFO     Performing sync publish...
Mon, 19 Nov 2018 20:51:45 DEBUG    Produced [puback] event
Mon, 19 Nov 2018 20:51:45 DEBUG    Dispatching [puback] event
Mon, 19 Nov 2018 20:51:45 INFO     Performing sync publish...
Mon, 19 Nov 2018 20:51:45 DEBUG    Produced [puback] event
Mon, 19 Nov 2018 20:51:45 DEBUG    Dispatching [puback] event
Mon, 19 Nov 2018 20:51:45 INFO     Performing sync publish...
Mon, 19 Nov 2018 20:51:45 DEBUG    Produced [puback] event
Mon, 19 Nov 2018 20:51:45 DEBUG    Dispatching [puback] event
Mon, 19 Nov 2018 20:51:45 INFO     Performing sync publish...
Mon, 19 Nov 2018 20:51:45 DEBUG    Produced [puback] event
Mon, 19 Nov 2018 20:51:45 DEBUG    Dispatching [puback] event
Mon, 19 Nov 2018 20:51:45 INFO     Performing sync publish...
Mon, 19 Nov 2018 20:51:45 DEBUG    Produced [puback] event
Mon, 19 Nov 2018 20:51:45 DEBUG    Dispatching [puback] event
