Mon, 19 Nov 2018 20:53:24 DEBUG    Config file loaded : config.py
Mon, 19 Nov 2018 20:53:24 DEBUG    Config file loaded : config.py
Mon, 19 Nov 2018 20:53:24 DEBUG    Initializing MQTT layer...
Mon, 19 Nov 2018 20:53:24 DEBUG    Registering internal event callbacks to MQTT layer...
Mon, 19 Nov 2018 20:53:24 INFO     MqttCore initialized
Mon, 19 Nov 2018 20:53:24 INFO     Client id: SDM120_ENERGY_METER
Mon, 19 Nov 2018 20:53:24 INFO     Protocol version: MQTTv3.1.1
Mon, 19 Nov 2018 20:53:24 INFO     Authentication type: TLSv1.2 certificate based Mutual Auth.
Mon, 19 Nov 2018 20:53:24 INFO     Configuring endpoint...
Mon, 19 Nov 2018 20:53:24 DEBUG    MODBUS Config loadedMODBUS.py
Mon, 19 Nov 2018 20:53:24 INFO     Configuring certificates...
Mon, 19 Nov 2018 20:53:24 INFO     Configuring reconnect back off timing...
Mon, 19 Nov 2018 20:53:24 INFO     Base quiet time: 1.000000 sec
Mon, 19 Nov 2018 20:53:24 INFO     Max quiet time: 32.000000 sec
Mon, 19 Nov 2018 20:53:24 INFO     Stable connection time: 20.000000 sec
Mon, 19 Nov 2018 20:53:24 INFO     Configuring offline requests queueing: max queue size: -1
Mon, 19 Nov 2018 20:53:24 INFO     Configuring offline requests queue draining interval: 0.500000 sec
Mon, 19 Nov 2018 20:53:24 INFO     Configuring connect/disconnect time out: 10.000000 sec
Mon, 19 Nov 2018 20:53:24 INFO     Configuring MQTT operation time out: 5.000000 sec
Mon, 19 Nov 2018 20:53:24 INFO     Performing sync connect...
Mon, 19 Nov 2018 20:53:24 INFO     Performing async connect...
Mon, 19 Nov 2018 20:53:24 INFO     Keep-alive: 600.000000 sec
Mon, 19 Nov 2018 20:53:24 DEBUG    Event consuming thread started
Mon, 19 Nov 2018 20:53:24 DEBUG    Passing in general notification callbacks to internal client...
Mon, 19 Nov 2018 20:53:24 DEBUG    Filling in fixed event callbacks: CONNACK, DISCONNECT, MESSAGE
Mon, 19 Nov 2018 20:53:25 DEBUG    Starting network I/O thread...
Mon, 19 Nov 2018 20:53:25 DEBUG    Produced [connack] event
Mon, 19 Nov 2018 20:53:25 DEBUG    Dispatching [connack] event
Mon, 19 Nov 2018 20:53:25 DEBUG    No need for recovery
Mon, 19 Nov 2018 20:53:25 DEBUG    Invoking custom event callback...
Mon, 19 Nov 2018 20:53:25 INFO     Performing sync publish...
Mon, 19 Nov 2018 20:53:25 DEBUG    Filling in custom puback (QoS>0) event callback...
Mon, 19 Nov 2018 20:53:26 DEBUG    Produced [puback] event
Mon, 19 Nov 2018 20:53:26 DEBUG    Dispatching [puback] event
Mon, 19 Nov 2018 20:53:26 DEBUG    Invoking custom event callback...
Mon, 19 Nov 2018 20:53:26 DEBUG    This custom event callback is for pub/sub/unsub, removing it after invocation...
Mon, 19 Nov 2018 20:53:26 INFO     Performing sync publish...
Mon, 19 Nov 2018 20:53:26 DEBUG    Filling in custom puback (QoS>0) event callback...
Mon, 19 Nov 2018 20:53:26 DEBUG    Produced [puback] event
Mon, 19 Nov 2018 20:53:26 DEBUG    Dispatching [puback] event
Mon, 19 Nov 2018 20:53:26 DEBUG    Invoking custom event callback...
Mon, 19 Nov 2018 20:53:26 DEBUG    This custom event callback is for pub/sub/unsub, removing it after invocation...
Mon, 19 Nov 2018 20:53:26 INFO     Performing sync publish...
Mon, 19 Nov 2018 20:53:26 DEBUG    Filling in custom puback (QoS>0) event callback...
Mon, 19 Nov 2018 20:53:26 DEBUG    Produced [puback] event
Mon, 19 Nov 2018 20:53:26 DEBUG    Dispatching [puback] event
Mon, 19 Nov 2018 20:53:26 DEBUG    Invoking custom event callback...
Mon, 19 Nov 2018 20:53:26 DEBUG    This custom event callback is for pub/sub/unsub, removing it after invocation...
Mon, 19 Nov 2018 20:53:26 INFO     Performing sync publish...
Mon, 19 Nov 2018 20:53:26 DEBUG    Filling in custom puback (QoS>0) event callback...
Mon, 19 Nov 2018 20:53:27 DEBUG    Produced [puback] event
Mon, 19 Nov 2018 20:53:27 DEBUG    Dispatching [puback] event
Mon, 19 Nov 2018 20:53:27 DEBUG    Invoking custom event callback...
Mon, 19 Nov 2018 20:53:27 DEBUG    This custom event callback is for pub/sub/unsub, removing it after invocation...
Mon, 19 Nov 2018 20:53:27 INFO     Performing sync publish...
Mon, 19 Nov 2018 20:53:27 DEBUG    Filling in custom puback (QoS>0) event callback...
Mon, 19 Nov 2018 20:53:27 DEBUG    Produced [puback] event
Mon, 19 Nov 2018 20:53:27 DEBUG    Dispatching [puback] event
Mon, 19 Nov 2018 20:53:27 DEBUG    Invoking custom event callback...
Mon, 19 Nov 2018 20:53:27 DEBUG    This custom event callback is for pub/sub/unsub, removing it after invocation...
Mon, 19 Nov 2018 20:53:32 INFO     Performing sync publish...
Mon, 19 Nov 2018 20:53:32 DEBUG    Filling in custom puback (QoS>0) event callback...
Mon, 19 Nov 2018 20:53:32 DEBUG    Produced [puback] event
Mon, 19 Nov 2018 20:53:32 DEBUG    Dispatching [puback] event
Mon, 19 Nov 2018 20:53:32 DEBUG    Invoking custom event callback...
Mon, 19 Nov 2018 20:53:32 DEBUG    This custom event callback is for pub/sub/unsub, removing it after invocation...
Mon, 19 Nov 2018 20:53:32 INFO     Performing sync publish...
Mon, 19 Nov 2018 20:53:32 DEBUG    Filling in custom puback (QoS>0) event callback...
Mon, 19 Nov 2018 20:53:33 DEBUG    Produced [puback] event
Mon, 19 Nov 2018 20:53:33 DEBUG    Dispatching [puback] event
Mon, 19 Nov 2018 20:53:33 DEBUG    Invoking custom event callback...
Mon, 19 Nov 2018 20:53:33 DEBUG    This custom event callback is for pub/sub/unsub, removing it after invocation...
Mon, 19 Nov 2018 20:53:33 INFO     Performing sync publish...
Mon, 19 Nov 2018 20:53:33 DEBUG    Filling in custom puback (QoS>0) event callback...
Mon, 19 Nov 2018 20:53:33 DEBUG    Produced [puback] event
Mon, 19 Nov 2018 20:53:33 DEBUG    Dispatching [puback] event
Mon, 19 Nov 2018 20:53:33 DEBUG    Invoking custom event callback...
Mon, 19 Nov 2018 20:53:33 DEBUG    This custom event callback is for pub/sub/unsub, removing it after invocation...
Mon, 19 Nov 2018 20:53:33 INFO     Performing sync publish...
Mon, 19 Nov 2018 20:53:33 DEBUG    Filling in custom puback (QoS>0) event callback...
Mon, 19 Nov 2018 20:53:33 DEBUG    Produced [puback] event
Mon, 19 Nov 2018 20:53:33 DEBUG    Dispatching [puback] event
Mon, 19 Nov 2018 20:53:33 DEBUG    Invoking custom event callback...
Mon, 19 Nov 2018 20:53:33 DEBUG    This custom event callback is for pub/sub/unsub, removing it after invocation...
Mon, 19 Nov 2018 20:53:33 INFO     Performing sync publish...
Mon, 19 Nov 2018 20:53:33 DEBUG    Filling in custom puback (QoS>0) event callback...
Mon, 19 Nov 2018 20:53:34 DEBUG    Produced [puback] event
Mon, 19 Nov 2018 20:53:34 DEBUG    Dispatching [puback] event
Mon, 19 Nov 2018 20:53:34 DEBUG    Invoking custom event callback...
Mon, 19 Nov 2018 20:53:34 DEBUG    This custom event callback is for pub/sub/unsub, removing it after invocation...
Mon, 19 Nov 2018 20:53:39 INFO     Performing sync publish...
Mon, 19 Nov 2018 20:53:39 DEBUG    Filling in custom puback (QoS>0) event callback...
Mon, 19 Nov 2018 20:53:44 DEBUG    Removing custom event callback...
Mon, 19 Nov 2018 20:53:44 ERROR    Publish timed out
