Fri, 04 Jan 2019 15:57:49 DEBUG    Config file loaded : config.py
Fri, 04 Jan 2019 15:57:49 DEBUG    Config file loaded : config.py
Fri, 04 Jan 2019 15:57:49 DEBUG    Initializing MQTT layer...
Fri, 04 Jan 2019 15:57:49 DEBUG    Registering internal event callbacks to MQTT layer...
Fri, 04 Jan 2019 15:57:49 INFO     MqttCore initialized
Fri, 04 Jan 2019 15:57:49 INFO     Client id: SDM120_ENERGY_METER
Fri, 04 Jan 2019 15:57:49 INFO     Protocol version: MQTTv3.1.1
Fri, 04 Jan 2019 15:57:49 INFO     Authentication type: TLSv1.2 certificate based Mutual Auth.
Fri, 04 Jan 2019 15:57:49 INFO     Configuring endpoint...
Fri, 04 Jan 2019 15:57:49 DEBUG    Config file loaded : config.py
Fri, 04 Jan 2019 15:57:49 DEBUG    MODBUS Config loadedMODBUS.py
Fri, 04 Jan 2019 15:57:49 DEBUG    FEEDING IO_SENSORS data to databse started-: main.py
 INFO     Configuring reconnect back off timing...
Fri, 04 Jan 2019 15:57:49 INFO     Base quiet time: 1.000000 sec
Fri, 04 Jan 2019 15:57:49 INFO     Max quiet time: 32.000000 sec
Fri, 04 Jan 2019 15:57:49 INFO     Stable connection time: 20.000000 sec
Fri, 04 Jan 2019 15:57:49 INFO     Configuring offline requests queueing: max queue size: -1
Fri, 04 Jan 2019 15:57:49 INFO     Configuring offline requests queue draining interval: 0.500000 sec
Fri, 04 Jan 2019 15:57:49 INFO     Configuring connect/disconnect time out: 10.000000 sec
Fri, 04 Jan 2019 15:57:49 INFO     Configuring MQTT operation time out: 5.000000 sec
Fri, 04 Jan 2019 15:57:49 INFO     Performing sync connect...
Fri, 04 Jan 2019 15:57:49 INFO     Performing async connect...
Fri, 04 Jan 2019 15:57:49 INFO     Keep-alive: 600.000000 sec
Fri, 04 Jan 2019 15:57:49 DEBUG    Event consuming thread started
Fri, 04 Jan 2019 15:57:49 DEBUG    Passing in general notification callbacks to internal client...
Fri, 04 Jan 2019 15:57:49 DEBUG    Filling in fixed event callbacks: CONNACK, DISCONNECT, MESSAGE
Fri, 04 Jan 2019 15:57:51 DEBUG    Starting network I/O thread...
Fri, 04 Jan 2019 15:57:51 DEBUG    Produced [connack] event
Fri, 04 Jan 2019 15:57:51 DEBUG    Dispatching [connack] event
Fri, 04 Jan 2019 15:57:51 DEBUG    No need for recovery
Fri, 04 Jan 2019 15:57:51 DEBUG    Invoking custom event callback...
Fri, 04 Jan 2019 15:57:51 INFO     Performing sync publish...
Fri, 04 Jan 2019 15:57:51 DEBUG    Produced [puback] event
Fri, 04 Jan 2019 15:57:51 DEBUG    Dispatching [puback] event
Fri, 04 Jan 2019 15:57:51 INFO     Performing sync publish...
Fri, 04 Jan 2019 15:57:51 DEBUG    Produced [puback] event
Fri, 04 Jan 2019 15:57:51 DEBUG    Dispatching [puback] event
Fri, 04 Jan 2019 15:57:51 INFO     Performing sync publish...
Fri, 04 Jan 2019 15:57:51 DEBUG    Produced [puback] event
Fri, 04 Jan 2019 15:57:51 DEBUG    Dispatching [puback] event
Fri, 04 Jan 2019 15:57:51 INFO     Performing sync publish...
Fri, 04 Jan 2019 15:57:51 DEBUG    Produced [puback] event
Fri, 04 Jan 2019 15:57:51 DEBUG    Dispatching [puback] event
Fri, 04 Jan 2019 15:57:52 INFO     Performing sync publish...
Fri, 04 Jan 2019 15:57:52 DEBUG    Produced [puback] event
Fri, 04 Jan 2019 15:57:52 DEBUG    Dispatching [puback] event
Fri, 04 Jan 2019 15:57:52 INFO     Performing sync publish...
Fri, 04 Jan 2019 15:57:52 DEBUG    Produced [puback] event
Fri, 04 Jan 2019 15:57:52 DEBUG    Dispatching [puback] event
Fri, 04 Jan 2019 15:57:53 INFO     Performing sync publish...
Fri, 04 Jan 2019 15:57:53 DEBUG    Produced [puback] event
Fri, 04 Jan 2019 15:57:53 DEBUG    Dispatching [puback] event
Fri, 04 Jan 2019 15:57:53 INFO     Performing sync publish...
Fri, 04 Jan 2019 15:57:53 DEBUG    Produced [puback] event
Fri, 04 Jan 2019 15:57:53 DEBUG    Dispatching [puback] event
Fri, 04 Jan 2019 15:57:54 INFO     Performing sync publish...
Fri, 04 Jan 2019 15:57:54 DEBUG    Produced [puback] event
Fri, 04 Jan 2019 15:57:54 DEBUG    Dispatching [puback] event
Fri, 04 Jan 2019 15:57:54 INFO     Performing sync publish...
Fri, 04 Jan 2019 15:57:54 DEBUG    Produced [puback] event
Fri, 04 Jan 2019 15:57:54 DEBUG    Dispatching [puback] event
Fri, 04 Jan 2019 15:57:55 INFO     Performing sync publish...
Fri, 04 Jan 2019 15:57:55 DEBUG    Produced [puback] event
Fri, 04 Jan 2019 15:57:55 DEBUG    Dispatching [puback] event
Fri, 04 Jan 2019 15:57:55 INFO     Performing sync publish...
Fri, 04 Jan 2019 15:57:55 DEBUG    Produced [puback] event
Fri, 04 Jan 2019 15:57:55 DEBUG    Dispatching [puback] event
Fri, 04 Jan 2019 15:57:56 INFO     Performing sync publish...
Fri, 04 Jan 2019 15:57:56 DEBUG    Produced [puback] event
Fri, 04 Jan 2019 15:57:56 DEBUG    Dispatching [puback] event
Fri, 04 Jan 2019 15:57:56 INFO     Performing sync publish...
Fri, 04 Jan 2019 15:57:56 DEBUG    Produced [puback] event
Fri, 04 Jan 2019 15:57:56 DEBUG    Dispatching [puback] event
Fri, 04 Jan 2019 15:57:57 INFO     Performing sync publish...
Fri, 04 Jan 2019 15:57:57 DEBUG    Produced [puback] event
Fri, 04 Jan 2019 15:57:57 DEBUG    Dispatching [puback] event
Fri, 04 Jan 2019 15:57:57 INFO     Performing sync publish...
Fri, 04 Jan 2019 15:57:57 DEBUG    Produced [puback] event
Fri, 04 Jan 2019 15:57:57 DEBUG    Dispatching [puback] event
Fri, 04 Jan 2019 15:57:58 INFO     Performing sync publish...
Fri, 04 Jan 2019 15:57:58 DEBUG    Produced [puback] event
Fri, 04 Jan 2019 15:57:58 DEBUG    Dispatching [puback] event
Fri, 04 Jan 2019 15:57:58 INFO     Performing sync publish...
Fri, 04 Jan 2019 15:57:58 DEBUG    Produced [puback] event
Fri, 04 Jan 2019 15:57:58 DEBUG    Dispatching [puback] event
