Wed, 21 Nov 2018 22:18:18 DEBUG    Config file loaded : config.py
Wed, 21 Nov 2018 22:18:18 DEBUG    Config file loaded : config.py
Wed, 21 Nov 2018 22:18:18 DEBUG    Initializing MQTT layer...
Wed, 21 Nov 2018 22:18:18 DEBUG    Registering internal event callbacks to MQTT layer...
Wed, 21 Nov 2018 22:18:18 INFO     MqttCore initialized
Wed, 21 Nov 2018 22:18:18 INFO     Client id: SDM120_ENERGY_METER
Wed, 21 Nov 2018 22:18:18 INFO     Protocol version: MQTTv3.1.1
Wed, 21 Nov 2018 22:18:18 INFO     Authentication type: TLSv1.2 certificate based Mutual Auth.
Wed, 21 Nov 2018 22:18:18 INFO     Configuring endpoint...
Wed, 21 Nov 2018 22:18:18 DEBUG    Config file loaded : config.py
Wed, 21 Nov 2018 22:18:18 DEBUG    MODBUS Config loadedMODBUS.py
Wed, 21 Nov 2018 22:18:18 DEBUG    FEEDING data to databse startWed, 21 Nov 2018 22:18:18 INFO     Configuring reconnect back off timing...
Wed, 21 Nov 2018 22:18:18 INFO     Base quiet time: 1.000000 sec
Wed, 21 Nov 2018 22:18:18 INFO     Max quiet time: 32.000000 sec
Wed, 21 Nov 2018 22:18:18 INFO     Stable connection time: 20.000000 sec
Wed, 21 Nov 2018 22:18:18 INFO     Configuring offline requests queueing: max queue size: -1
Wed, 21 Nov 2018 22:18:18 INFO     Configuring offline requests queue draining interval: 0.500000 sec
Wed, 21 Nov 2018 22:18:18 INFO     Configuring connect/disconnect time out: 10.000000 sec
Wed, 21 Nov 2018 22:18:18 INFO     Configuring MQTT operation time out: 5.000000 sec
Wed, 21 Nov 2018 22:18:18 INFO     Performing sync connect...
Wed, 21 Nov 2018 22:18:18 INFO     Performing async connect...
Wed, 21 Nov 2018 22:18:18 INFO     Keep-alive: 600.000000 sec
Wed, 21 Nov 2018 22:18:18 DEBUG    Event consuming thread started
Wed, 21 Nov 2018 22:18:18 DEBUG    Passing in general notification callbacks to internal client...
Wed, 21 Nov 2018 22:18:18 DEBUG    Filling in fixed event callbacks: CONNACK, DISCONNECT, MESSAGE
Wed, 21 Nov 2018 22:18:20 DEBUG    Starting network I/O thread...
Wed, 21 Nov 2018 22:18:20 DEBUG    Produced [connack] event
Wed, 21 Nov 2018 22:18:20 DEBUG    Dispatching [connack] event
Wed, 21 Nov 2018 22:18:20 DEBUG    No need for recovery
Wed, 21 Nov 2018 22:18:20 DEBUG    Invoking custom event callback...
Wed, 21 Nov 2018 22:18:20 INFO     Performing sync publish...
Wed, 21 Nov 2018 22:18:20 DEBUG    Produced [puback] event
Wed, 21 Nov 2018 22:18:20 DEBUG    Dispatching [puback] event
Wed, 21 Nov 2018 22:18:20 INFO     Performing sync publish...
Wed, 21 Nov 2018 22:18:20 DEBUG    Produced [puback] event
Wed, 21 Nov 2018 22:18:20 DEBUG    Dispatching [puback] event
Wed, 21 Nov 2018 22:18:22 INFO     Performing sync publish...
Wed, 21 Nov 2018 22:18:22 DEBUG    Produced [puback] event
Wed, 21 Nov 2018 22:18:22 DEBUG    Dispatching [puback] event
Wed, 21 Nov 2018 22:18:24 INFO     Performing sync publish...
Wed, 21 Nov 2018 22:18:24 DEBUG    Produced [puback] event
Wed, 21 Nov 2018 22:18:24 DEBUG    Dispatching [puback] event
Wed, 21 Nov 2018 22:18:26 INFO     Performing sync publish...
Wed, 21 Nov 2018 22:18:26 DEBUG    Produced [puback] event
Wed, 21 Nov 2018 22:18:26 DEBUG    Dispatching [puback] event
Wed, 21 Nov 2018 22:18:28 INFO     Performing sync publish...
Wed, 21 Nov 2018 22:18:28 DEBUG    Produced [puback] event
Wed, 21 Nov 2018 22:18:28 DEBUG    Dispatching [puback] event
Wed, 21 Nov 2018 22:18:30 INFO     Performing sync publish...
Wed, 21 Nov 2018 22:18:30 DEBUG    Produced [puback] event
Wed, 21 Nov 2018 22:18:30 DEBUG    Dispatching [puback] event
Wed, 21 Nov 2018 22:18:32 INFO     Performing sync publish...
Wed, 21 Nov 2018 22:18:32 DEBUG    Produced [puback] event
Wed, 21 Nov 2018 22:18:32 DEBUG    Dispatching [puback] event
Wed, 21 Nov 2018 22:18:34 INFO     Performing sync publish...
Wed, 21 Nov 2018 22:18:34 DEBUG    Produced [puback] event
Wed, 21 Nov 2018 22:18:34 DEBUG    Dispatching [puback] event
Wed, 21 Nov 2018 22:18:36 INFO     Performing sync publish...
Wed, 21 Nov 2018 22:18:36 DEBUG    Produced [puback] event
Wed, 21 Nov 2018 22:18:36 DEBUG    Dispatching [puback] event
Wed, 21 Nov 2018 22:18:38 INFO     Performing sync publish...
Wed, 21 Nov 2018 22:18:38 DEBUG    Produced [puback] event
Wed, 21 Nov 2018 22:18:38 DEBUG    Dispatching [puback] event
Wed, 21 Nov 2018 22:18:40 DEBUG    stableConnection: Resetting the backoff time to: 1 sec.
Wed, 21 Nov 2018 22:18:40 INFO     Performing sync publish...
Wed, 21 Nov 2018 22:18:40 DEBUG    Produced [puback] event
Wed, 21 Nov 2018 22:18:40 DEBUG    Dispatching [puback] event
Wed, 21 Nov 2018 22:18:42 INFO     Performing sync publish...
Wed, 21 Nov 2018 22:18:42 DEBUG    Produced [puback] event
Wed, 21 Nov 2018 22:18:42 DEBUG    Dispatching [puback] event
Wed, 21 Nov 2018 22:18:44 INFO     Performing sync publish...
Wed, 21 Nov 2018 22:18:44 DEBUG    Produced [puback] event
Wed, 21 Nov 2018 22:18:44 DEBUG    Dispatching [puback] event
Wed, 21 Nov 2018 22:18:46 INFO     Performing sync publish...
Wed, 21 Nov 2018 22:18:46 DEBUG    Produced [puback] event
Wed, 21 Nov 2018 22:18:46 DEBUG    Dispatching [puback] event
Wed, 21 Nov 2018 22:18:48 INFO     Performing sync publish...
Wed, 21 Nov 2018 22:18:48 DEBUG    Produced [puback] event
Wed, 21 Nov 2018 22:18:48 DEBUG    Dispatching [puback] event
Wed, 21 Nov 2018 22:18:50 INFO     Performing sync publish...
Wed, 21 Nov 2018 22:18:50 DEBUG    Produced [puback] event
Wed, 21 Nov 2018 22:18:50 DEBUG    Dispatching [puback] event
Wed, 21 Nov 2018 22:18:52 INFO     Performing sync publish...
Wed, 21 Nov 2018 22:18:52 DEBUG    Produced [puback] event
Wed, 21 Nov 2018 22:18:52 DEBUG    Dispatching [puback] event
Wed, 21 Nov 2018 22:18:54 INFO     Performing sync publish...
Wed, 21 Nov 2018 22:18:54 DEBUG    Produced [puback] event
Wed, 21 Nov 2018 22:18:54 DEBUG    Dispatching [puback] event
Wed, 21 Nov 2018 22:18:56 INFO     Performing sync publish...
Wed, 21 Nov 2018 22:18:56 DEBUG    Produced [puback] event
Wed, 21 Nov 2018 22:18:56 DEBUG    Dispatching [puback] event
Wed, 21 Nov 2018 22:18:58 INFO     Performing sync publish...
Wed, 21 Nov 2018 22:18:58 DEBUG    Produced [puback] event
Wed, 21 Nov 2018 22:18:58 DEBUG    Dispatching [puback] event
Wed, 21 Nov 2018 22:19:00 INFO     Performing sync publish...
Wed, 21 Nov 2018 22:19:00 DEBUG    Produced [puback] event
Wed, 21 Nov 2018 22:19:00 DEBUG    Dispatching [puback] event
Wed, 21 Nov 2018 22:19:02 INFO     Performing sync publish...
Wed, 21 Nov 2018 22:19:02 DEBUG    Produced [puback] event
Wed, 21 Nov 2018 22:19:02 DEBUG    Dispatching [puback] event
Wed, 21 Nov 2018 22:19:04 INFO     Performing sync publish...
Wed, 21 Nov 2018 22:19:04 DEBUG    Produced [puback] event
Wed, 21 Nov 2018 22:19:04 DEBUG    Dispatching [puback] event
Wed, 21 Nov 2018 22:19:06 INFO     Performing sync publish...
Wed, 21 Nov 2018 22:19:06 DEBUG    Produced [puback] event
Wed, 21 Nov 2018 22:19:06 DEBUG    Dispatching [puback] event
Wed, 21 Nov 2018 22:19:08 INFO     Performing sync publish...
Wed, 21 Nov 2018 22:19:08 DEBUG    Produced [puback] event
Wed, 21 Nov 2018 22:19:08 DEBUG    Dispatching [puback] event
Wed, 21 Nov 2018 22:19:10 INFO     Performing sync publish...
Wed, 21 Nov 2018 22:19:10 DEBUG    Produced [puback] event
Wed, 21 Nov 2018 22:19:10 DEBUG    Dispatching [puback] event
Wed, 21 Nov 2018 22:19:12 INFO     Performing sync publish...
Wed, 21 Nov 2018 22:19:12 DEBUG    Produced [puback] event
Wed, 21 Nov 2018 22:19:12 DEBUG    Dispatching [puback] event
Wed, 21 Nov 2018 22:19:14 INFO     Performing sync publish...
Wed, 21 Nov 2018 22:19:14 DEBUG    Produced [puback] event
Wed, 21 Nov 2018 22:19:14 DEBUG    Dispatching [puback] event
Wed, 21 Nov 2018 22:19:16 INFO     Performing sync publish...
Wed, 21 Nov 2018 22:19:16 DEBUG    Produced [puback] event
Wed, 21 Nov 2018 22:19:16 DEBUG    Dispatching [puback] event
Wed, 21 Nov 2018 22:19:18 INFO     Performing sync publish...
Wed, 21 Nov 2018 22:19:18 DEBUG    Produced [puback] event
Wed, 21 Nov 2018 22:19:18 DEBUG    Dispatching [puback] event
Wed, 21 Nov 2018 22:19:20 INFO     Performing sync publish...
Wed, 21 Nov 2018 22:19:20 DEBUG    Produced [puback] event
Wed, 21 Nov 2018 22:19:20 DEBUG    Dispatching [puback] event
Wed, 21 Nov 2018 22:19:22 INFO     Performing sync publish...
Wed, 21 Nov 2018 22:19:22 DEBUG    Produced [puback] event
Wed, 21 Nov 2018 22:19:22 DEBUG    Dispatching [puback] event
Wed, 21 Nov 2018 22:19:25 INFO     Performing sync publish...
Wed, 21 Nov 2018 22:19:25 DEBUG    Produced [puback] event
Wed, 21 Nov 2018 22:19:25 DEBUG    Dispatching [puback] event
Wed, 21 Nov 2018 22:19:27 INFO     Performing sync publish...
Wed, 21 Nov 2018 22:19:27 DEBUG    Produced [puback] event
Wed, 21 Nov 2018 22:19:27 DEBUG    Dispatching [puback] event
Wed, 21 Nov 2018 22:19:29 INFO     Performing sync publish...
Wed, 21 Nov 2018 22:19:29 DEBUG    Produced [puback] event
Wed, 21 Nov 2018 22:19:29 DEBUG    Dispatching [puback] event
Wed, 21 Nov 2018 22:19:31 INFO     Performing sync publish...
Wed, 21 Nov 2018 22:19:31 DEBUG    Produced [puback] event
Wed, 21 Nov 2018 22:19:31 DEBUG    Dispatching [puback] event
Wed, 21 Nov 2018 22:19:33 INFO     Performing sync publish...
Wed, 21 Nov 2018 22:19:33 DEBUG    Produced [puback] event
Wed, 21 Nov 2018 22:19:33 DEBUG    Dispatching [puback] event
Wed, 21 Nov 2018 22:19:35 INFO     Performing sync publish...
Wed, 21 Nov 2018 22:19:35 DEBUG    Produced [puback] event
Wed, 21 Nov 2018 22:19:35 DEBUG    Dispatching [puback] event
Wed, 21 Nov 2018 22:19:37 INFO     Performing sync publish...
Wed, 21 Nov 2018 22:19:37 DEBUG    Produced [puback] event
Wed, 21 Nov 2018 22:19:37 DEBUG    Dispatching [puback] event
Wed, 21 Nov 2018 22:19:39 INFO     Performing sync publish...
Wed, 21 Nov 2018 22:19:39 DEBUG    Produced [puback] event
Wed, 21 Nov 2018 22:19:39 DEBUG    Dispatching [puback] event
Wed, 21 Nov 2018 22:19:41 INFO     Performing sync publish...
Wed, 21 Nov 2018 22:19:41 DEBUG    Produced [puback] event
Wed, 21 Nov 2018 22:19:41 DEBUG    Dispatching [puback] event
Wed, 21 Nov 2018 22:19:43 INFO     Performing sync publish...
Wed, 21 Nov 2018 22:19:43 DEBUG    Produced [puback] event
Wed, 21 Nov 2018 22:19:43 DEBUG    Dispatching [puback] event
Wed, 21 Nov 2018 22:19:45 INFO     Performing sync publish...
Wed, 21 Nov 2018 22:19:45 DEBUG    Produced [puback] event
Wed, 21 Nov 2018 22:19:45 DEBUG    Dispatching [puback] event
Wed, 21 Nov 2018 22:19:47 INFO     Performing sync publish...
Wed, 21 Nov 2018 22:19:47 DEBUG    Produced [puback] event
Wed, 21 Nov 2018 22:19:47 DEBUG    Dispatching [puback] event
Wed, 21 Nov 2018 22:19:49 INFO     Performing sync publish...
Wed, 21 Nov 2018 22:19:49 DEBUG    Produced [puback] event
Wed, 21 Nov 2018 22:19:49 DEBUG    Dispatching [puback] event
Wed, 21 Nov 2018 22:19:51 INFO     Performing sync publish...
Wed, 21 Nov 2018 22:19:51 DEBUG    Produced [puback] event
Wed, 21 Nov 2018 22:19:51 DEBUG    Dispatching [puback] event
Wed, 21 Nov 2018 22:19:53 INFO     Performing sync publish...
Wed, 21 Nov 2018 22:19:53 DEBUG    Produced [puback] event
Wed, 21 Nov 2018 22:19:53 DEBUG    Dispatching [puback] event
Wed, 21 Nov 2018 22:19:55 INFO     Performing sync publish...
Wed, 21 Nov 2018 22:19:55 DEBUG    Produced [puback] event
Wed, 21 Nov 2018 22:19:55 DEBUG    Dispatching [puback] event
Wed, 21 Nov 2018 22:19:57 INFO     Performing sync publish...
Wed, 21 Nov 2018 22:19:57 DEBUG    Produced [puback] event
Wed, 21 Nov 2018 22:19:57 DEBUG    Dispatching [puback] event
Wed, 21 Nov 2018 22:19:59 INFO     Performing sync publish...
Wed, 21 Nov 2018 22:19:59 DEBUG    Produced [puback] event
Wed, 21 Nov 2018 22:19:59 DEBUG    Dispatching [puback] event
Wed, 21 Nov 2018 22:20:01 INFO     Performing sync publish...
Wed, 21 Nov 2018 22:20:01 DEBUG    Produced [puback] event
Wed, 21 Nov 2018 22:20:01 DEBUG    Dispatching [puback] event
Wed, 21 Nov 2018 22:20:03 INFO     Performing sync publish...
Wed, 21 Nov 2018 22:20:03 DEBUG    Produced [puback] event
Wed, 21 Nov 2018 22:20:03 DEBUG    Dispatching [puback] event
Wed, 21 Nov 2018 22:20:05 INFO     Performing sync publish...
Wed, 21 Nov 2018 22:20:05 DEBUG    Produced [puback] event
Wed, 21 Nov 2018 22:20:05 DEBUG    Dispatching [puback] event
Wed, 21 Nov 2018 22:20:07 INFO     Performing sync publish...
Wed, 21 Nov 2018 22:20:07 DEBUG    Produced [puback] event
Wed, 21 Nov 2018 22:20:07 DEBUG    Dispatching [puback] event
Wed, 21 Nov 2018 22:20:09 INFO     Performing sync publish...
Wed, 21 Nov 2018 22:20:09 DEBUG    Produced [puback] event
Wed, 21 Nov 2018 22:20:09 DEBUG    Dispatching [puback] event
Wed, 21 Nov 2018 22:20:12 INFO     Performing sync publish...
Wed, 21 Nov 2018 22:20:12 DEBUG    Produced [puback] event
Wed, 21 Nov 2018 22:20:12 DEBUG    Dispatching [puback] event
Wed, 21 Nov 2018 22:20:13 INFO     Performing sync publish...
Wed, 21 Nov 2018 22:20:13 DEBUG    Produced [puback] event
Wed, 21 Nov 2018 22:20:13 DEBUG    Dispatching [puback] event
Wed, 21 Nov 2018 22:20:15 INFO     Performing sync publish...
Wed, 21 Nov 2018 22:20:15 DEBUG    Produced [puback] event
Wed, 21 Nov 2018 22:20:15 DEBUG    Dispatching [puback] event
Wed, 21 Nov 2018 22:20:18 INFO     Performing sync publish...
Wed, 21 Nov 2018 22:20:18 DEBUG    Produced [puback] event
Wed, 21 Nov 2018 22:20:18 DEBUG    Dispatching [puback] event
Wed, 21 Nov 2018 22:20:19 INFO     Performing sync publish...
Wed, 21 Nov 2018 22:20:19 DEBUG    Produced [puback] event
Wed, 21 Nov 2018 22:20:19 DEBUG    Dispatching [puback] event
Wed, 21 Nov 2018 22:20:21 INFO     Performing sync publish...
Wed, 21 Nov 2018 22:20:21 DEBUG    Produced [puback] event
Wed, 21 Nov 2018 22:20:21 DEBUG    Dispatching [puback] event
Wed, 21 Nov 2018 22:20:23 INFO     Performing sync publish...
Wed, 21 Nov 2018 22:20:23 DEBUG    Produced [puback] event
Wed, 21 Nov 2018 22:20:23 DEBUG    Dispatching [puback] event
Wed, 21 Nov 2018 22:20:25 INFO     Performing sync publish...
Wed, 21 Nov 2018 22:20:25 DEBUG    Produced [puback] event
Wed, 21 Nov 2018 22:20:25 DEBUG    Dispatching [puback] event
Wed, 21 Nov 2018 22:20:27 INFO     Performing sync publish...
Wed, 21 Nov 2018 22:20:27 DEBUG    Produced [puback] event
Wed, 21 Nov 2018 22:20:27 DEBUG    Dispatching [puback] event
Wed, 21 Nov 2018 22:20:29 INFO     Performing sync publish...
Wed, 21 Nov 2018 22:20:29 DEBUG    Produced [puback] event
Wed, 21 Nov 2018 22:20:29 DEBUG    Dispatching [puback] event
Wed, 21 Nov 2018 22:20:31 INFO     Performing sync publish...
Wed, 21 Nov 2018 22:20:31 DEBUG    Produced [puback] event
Wed, 21 Nov 2018 22:20:31 DEBUG    Dispatching [puback] event
Wed, 21 Nov 2018 22:20:33 INFO     Performing sync publish...
Wed, 21 Nov 2018 22:20:33 DEBUG    Produced [puback] event
Wed, 21 Nov 2018 22:20:33 DEBUG    Dispatching [puback] event
Wed, 21 Nov 2018 22:20:35 INFO     Performing sync publish...
Wed, 21 Nov 2018 22:20:35 DEBUG    Produced [puback] event
Wed, 21 Nov 2018 22:20:35 DEBUG    Dispatching [puback] event
Wed, 21 Nov 2018 22:20:37 INFO     Performing sync publish...
Wed, 21 Nov 2018 22:20:37 DEBUG    Produced [puback] event
Wed, 21 Nov 2018 22:20:37 DEBUG    Dispatching [puback] event
Wed, 21 Nov 2018 22:20:39 INFO     Performing sync publish...
Wed, 21 Nov 2018 22:20:39 DEBUG    Produced [puback] event
Wed, 21 Nov 2018 22:20:39 DEBUG    Dispatching [puback] event
Wed, 21 Nov 2018 22:20:41 INFO     Performing sync publish...
Wed, 21 Nov 2018 22:20:41 DEBUG    Produced [puback] event
Wed, 21 Nov 2018 22:20:41 DEBUG    Dispatching [puback] event
Wed, 21 Nov 2018 22:20:43 INFO     Performing sync publish...
Wed, 21 Nov 2018 22:20:43 DEBUG    Produced [puback] event
Wed, 21 Nov 2018 22:20:43 DEBUG    Dispatching [puback] event
Wed, 21 Nov 2018 22:20:45 INFO     Performing sync publish...
Wed, 21 Nov 2018 22:20:45 DEBUG    Produced [puback] event
Wed, 21 Nov 2018 22:20:45 DEBUG    Dispatching [puback] event
Wed, 21 Nov 2018 22:20:47 INFO     Performing sync publish...
Wed, 21 Nov 2018 22:20:47 DEBUG    Produced [puback] event
Wed, 21 Nov 2018 22:20:47 DEBUG    Dispatching [puback] event
Wed, 21 Nov 2018 22:20:49 INFO     Performing sync publish...
Wed, 21 Nov 2018 22:20:49 DEBUG    Produced [puback] event
Wed, 21 Nov 2018 22:20:49 DEBUG    Dispatching [puback] event
Wed, 21 Nov 2018 22:20:51 INFO     Performing sync publish...
Wed, 21 Nov 2018 22:20:51 DEBUG    Produced [puback] event
Wed, 21 Nov 2018 22:20:51 DEBUG    Dispatching [puback] event
Wed, 21 Nov 2018 22:20:53 INFO     Performing sync publish...
Wed, 21 Nov 2018 22:20:53 DEBUG    Produced [puback] event
Wed, 21 Nov 2018 22:20:53 DEBUG    Dispatching [puback] event
Wed, 21 Nov 2018 22:20:55 INFO     Performing sync publish...
Wed, 21 Nov 2018 22:20:55 DEBUG    Produced [puback] event
Wed, 21 Nov 2018 22:20:55 DEBUG    Dispatching [puback] event
Wed, 21 Nov 2018 22:20:57 INFO     Performing sync publish...
Wed, 21 Nov 2018 22:20:57 DEBUG    Produced [puback] event
Wed, 21 Nov 2018 22:20:57 DEBUG    Dispatching [puback] event
Wed, 21 Nov 2018 22:20:59 INFO     Performing sync publish...
Wed, 21 Nov 2018 22:20:59 DEBUG    Produced [puback] event
Wed, 21 Nov 2018 22:20:59 DEBUG    Dispatching [puback] event
Wed, 21 Nov 2018 22:21:01 INFO     Performing sync publish...
Wed, 21 Nov 2018 22:21:01 DEBUG    Produced [puback] event
Wed, 21 Nov 2018 22:21:01 DEBUG    Dispatching [puback] event
Wed, 21 Nov 2018 22:21:03 INFO     Performing sync publish...
Wed, 21 Nov 2018 22:21:03 DEBUG    Produced [puback] event
Wed, 21 Nov 2018 22:21:03 DEBUG    Dispatching [puback] event
Wed, 21 Nov 2018 22:21:05 INFO     Performing sync publish...
Wed, 21 Nov 2018 22:21:05 DEBUG    Produced [puback] event
Wed, 21 Nov 2018 22:21:05 DEBUG    Dispatching [puback] event
Wed, 21 Nov 2018 22:21:07 INFO     Performing sync publish...
Wed, 21 Nov 2018 22:21:07 DEBUG    Produced [puback] event
Wed, 21 Nov 2018 22:21:07 DEBUG    Dispatching [puback] event
Wed, 21 Nov 2018 22:21:09 INFO     Performing sync publish...
Wed, 21 Nov 2018 22:21:09 DEBUG    Produced [puback] event
Wed, 21 Nov 2018 22:21:09 DEBUG    Dispatching [puback] event
Wed, 21 Nov 2018 22:21:11 INFO     Performing sync publish...
Wed, 21 Nov 2018 22:21:11 DEBUG    Produced [puback] event
Wed, 21 Nov 2018 22:21:11 DEBUG    Dispatching [puback] event
Wed, 21 Nov 2018 22:21:13 INFO     Performing sync publish...
Wed, 21 Nov 2018 22:21:13 DEBUG    Produced [puback] event
Wed, 21 Nov 2018 22:21:13 DEBUG    Dispatching [puback] event
Wed, 21 Nov 2018 22:21:16 INFO     Performing sync publish...
Wed, 21 Nov 2018 22:21:16 DEBUG    Produced [puback] event
Wed, 21 Nov 2018 22:21:16 DEBUG    Dispatching [puback] event
Wed, 21 Nov 2018 22:21:18 INFO     Performing sync publish...
Wed, 21 Nov 2018 22:21:18 DEBUG    Produced [puback] event
Wed, 21 Nov 2018 22:21:18 DEBUG    Dispatching [puback] event
Wed, 21 Nov 2018 22:21:20 INFO     Performing sync publish...
Wed, 21 Nov 2018 22:21:20 DEBUG    Produced [puback] event
Wed, 21 Nov 2018 22:21:20 DEBUG    Dispatching [puback] event
Wed, 21 Nov 2018 22:21:22 INFO     Performing sync publish...
Wed, 21 Nov 2018 22:21:22 DEBUG    Produced [puback] event
Wed, 21 Nov 2018 22:21:22 DEBUG    Dispatching [puback] event
Wed, 21 Nov 2018 22:21:24 INFO     Performing sync publish...
Wed, 21 Nov 2018 22:21:24 DEBUG    Produced [puback] event
Wed, 21 Nov 2018 22:21:24 DEBUG    Dispatching [puback] event
Wed, 21 Nov 2018 22:21:26 INFO     Performing sync publish...
Wed, 21 Nov 2018 22:21:26 DEBUG    Produced [puback] event
Wed, 21 Nov 2018 22:21:26 DEBUG    Dispatching [puback] event
Wed, 21 Nov 2018 22:21:28 INFO     Performing sync publish...
Wed, 21 Nov 2018 22:21:28 DEBUG    Produced [puback] event
Wed, 21 Nov 2018 22:21:28 DEBUG    Dispatching [puback] event
Wed, 21 Nov 2018 22:21:30 INFO     Performing sync publish...
Wed, 21 Nov 2018 22:21:30 DEBUG    Produced [puback] event
Wed, 21 Nov 2018 22:21:30 DEBUG    Dispatching [puback] event
Wed, 21 Nov 2018 22:21:32 INFO     Performing sync publish...
Wed, 21 Nov 2018 22:21:32 DEBUG    Produced [puback] event
Wed, 21 Nov 2018 22:21:32 DEBUG    Dispatching [puback] event
Wed, 21 Nov 2018 22:21:34 INFO     Performing sync publish...
Wed, 21 Nov 2018 22:21:34 DEBUG    Produced [puback] event
Wed, 21 Nov 2018 22:21:34 DEBUG    Dispatching [puback] event
Wed, 21 Nov 2018 22:21:36 INFO     Performing sync publish...
Wed, 21 Nov 2018 22:21:36 DEBUG    Produced [puback] event
Wed, 21 Nov 2018 22:21:36 DEBUG    Dispatching [puback] event
Wed, 21 Nov 2018 22:21:38 INFO     Performing sync publish...
Wed, 21 Nov 2018 22:21:38 DEBUG    Produced [puback] event
Wed, 21 Nov 2018 22:21:38 DEBUG    Dispatching [puback] event
Wed, 21 Nov 2018 22:21:40 INFO     Performing sync publish...
Wed, 21 Nov 2018 22:21:40 DEBUG    Produced [puback] event
Wed, 21 Nov 2018 22:21:40 DEBUG    Dispatching [puback] event
Wed, 21 Nov 2018 22:21:42 INFO     Performing sync publish...
Wed, 21 Nov 2018 22:21:42 DEBUG    Produced [puback] event
Wed, 21 Nov 2018 22:21:42 DEBUG    Dispatching [puback] event
Wed, 21 Nov 2018 22:21:44 INFO     Performing sync publish...
Wed, 21 Nov 2018 22:21:44 DEBUG    Produced [puback] event
Wed, 21 Nov 2018 22:21:44 DEBUG    Dispatching [puback] event
Wed, 21 Nov 2018 22:21:46 INFO     Performing sync publish...
Wed, 21 Nov 2018 22:21:46 DEBUG    Produced [puback] event
Wed, 21 Nov 2018 22:21:46 DEBUG    Dispatching [puback] event
Wed, 21 Nov 2018 22:21:48 INFO     Performing sync publish...
Wed, 21 Nov 2018 22:21:48 DEBUG    Produced [puback] event
Wed, 21 Nov 2018 22:21:48 DEBUG    Dispatching [puback] event
Wed, 21 Nov 2018 22:21:50 INFO     Performing sync publish...
Wed, 21 Nov 2018 22:21:50 DEBUG    Produced [puback] event
Wed, 21 Nov 2018 22:21:50 DEBUG    Dispatching [puback] event
Wed, 21 Nov 2018 22:21:52 INFO     Performing sync publish...
Wed, 21 Nov 2018 22:21:52 DEBUG    Produced [puback] event
Wed, 21 Nov 2018 22:21:52 DEBUG    Dispatching [puback] event
Wed, 21 Nov 2018 22:21:54 INFO     Performing sync publish...
Wed, 21 Nov 2018 22:21:54 DEBUG    Produced [puback] event
Wed, 21 Nov 2018 22:21:54 DEBUG    Dispatching [puback] event
Wed, 21 Nov 2018 22:21:56 INFO     Performing sync publish...
Wed, 21 Nov 2018 22:21:56 DEBUG    Produced [puback] event
Wed, 21 Nov 2018 22:21:56 DEBUG    Dispatching [puback] event
Wed, 21 Nov 2018 22:21:58 INFO     Performing sync publish...
Wed, 21 Nov 2018 22:21:58 DEBUG    Produced [puback] event
Wed, 21 Nov 2018 22:21:58 DEBUG    Dispatching [puback] event
Wed, 21 Nov 2018 22:22:00 INFO     Performing sync publish...
Wed, 21 Nov 2018 22:22:00 DEBUG    Produced [puback] event
Wed, 21 Nov 2018 22:22:00 DEBUG    Dispatching [puback] event
Wed, 21 Nov 2018 22:22:02 INFO     Performing sync publish...
Wed, 21 Nov 2018 22:22:02 DEBUG    Produced [puback] event
Wed, 21 Nov 2018 22:22:02 DEBUG    Dispatching [puback] event
Wed, 21 Nov 2018 22:22:04 INFO     Performing sync publish...
Wed, 21 Nov 2018 22:22:04 DEBUG    Produced [puback] event
Wed, 21 Nov 2018 22:22:04 DEBUG    Dispatching [puback] event
Wed, 21 Nov 2018 22:22:06 INFO     Performing sync publish...
Wed, 21 Nov 2018 22:22:06 DEBUG    Produced [puback] event
Wed, 21 Nov 2018 22:22:06 DEBUG    Dispatching [puback] event
Wed, 21 Nov 2018 22:22:08 INFO     Performing sync publish...
Wed, 21 Nov 2018 22:22:08 DEBUG    Produced [puback] event
Wed, 21 Nov 2018 22:22:08 DEBUG    Dispatching [puback] event
Wed, 21 Nov 2018 22:22:10 INFO     Performing sync publish...
Wed, 21 Nov 2018 22:22:10 DEBUG    Produced [puback] event
Wed, 21 Nov 2018 22:22:10 DEBUG    Dispatching [puback] event
Wed, 21 Nov 2018 22:22:12 INFO     Performing sync publish...
Wed, 21 Nov 2018 22:22:12 DEBUG    Produced [puback] event
Wed, 21 Nov 2018 22:22:12 DEBUG    Dispatching [puback] event
Wed, 21 Nov 2018 22:22:14 INFO     Performing sync publish...
Wed, 21 Nov 2018 22:22:14 DEBUG    Produced [puback] event
Wed, 21 Nov 2018 22:22:14 DEBUG    Dispatching [puback] event
Wed, 21 Nov 2018 22:22:16 INFO     Performing sync publish...
Wed, 21 Nov 2018 22:22:16 DEBUG    Produced [puback] event
Wed, 21 Nov 2018 22:22:16 DEBUG    Dispatching [puback] event
Wed, 21 Nov 2018 22:22:18 INFO     Performing sync publish...
Wed, 21 Nov 2018 22:22:18 DEBUG    Produced [puback] event
Wed, 21 Nov 2018 22:22:18 DEBUG    Dispatching [puback] event
Wed, 21 Nov 2018 22:22:20 INFO     Performing sync publish...
Wed, 21 Nov 2018 22:22:20 DEBUG    Produced [puback] event
Wed, 21 Nov 2018 22:22:20 DEBUG    Dispatching [puback] event
Wed, 21 Nov 2018 22:22:22 INFO     Performing sync publish...
Wed, 21 Nov 2018 22:22:22 DEBUG    Produced [puback] event
Wed, 21 Nov 2018 22:22:22 DEBUG    Dispatching [puback] event
Wed, 21 Nov 2018 22:22:24 INFO     Performing sync publish...
Wed, 21 Nov 2018 22:22:24 DEBUG    Produced [puback] event
Wed, 21 Nov 2018 22:22:24 DEBUG    Dispatching [puback] event
Wed, 21 Nov 2018 22:22:26 INFO     Performing sync publish...
Wed, 21 Nov 2018 22:22:26 DEBUG    Produced [puback] event
Wed, 21 Nov 2018 22:22:26 DEBUG    Dispatching [puback] event
Wed, 21 Nov 2018 22:22:28 INFO     Performing sync publish...
Wed, 21 Nov 2018 22:22:28 DEBUG    Produced [puback] event
Wed, 21 Nov 2018 22:22:28 DEBUG    Dispatching [puback] event
Wed, 21 Nov 2018 22:22:30 INFO     Performing sync publish...
Wed, 21 Nov 2018 22:22:30 DEBUG    Produced [puback] event
Wed, 21 Nov 2018 22:22:30 DEBUG    Dispatching [puback] event
Wed, 21 Nov 2018 22:22:32 INFO     Performing sync publish...
Wed, 21 Nov 2018 22:22:32 DEBUG    Produced [puback] event
Wed, 21 Nov 2018 22:22:32 DEBUG    Dispatching [puback] event
Wed, 21 Nov 2018 22:22:34 INFO     Performing sync publish...
Wed, 21 Nov 2018 22:22:34 DEBUG    Produced [puback] event
Wed, 21 Nov 2018 22:22:34 DEBUG    Dispatching [puback] event
Wed, 21 Nov 2018 22:22:36 INFO     Performing sync publish...
Wed, 21 Nov 2018 22:22:36 DEBUG    Produced [puback] event
Wed, 21 Nov 2018 22:22:36 DEBUG    Dispatching [puback] event
Wed, 21 Nov 2018 22:22:38 INFO     Performing sync publish...
Wed, 21 Nov 2018 22:22:38 DEBUG    Produced [puback] event
Wed, 21 Nov 2018 22:22:38 DEBUG    Dispatching [puback] event
Wed, 21 Nov 2018 22:22:40 INFO     Performing sync publish...
Wed, 21 Nov 2018 22:22:40 DEBUG    Produced [puback] event
Wed, 21 Nov 2018 22:22:40 DEBUG    Dispatching [puback] event
Wed, 21 Nov 2018 22:22:42 INFO     Performing sync publish...
Wed, 21 Nov 2018 22:22:42 DEBUG    Produced [puback] event
Wed, 21 Nov 2018 22:22:42 DEBUG    Dispatching [puback] event
Wed, 21 Nov 2018 22:22:44 INFO     Performing sync publish...
Wed, 21 Nov 2018 22:22:44 DEBUG    Produced [puback] event
Wed, 21 Nov 2018 22:22:44 DEBUG    Dispatching [puback] event
Wed, 21 Nov 2018 22:22:46 INFO     Performing sync publish...
Wed, 21 Nov 2018 22:22:46 DEBUG    Produced [puback] event
Wed, 21 Nov 2018 22:22:46 DEBUG    Dispatching [puback] event
Wed, 21 Nov 2018 22:22:48 INFO     Performing sync publish...
Wed, 21 Nov 2018 22:22:48 DEBUG    Produced [puback] event
Wed, 21 Nov 2018 22:22:48 DEBUG    Dispatching [puback] event
Wed, 21 Nov 2018 22:22:50 INFO     Performing sync publish...
Wed, 21 Nov 2018 22:22:50 DEBUG    Produced [puback] event
Wed, 21 Nov 2018 22:22:50 DEBUG    Dispatching [puback] event
Wed, 21 Nov 2018 22:22:53 INFO     Performing sync publish...
Wed, 21 Nov 2018 22:22:53 DEBUG    Produced [puback] event
Wed, 21 Nov 2018 22:22:53 DEBUG    Dispatching [puback] event
Wed, 21 Nov 2018 22:22:56 INFO     Performing sync publish...
Wed, 21 Nov 2018 22:22:56 DEBUG    Produced [puback] event
Wed, 21 Nov 2018 22:22:56 DEBUG    Dispatching [puback] event
Wed, 21 Nov 2018 22:22:57 INFO     Performing sync publish...
Wed, 21 Nov 2018 22:22:57 DEBUG    Produced [puback] event
Wed, 21 Nov 2018 22:22:57 DEBUG    Dispatching [puback] event
Wed, 21 Nov 2018 22:22:59 INFO     Performing sync publish...
Wed, 21 Nov 2018 22:22:59 DEBUG    Produced [puback] event
Wed, 21 Nov 2018 22:22:59 DEBUG    Dispatching [puback] event
Wed, 21 Nov 2018 22:23:01 INFO     Performing sync publish...
Wed, 21 Nov 2018 22:23:01 DEBUG    Produced [puback] event
Wed, 21 Nov 2018 22:23:01 DEBUG    Dispatching [puback] event
Wed, 21 Nov 2018 22:23:03 INFO     Performing sync publish...
Wed, 21 Nov 2018 22:23:03 DEBUG    Produced [puback] event
Wed, 21 Nov 2018 22:23:03 DEBUG    Dispatching [puback] event
Wed, 21 Nov 2018 22:23:05 INFO     Performing sync publish...
Wed, 21 Nov 2018 22:23:05 DEBUG    Produced [puback] event
Wed, 21 Nov 2018 22:23:05 DEBUG    Dispatching [puback] event
Wed, 21 Nov 2018 22:23:07 INFO     Performing sync publish...
Wed, 21 Nov 2018 22:23:07 DEBUG    Produced [puback] event
Wed, 21 Nov 2018 22:23:07 DEBUG    Dispatching [puback] event
Wed, 21 Nov 2018 22:23:09 INFO     Performing sync publish...
Wed, 21 Nov 2018 22:23:09 DEBUG    Produced [puback] event
Wed, 21 Nov 2018 22:23:09 DEBUG    Dispatching [puback] event
Wed, 21 Nov 2018 22:23:11 INFO     Performing sync publish...
Wed, 21 Nov 2018 22:23:11 DEBUG    Produced [puback] event
Wed, 21 Nov 2018 22:23:11 DEBUG    Dispatching [puback] event
Wed, 21 Nov 2018 22:23:13 INFO     Performing sync publish...
Wed, 21 Nov 2018 22:23:13 DEBUG    Produced [puback] event
Wed, 21 Nov 2018 22:23:13 DEBUG    Dispatching [puback] event
Wed, 21 Nov 2018 22:23:15 INFO     Performing sync publish...
Wed, 21 Nov 2018 22:23:15 DEBUG    Produced [puback] event
Wed, 21 Nov 2018 22:23:15 DEBUG    Dispatching [puback] event
Wed, 21 Nov 2018 22:23:17 INFO     Performing sync publish...
Wed, 21 Nov 2018 22:23:17 DEBUG    Produced [puback] event
Wed, 21 Nov 2018 22:23:17 DEBUG    Dispatching [puback] event
Wed, 21 Nov 2018 22:23:19 INFO     Performing sync publish...
Wed, 21 Nov 2018 22:23:19 DEBUG    Produced [puback] event
Wed, 21 Nov 2018 22:23:19 DEBUG    Dispatching [puback] event
Wed, 21 Nov 2018 22:23:21 INFO     Performing sync publish...
Wed, 21 Nov 2018 22:23:21 DEBUG    Produced [puback] event
Wed, 21 Nov 2018 22:23:21 DEBUG    Dispatching [puback] event
Wed, 21 Nov 2018 22:23:23 INFO     Performing sync publish...
Wed, 21 Nov 2018 22:23:23 DEBUG    Produced [puback] event
Wed, 21 Nov 2018 22:23:23 DEBUG    Dispatching [puback] event
Wed, 21 Nov 2018 22:23:25 INFO     Performing sync publish...
Wed, 21 Nov 2018 22:23:25 DEBUG    Produced [puback] event
Wed, 21 Nov 2018 22:23:25 DEBUG    Dispatching [puback] event
Wed, 21 Nov 2018 22:23:27 INFO     Performing sync publish...
Wed, 21 Nov 2018 22:23:27 DEBUG    Produced [puback] event
Wed, 21 Nov 2018 22:23:27 DEBUG    Dispatching [puback] event
Wed, 21 Nov 2018 22:23:29 INFO     Performing sync publish...
Wed, 21 Nov 2018 22:23:29 DEBUG    Produced [puback] event
Wed, 21 Nov 2018 22:23:29 DEBUG    Dispatching [puback] event
Wed, 21 Nov 2018 22:23:31 INFO     Performing sync publish...
Wed, 21 Nov 2018 22:23:31 DEBUG    Produced [puback] event
Wed, 21 Nov 2018 22:23:31 DEBUG    Dispatching [puback] event
Wed, 21 Nov 2018 22:23:33 INFO     Performing sync publish...
Wed, 21 Nov 2018 22:23:33 DEBUG    Produced [puback] event
Wed, 21 Nov 2018 22:23:33 DEBUG    Dispatching [puback] event
Wed, 21 Nov 2018 22:23:35 INFO     Performing sync publish...
Wed, 21 Nov 2018 22:23:35 DEBUG    Produced [puback] event
Wed, 21 Nov 2018 22:23:35 DEBUG    Dispatching [puback] event
Wed, 21 Nov 2018 22:23:37 INFO     Performing sync publish...
Wed, 21 Nov 2018 22:23:37 DEBUG    Produced [puback] event
Wed, 21 Nov 2018 22:23:37 DEBUG    Dispatching [puback] event
Wed, 21 Nov 2018 22:23:39 INFO     Performing sync publish...
Wed, 21 Nov 2018 22:23:39 DEBUG    Produced [puback] event
Wed, 21 Nov 2018 22:23:39 DEBUG    Dispatching [puback] event
Wed, 21 Nov 2018 22:23:42 INFO     Performing sync publish...
Wed, 21 Nov 2018 22:23:42 DEBUG    Produced [puback] event
Wed, 21 Nov 2018 22:23:42 DEBUG    Dispatching [puback] event
Wed, 21 Nov 2018 22:23:44 INFO     Performing sync publish...
Wed, 21 Nov 2018 22:23:44 DEBUG    Produced [puback] event
Wed, 21 Nov 2018 22:23:44 DEBUG    Dispatching [puback] event
Wed, 21 Nov 2018 22:23:45 INFO     Performing sync publish...
Wed, 21 Nov 2018 22:23:45 DEBUG    Produced [puback] event
Wed, 21 Nov 2018 22:23:45 DEBUG    Dispatching [puback] event
Wed, 21 Nov 2018 22:23:47 INFO     Performing sync publish...
Wed, 21 Nov 2018 22:23:47 DEBUG    Produced [puback] event
Wed, 21 Nov 2018 22:23:47 DEBUG    Dispatching [puback] event
Wed, 21 Nov 2018 22:23:49 INFO     Performing sync publish...
Wed, 21 Nov 2018 22:23:49 DEBUG    Produced [puback] event
Wed, 21 Nov 2018 22:23:49 DEBUG    Dispatching [puback] event
Wed, 21 Nov 2018 22:23:51 INFO     Performing sync publish...
Wed, 21 Nov 2018 22:23:51 DEBUG    Produced [puback] event
Wed, 21 Nov 2018 22:23:51 DEBUG    Dispatching [puback] event
Wed, 21 Nov 2018 22:23:53 INFO     Performing sync publish...
Wed, 21 Nov 2018 22:23:53 DEBUG    Produced [puback] event
Wed, 21 Nov 2018 22:23:53 DEBUG    Dispatching [puback] event
Wed, 21 Nov 2018 22:23:55 INFO     Performing sync publish...
Wed, 21 Nov 2018 22:23:55 DEBUG    Produced [puback] event
Wed, 21 Nov 2018 22:23:55 DEBUG    Dispatching [puback] event
Wed, 21 Nov 2018 22:23:58 INFO     Performing sync publish...
Wed, 21 Nov 2018 22:23:58 DEBUG    Produced [puback] event
Wed, 21 Nov 2018 22:23:58 DEBUG    Dispatching [puback] event
Wed, 21 Nov 2018 22:23:59 INFO     Performing sync publish...
Wed, 21 Nov 2018 22:23:59 DEBUG    Produced [puback] event
Wed, 21 Nov 2018 22:23:59 DEBUG    Dispatching [puback] event
Wed, 21 Nov 2018 22:24:01 INFO     Performing sync publish...
Wed, 21 Nov 2018 22:24:01 DEBUG    Produced [puback] event
Wed, 21 Nov 2018 22:24:01 DEBUG    Dispatching [puback] event
Wed, 21 Nov 2018 22:24:03 INFO     Performing sync publish...
Wed, 21 Nov 2018 22:24:03 DEBUG    Produced [puback] event
Wed, 21 Nov 2018 22:24:03 DEBUG    Dispatching [puback] event
Wed, 21 Nov 2018 22:24:05 INFO     Performing sync publish...
Wed, 21 Nov 2018 22:24:05 DEBUG    Produced [puback] event
Wed, 21 Nov 2018 22:24:05 DEBUG    Dispatching [puback] event
Wed, 21 Nov 2018 22:24:07 INFO     Performing sync publish...
Wed, 21 Nov 2018 22:24:07 DEBUG    Produced [puback] event
Wed, 21 Nov 2018 22:24:07 DEBUG    Dispatching [puback] event
Wed, 21 Nov 2018 22:24:09 INFO     Performing sync publish...
Wed, 21 Nov 2018 22:24:09 DEBUG    Produced [puback] event
Wed, 21 Nov 2018 22:24:09 DEBUG    Dispatching [puback] event
Wed, 21 Nov 2018 22:24:11 INFO     Performing sync publish...
Wed, 21 Nov 2018 22:24:11 DEBUG    Produced [puback] event
Wed, 21 Nov 2018 22:24:11 DEBUG    Dispatching [puback] event
Wed, 21 Nov 2018 22:24:13 INFO     Performing sync publish...
Wed, 21 Nov 2018 22:24:13 DEBUG    Produced [puback] event
Wed, 21 Nov 2018 22:24:13 DEBUG    Dispatching [puback] event
Wed, 21 Nov 2018 22:24:15 INFO     Performing sync publish...
Wed, 21 Nov 2018 22:24:15 DEBUG    Produced [puback] event
Wed, 21 Nov 2018 22:24:15 DEBUG    Dispatching [puback] event
Wed, 21 Nov 2018 22:24:17 INFO     Performing sync publish...
Wed, 21 Nov 2018 22:24:17 DEBUG    Produced [puback] event
Wed, 21 Nov 2018 22:24:17 DEBUG    Dispatching [puback] event
Wed, 21 Nov 2018 22:24:20 INFO     Performing sync publish...
Wed, 21 Nov 2018 22:24:20 DEBUG    Produced [puback] event
Wed, 21 Nov 2018 22:24:20 DEBUG    Dispatching [puback] event
Wed, 21 Nov 2018 22:24:21 INFO     Performing sync publish...
Wed, 21 Nov 2018 22:24:21 DEBUG    Produced [puback] event
Wed, 21 Nov 2018 22:24:21 DEBUG    Dispatching [puback] event
Wed, 21 Nov 2018 22:24:23 INFO     Performing sync publish...
Wed, 21 Nov 2018 22:24:23 DEBUG    Produced [puback] event
Wed, 21 Nov 2018 22:24:23 DEBUG    Dispatching [puback] event
Wed, 21 Nov 2018 22:24:25 INFO     Performing sync publish...
Wed, 21 Nov 2018 22:24:25 DEBUG    Produced [puback] event
Wed, 21 Nov 2018 22:24:25 DEBUG    Dispatching [puback] event
Wed, 21 Nov 2018 22:24:28 INFO     Performing sync publish...
Wed, 21 Nov 2018 22:24:28 DEBUG    Produced [puback] event
Wed, 21 Nov 2018 22:24:28 DEBUG    Dispatching [puback] event
Wed, 21 Nov 2018 22:24:30 INFO     Performing sync publish...
Wed, 21 Nov 2018 22:24:30 DEBUG    Produced [puback] event
Wed, 21 Nov 2018 22:24:30 DEBUG    Dispatching [puback] event
Wed, 21 Nov 2018 22:24:32 INFO     Performing sync publish...
Wed, 21 Nov 2018 22:24:32 DEBUG    Produced [puback] event
Wed, 21 Nov 2018 22:24:32 DEBUG    Dispatching [puback] event
Wed, 21 Nov 2018 22:24:34 INFO     Performing sync publish...
Wed, 21 Nov 2018 22:24:34 DEBUG    Produced [puback] event
Wed, 21 Nov 2018 22:24:34 DEBUG    Dispatching [puback] event
Wed, 21 Nov 2018 22:24:36 INFO     Performing sync publish...
Wed, 21 Nov 2018 22:24:36 DEBUG    Produced [puback] event
Wed, 21 Nov 2018 22:24:36 DEBUG    Dispatching [puback] event
Wed, 21 Nov 2018 22:24:38 INFO     Performing sync publish...
Wed, 21 Nov 2018 22:24:38 DEBUG    Produced [puback] event
Wed, 21 Nov 2018 22:24:38 DEBUG    Dispatching [puback] event
Wed, 21 Nov 2018 22:24:40 INFO     Performing sync publish...
Wed, 21 Nov 2018 22:24:40 DEBUG    Produced [puback] event
Wed, 21 Nov 2018 22:24:40 DEBUG    Dispatching [puback] event
Wed, 21 Nov 2018 22:24:42 INFO     Performing sync publish...
Wed, 21 Nov 2018 22:24:42 DEBUG    Produced [puback] event
Wed, 21 Nov 2018 22:24:42 DEBUG    Dispatching [puback] event
Wed, 21 Nov 2018 22:24:44 INFO     Performing sync publish...
Wed, 21 Nov 2018 22:24:44 DEBUG    Produced [puback] event
Wed, 21 Nov 2018 22:24:44 DEBUG    Dispatching [puback] event
Wed, 21 Nov 2018 22:24:46 INFO     Performing sync publish...
Wed, 21 Nov 2018 22:24:46 DEBUG    Produced [puback] event
Wed, 21 Nov 2018 22:24:46 DEBUG    Dispatching [puback] event
Wed, 21 Nov 2018 22:24:48 INFO     Performing sync publish...
Wed, 21 Nov 2018 22:24:48 DEBUG    Produced [puback] event
Wed, 21 Nov 2018 22:24:48 DEBUG    Dispatching [puback] event
Wed, 21 Nov 2018 22:24:50 INFO     Performing sync publish...
Wed, 21 Nov 2018 22:24:50 DEBUG    Produced [puback] event
Wed, 21 Nov 2018 22:24:50 DEBUG    Dispatching [puback] event
Wed, 21 Nov 2018 22:24:52 INFO     Performing sync publish...
Wed, 21 Nov 2018 22:24:52 DEBUG    Produced [puback] event
Wed, 21 Nov 2018 22:24:52 DEBUG    Dispatching [puback] event
Wed, 21 Nov 2018 22:24:54 INFO     Performing sync publish...
Wed, 21 Nov 2018 22:24:54 DEBUG    Produced [puback] event
Wed, 21 Nov 2018 22:24:54 DEBUG    Dispatching [puback] event
Wed, 21 Nov 2018 22:24:56 INFO     Performing sync publish...
Wed, 21 Nov 2018 22:24:56 DEBUG    Produced [puback] event
Wed, 21 Nov 2018 22:24:56 DEBUG    Dispatching [puback] event
Wed, 21 Nov 2018 22:24:58 INFO     Performing sync publish...
Wed, 21 Nov 2018 22:24:58 DEBUG    Produced [puback] event
Wed, 21 Nov 2018 22:24:58 DEBUG    Dispatching [puback] event
Wed, 21 Nov 2018 22:25:00 INFO     Performing sync publish...
Wed, 21 Nov 2018 22:25:00 DEBUG    Produced [puback] event
Wed, 21 Nov 2018 22:25:00 DEBUG    Dispatching [puback] event
Wed, 21 Nov 2018 22:25:02 INFO     Performing sync publish...
Wed, 21 Nov 2018 22:25:02 DEBUG    Produced [puback] event
Wed, 21 Nov 2018 22:25:02 DEBUG    Dispatching [puback] event
Wed, 21 Nov 2018 22:25:04 INFO     Performing sync publish...
Wed, 21 Nov 2018 22:25:04 DEBUG    Produced [puback] event
Wed, 21 Nov 2018 22:25:04 DEBUG    Dispatching [puback] event
Wed, 21 Nov 2018 22:25:06 INFO     Performing sync publish...
Wed, 21 Nov 2018 22:25:06 DEBUG    Produced [puback] event
Wed, 21 Nov 2018 22:25:06 DEBUG    Dispatching [puback] event
Wed, 21 Nov 2018 22:25:08 INFO     Performing sync publish...
Wed, 21 Nov 2018 22:25:08 DEBUG    Produced [puback] event
Wed, 21 Nov 2018 22:25:08 DEBUG    Dispatching [puback] event
Wed, 21 Nov 2018 22:25:10 INFO     Performing sync publish...
Wed, 21 Nov 2018 22:25:10 DEBUG    Produced [puback] event
Wed, 21 Nov 2018 22:25:10 DEBUG    Dispatching [puback] event
Wed, 21 Nov 2018 22:25:12 INFO     Performing sync publish...
Wed, 21 Nov 2018 22:25:12 DEBUG    Produced [puback] event
Wed, 21 Nov 2018 22:25:12 DEBUG    Dispatching [puback] event
Wed, 21 Nov 2018 22:25:14 INFO     Performing sync publish...
Wed, 21 Nov 2018 22:25:14 DEBUG    Produced [puback] event
Wed, 21 Nov 2018 22:25:14 DEBUG    Dispatching [puback] event
Wed, 21 Nov 2018 22:25:16 INFO     Performing sync publish...
Wed, 21 Nov 2018 22:25:16 DEBUG    Produced [puback] event
Wed, 21 Nov 2018 22:25:16 DEBUG    Dispatching [puback] event
Wed, 21 Nov 2018 22:25:18 INFO     Performing sync publish...
Wed, 21 Nov 2018 22:25:18 DEBUG    Produced [puback] event
Wed, 21 Nov 2018 22:25:18 DEBUG    Dispatching [puback] event
Wed, 21 Nov 2018 22:25:20 INFO     Performing sync publish...
Wed, 21 Nov 2018 22:25:20 DEBUG    Produced [puback] event
Wed, 21 Nov 2018 22:25:20 DEBUG    Dispatching [puback] event
Wed, 21 Nov 2018 22:25:22 INFO     Performing sync publish...
Wed, 21 Nov 2018 22:25:22 DEBUG    Produced [puback] event
Wed, 21 Nov 2018 22:25:22 DEBUG    Dispatching [puback] event
Wed, 21 Nov 2018 22:25:24 INFO     Performing sync publish...
Wed, 21 Nov 2018 22:25:24 DEBUG    Produced [puback] event
Wed, 21 Nov 2018 22:25:24 DEBUG    Dispatching [puback] event
Wed, 21 Nov 2018 22:25:26 INFO     Performing sync publish...
Wed, 21 Nov 2018 22:25:26 DEBUG    Produced [puback] event
Wed, 21 Nov 2018 22:25:26 DEBUG    Dispatching [puback] event
Wed, 21 Nov 2018 22:25:28 INFO     Performing sync publish...
Wed, 21 Nov 2018 22:25:28 DEBUG    Produced [puback] event
Wed, 21 Nov 2018 22:25:28 DEBUG    Dispatching [puback] event
Wed, 21 Nov 2018 22:25:30 INFO     Performing sync publish...
Wed, 21 Nov 2018 22:25:30 DEBUG    Produced [puback] event
Wed, 21 Nov 2018 22:25:30 DEBUG    Dispatching [puback] event
Wed, 21 Nov 2018 22:25:32 INFO     Performing sync publish...
Wed, 21 Nov 2018 22:25:32 DEBUG    Produced [puback] event
Wed, 21 Nov 2018 22:25:32 DEBUG    Dispatching [puback] event
Wed, 21 Nov 2018 22:25:34 INFO     Performing sync publish...
Wed, 21 Nov 2018 22:25:34 DEBUG    Produced [puback] event
Wed, 21 Nov 2018 22:25:34 DEBUG    Dispatching [puback] event
Wed, 21 Nov 2018 22:25:36 INFO     Performing sync publish...
Wed, 21 Nov 2018 22:25:36 DEBUG    Produced [puback] event
Wed, 21 Nov 2018 22:25:36 DEBUG    Dispatching [puback] event
Wed, 21 Nov 2018 22:25:38 INFO     Performing sync publish...
Wed, 21 Nov 2018 22:25:38 DEBUG    Produced [puback] event
Wed, 21 Nov 2018 22:25:38 DEBUG    Dispatching [puback] event
Wed, 21 Nov 2018 22:25:40 INFO     Performing sync publish...
Wed, 21 Nov 2018 22:25:40 DEBUG    Produced [puback] event
Wed, 21 Nov 2018 22:25:40 DEBUG    Dispatching [puback] event
Wed, 21 Nov 2018 22:25:42 INFO     Performing sync publish...
Wed, 21 Nov 2018 22:25:42 DEBUG    Produced [puback] event
Wed, 21 Nov 2018 22:25:42 DEBUG    Dispatching [puback] event
